(0000) 1000  0001000000000000 (   1)                 .ORIG x1000
(1000) 1040  0001000001000000 (   2)                 ADD   R0 R1 R0
(1001) 5845  0101100001000101 (   3)                 AND   R4 R1 R5
(1002) 5585  0101010110000101 (   4)                 AND   R2 R6 R5
(1003) 5742  0101011101000010 (   5)                 AND   R3 R5 R2
(1004) 5804  0101100000000100 (   6)                 AND   R4 R0 R4
(1005) 1884  0001100010000100 (   7)                 ADD   R4 R2 R4
(1006) 5C06  0101110000000110 (   8)                 AND   R6 R0 R6
(1007) 5340  0101001101000000 (   9)                 AND   R1 R5 R0
(1008) 5B87  0101101110000111 (  10)                 AND   R5 R6 R7
(1009) 59C6  0101100111000110 (  11)                 AND   R4 R7 R6
(100A) 50C5  0101000011000101 (  12)                 AND   R0 R3 R5
(100B) 5382  0101001110000010 (  13)                 AND   R1 R6 R2
(100C) 5E04  0101111000000100 (  14)                 AND   R7 R0 R4
(100D) 1985  0001100110000101 (  15)                 ADD   R4 R6 R5
(100E) 5A86  0101101010000110 (  16)                 AND   R5 R2 R6
(100F) 1004  0001000000000100 (  17)                 ADD   R0 R0 R4
(1010) 1B86  0001101110000110 (  18)                 ADD   R5 R6 R6
(1011) 56C0  0101011011000000 (  19)                 AND   R3 R3 R0
(1012) 5146  0101000101000110 (  20)                 AND   R0 R5 R6
(1013) 5AC0  0101101011000000 (  21)                 AND   R5 R3 R0
(1014) 5502  0101010100000010 (  22)                 AND   R2 R4 R2
(1015) 5282  0101001010000010 (  23)                 AND   R1 R2 R2
(1016) 52C4  0101001011000100 (  24)                 AND   R1 R3 R4
(1017) 5686  0101011010000110 (  25)                 AND   R3 R2 R6
(1018) 1882  0001100010000010 (  26)                 ADD   R4 R2 R2
(1019) 1BC6  0001101111000110 (  27)                 ADD   R5 R7 R6
(101A) 1347  0001001101000111 (  28)                 ADD   R1 R5 R7
(101B) 1D01  0001110100000001 (  29)                 ADD   R6 R4 R1
(101C) 5C03  0101110000000011 (  30)                 AND   R6 R0 R3
(101D) 1803  0001100000000011 (  31)                 ADD   R4 R0 R3
(101E) 1FC0  0001111111000000 (  32)                 ADD   R7 R7 R0
(101F) 5AC0  0101101011000000 (  33)                 AND   R5 R3 R0
(1020) 1EC6  0001111011000110 (  34)                 ADD   R7 R3 R6
(1021) 54C6  0101010011000110 (  35)                 AND   R2 R3 R6
(1022) 5304  0101001100000100 (  36)                 AND   R1 R4 R4
(1023) 5240  0101001001000000 (  37)                 AND   R1 R1 R0
(1024) 5BC2  0101101111000010 (  38)                 AND   R5 R7 R2
(1025) 1580  0001010110000000 (  39)                 ADD   R2 R6 R0
(1026) 13C3  0001001111000011 (  40)                 ADD   R1 R7 R3
(1027) 1903  0001100100000011 (  41)                 ADD   R4 R4 R3
(1028) 1480  0001010010000000 (  42)                 ADD   R2 R2 R0
(1029) 1101  0001000100000001 (  43)                 ADD   R0 R4 R1
(102A) 1CC5  0001110011000101 (  44)                 ADD   R6 R3 R5
(102B) 5540  0101010101000000 (  45)                 AND   R2 R5 R0
(102C) 5381  0101001110000001 (  46)                 AND   R1 R6 R1
(102D) 5D40  0101110101000000 (  47)                 AND   R6 R5 R0
(102E) 1807  0001100000000111 (  48)                 ADD   R4 R0 R7
(102F) 1C87  0001110010000111 (  49)                 ADD   R6 R2 R7
(1030) 1405  0001010000000101 (  50)                 ADD   R2 R0 R5
(1031) 1EC7  0001111011000111 (  51)                 ADD   R7 R3 R7
(1032) 5F44  0101111101000100 (  52)                 AND   R7 R5 R4
(1033) 50C2  0101000011000010 (  53)                 AND   R0 R3 R2
(1034) 5846  0101100001000110 (  54)                 AND   R4 R1 R6
(1035) 5002  0101000000000010 (  55)                 AND   R0 R0 R2
(1036) 5785  0101011110000101 (  56)                 AND   R3 R6 R5
(1037) 51C1  0101000111000001 (  57)                 AND   R0 R7 R1
(1038) 18C1  0001100011000001 (  58)                 ADD   R4 R3 R1
(1039) 5101  0101000100000001 (  59)                 AND   R0 R4 R1
(103A) 5FC1  0101111111000001 (  60)                 AND   R7 R7 R1
(103B) 1F47  0001111101000111 (  61)                 ADD   R7 R5 R7
(103C) 5383  0101001110000011 (  62)                 AND   R1 R6 R3
(103D) 1EC2  0001111011000010 (  63)                 ADD   R7 R3 R2
(103E) 5E44  0101111001000100 (  64)                 AND   R7 R1 R4
(103F) 16C7  0001011011000111 (  65)                 ADD   R3 R3 R7
(1040) 1507  0001010100000111 (  66)                 ADD   R2 R4 R7
(1041) 1C83  0001110010000011 (  67)                 ADD   R6 R2 R3
(1042) 5EC5  0101111011000101 (  68)                 AND   R7 R3 R5
(1043) 50C2  0101000011000010 (  69)                 AND   R0 R3 R2
(1044) 5242  0101001001000010 (  70)                 AND   R1 R1 R2
(1045) 1007  0001000000000111 (  71)                 ADD   R0 R0 R7
(1046) 5444  0101010001000100 (  72)                 AND   R2 R1 R4
(1047) 5A86  0101101010000110 (  73)                 AND   R5 R2 R6
(1048) 13C6  0001001111000110 (  74)                 ADD   R1 R7 R6
(1049) 14C7  0001010011000111 (  75)                 ADD   R2 R3 R7
(104A) 5943  0101100101000011 (  76)                 AND   R4 R5 R3
(104B) 1183  0001000110000011 (  77)                 ADD   R0 R6 R3
(104C) 1CC1  0001110011000001 (  78)                 ADD   R6 R3 R1
(104D) 1704  0001011100000100 (  79)                 ADD   R3 R4 R4
(104E) 1E83  0001111010000011 (  80)                 ADD   R7 R2 R3
(104F) 5AC0  0101101011000000 (  81)                 AND   R5 R3 R0
(1050) 55C6  0101010111000110 (  82)                 AND   R2 R7 R6
(1051) 1680  0001011010000000 (  83)                 ADD   R3 R2 R0
(1052) 1045  0001000001000101 (  84)                 ADD   R0 R1 R5
(1053) 51C6  0101000111000110 (  85)                 AND   R0 R7 R6
(1054) 1E80  0001111010000000 (  86)                 ADD   R7 R2 R0
(1055) 1F80  0001111110000000 (  87)                 ADD   R7 R6 R0
(1056) 1D86  0001110110000110 (  88)                 ADD   R6 R6 R6
(1057) 17C6  0001011111000110 (  89)                 ADD   R3 R7 R6
(1058) 1D86  0001110110000110 (  90)                 ADD   R6 R6 R6
(1059) 5C47  0101110001000111 (  91)                 AND   R6 R1 R7
(105A) 1C84  0001110010000100 (  92)                 ADD   R6 R2 R4
(105B) 11C1  0001000111000001 (  93)                 ADD   R0 R7 R1
(105C) 1D87  0001110110000111 (  94)                 ADD   R6 R6 R7
(105D) 18C6  0001100011000110 (  95)                 ADD   R4 R3 R6
(105E) 53C7  0101001111000111 (  96)                 AND   R1 R7 R7
(105F) 1300  0001001100000000 (  97)                 ADD   R1 R4 R0
(1060) 1683  0001011010000011 (  98)                 ADD   R3 R2 R3
(1061) 1B80  0001101110000000 (  99)                 ADD   R5 R6 R0
(1062) 1345  0001001101000101 ( 100)                 ADD   R1 R5 R5
(1063) 5FC0  0101111111000000 ( 101)                 AND   R7 R7 R0
(1064) 5140  0101000101000000 ( 102)                 AND   R0 R5 R0
(1065) 1744  0001011101000100 ( 103)                 ADD   R3 R5 R4
(1066) 5247  0101001001000111 ( 104)                 AND   R1 R1 R7
(1067) 5A02  0101101000000010 ( 105)                 AND   R5 R0 R2
(1068) 1786  0001011110000110 ( 106)                 ADD   R3 R6 R6
(1069) 1145  0001000101000101 ( 107)                 ADD   R0 R5 R5
(106A) 1EC3  0001111011000011 ( 108)                 ADD   R7 R3 R3
(106B) 5E43  0101111001000011 ( 109)                 AND   R7 R1 R3
(106C) 5503  0101010100000011 ( 110)                 AND   R2 R4 R3
(106D) 5847  0101100001000111 ( 111)                 AND   R4 R1 R7
(106E) 1D03  0001110100000011 ( 112)                 ADD   R6 R4 R3
(106F) 5601  0101011000000001 ( 113)                 AND   R3 R0 R1
(1070) 1A47  0001101001000111 ( 114)                 ADD   R5 R1 R7
(1071) 5102  0101000100000010 ( 115)                 AND   R0 R4 R2
(1072) 1C02  0001110000000010 ( 116)                 ADD   R6 R0 R2
(1073) 1D03  0001110100000011 ( 117)                 ADD   R6 R4 R3
(1074) 1045  0001000001000101 ( 118)                 ADD   R0 R1 R5
(1075) 14C7  0001010011000111 ( 119)                 ADD   R2 R3 R7
(1076) 1381  0001001110000001 ( 120)                 ADD   R1 R6 R1
(1077) 5F86  0101111110000110 ( 121)                 AND   R7 R6 R6
(1078) 5781  0101011110000001 ( 122)                 AND   R3 R6 R1
(1079) 52C2  0101001011000010 ( 123)                 AND   R1 R3 R2
(107A) 5BC1  0101101111000001 ( 124)                 AND   R5 R7 R1
(107B) 5CC5  0101110011000101 ( 125)                 AND   R6 R3 R5
(107C) 1203  0001001000000011 ( 126)                 ADD   R1 R0 R3
(107D) 1704  0001011100000100 ( 127)                 ADD   R3 R4 R4
(107E) 5107  0101000100000111 ( 128)                 AND   R0 R4 R7
(107F) 59C3  0101100111000011 ( 129)                 AND   R4 R7 R3
(1080) 15C4  0001010111000100 ( 130)                 ADD   R2 R7 R4
(1081) 1806  0001100000000110 ( 131)                 ADD   R4 R0 R6
(1082) 1D44  0001110101000100 ( 132)                 ADD   R6 R5 R4
(1083) 5FC2  0101111111000010 ( 133)                 AND   R7 R7 R2
(1084) 5582  0101010110000010 ( 134)                 AND   R2 R6 R2
(1085) 57C1  0101011111000001 ( 135)                 AND   R3 R7 R1
(1086) 5B03  0101101100000011 ( 136)                 AND   R5 R4 R3
(1087) 5EC0  0101111011000000 ( 137)                 AND   R7 R3 R0
(1088) 1882  0001100010000010 ( 138)                 ADD   R4 R2 R2
(1089) 1984  0001100110000100 ( 139)                 ADD   R4 R6 R4
(108A) 5D83  0101110110000011 ( 140)                 AND   R6 R6 R3
(108B) 1A42  0001101001000010 ( 141)                 ADD   R5 R1 R2
(108C) 15C1  0001010111000001 ( 142)                 ADD   R2 R7 R1
(108D) 5381  0101001110000001 ( 143)                 AND   R1 R6 R1
(108E) 5A05  0101101000000101 ( 144)                 AND   R5 R0 R5
(108F) 5607  0101011000000111 ( 145)                 AND   R3 R0 R7
(1090) 11C5  0001000111000101 ( 146)                 ADD   R0 R7 R5
(1091) 13C2  0001001111000010 ( 147)                 ADD   R1 R7 R2
(1092) 5BC3  0101101111000011 ( 148)                 AND   R5 R7 R3
(1093) 1E03  0001111000000011 ( 149)                 ADD   R7 R0 R3
(1094) 54C3  0101010011000011 ( 150)                 AND   R2 R3 R3
(1095) 5347  0101001101000111 ( 151)                 AND   R1 R5 R7
(1096) 5485  0101010010000101 ( 152)                 AND   R2 R2 R5
(1097) 1F02  0001111100000010 ( 153)                 ADD   R7 R4 R2
(1098) 1344  0001001101000100 ( 154)                 ADD   R1 R5 R4
(1099) 5387  0101001110000111 ( 155)                 AND   R1 R6 R7
(109A) 1703  0001011100000011 ( 156)                 ADD   R3 R4 R3
(109B) 1C05  0001110000000101 ( 157)                 ADD   R6 R0 R5
(109C) 1E86  0001111010000110 ( 158)                 ADD   R7 R2 R6
(109D) 55C0  0101010111000000 ( 159)                 AND   R2 R7 R0
(109E) 1883  0001100010000011 ( 160)                 ADD   R4 R2 R3
(109F) 5C07  0101110000000111 ( 161)                 AND   R6 R0 R7
(10A0) 1281  0001001010000001 ( 162)                 ADD   R1 R2 R1
(10A1) 5DC2  0101110111000010 ( 163)                 AND   R6 R7 R2
(10A2) 1D42  0001110101000010 ( 164)                 ADD   R6 R5 R2
(10A3) 1A07  0001101000000111 ( 165)                 ADD   R5 R0 R7
(10A4) 5A07  0101101000000111 ( 166)                 AND   R5 R0 R7
(10A5) 5F84  0101111110000100 ( 167)                 AND   R7 R6 R4
(10A6) 5E87  0101111010000111 ( 168)                 AND   R7 R2 R7
(10A7) 1F45  0001111101000101 ( 169)                 ADD   R7 R5 R5
(10A8) 1A84  0001101010000100 ( 170)                 ADD   R5 R2 R4
(10A9) 5847  0101100001000111 ( 171)                 AND   R4 R1 R7
(10AA) 5683  0101011010000011 ( 172)                 AND   R3 R2 R3
(10AB) 5B87  0101101110000111 ( 173)                 AND   R5 R6 R7
(10AC) 5445  0101010001000101 ( 174)                 AND   R2 R1 R5
(10AD) 1B45  0001101101000101 ( 175)                 ADD   R5 R5 R5
(10AE) 5E41  0101111001000001 ( 176)                 AND   R7 R1 R1
(10AF) 5C00  0101110000000000 ( 177)                 AND   R6 R0 R0
(10B0) 5882  0101100010000010 ( 178)                 AND   R4 R2 R2
(10B1) 5885  0101100010000101 ( 179)                 AND   R4 R2 R5
(10B2) 1202  0001001000000010 ( 180)                 ADD   R1 R0 R2
(10B3) 14C3  0001010011000011 ( 181)                 ADD   R2 R3 R3
(10B4) 1B83  0001101110000011 ( 182)                 ADD   R5 R6 R3
(10B5) 5304  0101001100000100 ( 183)                 AND   R1 R4 R4
(10B6) 1202  0001001000000010 ( 184)                 ADD   R1 R0 R2
(10B7) 5B43  0101101101000011 ( 185)                 AND   R5 R5 R3
(10B8) 1D07  0001110100000111 ( 186)                 ADD   R6 R4 R7
(10B9) 54C2  0101010011000010 ( 187)                 AND   R2 R3 R2
(10BA) 5B84  0101101110000100 ( 188)                 AND   R5 R6 R4
(10BB) 5902  0101100100000010 ( 189)                 AND   R4 R4 R2
(10BC) 5403  0101010000000011 ( 190)                 AND   R2 R0 R3
(10BD) 1581  0001010110000001 ( 191)                 ADD   R2 R6 R1
(10BE) 1BC3  0001101111000011 ( 192)                 ADD   R5 R7 R3
(10BF) 5206  0101001000000110 ( 193)                 AND   R1 R0 R6
(10C0) 1585  0001010110000101 ( 194)                 ADD   R2 R6 R5
(10C1) 56C6  0101011011000110 ( 195)                 AND   R3 R3 R6
(10C2) 5980  0101100110000000 ( 196)                 AND   R4 R6 R0
(10C3) 56C4  0101011011000100 ( 197)                 AND   R3 R3 R4
(10C4) 5646  0101011001000110 ( 198)                 AND   R3 R1 R6
(10C5) 1B05  0001101100000101 ( 199)                 ADD   R5 R4 R5
(10C6) 1A00  0001101000000000 ( 200)                 ADD   R5 R0 R0
(10C7) 5245  0101001001000101 ( 201)                 AND   R1 R1 R5
(10C8) 5030  0101000000110000 ( 202)                 AND   R0 R0 #-16
(10C9) 553F  0101010100111111 ( 203)                 AND   R2 R4 #-1
(10CA) 55BD  0101010110111101 ( 204)                 AND   R2 R6 #-3
(10CB) 1762  0001011101100010 ( 205)                 ADD   R3 R5 #2
(10CC) 12B7  0001001010110111 ( 206)                 ADD   R1 R2 #-9
(10CD) 5FB9  0101111110111001 ( 207)                 AND   R7 R6 #-7
(10CE) 56F2  0101011011110010 ( 208)                 AND   R3 R3 #-14
(10CF) 15A6  0001010110100110 ( 209)                 ADD   R2 R6 #6
(10D0) 14F0  0001010011110000 ( 210)                 ADD   R2 R3 #-16
(10D1) 1973  0001100101110011 ( 211)                 ADD   R4 R5 #-13
(10D2) 12AA  0001001010101010 ( 212)                 ADD   R1 R2 #10
(10D3) 557C  0101010101111100 ( 213)                 AND   R2 R5 #-4
(10D4) 522E  0101001000101110 ( 214)                 AND   R1 R0 #14
(10D5) 5CED  0101110011101101 ( 215)                 AND   R6 R3 #13
(10D6) 55F4  0101010111110100 ( 216)                 AND   R2 R7 #-12
(10D7) 5E71  0101111001110001 ( 217)                 AND   R7 R1 #-15
(10D8) 5CBF  0101110010111111 ( 218)                 AND   R6 R2 #-1
(10D9) 12B4  0001001010110100 ( 219)                 ADD   R1 R2 #-12
(10DA) 5AE6  0101101011100110 ( 220)                 AND   R5 R3 #6
(10DB) 5860  0101100001100000 ( 221)                 AND   R4 R1 #0
(10DC) 597E  0101100101111110 ( 222)                 AND   R4 R5 #-2
(10DD) 5F7E  0101111101111110 ( 223)                 AND   R7 R5 #-2
(10DE) 5CA8  0101110010101000 ( 224)                 AND   R6 R2 #8
(10DF) 12BF  0001001010111111 ( 225)                 ADD   R1 R2 #-1
(10E0) 572F  0101011100101111 ( 226)                 AND   R3 R4 #15
(10E1) 52EC  0101001011101100 ( 227)                 AND   R1 R3 #12
(10E2) 18AA  0001100010101010 ( 228)                 ADD   R4 R2 #10
(10E3) 1671  0001011001110001 ( 229)                 ADD   R3 R1 #-15
(10E4) 5F23  0101111100100011 ( 230)                 AND   R7 R4 #3
(10E5) 5EA4  0101111010100100 ( 231)                 AND   R7 R2 #4
(10E6) 133A  0001001100111010 ( 232)                 ADD   R1 R4 #-6
(10E7) 5C3C  0101110000111100 ( 233)                 AND   R6 R0 #-4
(10E8) 51B0  0101000110110000 ( 234)                 AND   R0 R6 #-16
(10E9) 15FA  0001010111111010 ( 235)                 ADD   R2 R7 #-6
(10EA) 533B  0101001100111011 ( 236)                 AND   R1 R4 #-5
(10EB) 57BD  0101011110111101 ( 237)                 AND   R3 R6 #-3
(10EC) 1A2D  0001101000101101 ( 238)                 ADD   R5 R0 #13
(10ED) 136F  0001001101101111 ( 239)                 ADD   R1 R5 #15
(10EE) 16B3  0001011010110011 ( 240)                 ADD   R3 R2 #-13
(10EF) 1DBF  0001110110111111 ( 241)                 ADD   R6 R6 #-1
(10F0) 577C  0101011101111100 ( 242)                 AND   R3 R5 #-4
(10F1) 132A  0001001100101010 ( 243)                 ADD   R1 R4 #10
(10F2) 5DB2  0101110110110010 ( 244)                 AND   R6 R6 #-14
(10F3) 1A7D  0001101001111101 ( 245)                 ADD   R5 R1 #-3
(10F4) 1B3B  0001101100111011 ( 246)                 ADD   R5 R4 #-5
(10F5) 53AC  0101001110101100 ( 247)                 AND   R1 R6 #12
(10F6) 1969  0001100101101001 ( 248)                 ADD   R4 R5 #9
(10F7) 132D  0001001100101101 ( 249)                 ADD   R1 R4 #13
(10F8) 1D6A  0001110101101010 ( 250)                 ADD   R6 R5 #10
(10F9) 58E3  0101100011100011 ( 251)                 AND   R4 R3 #3
(10FA) 1225  0001001000100101 ( 252)                 ADD   R1 R0 #5
(10FB) 5BA6  0101101110100110 ( 253)                 AND   R5 R6 #6
(10FC) 5AA4  0101101010100100 ( 254)                 AND   R5 R2 #4
(10FD) 55E1  0101010111100001 ( 255)                 AND   R2 R7 #1
(10FE) 1522  0001010100100010 ( 256)                 ADD   R2 R4 #2
(10FF) 553D  0101010100111101 ( 257)                 AND   R2 R4 #-3
(1100) 5DA4  0101110110100100 ( 258)                 AND   R6 R6 #4
(1101) 5239  0101001000111001 ( 259)                 AND   R1 R0 #-7
(1102) 5E3D  0101111000111101 ( 260)                 AND   R7 R0 #-3
(1103) 1A60  0001101001100000 ( 261)                 ADD   R5 R1 #0
(1104) 1327  0001001100100111 ( 262)                 ADD   R1 R4 #7
(1105) 5DE8  0101110111101000 ( 263)                 AND   R6 R7 #8
(1106) 1C62  0001110001100010 ( 264)                 ADD   R6 R1 #2
(1107) 5DE7  0101110111100111 ( 265)                 AND   R6 R7 #7
(1108) 19E0  0001100111100000 ( 266)                 ADD   R4 R7 #0
(1109) 5BF9  0101101111111001 ( 267)                 AND   R5 R7 #-7
(110A) 12A5  0001001010100101 ( 268)                 ADD   R1 R2 #5
(110B) 53FB  0101001111111011 ( 269)                 AND   R1 R7 #-5
(110C) 5D64  0101110101100100 ( 270)                 AND   R6 R5 #4
(110D) 197D  0001100101111101 ( 271)                 ADD   R4 R5 #-3
(110E) 5E7B  0101111001111011 ( 272)                 AND   R7 R1 #-5
(110F) 563F  0101011000111111 ( 273)                 AND   R3 R0 #-1
(1110) 1CA4  0001110010100100 ( 274)                 ADD   R6 R2 #4
(1111) 5CE4  0101110011100100 ( 275)                 AND   R6 R3 #4
(1112) 193D  0001100100111101 ( 276)                 ADD   R4 R4 #-3
(1113) 1F3A  0001111100111010 ( 277)                 ADD   R7 R4 #-6
(1114) 17FE  0001011111111110 ( 278)                 ADD   R3 R7 #-2
(1115) 1B24  0001101100100100 ( 279)                 ADD   R5 R4 #4
(1116) 53A4  0101001110100100 ( 280)                 AND   R1 R6 #4
(1117) 15E5  0001010111100101 ( 281)                 ADD   R2 R7 #5
(1118) 1EA9  0001111010101001 ( 282)                 ADD   R7 R2 #9
(1119) 1869  0001100001101001 ( 283)                 ADD   R4 R1 #9
(111A) 1568  0001010101101000 ( 284)                 ADD   R2 R5 #8
(111B) 5D38  0101110100111000 ( 285)                 AND   R6 R4 #-8
(111C) 11E8  0001000111101000 ( 286)                 ADD   R0 R7 #8
(111D) 56E5  0101011011100101 ( 287)                 AND   R3 R3 #5
(111E) 54E8  0101010011101000 ( 288)                 AND   R2 R3 #8
(111F) 5978  0101100101111000 ( 289)                 AND   R4 R5 #-8
(1120) 18A8  0001100010101000 ( 290)                 ADD   R4 R2 #8
(1121) 15A2  0001010110100010 ( 291)                 ADD   R2 R6 #2
(1122) 59E6  0101100111100110 ( 292)                 AND   R4 R7 #6
(1123) 5AFF  0101101011111111 ( 293)                 AND   R5 R3 #-1
(1124) 5063  0101000001100011 ( 294)                 AND   R0 R1 #3
(1125) 1EA9  0001111010101001 ( 295)                 ADD   R7 R2 #9
(1126) 50BF  0101000010111111 ( 296)                 AND   R0 R2 #-1
(1127) 1D3E  0001110100111110 ( 297)                 ADD   R6 R4 #-2
(1128) 50A0  0101000010100000 ( 298)                 AND   R0 R2 #0
(1129) 17BD  0001011110111101 ( 299)                 ADD   R3 R6 #-3
(112A) 5522  0101010100100010 ( 300)                 AND   R2 R4 #2
(112B) 51E9  0101000111101001 ( 301)                 AND   R0 R7 #9
(112C) 0A63  0000101001100011 ( 302)                 BRNP  A
(112D) 0C62  0000110001100010 ( 303)                 BRNZ  A
(112E) 0A61  0000101001100001 ( 304)                 BRNP  A
(112F) 0C60  0000110001100000 ( 305)                 BRNZ  A
(1130) 0A5F  0000101001011111 ( 306)                 BRNP  A
(1131) 0C5E  0000110001011110 ( 307)                 BRNZ  A
(1132) 0C5D  0000110001011101 ( 308)                 BRNZ  A
(1133) 085C  0000100001011100 ( 309)                 BRN   A
(1134) 0E5B  0000111001011011 ( 310)                 BRNZP A
(1135) 0C5A  0000110001011010 ( 311)                 BRNZ  A
(1136) 0659  0000011001011001 ( 312)                 BRZP  A
(1137) 0258  0000001001011000 ( 313)                 BRP   A
(1138) 0857  0000100001010111 ( 314)                 BRN   A
(1139) 0256  0000001001010110 ( 315)                 BRP   A
(113A) 0C55  0000110001010101 ( 316)                 BRNZ  A
(113B) 0654  0000011001010100 ( 317)                 BRZP  A
(113C) 0E53  0000111001010011 ( 318)                 BRNZP A
(113D) 0452  0000010001010010 ( 319)                 BRZ   A
(113E) 0451  0000010001010001 ( 320)                 BRZ   A
(113F) 0A50  0000101001010000 ( 321)                 BRNP  A
(1140) 0E4F  0000111001001111 ( 322)                 BRNZP A
(1141) 0E4E  0000111001001110 ( 323)                 BRNZP A
(1142) 044D  0000010001001101 ( 324)                 BRZ   A
(1143) 0E4C  0000111001001100 ( 325)                 BRNZP A
(1144) 0E4B  0000111001001011 ( 326)                 BRNZP A
(1145) 064A  0000011001001010 ( 327)                 BRZP  A
(1146) 0A49  0000101001001001 ( 328)                 BRNP  A
(1147) 0E48  0000111001001000 ( 329)                 BRNZP A
(1148) 0247  0000001001000111 ( 330)                 BRP   A
(1149) 0246  0000001001000110 ( 331)                 BRP   A
(114A) 0645  0000011001000101 ( 332)                 BRZP  A
(114B) 0E44  0000111001000100 ( 333)                 BRNZP A
(114C) 0643  0000011001000011 ( 334)                 BRZP  A
(114D) 0C42  0000110001000010 ( 335)                 BRNZ  A
(114E) 0241  0000001001000001 ( 336)                 BRP   A
(114F) 0A40  0000101001000000 ( 337)                 BRNP  A
(1150) 083F  0000100000111111 ( 338)                 BRN   A
(1151) 0E3E  0000111000111110 ( 339)                 BRNZP A
(1152) 0A3D  0000101000111101 ( 340)                 BRNP  A
(1153) 083C  0000100000111100 ( 341)                 BRN   A
(1154) 083B  0000100000111011 ( 342)                 BRN   A
(1155) 063A  0000011000111010 ( 343)                 BRZP  A
(1156) 0639  0000011000111001 ( 344)                 BRZP  A
(1157) 0238  0000001000111000 ( 345)                 BRP   A
(1158) 0A37  0000101000110111 ( 346)                 BRNP  A
(1159) 0C36  0000110000110110 ( 347)                 BRNZ  A
(115A) 0835  0000100000110101 ( 348)                 BRN   A
(115B) 0434  0000010000110100 ( 349)                 BRZ   A
(115C) 0E33  0000111000110011 ( 350)                 BRNZP A
(115D) 0E32  0000111000110010 ( 351)                 BRNZP A
(115E) E631  1110011000110001 ( 352)                 LEA   R3 A
(115F) E630  1110011000110000 ( 353)                 LEA   R3 A
(1160) E62F  1110011000101111 ( 354)                 LEA   R3 A
(1161) E22E  1110001000101110 ( 355)                 LEA   R1 A
(1162) EE2D  1110111000101101 ( 356)                 LEA   R7 A
(1163) E42C  1110010000101100 ( 357)                 LEA   R2 A
(1164) E82B  1110100000101011 ( 358)                 LEA   R4 A
(1165) E22A  1110001000101010 ( 359)                 LEA   R1 A
(1166) E229  1110001000101001 ( 360)                 LEA   R1 A
(1167) E228  1110001000101000 ( 361)                 LEA   R1 A
(1168) E827  1110100000100111 ( 362)                 LEA   R4 A
(1169) EA26  1110101000100110 ( 363)                 LEA   R5 A
(116A) E625  1110011000100101 ( 364)                 LEA   R3 A
(116B) E024  1110000000100100 ( 365)                 LEA   R0 A
(116C) E623  1110011000100011 ( 366)                 LEA   R3 A
(116D) E022  1110000000100010 ( 367)                 LEA   R0 A
(116E) E621  1110011000100001 ( 368)                 LEA   R3 A
(116F) EA20  1110101000100000 ( 369)                 LEA   R5 A
(1170) EC1F  1110110000011111 ( 370)                 LEA   R6 A
(1171) EA1E  1110101000011110 ( 371)                 LEA   R5 A
(1172) E01D  1110000000011101 ( 372)                 LEA   R0 A
(1173) E61C  1110011000011100 ( 373)                 LEA   R3 A
(1174) EA1B  1110101000011011 ( 374)                 LEA   R5 A
(1175) E21A  1110001000011010 ( 375)                 LEA   R1 A
(1176) E219  1110001000011001 ( 376)                 LEA   R1 A
(1177) E818  1110100000011000 ( 377)                 LEA   R4 A
(1178) EC17  1110110000010111 ( 378)                 LEA   R6 A
(1179) E816  1110100000010110 ( 379)                 LEA   R4 A
(117A) EC15  1110110000010101 ( 380)                 LEA   R6 A
(117B) EE14  1110111000010100 ( 381)                 LEA   R7 A
(117C) EE13  1110111000010011 ( 382)                 LEA   R7 A
(117D) EC12  1110110000010010 ( 383)                 LEA   R6 A
(117E) EE11  1110111000010001 ( 384)                 LEA   R7 A
(117F) E610  1110011000010000 ( 385)                 LEA   R3 A
(1180) EA0F  1110101000001111 ( 386)                 LEA   R5 A
(1181) EA0E  1110101000001110 ( 387)                 LEA   R5 A
(1182) E20D  1110001000001101 ( 388)                 LEA   R1 A
(1183) E40C  1110010000001100 ( 389)                 LEA   R2 A
(1184) EA0B  1110101000001011 ( 390)                 LEA   R5 A
(1185) EC0A  1110110000001010 ( 391)                 LEA   R6 A
(1186) EE09  1110111000001001 ( 392)                 LEA   R7 A
(1187) E208  1110001000001000 ( 393)                 LEA   R1 A
(1188) EA07  1110101000000111 ( 394)                 LEA   R5 A
(1189) E206  1110001000000110 ( 395)                 LEA   R1 A
(118A) EC05  1110110000000101 ( 396)                 LEA   R6 A
(118B) E804  1110100000000100 ( 397)                 LEA   R4 A
(118C) EA03  1110101000000011 ( 398)                 LEA   R5 A
(118D) E802  1110100000000010 ( 399)                 LEA   R4 A
(118E) E401  1110010000000001 ( 400)                 LEA   R2 A
(118F) E600  1110011000000000 ( 401)                 LEA   R3 A
(1190) 567E  0101011001111110 ( 402) A               AND   R3 R1 #-2
(1191) 09FE  0000100111111110 ( 403)                 BRN   A
(1192) 07FD  0000011111111101 ( 404)                 BRZP  A
(1193) 0DFC  0000110111111100 ( 405)                 BRNZ  A
(1194) 0FFB  0000111111111011 ( 406)                 BRNZP A
(1195) 0DFA  0000110111111010 ( 407)                 BRNZ  A
(1196) 03F9  0000001111111001 ( 408)                 BRP   A
(1197) 03F8  0000001111111000 ( 409)                 BRP   A
(1198) 0FF7  0000111111110111 ( 410)                 BRNZP A
(1199) 0BF6  0000101111110110 ( 411)                 BRNP  A
(119A) 0FF5  0000111111110101 ( 412)                 BRNZP A
(119B) 09F4  0000100111110100 ( 413)                 BRN   A
(119C) 0FF3  0000111111110011 ( 414)                 BRNZP A
(119D) 0BF2  0000101111110010 ( 415)                 BRNP  A
(119E) 0FF1  0000111111110001 ( 416)                 BRNZP A
(119F) 0DF0  0000110111110000 ( 417)                 BRNZ  A
(11A0) 05EF  0000010111101111 ( 418)                 BRZ   A
(11A1) 0BEE  0000101111101110 ( 419)                 BRNP  A
(11A2) 0DED  0000110111101101 ( 420)                 BRNZ  A
(11A3) 07EC  0000011111101100 ( 421)                 BRZP  A
(11A4) 0FEB  0000111111101011 ( 422)                 BRNZP A
(11A5) 05EA  0000010111101010 ( 423)                 BRZ   A
(11A6) 0BE9  0000101111101001 ( 424)                 BRNP  A
(11A7) 0FE8  0000111111101000 ( 425)                 BRNZP A
(11A8) 0FE7  0000111111100111 ( 426)                 BRNZP A
(11A9) 05E6  0000010111100110 ( 427)                 BRZ   A
(11AA) 09E5  0000100111100101 ( 428)                 BRN   A
(11AB) 03E4  0000001111100100 ( 429)                 BRP   A
(11AC) 09E3  0000100111100011 ( 430)                 BRN   A
(11AD) 0FE2  0000111111100010 ( 431)                 BRNZP A
(11AE) 03E1  0000001111100001 ( 432)                 BRP   A
(11AF) 09E0  0000100111100000 ( 433)                 BRN   A
(11B0) 0DDF  0000110111011111 ( 434)                 BRNZ  A
(11B1) 0BDE  0000101111011110 ( 435)                 BRNP  A
(11B2) 0DDD  0000110111011101 ( 436)                 BRNZ  A
(11B3) 0BDC  0000101111011100 ( 437)                 BRNP  A
(11B4) 0FDB  0000111111011011 ( 438)                 BRNZP A
(11B5) 07DA  0000011111011010 ( 439)                 BRZP  A
(11B6) 03D9  0000001111011001 ( 440)                 BRP   A
(11B7) 0FD8  0000111111011000 ( 441)                 BRNZP A
(11B8) 05D7  0000010111010111 ( 442)                 BRZ   A
(11B9) 0FD6  0000111111010110 ( 443)                 BRNZP A
(11BA) 0FD5  0000111111010101 ( 444)                 BRNZP A
(11BB) 0FD4  0000111111010100 ( 445)                 BRNZP A
(11BC) 0DD3  0000110111010011 ( 446)                 BRNZ  A
(11BD) 0FD2  0000111111010010 ( 447)                 BRNZP A
(11BE) 0DD1  0000110111010001 ( 448)                 BRNZ  A
(11BF) 0DD0  0000110111010000 ( 449)                 BRNZ  A
(11C0) 0BCF  0000101111001111 ( 450)                 BRNP  A
(11C1) 0FCE  0000111111001110 ( 451)                 BRNZP A
(11C2) 0FCD  0000111111001101 ( 452)                 BRNZP A
(11C3) C000  1100000000000000 ( 453)                 JMP   R0
(11C4) C180  1100000110000000 ( 454)                 JMP   R6
(11C5) C140  1100000101000000 ( 455)                 JMP   R5
(11C6) C100  1100000100000000 ( 456)                 JMP   R4
(11C7) C100  1100000100000000 ( 457)                 JMP   R4
(11C8) C1C0  1100000111000000 ( 458)                 RET   
(11C9) C0C0  1100000011000000 ( 459)                 JMP   R3
(11CA) C1C0  1100000111000000 ( 460)                 RET   
(11CB) C040  1100000001000000 ( 461)                 JMP   R1
(11CC) C1C0  1100000111000000 ( 462)                 RET   
(11CD) C140  1100000101000000 ( 463)                 JMP   R5
(11CE) C140  1100000101000000 ( 464)                 JMP   R5
(11CF) C080  1100000010000000 ( 465)                 JMP   R2
(11D0) C1C0  1100000111000000 ( 466)                 RET   
(11D1) C0C0  1100000011000000 ( 467)                 JMP   R3
(11D2) C180  1100000110000000 ( 468)                 JMP   R6
(11D3) C0C0  1100000011000000 ( 469)                 JMP   R3
(11D4) C040  1100000001000000 ( 470)                 JMP   R1
(11D5) C100  1100000100000000 ( 471)                 JMP   R4
(11D6) C080  1100000010000000 ( 472)                 JMP   R2
(11D7) C100  1100000100000000 ( 473)                 JMP   R4
(11D8) C140  1100000101000000 ( 474)                 JMP   R5
(11D9) C140  1100000101000000 ( 475)                 JMP   R5
(11DA) C1C0  1100000111000000 ( 476)                 RET   
(11DB) C100  1100000100000000 ( 477)                 JMP   R4
(11DC) C180  1100000110000000 ( 478)                 JMP   R6
(11DD) C0C0  1100000011000000 ( 479)                 JMP   R3
(11DE) C040  1100000001000000 ( 480)                 JMP   R1
(11DF) C000  1100000000000000 ( 481)                 JMP   R0
(11E0) C100  1100000100000000 ( 482)                 JMP   R4
(11E1) C0C0  1100000011000000 ( 483)                 JMP   R3
(11E2) C100  1100000100000000 ( 484)                 JMP   R4
(11E3) C100  1100000100000000 ( 485)                 JMP   R4
(11E4) C1C0  1100000111000000 ( 486)                 RET   
(11E5) C180  1100000110000000 ( 487)                 JMP   R6
(11E6) C080  1100000010000000 ( 488)                 JMP   R2
(11E7) C180  1100000110000000 ( 489)                 JMP   R6
(11E8) C140  1100000101000000 ( 490)                 JMP   R5
(11E9) C140  1100000101000000 ( 491)                 JMP   R5
(11EA) C080  1100000010000000 ( 492)                 JMP   R2
(11EB) C0C0  1100000011000000 ( 493)                 JMP   R3
(11EC) C100  1100000100000000 ( 494)                 JMP   R4
(11ED) C0C0  1100000011000000 ( 495)                 JMP   R3
(11EE) C080  1100000010000000 ( 496)                 JMP   R2
(11EF) C140  1100000101000000 ( 497)                 JMP   R5
(11F0) C100  1100000100000000 ( 498)                 JMP   R4
(11F1) C1C0  1100000111000000 ( 499)                 RET   
(11F2) C140  1100000101000000 ( 500)                 JMP   R5
(11F3) C100  1100000100000000 ( 501)                 JMP   R4
(11F4) C000  1100000000000000 ( 502)                 JMP   R0
(11F5) 4F9A  0100111110011010 ( 503)                 JSR   A
(11F6) 4F99  0100111110011001 ( 504)                 JSR   A
(11F7) 4F98  0100111110011000 ( 505)                 JSR   A
(11F8) 4F97  0100111110010111 ( 506)                 JSR   A
(11F9) 4F96  0100111110010110 ( 507)                 JSR   A
(11FA) 4F95  0100111110010101 ( 508)                 JSR   A
(11FB) 4F94  0100111110010100 ( 509)                 JSR   A
(11FC) 4F93  0100111110010011 ( 510)                 JSR   A
(11FD) 4F92  0100111110010010 ( 511)                 JSR   A
(11FE) 4F91  0100111110010001 ( 512)                 JSR   A
(11FF) 4F90  0100111110010000 ( 513)                 JSR   A
(1200) 4F8F  0100111110001111 ( 514)                 JSR   A
(1201) 4F8E  0100111110001110 ( 515)                 JSR   A
(1202) 4F8D  0100111110001101 ( 516)                 JSR   A
(1203) 4F8C  0100111110001100 ( 517)                 JSR   A
(1204) 4F8B  0100111110001011 ( 518)                 JSR   A
(1205) 4F8A  0100111110001010 ( 519)                 JSR   A
(1206) 4F89  0100111110001001 ( 520)                 JSR   A
(1207) 4F88  0100111110001000 ( 521)                 JSR   A
(1208) 4F87  0100111110000111 ( 522)                 JSR   A
(1209) 4F86  0100111110000110 ( 523)                 JSR   A
(120A) 4F85  0100111110000101 ( 524)                 JSR   A
(120B) 4F84  0100111110000100 ( 525)                 JSR   A
(120C) 4F83  0100111110000011 ( 526)                 JSR   A
(120D) 4F82  0100111110000010 ( 527)                 JSR   A
(120E) 4F81  0100111110000001 ( 528)                 JSR   A
(120F) 4F80  0100111110000000 ( 529)                 JSR   A
(1210) 4F7F  0100111101111111 ( 530)                 JSR   A
(1211) 4F7E  0100111101111110 ( 531)                 JSR   A
(1212) 4F7D  0100111101111101 ( 532)                 JSR   A
(1213) 4F7C  0100111101111100 ( 533)                 JSR   A
(1214) 4F7B  0100111101111011 ( 534)                 JSR   A
(1215) 4F7A  0100111101111010 ( 535)                 JSR   A
(1216) 4F79  0100111101111001 ( 536)                 JSR   A
(1217) 4F78  0100111101111000 ( 537)                 JSR   A
(1218) 4F77  0100111101110111 ( 538)                 JSR   A
(1219) 4F76  0100111101110110 ( 539)                 JSR   A
(121A) 4F75  0100111101110101 ( 540)                 JSR   A
(121B) 4F74  0100111101110100 ( 541)                 JSR   A
(121C) 4F73  0100111101110011 ( 542)                 JSR   A
(121D) 4F72  0100111101110010 ( 543)                 JSR   A
(121E) 4F71  0100111101110001 ( 544)                 JSR   A
(121F) 4F70  0100111101110000 ( 545)                 JSR   A
(1220) 4F6F  0100111101101111 ( 546)                 JSR   A
(1221) 4F6E  0100111101101110 ( 547)                 JSR   A
(1222) 4F6D  0100111101101101 ( 548)                 JSR   A
(1223) 4F6C  0100111101101100 ( 549)                 JSR   A
(1224) 4F6B  0100111101101011 ( 550)                 JSR   A
(1225) 4F6A  0100111101101010 ( 551)                 JSR   A
(1226) 4F69  0100111101101001 ( 552)                 JSR   A
(1227) 4180  0100000110000000 ( 553)                 JSRR  R6
(1228) 4180  0100000110000000 ( 554)                 JSRR  R6
(1229) 40C0  0100000011000000 ( 555)                 JSRR  R3
(122A) 4140  0100000101000000 ( 556)                 JSRR  R5
(122B) 4040  0100000001000000 ( 557)                 JSRR  R1
(122C) 4140  0100000101000000 ( 558)                 JSRR  R5
(122D) 4180  0100000110000000 ( 559)                 JSRR  R6
(122E) 4000  0100000000000000 ( 560)                 JSRR  R0
(122F) 4080  0100000010000000 ( 561)                 JSRR  R2
(1230) 4080  0100000010000000 ( 562)                 JSRR  R2
(1231) 4180  0100000110000000 ( 563)                 JSRR  R6
(1232) 4040  0100000001000000 ( 564)                 JSRR  R1
(1233) 4100  0100000100000000 ( 565)                 JSRR  R4
(1234) 40C0  0100000011000000 ( 566)                 JSRR  R3
(1235) 4140  0100000101000000 ( 567)                 JSRR  R5
(1236) 4140  0100000101000000 ( 568)                 JSRR  R5
(1237) 4100  0100000100000000 ( 569)                 JSRR  R4
(1238) 4000  0100000000000000 ( 570)                 JSRR  R0
(1239) 4180  0100000110000000 ( 571)                 JSRR  R6
(123A) 4180  0100000110000000 ( 572)                 JSRR  R6
(123B) 40C0  0100000011000000 ( 573)                 JSRR  R3
(123C) 4140  0100000101000000 ( 574)                 JSRR  R5
(123D) 4080  0100000010000000 ( 575)                 JSRR  R2
(123E) 40C0  0100000011000000 ( 576)                 JSRR  R3
(123F) 40C0  0100000011000000 ( 577)                 JSRR  R3
(1240) 4100  0100000100000000 ( 578)                 JSRR  R4
(1241) 4180  0100000110000000 ( 579)                 JSRR  R6
(1242) 4000  0100000000000000 ( 580)                 JSRR  R0
(1243) 4080  0100000010000000 ( 581)                 JSRR  R2
(1244) 40C0  0100000011000000 ( 582)                 JSRR  R3
(1245) 4080  0100000010000000 ( 583)                 JSRR  R2
(1246) 4140  0100000101000000 ( 584)                 JSRR  R5
(1247) 4180  0100000110000000 ( 585)                 JSRR  R6
(1248) 4040  0100000001000000 ( 586)                 JSRR  R1
(1249) 4080  0100000010000000 ( 587)                 JSRR  R2
(124A) 4000  0100000000000000 ( 588)                 JSRR  R0
(124B) 4040  0100000001000000 ( 589)                 JSRR  R1
(124C) 4040  0100000001000000 ( 590)                 JSRR  R1
(124D) 4100  0100000100000000 ( 591)                 JSRR  R4
(124E) 40C0  0100000011000000 ( 592)                 JSRR  R3
(124F) 4140  0100000101000000 ( 593)                 JSRR  R5
(1250) 4180  0100000110000000 ( 594)                 JSRR  R6
(1251) 40C0  0100000011000000 ( 595)                 JSRR  R3
(1252) 4180  0100000110000000 ( 596)                 JSRR  R6
(1253) 4000  0100000000000000 ( 597)                 JSRR  R0
(1254) 4080  0100000010000000 ( 598)                 JSRR  R2
(1255) 4080  0100000010000000 ( 599)                 JSRR  R2
(1256) 4040  0100000001000000 ( 600)                 JSRR  R1
(1257) 4100  0100000100000000 ( 601)                 JSRR  R4
(1258) 4080  0100000010000000 ( 602)                 JSRR  R2
(1259) 9BFF  1001101111111111 ( 603)                 NOT   R5 R7
(125A) 9B3F  1001101100111111 ( 604)                 NOT   R5 R4
(125B) 997F  1001100101111111 ( 605)                 NOT   R4 R5
(125C) 9C7F  1001110001111111 ( 606)                 NOT   R6 R1
(125D) 94BF  1001010010111111 ( 607)                 NOT   R2 R2
(125E) 923F  1001001000111111 ( 608)                 NOT   R1 R0
(125F) 987F  1001100001111111 ( 609)                 NOT   R4 R1
(1260) 9DBF  1001110110111111 ( 610)                 NOT   R6 R6
(1261) 93BF  1001001110111111 ( 611)                 NOT   R1 R6
(1262) 9D7F  1001110101111111 ( 612)                 NOT   R6 R5
(1263) 9C3F  1001110000111111 ( 613)                 NOT   R6 R0
(1264) 9EFF  1001111011111111 ( 614)                 NOT   R7 R3
(1265) 97FF  1001011111111111 ( 615)                 NOT   R3 R7
(1266) 92FF  1001001011111111 ( 616)                 NOT   R1 R3
(1267) 90FF  1001000011111111 ( 617)                 NOT   R0 R3
(1268) 973F  1001011100111111 ( 618)                 NOT   R3 R4
(1269) 96BF  1001011010111111 ( 619)                 NOT   R3 R2
(126A) 9D7F  1001110101111111 ( 620)                 NOT   R6 R5
(126B) 9AFF  1001101011111111 ( 621)                 NOT   R5 R3
(126C) 987F  1001100001111111 ( 622)                 NOT   R4 R1
(126D) 96FF  1001011011111111 ( 623)                 NOT   R3 R3
(126E) 9FFF  1001111111111111 ( 624)                 NOT   R7 R7
(126F) 9EFF  1001111011111111 ( 625)                 NOT   R7 R3
(1270) 94BF  1001010010111111 ( 626)                 NOT   R2 R2
(1271) 923F  1001001000111111 ( 627)                 NOT   R1 R0
(1272) 9EBF  1001111010111111 ( 628)                 NOT   R7 R2
(1273) 9BFF  1001101111111111 ( 629)                 NOT   R5 R7
(1274) 917F  1001000101111111 ( 630)                 NOT   R0 R5
(1275) 94BF  1001010010111111 ( 631)                 NOT   R2 R2
(1276) 94FF  1001010011111111 ( 632)                 NOT   R2 R3
(1277) 94FF  1001010011111111 ( 633)                 NOT   R2 R3
(1278) 957F  1001010101111111 ( 634)                 NOT   R2 R5
(1279) 90BF  1001000010111111 ( 635)                 NOT   R0 R2
(127A) 99BF  1001100110111111 ( 636)                 NOT   R4 R6
(127B) 93BF  1001001110111111 ( 637)                 NOT   R1 R6
(127C) 9F3F  1001111100111111 ( 638)                 NOT   R7 R4
(127D) 97BF  1001011110111111 ( 639)                 NOT   R3 R6
(127E) 9E3F  1001111000111111 ( 640)                 NOT   R7 R0
(127F) 9CFF  1001110011111111 ( 641)                 NOT   R6 R3
(1280) 95BF  1001010110111111 ( 642)                 NOT   R2 R6
(1281) 9FFF  1001111111111111 ( 643)                 NOT   R7 R7
(1282) 9EFF  1001111011111111 ( 644)                 NOT   R7 R3
(1283) 917F  1001000101111111 ( 645)                 NOT   R0 R5
(1284) 9F3F  1001111100111111 ( 646)                 NOT   R7 R4
(1285) 95BF  1001010110111111 ( 647)                 NOT   R2 R6
(1286) 9D3F  1001110100111111 ( 648)                 NOT   R6 R4
(1287) 9C7F  1001110001111111 ( 649)                 NOT   R6 R1
(1288) 923F  1001001000111111 ( 650)                 NOT   R1 R0
(1289) 9CFF  1001110011111111 ( 651)                 NOT   R6 R3
(128A) 947F  1001010001111111 ( 652)                 NOT   R2 R1
(128B) C1C0  1100000111000000 ( 653)                 RET   
(128C) 8000  1000000000000000 ( 654)                 RTI   
