(0000) 1000  0001000000000000 (   1)                 .ORIG x1000
(1000) 1D45  0001110101000101 (   2)                 ADD   R6 R5 R5
(1001) 1005  0001000000000101 (   3)                 ADD   R0 R0 R5
(1002) 5644  0101011001000100 (   4)                 AND   R3 R1 R4
(1003) 5C01  0101110000000001 (   5)                 AND   R6 R0 R1
(1004) 1E47  0001111001000111 (   6)                 ADD   R7 R1 R7
(1005) 1546  0001010101000110 (   7)                 ADD   R2 R5 R6
(1006) 1203  0001001000000011 (   8)                 ADD   R1 R0 R3
(1007) 17C2  0001011111000010 (   9)                 ADD   R3 R7 R2
(1008) 1344  0001001101000100 (  10)                 ADD   R1 R5 R4
(1009) 50C3  0101000011000011 (  11)                 AND   R0 R3 R3
(100A) 5746  0101011101000110 (  12)                 AND   R3 R5 R6
(100B) 1806  0001100000000110 (  13)                 ADD   R4 R0 R6
(100C) 1640  0001011001000000 (  14)                 ADD   R3 R1 R0
(100D) 5D41  0101110101000001 (  15)                 AND   R6 R5 R1
(100E) 1B80  0001101110000000 (  16)                 ADD   R5 R6 R0
(100F) 1286  0001001010000110 (  17)                 ADD   R1 R2 R6
(1010) 1140  0001000101000000 (  18)                 ADD   R0 R5 R0
(1011) 5402  0101010000000010 (  19)                 AND   R2 R0 R2
(1012) 5DC3  0101110111000011 (  20)                 AND   R6 R7 R3
(1013) 1987  0001100110000111 (  21)                 ADD   R4 R6 R7
(1014) 5D45  0101110101000101 (  22)                 AND   R6 R5 R5
(1015) 5A42  0101101001000010 (  23)                 AND   R5 R1 R2
(1016) 1984  0001100110000100 (  24)                 ADD   R4 R6 R4
(1017) 5186  0101000110000110 (  25)                 AND   R0 R6 R6
(1018) 1A87  0001101010000111 (  26)                 ADD   R5 R2 R7
(1019) 5746  0101011101000110 (  27)                 AND   R3 R5 R6
(101A) 1AC5  0001101011000101 (  28)                 ADD   R5 R3 R5
(101B) 1A06  0001101000000110 (  29)                 ADD   R5 R0 R6
(101C) 5F82  0101111110000010 (  30)                 AND   R7 R6 R2
(101D) 1FC5  0001111111000101 (  31)                 ADD   R7 R7 R5
(101E) 18C6  0001100011000110 (  32)                 ADD   R4 R3 R6
(101F) 54C1  0101010011000001 (  33)                 AND   R2 R3 R1
(1020) 1AC7  0001101011000111 (  34)                 ADD   R5 R3 R7
(1021) 1087  0001000010000111 (  35)                 ADD   R0 R2 R7
(1022) 5A40  0101101001000000 (  36)                 AND   R5 R1 R0
(1023) 5641  0101011001000001 (  37)                 AND   R3 R1 R1
(1024) 5F46  0101111101000110 (  38)                 AND   R7 R5 R6
(1025) 5986  0101100110000110 (  39)                 AND   R4 R6 R6
(1026) 1F40  0001111101000000 (  40)                 ADD   R7 R5 R0
(1027) 5580  0101010110000000 (  41)                 AND   R2 R6 R0
(1028) 5F82  0101111110000010 (  42)                 AND   R7 R6 R2
(1029) 5200  0101001000000000 (  43)                 AND   R1 R0 R0
(102A) 5E00  0101111000000000 (  44)                 AND   R7 R0 R0
(102B) 5744  0101011101000100 (  45)                 AND   R3 R5 R4
(102C) 1F82  0001111110000010 (  46)                 ADD   R7 R6 R2
(102D) 1483  0001010010000011 (  47)                 ADD   R2 R2 R3
(102E) 1F82  0001111110000010 (  48)                 ADD   R7 R6 R2
(102F) 17C5  0001011111000101 (  49)                 ADD   R3 R7 R5
(1030) 1F86  0001111110000110 (  50)                 ADD   R7 R6 R6
(1031) 5606  0101011000000110 (  51)                 AND   R3 R0 R6
(1032) 5985  0101100110000101 (  52)                 AND   R4 R6 R5
(1033) 16C4  0001011011000100 (  53)                 ADD   R3 R3 R4
(1034) 1C41  0001110001000001 (  54)                 ADD   R6 R1 R1
(1035) 1B46  0001101101000110 (  55)                 ADD   R5 R5 R6
(1036) 1342  0001001101000010 (  56)                 ADD   R1 R5 R2
(1037) 5C01  0101110000000001 (  57)                 AND   R6 R0 R1
(1038) 5943  0101100101000011 (  58)                 AND   R4 R5 R3
(1039) 5682  0101011010000010 (  59)                 AND   R3 R2 R2
(103A) 5647  0101011001000111 (  60)                 AND   R3 R1 R7
(103B) 1500  0001010100000000 (  61)                 ADD   R2 R4 R0
(103C) 5CC2  0101110011000010 (  62)                 AND   R6 R3 R2
(103D) 5AC7  0101101011000111 (  63)                 AND   R5 R3 R7
(103E) 1347  0001001101000111 (  64)                 ADD   R1 R5 R7
(103F) 5082  0101000010000010 (  65)                 AND   R0 R2 R2
(1040) 5CC2  0101110011000010 (  66)                 AND   R6 R3 R2
(1041) 1746  0001011101000110 (  67)                 ADD   R3 R5 R6
(1042) 55C5  0101010111000101 (  68)                 AND   R2 R7 R5
(1043) 1A07  0001101000000111 (  69)                 ADD   R5 R0 R7
(1044) 5A84  0101101010000100 (  70)                 AND   R5 R2 R4
(1045) 5606  0101011000000110 (  71)                 AND   R3 R0 R6
(1046) 1A01  0001101000000001 (  72)                 ADD   R5 R0 R1
(1047) 5CC4  0101110011000100 (  73)                 AND   R6 R3 R4
(1048) 5F05  0101111100000101 (  74)                 AND   R7 R4 R5
(1049) 5E01  0101111000000001 (  75)                 AND   R7 R0 R1
(104A) 1300  0001001100000000 (  76)                 ADD   R1 R4 R0
(104B) 1D86  0001110110000110 (  77)                 ADD   R6 R6 R6
(104C) 1746  0001011101000110 (  78)                 ADD   R3 R5 R6
(104D) 1BC1  0001101111000001 (  79)                 ADD   R5 R7 R1
(104E) 5245  0101001001000101 (  80)                 AND   R1 R1 R5
(104F) 5D01  0101110100000001 (  81)                 AND   R6 R4 R1
(1050) 5402  0101010000000010 (  82)                 AND   R2 R0 R2
(1051) 1604  0001011000000100 (  83)                 ADD   R3 R0 R4
(1052) 5C01  0101110000000001 (  84)                 AND   R6 R0 R1
(1053) 5145  0101000101000101 (  85)                 AND   R0 R5 R5
(1054) 14C6  0001010011000110 (  86)                 ADD   R2 R3 R6
(1055) 1746  0001011101000110 (  87)                 ADD   R3 R5 R6
(1056) 5207  0101001000000111 (  88)                 AND   R1 R0 R7
(1057) 5F07  0101111100000111 (  89)                 AND   R7 R4 R7
(1058) 1181  0001000110000001 (  90)                 ADD   R0 R6 R1
(1059) 5EC1  0101111011000001 (  91)                 AND   R7 R3 R1
(105A) 5247  0101001001000111 (  92)                 AND   R1 R1 R7
(105B) 1006  0001000000000110 (  93)                 ADD   R0 R0 R6
(105C) 5B00  0101101100000000 (  94)                 AND   R5 R4 R0
(105D) 1FC5  0001111111000101 (  95)                 ADD   R7 R7 R5
(105E) 50C4  0101000011000100 (  96)                 AND   R0 R3 R4
(105F) 15C7  0001010111000111 (  97)                 ADD   R2 R7 R7
(1060) 1605  0001011000000101 (  98)                 ADD   R3 R0 R5
(1061) 1203  0001001000000011 (  99)                 ADD   R1 R0 R3
(1062) 5F03  0101111100000011 ( 100)                 AND   R7 R4 R3
(1063) 1200  0001001000000000 ( 101)                 ADD   R1 R0 R0
(1064) 1347  0001001101000111 ( 102)                 ADD   R1 R5 R7
(1065) 1B40  0001101101000000 ( 103)                 ADD   R5 R5 R0
(1066) 5801  0101100000000001 ( 104)                 AND   R4 R0 R1
(1067) 5042  0101000001000010 ( 105)                 AND   R0 R1 R2
(1068) 5C84  0101110010000100 ( 106)                 AND   R6 R2 R4
(1069) 1744  0001011101000100 ( 107)                 ADD   R3 R5 R4
(106A) 5301  0101001100000001 ( 108)                 AND   R1 R4 R1
(106B) 1CC7  0001110011000111 ( 109)                 ADD   R6 R3 R7
(106C) 1286  0001001010000110 ( 110)                 ADD   R1 R2 R6
(106D) 53C0  0101001111000000 ( 111)                 AND   R1 R7 R0
(106E) 1982  0001100110000010 ( 112)                 ADD   R4 R6 R2
(106F) 5A05  0101101000000101 ( 113)                 AND   R5 R0 R5
(1070) 57C6  0101011111000110 ( 114)                 AND   R3 R7 R6
(1071) 56C2  0101011011000010 ( 115)                 AND   R3 R3 R2
(1072) 5C02  0101110000000010 ( 116)                 AND   R6 R0 R2
(1073) 5202  0101001000000010 ( 117)                 AND   R1 R0 R2
(1074) 5806  0101100000000110 ( 118)                 AND   R4 R0 R6
(1075) 5280  0101001010000000 ( 119)                 AND   R1 R2 R0
(1076) 55C1  0101010111000001 ( 120)                 AND   R2 R7 R1
(1077) 5042  0101000001000010 ( 121)                 AND   R0 R1 R2
(1078) 13C5  0001001111000101 ( 122)                 ADD   R1 R7 R5
(1079) 1804  0001100000000100 ( 123)                 ADD   R4 R0 R4
(107A) 5383  0101001110000011 ( 124)                 AND   R1 R6 R3
(107B) 14C4  0001010011000100 ( 125)                 ADD   R2 R3 R4
(107C) 5406  0101010000000110 ( 126)                 AND   R2 R0 R6
(107D) 1340  0001001101000000 ( 127)                 ADD   R1 R5 R0
(107E) 15C2  0001010111000010 ( 128)                 ADD   R2 R7 R2
(107F) 1041  0001000001000001 ( 129)                 ADD   R0 R1 R1
(1080) 5683  0101011010000011 ( 130)                 AND   R3 R2 R3
(1081) 5506  0101010100000110 ( 131)                 AND   R2 R4 R6
(1082) 5D82  0101110110000010 ( 132)                 AND   R6 R6 R2
(1083) 12C5  0001001011000101 ( 133)                 ADD   R1 R3 R5
(1084) 1207  0001001000000111 ( 134)                 ADD   R1 R0 R7
(1085) 50C6  0101000011000110 ( 135)                 AND   R0 R3 R6
(1086) 19C2  0001100111000010 ( 136)                 ADD   R4 R7 R2
(1087) 1C81  0001110010000001 ( 137)                 ADD   R6 R2 R1
(1088) 5E86  0101111010000110 ( 138)                 AND   R7 R2 R6
(1089) 5987  0101100110000111 ( 139)                 AND   R4 R6 R7
(108A) 5104  0101000100000100 ( 140)                 AND   R0 R4 R4
(108B) 5480  0101010010000000 ( 141)                 AND   R2 R2 R0
(108C) 1345  0001001101000101 ( 142)                 ADD   R1 R5 R5
(108D) 5907  0101100100000111 ( 143)                 AND   R4 R4 R7
(108E) 5583  0101010110000011 ( 144)                 AND   R2 R6 R3
(108F) 5BC0  0101101111000000 ( 145)                 AND   R5 R7 R0
(1090) 1D87  0001110110000111 ( 146)                 ADD   R6 R6 R7
(1091) 1686  0001011010000110 ( 147)                 ADD   R3 R2 R6
(1092) 5E45  0101111001000101 ( 148)                 AND   R7 R1 R5
(1093) 1942  0001100101000010 ( 149)                 ADD   R4 R5 R2
(1094) 1641  0001011001000001 ( 150)                 ADD   R3 R1 R1
(1095) 1983  0001100110000011 ( 151)                 ADD   R4 R6 R3
(1096) 58C6  0101100011000110 ( 152)                 AND   R4 R3 R6
(1097) 53C2  0101001111000010 ( 153)                 AND   R1 R7 R2
(1098) 1E81  0001111010000001 ( 154)                 ADD   R7 R2 R1
(1099) 5F40  0101111101000000 ( 155)                 AND   R7 R5 R0
(109A) 1801  0001100000000001 ( 156)                 ADD   R4 R0 R1
(109B) 5903  0101100100000011 ( 157)                 AND   R4 R4 R3
(109C) 1100  0001000100000000 ( 158)                 ADD   R0 R4 R0
(109D) 5885  0101100010000101 ( 159)                 AND   R4 R2 R5
(109E) 1901  0001100100000001 ( 160)                 ADD   R4 R4 R1
(109F) 5606  0101011000000110 ( 161)                 AND   R3 R0 R6
(10A0) 10C3  0001000011000011 ( 162)                 ADD   R0 R3 R3
(10A1) 5883  0101100010000011 ( 163)                 AND   R4 R2 R3
(10A2) 1BC2  0001101111000010 ( 164)                 ADD   R5 R7 R2
(10A3) 1A47  0001101001000111 ( 165)                 ADD   R5 R1 R7
(10A4) 5680  0101011010000000 ( 166)                 AND   R3 R2 R0
(10A5) 5587  0101010110000111 ( 167)                 AND   R2 R6 R7
(10A6) 1903  0001100100000011 ( 168)                 ADD   R4 R4 R3
(10A7) 1200  0001001000000000 ( 169)                 ADD   R1 R0 R0
(10A8) 5883  0101100010000011 ( 170)                 AND   R4 R2 R3
(10A9) 5087  0101000010000111 ( 171)                 AND   R0 R2 R7
(10AA) 1707  0001011100000111 ( 172)                 ADD   R3 R4 R7
(10AB) 1F83  0001111110000011 ( 173)                 ADD   R7 R6 R3
(10AC) 5105  0101000100000101 ( 174)                 AND   R0 R4 R5
(10AD) 5C85  0101110010000101 ( 175)                 AND   R6 R2 R5
(10AE) 1644  0001011001000100 ( 176)                 ADD   R3 R1 R4
(10AF) 1003  0001000000000011 ( 177)                 ADD   R0 R0 R3
(10B0) 1202  0001001000000010 ( 178)                 ADD   R1 R0 R2
(10B1) 1E82  0001111010000010 ( 179)                 ADD   R7 R2 R2
(10B2) 5040  0101000001000000 ( 180)                 AND   R0 R1 R0
(10B3) 1403  0001010000000011 ( 181)                 ADD   R2 R0 R3
(10B4) 5D06  0101110100000110 ( 182)                 AND   R6 R4 R6
(10B5) 1203  0001001000000011 ( 183)                 ADD   R1 R0 R3
(10B6) 1785  0001011110000101 ( 184)                 ADD   R3 R6 R5
(10B7) 5280  0101001010000000 ( 185)                 AND   R1 R2 R0
(10B8) 5C82  0101110010000010 ( 186)                 AND   R6 R2 R2
(10B9) 56C6  0101011011000110 ( 187)                 AND   R3 R3 R6
(10BA) 1C87  0001110010000111 ( 188)                 ADD   R6 R2 R7
(10BB) 5B40  0101101101000000 ( 189)                 AND   R5 R5 R0
(10BC) 5F84  0101111110000100 ( 190)                 AND   R7 R6 R4
(10BD) 5CC3  0101110011000011 ( 191)                 AND   R6 R3 R3
(10BE) 1946  0001100101000110 ( 192)                 ADD   R4 R5 R6
(10BF) 1642  0001011001000010 ( 193)                 ADD   R3 R1 R2
(10C0) 51C3  0101000111000011 ( 194)                 AND   R0 R7 R3
(10C1) 5043  0101000001000011 ( 195)                 AND   R0 R1 R3
(10C2) 5F42  0101111101000010 ( 196)                 AND   R7 R5 R2
(10C3) 1083  0001000010000011 ( 197)                 ADD   R0 R2 R3
(10C4) 5000  0101000000000000 ( 198)                 AND   R0 R0 R0
(10C5) 5A06  0101101000000110 ( 199)                 AND   R5 R0 R6
(10C6) 5F85  0101111110000101 ( 200)                 AND   R7 R6 R5
(10C7) 5681  0101011010000001 ( 201)                 AND   R3 R2 R1
(10C8) 1CBB  0001110010111011 ( 202)                 ADD   R6 R2 #-5
(10C9) 1B6C  0001101101101100 ( 203)                 ADD   R5 R5 #12
(10CA) 5D6E  0101110101101110 ( 204)                 AND   R6 R5 #14
(10CB) 113B  0001000100111011 ( 205)                 ADD   R0 R4 #-5
(10CC) 112F  0001000100101111 ( 206)                 ADD   R0 R4 #15
(10CD) 13FE  0001001111111110 ( 207)                 ADD   R1 R7 #-2
(10CE) 137F  0001001101111111 ( 208)                 ADD   R1 R5 #-1
(10CF) 1DA0  0001110110100000 ( 209)                 ADD   R6 R6 #0
(10D0) 1322  0001001100100010 ( 210)                 ADD   R1 R4 #2
(10D1) 5BF6  0101101111110110 ( 211)                 AND   R5 R7 #-10
(10D2) 103E  0001000000111110 ( 212)                 ADD   R0 R0 #-2
(10D3) 592A  0101100100101010 ( 213)                 AND   R4 R4 #10
(10D4) 5EED  0101111011101101 ( 214)                 AND   R7 R3 #13
(10D5) 1DE2  0001110111100010 ( 215)                 ADD   R6 R7 #2
(10D6) 5EFE  0101111011111110 ( 216)                 AND   R7 R3 #-2
(10D7) 55EA  0101010111101010 ( 217)                 AND   R2 R7 #10
(10D8) 5231  0101001000110001 ( 218)                 AND   R1 R0 #-15
(10D9) 5A37  0101101000110111 ( 219)                 AND   R5 R0 #-9
(10DA) 17B3  0001011110110011 ( 220)                 ADD   R3 R6 #-13
(10DB) 5B2F  0101101100101111 ( 221)                 AND   R5 R4 #15
(10DC) 1F3F  0001111100111111 ( 222)                 ADD   R7 R4 #-1
(10DD) 11B7  0001000110110111 ( 223)                 ADD   R0 R6 #-9
(10DE) 1DAC  0001110110101100 ( 224)                 ADD   R6 R6 #12
(10DF) 1FF5  0001111111110101 ( 225)                 ADD   R7 R7 #-11
(10E0) 1239  0001001000111001 ( 226)                 ADD   R1 R0 #-7
(10E1) 5A35  0101101000110101 ( 227)                 AND   R5 R0 #-11
(10E2) 15E6  0001010111100110 ( 228)                 ADD   R2 R7 #6
(10E3) 5862  0101100001100010 ( 229)                 AND   R4 R1 #2
(10E4) 1068  0001000001101000 ( 230)                 ADD   R0 R1 #8
(10E5) 13E0  0001001111100000 ( 231)                 ADD   R1 R7 #0
(10E6) 1660  0001011001100000 ( 232)                 ADD   R3 R1 #0
(10E7) 16FD  0001011011111101 ( 233)                 ADD   R3 R3 #-3
(10E8) 5063  0101000001100011 ( 234)                 AND   R0 R1 #3
(10E9) 14FC  0001010011111100 ( 235)                 ADD   R2 R3 #-4
(10EA) 563D  0101011000111101 ( 236)                 AND   R3 R0 #-3
(10EB) 5CF8  0101110011111000 ( 237)                 AND   R6 R3 #-8
(10EC) 55E4  0101010111100100 ( 238)                 AND   R2 R7 #4
(10ED) 50A3  0101000010100011 ( 239)                 AND   R0 R2 #3
(10EE) 142D  0001010000101101 ( 240)                 ADD   R2 R0 #13
(10EF) 5B60  0101101101100000 ( 241)                 AND   R5 R5 #0
(10F0) 147E  0001010001111110 ( 242)                 ADD   R2 R1 #-2
(10F1) 10BE  0001000010111110 ( 243)                 ADD   R0 R2 #-2
(10F2) 51BD  0101000110111101 ( 244)                 AND   R0 R6 #-3
(10F3) 57AD  0101011110101101 ( 245)                 AND   R3 R6 #13
(10F4) 1365  0001001101100101 ( 246)                 ADD   R1 R5 #5
(10F5) 5FB1  0101111110110001 ( 247)                 AND   R7 R6 #-15
(10F6) 1E26  0001111000100110 ( 248)                 ADD   R7 R0 #6
(10F7) 5B35  0101101100110101 ( 249)                 AND   R5 R4 #-11
(10F8) 1532  0001010100110010 ( 250)                 ADD   R2 R4 #-14
(10F9) 5DBE  0101110110111110 ( 251)                 AND   R6 R6 #-2
(10FA) 15E7  0001010111100111 ( 252)                 ADD   R2 R7 #7
(10FB) 58E1  0101100011100001 ( 253)                 AND   R4 R3 #1
(10FC) 1928  0001100100101000 ( 254)                 ADD   R4 R4 #8
(10FD) 53E0  0101001111100000 ( 255)                 AND   R1 R7 #0
(10FE) 1FE5  0001111111100101 ( 256)                 ADD   R7 R7 #5
(10FF) 5F3E  0101111100111110 ( 257)                 AND   R7 R4 #-2
(1100) 11E6  0001000111100110 ( 258)                 ADD   R0 R7 #6
(1101) 1FE1  0001111111100001 ( 259)                 ADD   R7 R7 #1
(1102) 10BB  0001000010111011 ( 260)                 ADD   R0 R2 #-5
(1103) 5460  0101010001100000 ( 261)                 AND   R2 R1 #0
(1104) 1B68  0001101101101000 ( 262)                 ADD   R5 R5 #8
(1105) 51E4  0101000111100100 ( 263)                 AND   R0 R7 #4
(1106) 5AA3  0101101010100011 ( 264)                 AND   R5 R2 #3
(1107) 51E4  0101000111100100 ( 265)                 AND   R0 R7 #4
(1108) 5A37  0101101000110111 ( 266)                 AND   R5 R0 #-9
(1109) 59E8  0101100111101000 ( 267)                 AND   R4 R7 #8
(110A) 5178  0101000101111000 ( 268)                 AND   R0 R5 #-8
(110B) 1BE2  0001101111100010 ( 269)                 ADD   R5 R7 #2
(110C) 5761  0101011101100001 ( 270)                 AND   R3 R5 #1
(110D) 1AF7  0001101011110111 ( 271)                 ADD   R5 R3 #-9
(110E) 5877  0101100001110111 ( 272)                 AND   R4 R1 #-9
(110F) 5622  0101011000100010 ( 273)                 AND   R3 R0 #2
(1110) 1378  0001001101111000 ( 274)                 ADD   R1 R5 #-8
(1111) 13FB  0001001111111011 ( 275)                 ADD   R1 R7 #-5
(1112) 55FA  0101010111111010 ( 276)                 AND   R2 R7 #-6
(1113) 1462  0001010001100010 ( 277)                 ADD   R2 R1 #2
(1114) 56A9  0101011010101001 ( 278)                 AND   R3 R2 #9
(1115) 107D  0001000001111101 ( 279)                 ADD   R0 R1 #-3
(1116) 5A62  0101101001100010 ( 280)                 AND   R5 R1 #2
(1117) 5EA4  0101111010100100 ( 281)                 AND   R7 R2 #4
(1118) 5BFB  0101101111111011 ( 282)                 AND   R5 R7 #-5
(1119) 157A  0001010101111010 ( 283)                 ADD   R2 R5 #-6
(111A) 57A0  0101011110100000 ( 284)                 AND   R3 R6 #0
(111B) 50FF  0101000011111111 ( 285)                 AND   R0 R3 #-1
(111C) 1E3E  0001111000111110 ( 286)                 ADD   R7 R0 #-2
(111D) 1AFF  0001101011111111 ( 287)                 ADD   R5 R3 #-1
(111E) 5B21  0101101100100001 ( 288)                 AND   R5 R4 #1
(111F) 5329  0101001100101001 ( 289)                 AND   R1 R4 #9
(1120) 5977  0101100101110111 ( 290)                 AND   R4 R5 #-9
(1121) 5068  0101000001101000 ( 291)                 AND   R0 R1 #8
(1122) 1C23  0001110000100011 ( 292)                 ADD   R6 R0 #3
(1123) 5BA8  0101101110101000 ( 293)                 AND   R5 R6 #8
(1124) 557A  0101010101111010 ( 294)                 AND   R2 R5 #-6
(1125) 11A3  0001000110100011 ( 295)                 ADD   R0 R6 #3
(1126) 1F63  0001111101100011 ( 296)                 ADD   R7 R5 #3
(1127) 10E5  0001000011100101 ( 297)                 ADD   R0 R3 #5
(1128) 1D66  0001110101100110 ( 298)                 ADD   R6 R5 #6
(1129) 5EE2  0101111011100010 ( 299)                 AND   R7 R3 #2
(112A) 1537  0001010100110111 ( 300)                 ADD   R2 R4 #-9
(112B) 5C68  0101110001101000 ( 301)                 AND   R6 R1 #8
(112C) 0E63  0000111001100011 ( 302)                 BRNZP A
(112D) 0C62  0000110001100010 ( 303)                 BRNZ  A
(112E) 0A61  0000101001100001 ( 304)                 BRNP  A
(112F) 0860  0000100001100000 ( 305)                 BRN   A
(1130) 0E5F  0000111001011111 ( 306)                 BRNZP A
(1131) 065E  0000011001011110 ( 307)                 BRZP  A
(1132) 0E5D  0000111001011101 ( 308)                 BRNZP A
(1133) 0E5C  0000111001011100 ( 309)                 BRNZP A
(1134) 0E5B  0000111001011011 ( 310)                 BRNZP A
(1135) 085A  0000100001011010 ( 311)                 BRN   A
(1136) 0E59  0000111001011001 ( 312)                 BRNZP A
(1137) 0A58  0000101001011000 ( 313)                 BRNP  A
(1138) 0857  0000100001010111 ( 314)                 BRN   A
(1139) 0456  0000010001010110 ( 315)                 BRZ   A
(113A) 0E55  0000111001010101 ( 316)                 BRNZP A
(113B) 0654  0000011001010100 ( 317)                 BRZP  A
(113C) 0E53  0000111001010011 ( 318)                 BRNZP A
(113D) 0E52  0000111001010010 ( 319)                 BRNZP A
(113E) 0E51  0000111001010001 ( 320)                 BRNZP A
(113F) 0C50  0000110001010000 ( 321)                 BRNZ  A
(1140) 0C4F  0000110001001111 ( 322)                 BRNZ  A
(1141) 044E  0000010001001110 ( 323)                 BRZ   A
(1142) 024D  0000001001001101 ( 324)                 BRP   A
(1143) 0A4C  0000101001001100 ( 325)                 BRNP  A
(1144) 064B  0000011001001011 ( 326)                 BRZP  A
(1145) 0A4A  0000101001001010 ( 327)                 BRNP  A
(1146) 0849  0000100001001001 ( 328)                 BRN   A
(1147) 0448  0000010001001000 ( 329)                 BRZ   A
(1148) 0A47  0000101001000111 ( 330)                 BRNP  A
(1149) 0C46  0000110001000110 ( 331)                 BRNZ  A
(114A) 0245  0000001001000101 ( 332)                 BRP   A
(114B) 0844  0000100001000100 ( 333)                 BRN   A
(114C) 0843  0000100001000011 ( 334)                 BRN   A
(114D) 0A42  0000101001000010 ( 335)                 BRNP  A
(114E) 0241  0000001001000001 ( 336)                 BRP   A
(114F) 0C40  0000110001000000 ( 337)                 BRNZ  A
(1150) 0A3F  0000101000111111 ( 338)                 BRNP  A
(1151) 0E3E  0000111000111110 ( 339)                 BRNZP A
(1152) 0A3D  0000101000111101 ( 340)                 BRNP  A
(1153) 0E3C  0000111000111100 ( 341)                 BRNZP A
(1154) 0E3B  0000111000111011 ( 342)                 BRNZP A
(1155) 0E3A  0000111000111010 ( 343)                 BRNZP A
(1156) 0239  0000001000111001 ( 344)                 BRP   A
(1157) 0638  0000011000111000 ( 345)                 BRZP  A
(1158) 0E37  0000111000110111 ( 346)                 BRNZP A
(1159) 0A36  0000101000110110 ( 347)                 BRNP  A
(115A) 0C35  0000110000110101 ( 348)                 BRNZ  A
(115B) 0434  0000010000110100 ( 349)                 BRZ   A
(115C) 0E33  0000111000110011 ( 350)                 BRNZP A
(115D) 0E32  0000111000110010 ( 351)                 BRNZP A
(115E) E231  1110001000110001 ( 352)                 LEA   R1 A
(115F) E630  1110011000110000 ( 353)                 LEA   R3 A
(1160) EE2F  1110111000101111 ( 354)                 LEA   R7 A
(1161) EC2E  1110110000101110 ( 355)                 LEA   R6 A
(1162) EC2D  1110110000101101 ( 356)                 LEA   R6 A
(1163) E02C  1110000000101100 ( 357)                 LEA   R0 A
(1164) E42B  1110010000101011 ( 358)                 LEA   R2 A
(1165) E22A  1110001000101010 ( 359)                 LEA   R1 A
(1166) E429  1110010000101001 ( 360)                 LEA   R2 A
(1167) E628  1110011000101000 ( 361)                 LEA   R3 A
(1168) E627  1110011000100111 ( 362)                 LEA   R3 A
(1169) E826  1110100000100110 ( 363)                 LEA   R4 A
(116A) EC25  1110110000100101 ( 364)                 LEA   R6 A
(116B) E024  1110000000100100 ( 365)                 LEA   R0 A
(116C) E823  1110100000100011 ( 366)                 LEA   R4 A
(116D) E822  1110100000100010 ( 367)                 LEA   R4 A
(116E) E821  1110100000100001 ( 368)                 LEA   R4 A
(116F) EA20  1110101000100000 ( 369)                 LEA   R5 A
(1170) E61F  1110011000011111 ( 370)                 LEA   R3 A
(1171) E41E  1110010000011110 ( 371)                 LEA   R2 A
(1172) E81D  1110100000011101 ( 372)                 LEA   R4 A
(1173) E61C  1110011000011100 ( 373)                 LEA   R3 A
(1174) EA1B  1110101000011011 ( 374)                 LEA   R5 A
(1175) E81A  1110100000011010 ( 375)                 LEA   R4 A
(1176) E819  1110100000011001 ( 376)                 LEA   R4 A
(1177) E818  1110100000011000 ( 377)                 LEA   R4 A
(1178) EE17  1110111000010111 ( 378)                 LEA   R7 A
(1179) E416  1110010000010110 ( 379)                 LEA   R2 A
(117A) E615  1110011000010101 ( 380)                 LEA   R3 A
(117B) E014  1110000000010100 ( 381)                 LEA   R0 A
(117C) E813  1110100000010011 ( 382)                 LEA   R4 A
(117D) EC12  1110110000010010 ( 383)                 LEA   R6 A
(117E) E411  1110010000010001 ( 384)                 LEA   R2 A
(117F) E810  1110100000010000 ( 385)                 LEA   R4 A
(1180) E00F  1110000000001111 ( 386)                 LEA   R0 A
(1181) E00E  1110000000001110 ( 387)                 LEA   R0 A
(1182) E60D  1110011000001101 ( 388)                 LEA   R3 A
(1183) EA0C  1110101000001100 ( 389)                 LEA   R5 A
(1184) E40B  1110010000001011 ( 390)                 LEA   R2 A
(1185) E20A  1110001000001010 ( 391)                 LEA   R1 A
(1186) E209  1110001000001001 ( 392)                 LEA   R1 A
(1187) E408  1110010000001000 ( 393)                 LEA   R2 A
(1188) E607  1110011000000111 ( 394)                 LEA   R3 A
(1189) E606  1110011000000110 ( 395)                 LEA   R3 A
(118A) E805  1110100000000101 ( 396)                 LEA   R4 A
(118B) E604  1110011000000100 ( 397)                 LEA   R3 A
(118C) EE03  1110111000000011 ( 398)                 LEA   R7 A
(118D) EC02  1110110000000010 ( 399)                 LEA   R6 A
(118E) E401  1110010000000001 ( 400)                 LEA   R2 A
(118F) E400  1110010000000000 ( 401)                 LEA   R2 A
(1190) 1FF9  0001111111111001 ( 402) A               ADD   R7 R7 #-7
(1191) 09FE  0000100111111110 ( 403)                 BRN   A
(1192) 09FD  0000100111111101 ( 404)                 BRN   A
(1193) 03FC  0000001111111100 ( 405)                 BRP   A
(1194) 0BFB  0000101111111011 ( 406)                 BRNP  A
(1195) 0FFA  0000111111111010 ( 407)                 BRNZP A
(1196) 0FF9  0000111111111001 ( 408)                 BRNZP A
(1197) 0DF8  0000110111111000 ( 409)                 BRNZ  A
(1198) 05F7  0000010111110111 ( 410)                 BRZ   A
(1199) 0DF6  0000110111110110 ( 411)                 BRNZ  A
(119A) 0FF5  0000111111110101 ( 412)                 BRNZP A
(119B) 07F4  0000011111110100 ( 413)                 BRZP  A
(119C) 0BF3  0000101111110011 ( 414)                 BRNP  A
(119D) 09F2  0000100111110010 ( 415)                 BRN   A
(119E) 05F1  0000010111110001 ( 416)                 BRZ   A
(119F) 0DF0  0000110111110000 ( 417)                 BRNZ  A
(11A0) 07EF  0000011111101111 ( 418)                 BRZP  A
(11A1) 07EE  0000011111101110 ( 419)                 BRZP  A
(11A2) 07ED  0000011111101101 ( 420)                 BRZP  A
(11A3) 0DEC  0000110111101100 ( 421)                 BRNZ  A
(11A4) 0BEB  0000101111101011 ( 422)                 BRNP  A
(11A5) 05EA  0000010111101010 ( 423)                 BRZ   A
(11A6) 0FE9  0000111111101001 ( 424)                 BRNZP A
(11A7) 0FE8  0000111111101000 ( 425)                 BRNZP A
(11A8) 03E7  0000001111100111 ( 426)                 BRP   A
(11A9) 05E6  0000010111100110 ( 427)                 BRZ   A
(11AA) 0DE5  0000110111100101 ( 428)                 BRNZ  A
(11AB) 03E4  0000001111100100 ( 429)                 BRP   A
(11AC) 0DE3  0000110111100011 ( 430)                 BRNZ  A
(11AD) 0FE2  0000111111100010 ( 431)                 BRNZP A
(11AE) 05E1  0000010111100001 ( 432)                 BRZ   A
(11AF) 0FE0  0000111111100000 ( 433)                 BRNZP A
(11B0) 09DF  0000100111011111 ( 434)                 BRN   A
(11B1) 09DE  0000100111011110 ( 435)                 BRN   A
(11B2) 0BDD  0000101111011101 ( 436)                 BRNP  A
(11B3) 03DC  0000001111011100 ( 437)                 BRP   A
(11B4) 0FDB  0000111111011011 ( 438)                 BRNZP A
(11B5) 0FDA  0000111111011010 ( 439)                 BRNZP A
(11B6) 07D9  0000011111011001 ( 440)                 BRZP  A
(11B7) 0FD8  0000111111011000 ( 441)                 BRNZP A
(11B8) 0DD7  0000110111010111 ( 442)                 BRNZ  A
(11B9) 0BD6  0000101111010110 ( 443)                 BRNP  A
(11BA) 0FD5  0000111111010101 ( 444)                 BRNZP A
(11BB) 0FD4  0000111111010100 ( 445)                 BRNZP A
(11BC) 0FD3  0000111111010011 ( 446)                 BRNZP A
(11BD) 07D2  0000011111010010 ( 447)                 BRZP  A
(11BE) 05D1  0000010111010001 ( 448)                 BRZ   A
(11BF) 07D0  0000011111010000 ( 449)                 BRZP  A
(11C0) 0BCF  0000101111001111 ( 450)                 BRNP  A
(11C1) 0FCE  0000111111001110 ( 451)                 BRNZP A
(11C2) 0DCD  0000110111001101 ( 452)                 BRNZ  A
(11C3) C040  1100000001000000 ( 453)                 JMP   R1
(11C4) C000  1100000000000000 ( 454)                 JMP   R0
(11C5) C040  1100000001000000 ( 455)                 JMP   R1
(11C6) C100  1100000100000000 ( 456)                 JMP   R4
(11C7) C140  1100000101000000 ( 457)                 JMP   R5
(11C8) C080  1100000010000000 ( 458)                 JMP   R2
(11C9) C040  1100000001000000 ( 459)                 JMP   R1
(11CA) C100  1100000100000000 ( 460)                 JMP   R4
(11CB) C180  1100000110000000 ( 461)                 JMP   R6
(11CC) C100  1100000100000000 ( 462)                 JMP   R4
(11CD) C080  1100000010000000 ( 463)                 JMP   R2
(11CE) C140  1100000101000000 ( 464)                 JMP   R5
(11CF) C100  1100000100000000 ( 465)                 JMP   R4
(11D0) C1C0  1100000111000000 ( 466)                 RET   
(11D1) C180  1100000110000000 ( 467)                 JMP   R6
(11D2) C140  1100000101000000 ( 468)                 JMP   R5
(11D3) C000  1100000000000000 ( 469)                 JMP   R0
(11D4) C000  1100000000000000 ( 470)                 JMP   R0
(11D5) C1C0  1100000111000000 ( 471)                 RET   
(11D6) C180  1100000110000000 ( 472)                 JMP   R6
(11D7) C080  1100000010000000 ( 473)                 JMP   R2
(11D8) C000  1100000000000000 ( 474)                 JMP   R0
(11D9) C140  1100000101000000 ( 475)                 JMP   R5
(11DA) C040  1100000001000000 ( 476)                 JMP   R1
(11DB) C1C0  1100000111000000 ( 477)                 RET   
(11DC) C180  1100000110000000 ( 478)                 JMP   R6
(11DD) C140  1100000101000000 ( 479)                 JMP   R5
(11DE) C100  1100000100000000 ( 480)                 JMP   R4
(11DF) C040  1100000001000000 ( 481)                 JMP   R1
(11E0) C180  1100000110000000 ( 482)                 JMP   R6
(11E1) C140  1100000101000000 ( 483)                 JMP   R5
(11E2) C180  1100000110000000 ( 484)                 JMP   R6
(11E3) C140  1100000101000000 ( 485)                 JMP   R5
(11E4) C000  1100000000000000 ( 486)                 JMP   R0
(11E5) C000  1100000000000000 ( 487)                 JMP   R0
(11E6) C0C0  1100000011000000 ( 488)                 JMP   R3
(11E7) C100  1100000100000000 ( 489)                 JMP   R4
(11E8) C140  1100000101000000 ( 490)                 JMP   R5
(11E9) C1C0  1100000111000000 ( 491)                 RET   
(11EA) C180  1100000110000000 ( 492)                 JMP   R6
(11EB) C140  1100000101000000 ( 493)                 JMP   R5
(11EC) C080  1100000010000000 ( 494)                 JMP   R2
(11ED) C040  1100000001000000 ( 495)                 JMP   R1
(11EE) C140  1100000101000000 ( 496)                 JMP   R5
(11EF) C100  1100000100000000 ( 497)                 JMP   R4
(11F0) C000  1100000000000000 ( 498)                 JMP   R0
(11F1) C180  1100000110000000 ( 499)                 JMP   R6
(11F2) C000  1100000000000000 ( 500)                 JMP   R0
(11F3) C080  1100000010000000 ( 501)                 JMP   R2
(11F4) C0C0  1100000011000000 ( 502)                 JMP   R3
(11F5) 4F9A  0100111110011010 ( 503)                 JSR   A
(11F6) 4F99  0100111110011001 ( 504)                 JSR   A
(11F7) 4F98  0100111110011000 ( 505)                 JSR   A
(11F8) 4F97  0100111110010111 ( 506)                 JSR   A
(11F9) 4F96  0100111110010110 ( 507)                 JSR   A
(11FA) 4F95  0100111110010101 ( 508)                 JSR   A
(11FB) 4F94  0100111110010100 ( 509)                 JSR   A
(11FC) 4F93  0100111110010011 ( 510)                 JSR   A
(11FD) 4F92  0100111110010010 ( 511)                 JSR   A
(11FE) 4F91  0100111110010001 ( 512)                 JSR   A
(11FF) 4F90  0100111110010000 ( 513)                 JSR   A
(1200) 4F8F  0100111110001111 ( 514)                 JSR   A
(1201) 4F8E  0100111110001110 ( 515)                 JSR   A
(1202) 4F8D  0100111110001101 ( 516)                 JSR   A
(1203) 4F8C  0100111110001100 ( 517)                 JSR   A
(1204) 4F8B  0100111110001011 ( 518)                 JSR   A
(1205) 4F8A  0100111110001010 ( 519)                 JSR   A
(1206) 4F89  0100111110001001 ( 520)                 JSR   A
(1207) 4F88  0100111110001000 ( 521)                 JSR   A
(1208) 4F87  0100111110000111 ( 522)                 JSR   A
(1209) 4F86  0100111110000110 ( 523)                 JSR   A
(120A) 4F85  0100111110000101 ( 524)                 JSR   A
(120B) 4F84  0100111110000100 ( 525)                 JSR   A
(120C) 4F83  0100111110000011 ( 526)                 JSR   A
(120D) 4F82  0100111110000010 ( 527)                 JSR   A
(120E) 4F81  0100111110000001 ( 528)                 JSR   A
(120F) 4F80  0100111110000000 ( 529)                 JSR   A
(1210) 4F7F  0100111101111111 ( 530)                 JSR   A
(1211) 4F7E  0100111101111110 ( 531)                 JSR   A
(1212) 4F7D  0100111101111101 ( 532)                 JSR   A
(1213) 4F7C  0100111101111100 ( 533)                 JSR   A
(1214) 4F7B  0100111101111011 ( 534)                 JSR   A
(1215) 4F7A  0100111101111010 ( 535)                 JSR   A
(1216) 4F79  0100111101111001 ( 536)                 JSR   A
(1217) 4F78  0100111101111000 ( 537)                 JSR   A
(1218) 4F77  0100111101110111 ( 538)                 JSR   A
(1219) 4F76  0100111101110110 ( 539)                 JSR   A
(121A) 4F75  0100111101110101 ( 540)                 JSR   A
(121B) 4F74  0100111101110100 ( 541)                 JSR   A
(121C) 4F73  0100111101110011 ( 542)                 JSR   A
(121D) 4F72  0100111101110010 ( 543)                 JSR   A
(121E) 4F71  0100111101110001 ( 544)                 JSR   A
(121F) 4F70  0100111101110000 ( 545)                 JSR   A
(1220) 4F6F  0100111101101111 ( 546)                 JSR   A
(1221) 4F6E  0100111101101110 ( 547)                 JSR   A
(1222) 4F6D  0100111101101101 ( 548)                 JSR   A
(1223) 4F6C  0100111101101100 ( 549)                 JSR   A
(1224) 4F6B  0100111101101011 ( 550)                 JSR   A
(1225) 4F6A  0100111101101010 ( 551)                 JSR   A
(1226) 4F69  0100111101101001 ( 552)                 JSR   A
(1227) 4040  0100000001000000 ( 553)                 JSRR  R1
(1228) 41C0  0100000111000000 ( 554)                 JSRR  R7
(1229) 4180  0100000110000000 ( 555)                 JSRR  R6
(122A) 41C0  0100000111000000 ( 556)                 JSRR  R7
(122B) 4040  0100000001000000 ( 557)                 JSRR  R1
(122C) 41C0  0100000111000000 ( 558)                 JSRR  R7
(122D) 4140  0100000101000000 ( 559)                 JSRR  R5
(122E) 4080  0100000010000000 ( 560)                 JSRR  R2
(122F) 41C0  0100000111000000 ( 561)                 JSRR  R7
(1230) 4140  0100000101000000 ( 562)                 JSRR  R5
(1231) 4100  0100000100000000 ( 563)                 JSRR  R4
(1232) 4180  0100000110000000 ( 564)                 JSRR  R6
(1233) 41C0  0100000111000000 ( 565)                 JSRR  R7
(1234) 4040  0100000001000000 ( 566)                 JSRR  R1
(1235) 41C0  0100000111000000 ( 567)                 JSRR  R7
(1236) 41C0  0100000111000000 ( 568)                 JSRR  R7
(1237) 4000  0100000000000000 ( 569)                 JSRR  R0
(1238) 4180  0100000110000000 ( 570)                 JSRR  R6
(1239) 4000  0100000000000000 ( 571)                 JSRR  R0
(123A) 4080  0100000010000000 ( 572)                 JSRR  R2
(123B) 4100  0100000100000000 ( 573)                 JSRR  R4
(123C) 4180  0100000110000000 ( 574)                 JSRR  R6
(123D) 4040  0100000001000000 ( 575)                 JSRR  R1
(123E) 4000  0100000000000000 ( 576)                 JSRR  R0
(123F) 4100  0100000100000000 ( 577)                 JSRR  R4
(1240) 4040  0100000001000000 ( 578)                 JSRR  R1
(1241) 4080  0100000010000000 ( 579)                 JSRR  R2
(1242) 40C0  0100000011000000 ( 580)                 JSRR  R3
(1243) 4080  0100000010000000 ( 581)                 JSRR  R2
(1244) 4100  0100000100000000 ( 582)                 JSRR  R4
(1245) 4100  0100000100000000 ( 583)                 JSRR  R4
(1246) 4180  0100000110000000 ( 584)                 JSRR  R6
(1247) 4080  0100000010000000 ( 585)                 JSRR  R2
(1248) 4180  0100000110000000 ( 586)                 JSRR  R6
(1249) 4140  0100000101000000 ( 587)                 JSRR  R5
(124A) 4100  0100000100000000 ( 588)                 JSRR  R4
(124B) 4000  0100000000000000 ( 589)                 JSRR  R0
(124C) 4180  0100000110000000 ( 590)                 JSRR  R6
(124D) 4180  0100000110000000 ( 591)                 JSRR  R6
(124E) 4100  0100000100000000 ( 592)                 JSRR  R4
(124F) 4040  0100000001000000 ( 593)                 JSRR  R1
(1250) 4180  0100000110000000 ( 594)                 JSRR  R6
(1251) 4140  0100000101000000 ( 595)                 JSRR  R5
(1252) 4140  0100000101000000 ( 596)                 JSRR  R5
(1253) 4100  0100000100000000 ( 597)                 JSRR  R4
(1254) 41C0  0100000111000000 ( 598)                 JSRR  R7
(1255) 4080  0100000010000000 ( 599)                 JSRR  R2
(1256) 4000  0100000000000000 ( 600)                 JSRR  R0
(1257) 4100  0100000100000000 ( 601)                 JSRR  R4
(1258) 4140  0100000101000000 ( 602)                 JSRR  R5
(1259) 933F  1001001100111111 ( 603)                 NOT   R1 R4
(125A) 967F  1001011001111111 ( 604)                 NOT   R3 R1
(125B) 93BF  1001001110111111 ( 605)                 NOT   R1 R6
(125C) 96BF  1001011010111111 ( 606)                 NOT   R3 R2
(125D) 92FF  1001001011111111 ( 607)                 NOT   R1 R3
(125E) 91BF  1001000110111111 ( 608)                 NOT   R0 R6
(125F) 90FF  1001000011111111 ( 609)                 NOT   R0 R3
(1260) 983F  1001100000111111 ( 610)                 NOT   R4 R0
(1261) 967F  1001011001111111 ( 611)                 NOT   R3 R1
(1262) 9E7F  1001111001111111 ( 612)                 NOT   R7 R1
(1263) 90BF  1001000010111111 ( 613)                 NOT   R0 R2
(1264) 993F  1001100100111111 ( 614)                 NOT   R4 R4
(1265) 913F  1001000100111111 ( 615)                 NOT   R0 R4
(1266) 957F  1001010101111111 ( 616)                 NOT   R2 R5
(1267) 907F  1001000001111111 ( 617)                 NOT   R0 R1
(1268) 94BF  1001010010111111 ( 618)                 NOT   R2 R2
(1269) 907F  1001000001111111 ( 619)                 NOT   R0 R1
(126A) 95FF  1001010111111111 ( 620)                 NOT   R2 R7
(126B) 967F  1001011001111111 ( 621)                 NOT   R3 R1
(126C) 97FF  1001011111111111 ( 622)                 NOT   R3 R7
(126D) 9FBF  1001111110111111 ( 623)                 NOT   R7 R6
(126E) 94BF  1001010010111111 ( 624)                 NOT   R2 R2
(126F) 993F  1001100100111111 ( 625)                 NOT   R4 R4
(1270) 96BF  1001011010111111 ( 626)                 NOT   R3 R2
(1271) 99BF  1001100110111111 ( 627)                 NOT   R4 R6
(1272) 9AFF  1001101011111111 ( 628)                 NOT   R5 R3
(1273) 92BF  1001001010111111 ( 629)                 NOT   R1 R2
(1274) 91FF  1001000111111111 ( 630)                 NOT   R0 R7
(1275) 953F  1001010100111111 ( 631)                 NOT   R2 R4
(1276) 95FF  1001010111111111 ( 632)                 NOT   R2 R7
(1277) 967F  1001011001111111 ( 633)                 NOT   R3 R1
(1278) 9DBF  1001110110111111 ( 634)                 NOT   R6 R6
(1279) 9BBF  1001101110111111 ( 635)                 NOT   R5 R6
(127A) 97FF  1001011111111111 ( 636)                 NOT   R3 R7
(127B) 9D7F  1001110101111111 ( 637)                 NOT   R6 R5
(127C) 90FF  1001000011111111 ( 638)                 NOT   R0 R3
(127D) 99BF  1001100110111111 ( 639)                 NOT   R4 R6
(127E) 967F  1001011001111111 ( 640)                 NOT   R3 R1
(127F) 9B7F  1001101101111111 ( 641)                 NOT   R5 R5
(1280) 917F  1001000101111111 ( 642)                 NOT   R0 R5
(1281) 9BFF  1001101111111111 ( 643)                 NOT   R5 R7
(1282) 9B3F  1001101100111111 ( 644)                 NOT   R5 R4
(1283) 9B3F  1001101100111111 ( 645)                 NOT   R5 R4
(1284) 9CBF  1001110010111111 ( 646)                 NOT   R6 R2
(1285) 9EBF  1001111010111111 ( 647)                 NOT   R7 R2
(1286) 90BF  1001000010111111 ( 648)                 NOT   R0 R2
(1287) 927F  1001001001111111 ( 649)                 NOT   R1 R1
(1288) 917F  1001000101111111 ( 650)                 NOT   R0 R5
(1289) 923F  1001001000111111 ( 651)                 NOT   R1 R0
(128A) 927F  1001001001111111 ( 652)                 NOT   R1 R1
(128B) C1C0  1100000111000000 ( 653)                 RET   
(128C) 8000  1000000000000000 ( 654)                 RTI   
