(0000) 1000  0001000000000000 (   1)                 .ORIG x1000
(1000) 1FC7  0001111111000111 (   2)                 ADD   R7 R7 R7
(1001) 1807  0001100000000111 (   3)                 ADD   R4 R0 R7
(1002) 1487  0001010010000111 (   4)                 ADD   R2 R2 R7
(1003) 1BC2  0001101111000010 (   5)                 ADD   R5 R7 R2
(1004) 5A87  0101101010000111 (   6)                 AND   R5 R2 R7
(1005) 1386  0001001110000110 (   7)                 ADD   R1 R6 R6
(1006) 5D06  0101110100000110 (   8)                 AND   R6 R4 R6
(1007) 1446  0001010001000110 (   9)                 ADD   R2 R1 R6
(1008) 1647  0001011001000111 (  10)                 ADD   R3 R1 R7
(1009) 5CC6  0101110011000110 (  11)                 AND   R6 R3 R6
(100A) 1884  0001100010000100 (  12)                 ADD   R4 R2 R4
(100B) 5A04  0101101000000100 (  13)                 AND   R5 R0 R4
(100C) 1EC5  0001111011000101 (  14)                 ADD   R7 R3 R5
(100D) 5083  0101000010000011 (  15)                 AND   R0 R2 R3
(100E) 1D42  0001110101000010 (  16)                 ADD   R6 R5 R2
(100F) 1D81  0001110110000001 (  17)                 ADD   R6 R6 R1
(1010) 5A42  0101101001000010 (  18)                 AND   R5 R1 R2
(1011) 5F00  0101111100000000 (  19)                 AND   R7 R4 R0
(1012) 18C7  0001100011000111 (  20)                 ADD   R4 R3 R7
(1013) 5AC0  0101101011000000 (  21)                 AND   R5 R3 R0
(1014) 1FC4  0001111111000100 (  22)                 ADD   R7 R7 R4
(1015) 5D40  0101110101000000 (  23)                 AND   R6 R5 R0
(1016) 5745  0101011101000101 (  24)                 AND   R3 R5 R5
(1017) 1084  0001000010000100 (  25)                 ADD   R0 R2 R4
(1018) 5647  0101011001000111 (  26)                 AND   R3 R1 R7
(1019) 1307  0001001100000111 (  27)                 ADD   R1 R4 R7
(101A) 5784  0101011110000100 (  28)                 AND   R3 R6 R4
(101B) 1805  0001100000000101 (  29)                 ADD   R4 R0 R5
(101C) 5941  0101100101000001 (  30)                 AND   R4 R5 R1
(101D) 5B86  0101101110000110 (  31)                 AND   R5 R6 R6
(101E) 5680  0101011010000000 (  32)                 AND   R3 R2 R0
(101F) 5B05  0101101100000101 (  33)                 AND   R5 R4 R5
(1020) 16C0  0001011011000000 (  34)                 ADD   R3 R3 R0
(1021) 5D40  0101110101000000 (  35)                 AND   R6 R5 R0
(1022) 5C01  0101110000000001 (  36)                 AND   R6 R0 R1
(1023) 1981  0001100110000001 (  37)                 ADD   R4 R6 R1
(1024) 14C7  0001010011000111 (  38)                 ADD   R2 R3 R7
(1025) 5301  0101001100000001 (  39)                 AND   R1 R4 R1
(1026) 57C2  0101011111000010 (  40)                 AND   R3 R7 R2
(1027) 1B44  0001101101000100 (  41)                 ADD   R5 R5 R4
(1028) 5441  0101010001000001 (  42)                 AND   R2 R1 R1
(1029) 1AC5  0001101011000101 (  43)                 ADD   R5 R3 R5
(102A) 5EC1  0101111011000001 (  44)                 AND   R7 R3 R1
(102B) 5DC4  0101110111000100 (  45)                 AND   R6 R7 R4
(102C) 1340  0001001101000000 (  46)                 ADD   R1 R5 R0
(102D) 5507  0101010100000111 (  47)                 AND   R2 R4 R7
(102E) 5EC2  0101111011000010 (  48)                 AND   R7 R3 R2
(102F) 55C1  0101010111000001 (  49)                 AND   R2 R7 R1
(1030) 5AC0  0101101011000000 (  50)                 AND   R5 R3 R0
(1031) 5D47  0101110101000111 (  51)                 AND   R6 R5 R7
(1032) 5F04  0101111100000100 (  52)                 AND   R7 R4 R4
(1033) 1CC1  0001110011000001 (  53)                 ADD   R6 R3 R1
(1034) 5F44  0101111101000100 (  54)                 AND   R7 R5 R4
(1035) 1CC5  0001110011000101 (  55)                 ADD   R6 R3 R5
(1036) 5484  0101010010000100 (  56)                 AND   R2 R2 R4
(1037) 1B83  0001101110000011 (  57)                 ADD   R5 R6 R3
(1038) 58C2  0101100011000010 (  58)                 AND   R4 R3 R2
(1039) 5683  0101011010000011 (  59)                 AND   R3 R2 R3
(103A) 5F82  0101111110000010 (  60)                 AND   R7 R6 R2
(103B) 5784  0101011110000100 (  61)                 AND   R3 R6 R4
(103C) 1FC2  0001111111000010 (  62)                 ADD   R7 R7 R2
(103D) 1880  0001100010000000 (  63)                 ADD   R4 R2 R0
(103E) 5806  0101100000000110 (  64)                 AND   R4 R0 R6
(103F) 1743  0001011101000011 (  65)                 ADD   R3 R5 R3
(1040) 5747  0101011101000111 (  66)                 AND   R3 R5 R7
(1041) 1504  0001010100000100 (  67)                 ADD   R2 R4 R4
(1042) 5C47  0101110001000111 (  68)                 AND   R6 R1 R7
(1043) 1C86  0001110010000110 (  69)                 ADD   R6 R2 R6
(1044) 1B04  0001101100000100 (  70)                 ADD   R5 R4 R4
(1045) 5DC4  0101110111000100 (  71)                 AND   R6 R7 R4
(1046) 5703  0101011100000011 (  72)                 AND   R3 R4 R3
(1047) 5B82  0101101110000010 (  73)                 AND   R5 R6 R2
(1048) 5E46  0101111001000110 (  74)                 AND   R7 R1 R6
(1049) 5C04  0101110000000100 (  75)                 AND   R6 R0 R4
(104A) 1442  0001010001000010 (  76)                 ADD   R2 R1 R2
(104B) 5CC2  0101110011000010 (  77)                 AND   R6 R3 R2
(104C) 1605  0001011000000101 (  78)                 ADD   R3 R0 R5
(104D) 1701  0001011100000001 (  79)                 ADD   R3 R4 R1
(104E) 15C5  0001010111000101 (  80)                 ADD   R2 R7 R5
(104F) 1F83  0001111110000011 (  81)                 ADD   R7 R6 R3
(1050) 1D47  0001110101000111 (  82)                 ADD   R6 R5 R7
(1051) 5B47  0101101101000111 (  83)                 AND   R5 R5 R7
(1052) 5402  0101010000000010 (  84)                 AND   R2 R0 R2
(1053) 1782  0001011110000010 (  85)                 ADD   R3 R6 R2
(1054) 5E45  0101111001000101 (  86)                 AND   R7 R1 R5
(1055) 53C4  0101001111000100 (  87)                 AND   R1 R7 R4
(1056) 5E02  0101111000000010 (  88)                 AND   R7 R0 R2
(1057) 1F47  0001111101000111 (  89)                 ADD   R7 R5 R7
(1058) 1A43  0001101001000011 (  90)                 ADD   R5 R1 R3
(1059) 54C6  0101010011000110 (  91)                 AND   R2 R3 R6
(105A) 5207  0101001000000111 (  92)                 AND   R1 R0 R7
(105B) 1601  0001011000000001 (  93)                 ADD   R3 R0 R1
(105C) 14C1  0001010011000001 (  94)                 ADD   R2 R3 R1
(105D) 1307  0001001100000111 (  95)                 ADD   R1 R4 R7
(105E) 5A02  0101101000000010 (  96)                 AND   R5 R0 R2
(105F) 5741  0101011101000001 (  97)                 AND   R3 R5 R1
(1060) 5240  0101001001000000 (  98)                 AND   R1 R1 R0
(1061) 5EC5  0101111011000101 (  99)                 AND   R7 R3 R5
(1062) 5544  0101010101000100 ( 100)                 AND   R2 R5 R4
(1063) 5603  0101011000000011 ( 101)                 AND   R3 R0 R3
(1064) 1686  0001011010000110 ( 102)                 ADD   R3 R2 R6
(1065) 1D87  0001110110000111 ( 103)                 ADD   R6 R6 R7
(1066) 5C45  0101110001000101 ( 104)                 AND   R6 R1 R5
(1067) 10C2  0001000011000010 ( 105)                 ADD   R0 R3 R2
(1068) 5400  0101010000000000 ( 106)                 AND   R2 R0 R0
(1069) 5DC3  0101110111000011 ( 107)                 AND   R6 R7 R3
(106A) 1B86  0001101110000110 ( 108)                 ADD   R5 R6 R6
(106B) 14C4  0001010011000100 ( 109)                 ADD   R2 R3 R4
(106C) 1403  0001010000000011 ( 110)                 ADD   R2 R0 R3
(106D) 19C1  0001100111000001 ( 111)                 ADD   R4 R7 R1
(106E) 1381  0001001110000001 ( 112)                 ADD   R1 R6 R1
(106F) 1B82  0001101110000010 ( 113)                 ADD   R5 R6 R2
(1070) 1C85  0001110010000101 ( 114)                 ADD   R6 R2 R5
(1071) 1C46  0001110001000110 ( 115)                 ADD   R6 R1 R6
(1072) 1902  0001100100000010 ( 116)                 ADD   R4 R4 R2
(1073) 1340  0001001101000000 ( 117)                 ADD   R1 R5 R0
(1074) 5905  0101100100000101 ( 118)                 AND   R4 R4 R5
(1075) 5A03  0101101000000011 ( 119)                 AND   R5 R0 R3
(1076) 5486  0101010010000110 ( 120)                 AND   R2 R2 R6
(1077) 19C2  0001100111000010 ( 121)                 ADD   R4 R7 R2
(1078) 1201  0001001000000001 ( 122)                 ADD   R1 R0 R1
(1079) 1680  0001011010000000 ( 123)                 ADD   R3 R2 R0
(107A) 50C2  0101000011000010 ( 124)                 AND   R0 R3 R2
(107B) 5307  0101001100000111 ( 125)                 AND   R1 R4 R7
(107C) 1500  0001010100000000 ( 126)                 ADD   R2 R4 R0
(107D) 1084  0001000010000100 ( 127)                 ADD   R0 R2 R4
(107E) 5F05  0101111100000101 ( 128)                 AND   R7 R4 R5
(107F) 5145  0101000101000101 ( 129)                 AND   R0 R5 R5
(1080) 1DC2  0001110111000010 ( 130)                 ADD   R6 R7 R2
(1081) 1CC4  0001110011000100 ( 131)                 ADD   R6 R3 R4
(1082) 5883  0101100010000011 ( 132)                 AND   R4 R2 R3
(1083) 5743  0101011101000011 ( 133)                 AND   R3 R5 R3
(1084) 5986  0101100110000110 ( 134)                 AND   R4 R6 R6
(1085) 5BC7  0101101111000111 ( 135)                 AND   R5 R7 R7
(1086) 13C7  0001001111000111 ( 136)                 ADD   R1 R7 R7
(1087) 14C7  0001010011000111 ( 137)                 ADD   R2 R3 R7
(1088) 5542  0101010101000010 ( 138)                 AND   R2 R5 R2
(1089) 1182  0001000110000010 ( 139)                 ADD   R0 R6 R2
(108A) 52C0  0101001011000000 ( 140)                 AND   R1 R3 R0
(108B) 1587  0001010110000111 ( 141)                 ADD   R2 R6 R7
(108C) 1841  0001100001000001 ( 142)                 ADD   R4 R1 R1
(108D) 1DC3  0001110111000011 ( 143)                 ADD   R6 R7 R3
(108E) 5C46  0101110001000110 ( 144)                 AND   R6 R1 R6
(108F) 15C4  0001010111000100 ( 145)                 ADD   R2 R7 R4
(1090) 53C3  0101001111000011 ( 146)                 AND   R1 R7 R3
(1091) 5005  0101000000000101 ( 147)                 AND   R0 R0 R5
(1092) 5C45  0101110001000101 ( 148)                 AND   R6 R1 R5
(1093) 1E80  0001111010000000 ( 149)                 ADD   R7 R2 R0
(1094) 1341  0001001101000001 ( 150)                 ADD   R1 R5 R1
(1095) 5544  0101010101000100 ( 151)                 AND   R2 R5 R4
(1096) 5F44  0101111101000100 ( 152)                 AND   R7 R5 R4
(1097) 5D42  0101110101000010 ( 153)                 AND   R6 R5 R2
(1098) 1080  0001000010000000 ( 154)                 ADD   R0 R2 R0
(1099) 5301  0101001100000001 ( 155)                 AND   R1 R4 R1
(109A) 14C0  0001010011000000 ( 156)                 ADD   R2 R3 R0
(109B) 5201  0101001000000001 ( 157)                 AND   R1 R0 R1
(109C) 5A03  0101101000000011 ( 158)                 AND   R5 R0 R3
(109D) 5006  0101000000000110 ( 159)                 AND   R0 R0 R6
(109E) 58C0  0101100011000000 ( 160)                 AND   R4 R3 R0
(109F) 5EC7  0101111011000111 ( 161)                 AND   R7 R3 R7
(10A0) 5981  0101100110000001 ( 162)                 AND   R4 R6 R1
(10A1) 5007  0101000000000111 ( 163)                 AND   R0 R0 R7
(10A2) 1B83  0001101110000011 ( 164)                 ADD   R5 R6 R3
(10A3) 1CC0  0001110011000000 ( 165)                 ADD   R6 R3 R0
(10A4) 5343  0101001101000011 ( 166)                 AND   R1 R5 R3
(10A5) 1381  0001001110000001 ( 167)                 ADD   R1 R6 R1
(10A6) 1F85  0001111110000101 ( 168)                 ADD   R7 R6 R5
(10A7) 1484  0001010010000100 ( 169)                 ADD   R2 R2 R4
(10A8) 5540  0101010101000000 ( 170)                 AND   R2 R5 R0
(10A9) 5804  0101100000000100 ( 171)                 AND   R4 R0 R4
(10AA) 5086  0101000010000110 ( 172)                 AND   R0 R2 R6
(10AB) 5C01  0101110000000001 ( 173)                 AND   R6 R0 R1
(10AC) 1007  0001000000000111 ( 174)                 ADD   R0 R0 R7
(10AD) 1E81  0001111010000001 ( 175)                 ADD   R7 R2 R1
(10AE) 1486  0001010010000110 ( 176)                 ADD   R2 R2 R6
(10AF) 1042  0001000001000010 ( 177)                 ADD   R0 R1 R2
(10B0) 5585  0101010110000101 ( 178)                 AND   R2 R6 R5
(10B1) 14C1  0001010011000001 ( 179)                 ADD   R2 R3 R1
(10B2) 1086  0001000010000110 ( 180)                 ADD   R0 R2 R6
(10B3) 12C4  0001001011000100 ( 181)                 ADD   R1 R3 R4
(10B4) 1F46  0001111101000110 ( 182)                 ADD   R7 R5 R6
(10B5) 5C02  0101110000000010 ( 183)                 AND   R6 R0 R2
(10B6) 5E05  0101111000000101 ( 184)                 AND   R7 R0 R5
(10B7) 56C2  0101011011000010 ( 185)                 AND   R3 R3 R2
(10B8) 1982  0001100110000010 ( 186)                 ADD   R4 R6 R2
(10B9) 5401  0101010000000001 ( 187)                 AND   R2 R0 R1
(10BA) 1C05  0001110000000101 ( 188)                 ADD   R6 R0 R5
(10BB) 1F47  0001111101000111 ( 189)                 ADD   R7 R5 R7
(10BC) 1C83  0001110010000011 ( 190)                 ADD   R6 R2 R3
(10BD) 57C2  0101011111000010 ( 191)                 AND   R3 R7 R2
(10BE) 5702  0101011100000010 ( 192)                 AND   R3 R4 R2
(10BF) 1881  0001100010000001 ( 193)                 ADD   R4 R2 R1
(10C0) 1CC5  0001110011000101 ( 194)                 ADD   R6 R3 R5
(10C1) 10C4  0001000011000100 ( 195)                 ADD   R0 R3 R4
(10C2) 5DC0  0101110111000000 ( 196)                 AND   R6 R7 R0
(10C3) 1643  0001011001000011 ( 197)                 ADD   R3 R1 R3
(10C4) 1E81  0001111010000001 ( 198)                 ADD   R7 R2 R1
(10C5) 51C2  0101000111000010 ( 199)                 AND   R0 R7 R2
(10C6) 51C4  0101000111000100 ( 200)                 AND   R0 R7 R4
(10C7) 51C7  0101000111000111 ( 201)                 AND   R0 R7 R7
(10C8) 54B5  0101010010110101 ( 202)                 AND   R2 R2 #-11
(10C9) 11EB  0001000111101011 ( 203)                 ADD   R0 R7 #11
(10CA) 53FA  0101001111111010 ( 204)                 AND   R1 R7 #-6
(10CB) 11EE  0001000111101110 ( 205)                 ADD   R0 R7 #14
(10CC) 1128  0001000100101000 ( 206)                 ADD   R0 R4 #8
(10CD) 51E9  0101000111101001 ( 207)                 AND   R0 R7 #9
(10CE) 596E  0101100101101110 ( 208)                 AND   R4 R5 #14
(10CF) 1D7C  0001110101111100 ( 209)                 ADD   R6 R5 #-4
(10D0) 5BE7  0101101111100111 ( 210)                 AND   R5 R7 #7
(10D1) 1029  0001000000101001 ( 211)                 ADD   R0 R0 #9
(10D2) 1736  0001011100110110 ( 212)                 ADD   R3 R4 #-10
(10D3) 1A3F  0001101000111111 ( 213)                 ADD   R5 R0 #-1
(10D4) 17F8  0001011111111000 ( 214)                 ADD   R3 R7 #-8
(10D5) 1FAC  0001111110101100 ( 215)                 ADD   R7 R6 #12
(10D6) 16B5  0001011010110101 ( 216)                 ADD   R3 R2 #-11
(10D7) 1C6F  0001110001101111 ( 217)                 ADD   R6 R1 #15
(10D8) 176D  0001011101101101 ( 218)                 ADD   R3 R5 #13
(10D9) 57E4  0101011111100100 ( 219)                 AND   R3 R7 #4
(10DA) 5121  0101000100100001 ( 220)                 AND   R0 R4 #1
(10DB) 5D27  0101110100100111 ( 221)                 AND   R6 R4 #7
(10DC) 5666  0101011001100110 ( 222)                 AND   R3 R1 #6
(10DD) 1B27  0001101100100111 ( 223)                 ADD   R5 R4 #7
(10DE) 5733  0101011100110011 ( 224)                 AND   R3 R4 #-13
(10DF) 1A78  0001101001111000 ( 225)                 ADD   R5 R1 #-8
(10E0) 1BA1  0001101110100001 ( 226)                 ADD   R5 R6 #1
(10E1) 54B8  0101010010111000 ( 227)                 AND   R2 R2 #-8
(10E2) 5B6D  0101101101101101 ( 228)                 AND   R5 R5 #13
(10E3) 1C70  0001110001110000 ( 229)                 ADD   R6 R1 #-16
(10E4) 5922  0101100100100010 ( 230)                 AND   R4 R4 #2
(10E5) 55A1  0101010110100001 ( 231)                 AND   R2 R6 #1
(10E6) 15FC  0001010111111100 ( 232)                 ADD   R2 R7 #-4
(10E7) 1725  0001011100100101 ( 233)                 ADD   R3 R4 #5
(10E8) 1738  0001011100111000 ( 234)                 ADD   R3 R4 #-8
(10E9) 15BC  0001010110111100 ( 235)                 ADD   R2 R6 #-4
(10EA) 5E72  0101111001110010 ( 236)                 AND   R7 R1 #-14
(10EB) 53F3  0101001111110011 ( 237)                 AND   R1 R7 #-13
(10EC) 1638  0001011000111000 ( 238)                 ADD   R3 R0 #-8
(10ED) 5EB3  0101111010110011 ( 239)                 AND   R7 R2 #-13
(10EE) 11F4  0001000111110100 ( 240)                 ADD   R0 R7 #-12
(10EF) 58FC  0101100011111100 ( 241)                 AND   R4 R3 #-4
(10F0) 57F4  0101011111110100 ( 242)                 AND   R3 R7 #-12
(10F1) 5825  0101100000100101 ( 243)                 AND   R4 R0 #5
(10F2) 58F8  0101100011111000 ( 244)                 AND   R4 R3 #-8
(10F3) 162B  0001011000101011 ( 245)                 ADD   R3 R0 #11
(10F4) 533A  0101001100111010 ( 246)                 AND   R1 R4 #-6
(10F5) 553A  0101010100111010 ( 247)                 AND   R2 R4 #-6
(10F6) 5966  0101100101100110 ( 248)                 AND   R4 R5 #6
(10F7) 19F1  0001100111110001 ( 249)                 ADD   R4 R7 #-15
(10F8) 5867  0101100001100111 ( 250)                 AND   R4 R1 #7
(10F9) 58FB  0101100011111011 ( 251)                 AND   R4 R3 #-5
(10FA) 5CBC  0101110010111100 ( 252)                 AND   R6 R2 #-4
(10FB) 1E3C  0001111000111100 ( 253)                 ADD   R7 R0 #-4
(10FC) 5B65  0101101101100101 ( 254)                 AND   R5 R5 #5
(10FD) 57FD  0101011111111101 ( 255)                 AND   R3 R7 #-3
(10FE) 1DA4  0001110110100100 ( 256)                 ADD   R6 R6 #4
(10FF) 1926  0001100100100110 ( 257)                 ADD   R4 R4 #6
(1100) 16A4  0001011010100100 ( 258)                 ADD   R3 R2 #4
(1101) 56B7  0101011010110111 ( 259)                 AND   R3 R2 #-9
(1102) 503E  0101000000111110 ( 260)                 AND   R0 R0 #-2
(1103) 57A4  0101011110100100 ( 261)                 AND   R3 R6 #4
(1104) 52F7  0101001011110111 ( 262)                 AND   R1 R3 #-9
(1105) 517D  0101000101111101 ( 263)                 AND   R0 R5 #-3
(1106) 51E6  0101000111100110 ( 264)                 AND   R0 R7 #6
(1107) 5BFD  0101101111111101 ( 265)                 AND   R5 R7 #-3
(1108) 19FA  0001100111111010 ( 266)                 ADD   R4 R7 #-6
(1109) 1965  0001100101100101 ( 267)                 ADD   R4 R5 #5
(110A) 5139  0101000100111001 ( 268)                 AND   R0 R4 #-7
(110B) 1124  0001000100100100 ( 269)                 ADD   R0 R4 #4
(110C) 163C  0001011000111100 ( 270)                 ADD   R3 R0 #-4
(110D) 507C  0101000001111100 ( 271)                 AND   R0 R1 #-4
(110E) 57B7  0101011110110111 ( 272)                 AND   R3 R6 #-9
(110F) 1368  0001001101101000 ( 273)                 ADD   R1 R5 #8
(1110) 1F3C  0001111100111100 ( 274)                 ADD   R7 R4 #-4
(1111) 1467  0001010001100111 ( 275)                 ADD   R2 R1 #7
(1112) 5578  0101010101111000 ( 276)                 AND   R2 R5 #-8
(1113) 1B79  0001101101111001 ( 277)                 ADD   R5 R5 #-7
(1114) 1C69  0001110001101001 ( 278)                 ADD   R6 R1 #9
(1115) 1A7A  0001101001111010 ( 279)                 ADD   R5 R1 #-6
(1116) 56A5  0101011010100101 ( 280)                 AND   R3 R2 #5
(1117) 1FBC  0001111110111100 ( 281)                 ADD   R7 R6 #-4
(1118) 5CA0  0101110010100000 ( 282)                 AND   R6 R2 #0
(1119) 5B25  0101101100100101 ( 283)                 AND   R5 R4 #5
(111A) 153F  0001010100111111 ( 284)                 ADD   R2 R4 #-1
(111B) 1F7A  0001111101111010 ( 285)                 ADD   R7 R5 #-6
(111C) 13BA  0001001110111010 ( 286)                 ADD   R1 R6 #-6
(111D) 19A0  0001100110100000 ( 287)                 ADD   R4 R6 #0
(111E) 54E0  0101010011100000 ( 288)                 AND   R2 R3 #0
(111F) 54E5  0101010011100101 ( 289)                 AND   R2 R3 #5
(1120) 1E63  0001111001100011 ( 290)                 ADD   R7 R1 #3
(1121) 5CFA  0101110011111010 ( 291)                 AND   R6 R3 #-6
(1122) 1A7F  0001101001111111 ( 292)                 ADD   R5 R1 #-1
(1123) 19A3  0001100110100011 ( 293)                 ADD   R4 R6 #3
(1124) 567C  0101011001111100 ( 294)                 AND   R3 R1 #-4
(1125) 1D29  0001110100101001 ( 295)                 ADD   R6 R4 #9
(1126) 1064  0001000001100100 ( 296)                 ADD   R0 R1 #4
(1127) 1062  0001000001100010 ( 297)                 ADD   R0 R1 #2
(1128) 53E0  0101001111100000 ( 298)                 AND   R1 R7 #0
(1129) 1163  0001000101100011 ( 299)                 ADD   R0 R5 #3
(112A) 1223  0001001000100011 ( 300)                 ADD   R1 R0 #3
(112B) 5366  0101001101100110 ( 301)                 AND   R1 R5 #6
(112C) 0C63  0000110001100011 ( 302)                 BRNZ  A
(112D) 0E62  0000111001100010 ( 303)                 BRNZP A
(112E) 0E61  0000111001100001 ( 304)                 BRNZP A
(112F) 0C60  0000110001100000 ( 305)                 BRNZ  A
(1130) 065F  0000011001011111 ( 306)                 BRZP  A
(1131) 045E  0000010001011110 ( 307)                 BRZ   A
(1132) 0A5D  0000101001011101 ( 308)                 BRNP  A
(1133) 045C  0000010001011100 ( 309)                 BRZ   A
(1134) 0E5B  0000111001011011 ( 310)                 BRNZP A
(1135) 085A  0000100001011010 ( 311)                 BRN   A
(1136) 0259  0000001001011001 ( 312)                 BRP   A
(1137) 0A58  0000101001011000 ( 313)                 BRNP  A
(1138) 0657  0000011001010111 ( 314)                 BRZP  A
(1139) 0C56  0000110001010110 ( 315)                 BRNZ  A
(113A) 0655  0000011001010101 ( 316)                 BRZP  A
(113B) 0654  0000011001010100 ( 317)                 BRZP  A
(113C) 0853  0000100001010011 ( 318)                 BRN   A
(113D) 0852  0000100001010010 ( 319)                 BRN   A
(113E) 0C51  0000110001010001 ( 320)                 BRNZ  A
(113F) 0E50  0000111001010000 ( 321)                 BRNZP A
(1140) 0C4F  0000110001001111 ( 322)                 BRNZ  A
(1141) 0E4E  0000111001001110 ( 323)                 BRNZP A
(1142) 0C4D  0000110001001101 ( 324)                 BRNZ  A
(1143) 064C  0000011001001100 ( 325)                 BRZP  A
(1144) 064B  0000011001001011 ( 326)                 BRZP  A
(1145) 0E4A  0000111001001010 ( 327)                 BRNZP A
(1146) 0C49  0000110001001001 ( 328)                 BRNZ  A
(1147) 0448  0000010001001000 ( 329)                 BRZ   A
(1148) 0E47  0000111001000111 ( 330)                 BRNZP A
(1149) 0E46  0000111001000110 ( 331)                 BRNZP A
(114A) 0E45  0000111001000101 ( 332)                 BRNZP A
(114B) 0444  0000010001000100 ( 333)                 BRZ   A
(114C) 0443  0000010001000011 ( 334)                 BRZ   A
(114D) 0242  0000001001000010 ( 335)                 BRP   A
(114E) 0E41  0000111001000001 ( 336)                 BRNZP A
(114F) 0640  0000011001000000 ( 337)                 BRZP  A
(1150) 023F  0000001000111111 ( 338)                 BRP   A
(1151) 0A3E  0000101000111110 ( 339)                 BRNP  A
(1152) 063D  0000011000111101 ( 340)                 BRZP  A
(1153) 0A3C  0000101000111100 ( 341)                 BRNP  A
(1154) 0E3B  0000111000111011 ( 342)                 BRNZP A
(1155) 0E3A  0000111000111010 ( 343)                 BRNZP A
(1156) 0E39  0000111000111001 ( 344)                 BRNZP A
(1157) 0E38  0000111000111000 ( 345)                 BRNZP A
(1158) 0837  0000100000110111 ( 346)                 BRN   A
(1159) 0636  0000011000110110 ( 347)                 BRZP  A
(115A) 0435  0000010000110101 ( 348)                 BRZ   A
(115B) 0C34  0000110000110100 ( 349)                 BRNZ  A
(115C) 0233  0000001000110011 ( 350)                 BRP   A
(115D) 0232  0000001000110010 ( 351)                 BRP   A
(115E) E231  1110001000110001 ( 352)                 LEA   R1 A
(115F) EE30  1110111000110000 ( 353)                 LEA   R7 A
(1160) EC2F  1110110000101111 ( 354)                 LEA   R6 A
(1161) E02E  1110000000101110 ( 355)                 LEA   R0 A
(1162) E22D  1110001000101101 ( 356)                 LEA   R1 A
(1163) E22C  1110001000101100 ( 357)                 LEA   R1 A
(1164) E82B  1110100000101011 ( 358)                 LEA   R4 A
(1165) EC2A  1110110000101010 ( 359)                 LEA   R6 A
(1166) EC29  1110110000101001 ( 360)                 LEA   R6 A
(1167) E628  1110011000101000 ( 361)                 LEA   R3 A
(1168) E027  1110000000100111 ( 362)                 LEA   R0 A
(1169) E426  1110010000100110 ( 363)                 LEA   R2 A
(116A) EA25  1110101000100101 ( 364)                 LEA   R5 A
(116B) E224  1110001000100100 ( 365)                 LEA   R1 A
(116C) E823  1110100000100011 ( 366)                 LEA   R4 A
(116D) EC22  1110110000100010 ( 367)                 LEA   R6 A
(116E) E821  1110100000100001 ( 368)                 LEA   R4 A
(116F) E020  1110000000100000 ( 369)                 LEA   R0 A
(1170) E41F  1110010000011111 ( 370)                 LEA   R2 A
(1171) EA1E  1110101000011110 ( 371)                 LEA   R5 A
(1172) E81D  1110100000011101 ( 372)                 LEA   R4 A
(1173) EE1C  1110111000011100 ( 373)                 LEA   R7 A
(1174) E81B  1110100000011011 ( 374)                 LEA   R4 A
(1175) E61A  1110011000011010 ( 375)                 LEA   R3 A
(1176) EA19  1110101000011001 ( 376)                 LEA   R5 A
(1177) E418  1110010000011000 ( 377)                 LEA   R2 A
(1178) EC17  1110110000010111 ( 378)                 LEA   R6 A
(1179) E816  1110100000010110 ( 379)                 LEA   R4 A
(117A) EE15  1110111000010101 ( 380)                 LEA   R7 A
(117B) E614  1110011000010100 ( 381)                 LEA   R3 A
(117C) EE13  1110111000010011 ( 382)                 LEA   R7 A
(117D) E612  1110011000010010 ( 383)                 LEA   R3 A
(117E) E411  1110010000010001 ( 384)                 LEA   R2 A
(117F) EC10  1110110000010000 ( 385)                 LEA   R6 A
(1180) EE0F  1110111000001111 ( 386)                 LEA   R7 A
(1181) E60E  1110011000001110 ( 387)                 LEA   R3 A
(1182) EA0D  1110101000001101 ( 388)                 LEA   R5 A
(1183) E40C  1110010000001100 ( 389)                 LEA   R2 A
(1184) EE0B  1110111000001011 ( 390)                 LEA   R7 A
(1185) E80A  1110100000001010 ( 391)                 LEA   R4 A
(1186) EE09  1110111000001001 ( 392)                 LEA   R7 A
(1187) EE08  1110111000001000 ( 393)                 LEA   R7 A
(1188) E407  1110010000000111 ( 394)                 LEA   R2 A
(1189) EA06  1110101000000110 ( 395)                 LEA   R5 A
(118A) E005  1110000000000101 ( 396)                 LEA   R0 A
(118B) E204  1110001000000100 ( 397)                 LEA   R1 A
(118C) EA03  1110101000000011 ( 398)                 LEA   R5 A
(118D) EE02  1110111000000010 ( 399)                 LEA   R7 A
(118E) EC01  1110110000000001 ( 400)                 LEA   R6 A
(118F) E000  1110000000000000 ( 401)                 LEA   R0 A
(1190) 5267  0101001001100111 ( 402) A               AND   R1 R1 #7
(1191) 0BFE  0000101111111110 ( 403)                 BRNP  A
(1192) 0BFD  0000101111111101 ( 404)                 BRNP  A
(1193) 03FC  0000001111111100 ( 405)                 BRP   A
(1194) 07FB  0000011111111011 ( 406)                 BRZP  A
(1195) 0BFA  0000101111111010 ( 407)                 BRNP  A
(1196) 0DF9  0000110111111001 ( 408)                 BRNZ  A
(1197) 09F8  0000100111111000 ( 409)                 BRN   A
(1198) 03F7  0000001111110111 ( 410)                 BRP   A
(1199) 0FF6  0000111111110110 ( 411)                 BRNZP A
(119A) 09F5  0000100111110101 ( 412)                 BRN   A
(119B) 0FF4  0000111111110100 ( 413)                 BRNZP A
(119C) 03F3  0000001111110011 ( 414)                 BRP   A
(119D) 03F2  0000001111110010 ( 415)                 BRP   A
(119E) 0FF1  0000111111110001 ( 416)                 BRNZP A
(119F) 05F0  0000010111110000 ( 417)                 BRZ   A
(11A0) 07EF  0000011111101111 ( 418)                 BRZP  A
(11A1) 07EE  0000011111101110 ( 419)                 BRZP  A
(11A2) 0FED  0000111111101101 ( 420)                 BRNZP A
(11A3) 0DEC  0000110111101100 ( 421)                 BRNZ  A
(11A4) 0DEB  0000110111101011 ( 422)                 BRNZ  A
(11A5) 03EA  0000001111101010 ( 423)                 BRP   A
(11A6) 03E9  0000001111101001 ( 424)                 BRP   A
(11A7) 09E8  0000100111101000 ( 425)                 BRN   A
(11A8) 0BE7  0000101111100111 ( 426)                 BRNP  A
(11A9) 0FE6  0000111111100110 ( 427)                 BRNZP A
(11AA) 07E5  0000011111100101 ( 428)                 BRZP  A
(11AB) 0DE4  0000110111100100 ( 429)                 BRNZ  A
(11AC) 0FE3  0000111111100011 ( 430)                 BRNZP A
(11AD) 0DE2  0000110111100010 ( 431)                 BRNZ  A
(11AE) 0DE1  0000110111100001 ( 432)                 BRNZ  A
(11AF) 03E0  0000001111100000 ( 433)                 BRP   A
(11B0) 07DF  0000011111011111 ( 434)                 BRZP  A
(11B1) 03DE  0000001111011110 ( 435)                 BRP   A
(11B2) 05DD  0000010111011101 ( 436)                 BRZ   A
(11B3) 0FDC  0000111111011100 ( 437)                 BRNZP A
(11B4) 0FDB  0000111111011011 ( 438)                 BRNZP A
(11B5) 05DA  0000010111011010 ( 439)                 BRZ   A
(11B6) 0BD9  0000101111011001 ( 440)                 BRNP  A
(11B7) 0FD8  0000111111011000 ( 441)                 BRNZP A
(11B8) 0DD7  0000110111010111 ( 442)                 BRNZ  A
(11B9) 0DD6  0000110111010110 ( 443)                 BRNZ  A
(11BA) 07D5  0000011111010101 ( 444)                 BRZP  A
(11BB) 0BD4  0000101111010100 ( 445)                 BRNP  A
(11BC) 0DD3  0000110111010011 ( 446)                 BRNZ  A
(11BD) 03D2  0000001111010010 ( 447)                 BRP   A
(11BE) 09D1  0000100111010001 ( 448)                 BRN   A
(11BF) 07D0  0000011111010000 ( 449)                 BRZP  A
(11C0) 0FCF  0000111111001111 ( 450)                 BRNZP A
(11C1) 07CE  0000011111001110 ( 451)                 BRZP  A
(11C2) 0DCD  0000110111001101 ( 452)                 BRNZ  A
(11C3) C180  1100000110000000 ( 453)                 JMP   R6
(11C4) C140  1100000101000000 ( 454)                 JMP   R5
(11C5) C040  1100000001000000 ( 455)                 JMP   R1
(11C6) C0C0  1100000011000000 ( 456)                 JMP   R3
(11C7) C040  1100000001000000 ( 457)                 JMP   R1
(11C8) C0C0  1100000011000000 ( 458)                 JMP   R3
(11C9) C180  1100000110000000 ( 459)                 JMP   R6
(11CA) C080  1100000010000000 ( 460)                 JMP   R2
(11CB) C1C0  1100000111000000 ( 461)                 RET   
(11CC) C100  1100000100000000 ( 462)                 JMP   R4
(11CD) C000  1100000000000000 ( 463)                 JMP   R0
(11CE) C180  1100000110000000 ( 464)                 JMP   R6
(11CF) C100  1100000100000000 ( 465)                 JMP   R4
(11D0) C000  1100000000000000 ( 466)                 JMP   R0
(11D1) C180  1100000110000000 ( 467)                 JMP   R6
(11D2) C080  1100000010000000 ( 468)                 JMP   R2
(11D3) C0C0  1100000011000000 ( 469)                 JMP   R3
(11D4) C0C0  1100000011000000 ( 470)                 JMP   R3
(11D5) C080  1100000010000000 ( 471)                 JMP   R2
(11D6) C140  1100000101000000 ( 472)                 JMP   R5
(11D7) C0C0  1100000011000000 ( 473)                 JMP   R3
(11D8) C100  1100000100000000 ( 474)                 JMP   R4
(11D9) C080  1100000010000000 ( 475)                 JMP   R2
(11DA) C140  1100000101000000 ( 476)                 JMP   R5
(11DB) C180  1100000110000000 ( 477)                 JMP   R6
(11DC) C1C0  1100000111000000 ( 478)                 RET   
(11DD) C1C0  1100000111000000 ( 479)                 RET   
(11DE) C180  1100000110000000 ( 480)                 JMP   R6
(11DF) C1C0  1100000111000000 ( 481)                 RET   
(11E0) C000  1100000000000000 ( 482)                 JMP   R0
(11E1) C180  1100000110000000 ( 483)                 JMP   R6
(11E2) C1C0  1100000111000000 ( 484)                 RET   
(11E3) C180  1100000110000000 ( 485)                 JMP   R6
(11E4) C100  1100000100000000 ( 486)                 JMP   R4
(11E5) C180  1100000110000000 ( 487)                 JMP   R6
(11E6) C040  1100000001000000 ( 488)                 JMP   R1
(11E7) C040  1100000001000000 ( 489)                 JMP   R1
(11E8) C0C0  1100000011000000 ( 490)                 JMP   R3
(11E9) C040  1100000001000000 ( 491)                 JMP   R1
(11EA) C180  1100000110000000 ( 492)                 JMP   R6
(11EB) C100  1100000100000000 ( 493)                 JMP   R4
(11EC) C100  1100000100000000 ( 494)                 JMP   R4
(11ED) C140  1100000101000000 ( 495)                 JMP   R5
(11EE) C000  1100000000000000 ( 496)                 JMP   R0
(11EF) C1C0  1100000111000000 ( 497)                 RET   
(11F0) C080  1100000010000000 ( 498)                 JMP   R2
(11F1) C0C0  1100000011000000 ( 499)                 JMP   R3
(11F2) C180  1100000110000000 ( 500)                 JMP   R6
(11F3) C100  1100000100000000 ( 501)                 JMP   R4
(11F4) C1C0  1100000111000000 ( 502)                 RET   
(11F5) 4F9A  0100111110011010 ( 503)                 JSR   A
(11F6) 4F99  0100111110011001 ( 504)                 JSR   A
(11F7) 4F98  0100111110011000 ( 505)                 JSR   A
(11F8) 4F97  0100111110010111 ( 506)                 JSR   A
(11F9) 4F96  0100111110010110 ( 507)                 JSR   A
(11FA) 4F95  0100111110010101 ( 508)                 JSR   A
(11FB) 4F94  0100111110010100 ( 509)                 JSR   A
(11FC) 4F93  0100111110010011 ( 510)                 JSR   A
(11FD) 4F92  0100111110010010 ( 511)                 JSR   A
(11FE) 4F91  0100111110010001 ( 512)                 JSR   A
(11FF) 4F90  0100111110010000 ( 513)                 JSR   A
(1200) 4F8F  0100111110001111 ( 514)                 JSR   A
(1201) 4F8E  0100111110001110 ( 515)                 JSR   A
(1202) 4F8D  0100111110001101 ( 516)                 JSR   A
(1203) 4F8C  0100111110001100 ( 517)                 JSR   A
(1204) 4F8B  0100111110001011 ( 518)                 JSR   A
(1205) 4F8A  0100111110001010 ( 519)                 JSR   A
(1206) 4F89  0100111110001001 ( 520)                 JSR   A
(1207) 4F88  0100111110001000 ( 521)                 JSR   A
(1208) 4F87  0100111110000111 ( 522)                 JSR   A
(1209) 4F86  0100111110000110 ( 523)                 JSR   A
(120A) 4F85  0100111110000101 ( 524)                 JSR   A
(120B) 4F84  0100111110000100 ( 525)                 JSR   A
(120C) 4F83  0100111110000011 ( 526)                 JSR   A
(120D) 4F82  0100111110000010 ( 527)                 JSR   A
(120E) 4F81  0100111110000001 ( 528)                 JSR   A
(120F) 4F80  0100111110000000 ( 529)                 JSR   A
(1210) 4F7F  0100111101111111 ( 530)                 JSR   A
(1211) 4F7E  0100111101111110 ( 531)                 JSR   A
(1212) 4F7D  0100111101111101 ( 532)                 JSR   A
(1213) 4F7C  0100111101111100 ( 533)                 JSR   A
(1214) 4F7B  0100111101111011 ( 534)                 JSR   A
(1215) 4F7A  0100111101111010 ( 535)                 JSR   A
(1216) 4F79  0100111101111001 ( 536)                 JSR   A
(1217) 4F78  0100111101111000 ( 537)                 JSR   A
(1218) 4F77  0100111101110111 ( 538)                 JSR   A
(1219) 4F76  0100111101110110 ( 539)                 JSR   A
(121A) 4F75  0100111101110101 ( 540)                 JSR   A
(121B) 4F74  0100111101110100 ( 541)                 JSR   A
(121C) 4F73  0100111101110011 ( 542)                 JSR   A
(121D) 4F72  0100111101110010 ( 543)                 JSR   A
(121E) 4F71  0100111101110001 ( 544)                 JSR   A
(121F) 4F70  0100111101110000 ( 545)                 JSR   A
(1220) 4F6F  0100111101101111 ( 546)                 JSR   A
(1221) 4F6E  0100111101101110 ( 547)                 JSR   A
(1222) 4F6D  0100111101101101 ( 548)                 JSR   A
(1223) 4F6C  0100111101101100 ( 549)                 JSR   A
(1224) 4F6B  0100111101101011 ( 550)                 JSR   A
(1225) 4F6A  0100111101101010 ( 551)                 JSR   A
(1226) 4F69  0100111101101001 ( 552)                 JSR   A
(1227) 41C0  0100000111000000 ( 553)                 JSRR  R7
(1228) 41C0  0100000111000000 ( 554)                 JSRR  R7
(1229) 40C0  0100000011000000 ( 555)                 JSRR  R3
(122A) 4040  0100000001000000 ( 556)                 JSRR  R1
(122B) 4080  0100000010000000 ( 557)                 JSRR  R2
(122C) 4100  0100000100000000 ( 558)                 JSRR  R4
(122D) 4180  0100000110000000 ( 559)                 JSRR  R6
(122E) 4040  0100000001000000 ( 560)                 JSRR  R1
(122F) 41C0  0100000111000000 ( 561)                 JSRR  R7
(1230) 4140  0100000101000000 ( 562)                 JSRR  R5
(1231) 41C0  0100000111000000 ( 563)                 JSRR  R7
(1232) 4180  0100000110000000 ( 564)                 JSRR  R6
(1233) 4000  0100000000000000 ( 565)                 JSRR  R0
(1234) 4040  0100000001000000 ( 566)                 JSRR  R1
(1235) 4080  0100000010000000 ( 567)                 JSRR  R2
(1236) 4080  0100000010000000 ( 568)                 JSRR  R2
(1237) 41C0  0100000111000000 ( 569)                 JSRR  R7
(1238) 4040  0100000001000000 ( 570)                 JSRR  R1
(1239) 40C0  0100000011000000 ( 571)                 JSRR  R3
(123A) 4080  0100000010000000 ( 572)                 JSRR  R2
(123B) 4040  0100000001000000 ( 573)                 JSRR  R1
(123C) 4080  0100000010000000 ( 574)                 JSRR  R2
(123D) 40C0  0100000011000000 ( 575)                 JSRR  R3
(123E) 4040  0100000001000000 ( 576)                 JSRR  R1
(123F) 4100  0100000100000000 ( 577)                 JSRR  R4
(1240) 40C0  0100000011000000 ( 578)                 JSRR  R3
(1241) 40C0  0100000011000000 ( 579)                 JSRR  R3
(1242) 41C0  0100000111000000 ( 580)                 JSRR  R7
(1243) 41C0  0100000111000000 ( 581)                 JSRR  R7
(1244) 4000  0100000000000000 ( 582)                 JSRR  R0
(1245) 4140  0100000101000000 ( 583)                 JSRR  R5
(1246) 4100  0100000100000000 ( 584)                 JSRR  R4
(1247) 40C0  0100000011000000 ( 585)                 JSRR  R3
(1248) 41C0  0100000111000000 ( 586)                 JSRR  R7
(1249) 4100  0100000100000000 ( 587)                 JSRR  R4
(124A) 41C0  0100000111000000 ( 588)                 JSRR  R7
(124B) 4100  0100000100000000 ( 589)                 JSRR  R4
(124C) 4100  0100000100000000 ( 590)                 JSRR  R4
(124D) 41C0  0100000111000000 ( 591)                 JSRR  R7
(124E) 4100  0100000100000000 ( 592)                 JSRR  R4
(124F) 4100  0100000100000000 ( 593)                 JSRR  R4
(1250) 4000  0100000000000000 ( 594)                 JSRR  R0
(1251) 4100  0100000100000000 ( 595)                 JSRR  R4
(1252) 40C0  0100000011000000 ( 596)                 JSRR  R3
(1253) 4080  0100000010000000 ( 597)                 JSRR  R2
(1254) 40C0  0100000011000000 ( 598)                 JSRR  R3
(1255) 4080  0100000010000000 ( 599)                 JSRR  R2
(1256) 40C0  0100000011000000 ( 600)                 JSRR  R3
(1257) 41C0  0100000111000000 ( 601)                 JSRR  R7
(1258) 40C0  0100000011000000 ( 602)                 JSRR  R3
(1259) 963F  1001011000111111 ( 603)                 NOT   R3 R0
(125A) 967F  1001011001111111 ( 604)                 NOT   R3 R1
(125B) 913F  1001000100111111 ( 605)                 NOT   R0 R4
(125C) 97BF  1001011110111111 ( 606)                 NOT   R3 R6
(125D) 96FF  1001011011111111 ( 607)                 NOT   R3 R3
(125E) 9ABF  1001101010111111 ( 608)                 NOT   R5 R2
(125F) 9D3F  1001110100111111 ( 609)                 NOT   R6 R4
(1260) 98BF  1001100010111111 ( 610)                 NOT   R4 R2
(1261) 9A7F  1001101001111111 ( 611)                 NOT   R5 R1
(1262) 96BF  1001011010111111 ( 612)                 NOT   R3 R2
(1263) 95BF  1001010110111111 ( 613)                 NOT   R2 R6
(1264) 93FF  1001001111111111 ( 614)                 NOT   R1 R7
(1265) 9FFF  1001111111111111 ( 615)                 NOT   R7 R7
(1266) 91FF  1001000111111111 ( 616)                 NOT   R0 R7
(1267) 9ABF  1001101010111111 ( 617)                 NOT   R5 R2
(1268) 993F  1001100100111111 ( 618)                 NOT   R4 R4
(1269) 9A7F  1001101001111111 ( 619)                 NOT   R5 R1
(126A) 953F  1001010100111111 ( 620)                 NOT   R2 R4
(126B) 977F  1001011101111111 ( 621)                 NOT   R3 R5
(126C) 937F  1001001101111111 ( 622)                 NOT   R1 R5
(126D) 94FF  1001010011111111 ( 623)                 NOT   R2 R3
(126E) 9F7F  1001111101111111 ( 624)                 NOT   R7 R5
(126F) 95FF  1001010111111111 ( 625)                 NOT   R2 R7
(1270) 933F  1001001100111111 ( 626)                 NOT   R1 R4
(1271) 9B7F  1001101101111111 ( 627)                 NOT   R5 R5
(1272) 907F  1001000001111111 ( 628)                 NOT   R0 R1
(1273) 9BBF  1001101110111111 ( 629)                 NOT   R5 R6
(1274) 963F  1001011000111111 ( 630)                 NOT   R3 R0
(1275) 957F  1001010101111111 ( 631)                 NOT   R2 R5
(1276) 917F  1001000101111111 ( 632)                 NOT   R0 R5
(1277) 9DBF  1001110110111111 ( 633)                 NOT   R6 R6
(1278) 93FF  1001001111111111 ( 634)                 NOT   R1 R7
(1279) 953F  1001010100111111 ( 635)                 NOT   R2 R4
(127A) 9D7F  1001110101111111 ( 636)                 NOT   R6 R5
(127B) 963F  1001011000111111 ( 637)                 NOT   R3 R0
(127C) 957F  1001010101111111 ( 638)                 NOT   R2 R5
(127D) 9A3F  1001101000111111 ( 639)                 NOT   R5 R0
(127E) 9AFF  1001101011111111 ( 640)                 NOT   R5 R3
(127F) 993F  1001100100111111 ( 641)                 NOT   R4 R4
(1280) 93BF  1001001110111111 ( 642)                 NOT   R1 R6
(1281) 95BF  1001010110111111 ( 643)                 NOT   R2 R6
(1282) 90FF  1001000011111111 ( 644)                 NOT   R0 R3
(1283) 90BF  1001000010111111 ( 645)                 NOT   R0 R2
(1284) 963F  1001011000111111 ( 646)                 NOT   R3 R0
(1285) 97BF  1001011110111111 ( 647)                 NOT   R3 R6
(1286) 97BF  1001011110111111 ( 648)                 NOT   R3 R6
(1287) 9CBF  1001110010111111 ( 649)                 NOT   R6 R2
(1288) 96FF  1001011011111111 ( 650)                 NOT   R3 R3
(1289) 963F  1001011000111111 ( 651)                 NOT   R3 R0
(128A) 96BF  1001011010111111 ( 652)                 NOT   R3 R2
(128B) C1C0  1100000111000000 ( 653)                 RET   
(128C) 8000  1000000000000000 ( 654)                 RTI   
