(0000) 1000  0001000000000000 (   1)                 .ORIG x1000
(1000) 5540  0101010101000000 (   2)                 AND   R2 R5 R0
(1001) 1D47  0001110101000111 (   3)                 ADD   R6 R5 R7
(1002) 1883  0001100010000011 (   4)                 ADD   R4 R2 R3
(1003) 5F82  0101111110000010 (   5)                 AND   R7 R6 R2
(1004) 1E07  0001111000000111 (   6)                 ADD   R7 R0 R7
(1005) 5D80  0101110110000000 (   7)                 AND   R6 R6 R0
(1006) 1D85  0001110110000101 (   8)                 ADD   R6 R6 R5
(1007) 1303  0001001100000011 (   9)                 ADD   R1 R4 R3
(1008) 1EC2  0001111011000010 (  10)                 ADD   R7 R3 R2
(1009) 54C1  0101010011000001 (  11)                 AND   R2 R3 R1
(100A) 1286  0001001010000110 (  12)                 ADD   R1 R2 R6
(100B) 1CC0  0001110011000000 (  13)                 ADD   R6 R3 R0
(100C) 16C3  0001011011000011 (  14)                 ADD   R3 R3 R3
(100D) 13C2  0001001111000010 (  15)                 ADD   R1 R7 R2
(100E) 5783  0101011110000011 (  16)                 AND   R3 R6 R3
(100F) 57C0  0101011111000000 (  17)                 AND   R3 R7 R0
(1010) 1040  0001000001000000 (  18)                 ADD   R0 R1 R0
(1011) 1785  0001011110000101 (  19)                 ADD   R3 R6 R5
(1012) 1087  0001000010000111 (  20)                 ADD   R0 R2 R7
(1013) 5000  0101000000000000 (  21)                 AND   R0 R0 R0
(1014) 51C3  0101000111000011 (  22)                 AND   R0 R7 R3
(1015) 56C3  0101011011000011 (  23)                 AND   R3 R3 R3
(1016) 1547  0001010101000111 (  24)                 ADD   R2 R5 R7
(1017) 1F46  0001111101000110 (  25)                 ADD   R7 R5 R6
(1018) 1D05  0001110100000101 (  26)                 ADD   R6 R4 R5
(1019) 1244  0001001001000100 (  27)                 ADD   R1 R1 R4
(101A) 1E07  0001111000000111 (  28)                 ADD   R7 R0 R7
(101B) 5E80  0101111010000000 (  29)                 AND   R7 R2 R0
(101C) 1344  0001001101000100 (  30)                 ADD   R1 R5 R4
(101D) 1B87  0001101110000111 (  31)                 ADD   R5 R6 R7
(101E) 15C3  0001010111000011 (  32)                 ADD   R2 R7 R3
(101F) 1081  0001000010000001 (  33)                 ADD   R0 R2 R1
(1020) 1100  0001000100000000 (  34)                 ADD   R0 R4 R0
(1021) 5C06  0101110000000110 (  35)                 AND   R6 R0 R6
(1022) 1947  0001100101000111 (  36)                 ADD   R4 R5 R7
(1023) 1241  0001001001000001 (  37)                 ADD   R1 R1 R1
(1024) 1D01  0001110100000001 (  38)                 ADD   R6 R4 R1
(1025) 51C0  0101000111000000 (  39)                 AND   R0 R7 R0
(1026) 1502  0001010100000010 (  40)                 ADD   R2 R4 R2
(1027) 50C0  0101000011000000 (  41)                 AND   R0 R3 R0
(1028) 1487  0001010010000111 (  42)                 ADD   R2 R2 R7
(1029) 1CC5  0001110011000101 (  43)                 ADD   R6 R3 R5
(102A) 59C7  0101100111000111 (  44)                 AND   R4 R7 R7
(102B) 52C3  0101001011000011 (  45)                 AND   R1 R3 R3
(102C) 5AC3  0101101011000011 (  46)                 AND   R5 R3 R3
(102D) 5D43  0101110101000011 (  47)                 AND   R6 R5 R3
(102E) 1484  0001010010000100 (  48)                 ADD   R2 R2 R4
(102F) 1983  0001100110000011 (  49)                 ADD   R4 R6 R3
(1030) 1105  0001000100000101 (  50)                 ADD   R0 R4 R5
(1031) 5CC0  0101110011000000 (  51)                 AND   R6 R3 R0
(1032) 1605  0001011000000101 (  52)                 ADD   R3 R0 R5
(1033) 1303  0001001100000011 (  53)                 ADD   R1 R4 R3
(1034) 5E81  0101111010000001 (  54)                 AND   R7 R2 R1
(1035) 1D87  0001110110000111 (  55)                 ADD   R6 R6 R7
(1036) 5545  0101010101000101 (  56)                 AND   R2 R5 R5
(1037) 5501  0101010100000001 (  57)                 AND   R2 R4 R1
(1038) 50C6  0101000011000110 (  58)                 AND   R0 R3 R6
(1039) 1F42  0001111101000010 (  59)                 ADD   R7 R5 R2
(103A) 1D40  0001110101000000 (  60)                 ADD   R6 R5 R0
(103B) 5786  0101011110000110 (  61)                 AND   R3 R6 R6
(103C) 5402  0101010000000010 (  62)                 AND   R2 R0 R2
(103D) 5D00  0101110100000000 (  63)                 AND   R6 R4 R0
(103E) 5802  0101100000000010 (  64)                 AND   R4 R0 R2
(103F) 1683  0001011010000011 (  65)                 ADD   R3 R2 R3
(1040) 16C4  0001011011000100 (  66)                 ADD   R3 R3 R4
(1041) 1AC0  0001101011000000 (  67)                 ADD   R5 R3 R0
(1042) 5204  0101001000000100 (  68)                 AND   R1 R0 R4
(1043) 18C7  0001100011000111 (  69)                 ADD   R4 R3 R7
(1044) 1745  0001011101000101 (  70)                 ADD   R3 R5 R5
(1045) 5D87  0101110110000111 (  71)                 AND   R6 R6 R7
(1046) 1440  0001010001000000 (  72)                 ADD   R2 R1 R0
(1047) 1FC5  0001111111000101 (  73)                 ADD   R7 R7 R5
(1048) 55C3  0101010111000011 (  74)                 AND   R2 R7 R3
(1049) 1F42  0001111101000010 (  75)                 ADD   R7 R5 R2
(104A) 1942  0001100101000010 (  76)                 ADD   R4 R5 R2
(104B) 5C45  0101110001000101 (  77)                 AND   R6 R1 R5
(104C) 5104  0101000100000100 (  78)                 AND   R0 R4 R4
(104D) 1C43  0001110001000011 (  79)                 ADD   R6 R1 R3
(104E) 1D42  0001110101000010 (  80)                 ADD   R6 R5 R2
(104F) 1B82  0001101110000010 (  81)                 ADD   R5 R6 R2
(1050) 55C4  0101010111000100 (  82)                 AND   R2 R7 R4
(1051) 1C42  0001110001000010 (  83)                 ADD   R6 R1 R2
(1052) 5CC6  0101110011000110 (  84)                 AND   R6 R3 R6
(1053) 1880  0001100010000000 (  85)                 ADD   R4 R2 R0
(1054) 1906  0001100100000110 (  86)                 ADD   R4 R4 R6
(1055) 11C0  0001000111000000 (  87)                 ADD   R0 R7 R0
(1056) 1A86  0001101010000110 (  88)                 ADD   R5 R2 R6
(1057) 5647  0101011001000111 (  89)                 AND   R3 R1 R7
(1058) 1981  0001100110000001 (  90)                 ADD   R4 R6 R1
(1059) 14C1  0001010011000001 (  91)                 ADD   R2 R3 R1
(105A) 5202  0101001000000010 (  92)                 AND   R1 R0 R2
(105B) 5247  0101001001000111 (  93)                 AND   R1 R1 R7
(105C) 1C05  0001110000000101 (  94)                 ADD   R6 R0 R5
(105D) 5043  0101000001000011 (  95)                 AND   R0 R1 R3
(105E) 5247  0101001001000111 (  96)                 AND   R1 R1 R7
(105F) 1807  0001100000000111 (  97)                 ADD   R4 R0 R7
(1060) 1F43  0001111101000011 (  98)                 ADD   R7 R5 R3
(1061) 5EC3  0101111011000011 (  99)                 AND   R7 R3 R3
(1062) 1144  0001000101000100 ( 100)                 ADD   R0 R5 R4
(1063) 1605  0001011000000101 ( 101)                 ADD   R3 R0 R5
(1064) 1A44  0001101001000100 ( 102)                 ADD   R5 R1 R4
(1065) 5C03  0101110000000011 ( 103)                 AND   R6 R0 R3
(1066) 1E83  0001111010000011 ( 104)                 ADD   R7 R2 R3
(1067) 1101  0001000100000001 ( 105)                 ADD   R0 R4 R1
(1068) 5903  0101100100000011 ( 106)                 AND   R4 R4 R3
(1069) 5344  0101001101000100 ( 107)                 AND   R1 R5 R4
(106A) 1285  0001001010000101 ( 108)                 ADD   R1 R2 R5
(106B) 1AC4  0001101011000100 ( 109)                 ADD   R5 R3 R4
(106C) 14C1  0001010011000001 ( 110)                 ADD   R2 R3 R1
(106D) 1807  0001100000000111 ( 111)                 ADD   R4 R0 R7
(106E) 5D84  0101110110000100 ( 112)                 AND   R6 R6 R4
(106F) 1C83  0001110010000011 ( 113)                 ADD   R6 R2 R3
(1070) 1202  0001001000000010 ( 114)                 ADD   R1 R0 R2
(1071) 1846  0001100001000110 ( 115)                 ADD   R4 R1 R6
(1072) 1985  0001100110000101 ( 116)                 ADD   R4 R6 R5
(1073) 5841  0101100001000001 ( 117)                 AND   R4 R1 R1
(1074) 1E01  0001111000000001 ( 118)                 ADD   R7 R0 R1
(1075) 1404  0001010000000100 ( 119)                 ADD   R2 R0 R4
(1076) 1D86  0001110110000110 ( 120)                 ADD   R6 R6 R6
(1077) 5346  0101001101000110 ( 121)                 AND   R1 R5 R6
(1078) 5D86  0101110110000110 ( 122)                 AND   R6 R6 R6
(1079) 1786  0001011110000110 ( 123)                 ADD   R3 R6 R6
(107A) 5747  0101011101000111 ( 124)                 AND   R3 R5 R7
(107B) 5902  0101100100000010 ( 125)                 AND   R4 R4 R2
(107C) 11C1  0001000111000001 ( 126)                 ADD   R0 R7 R1
(107D) 5802  0101100000000010 ( 127)                 AND   R4 R0 R2
(107E) 1746  0001011101000110 ( 128)                 ADD   R3 R5 R6
(107F) 5F42  0101111101000010 ( 129)                 AND   R7 R5 R2
(1080) 5EC2  0101111011000010 ( 130)                 AND   R7 R3 R2
(1081) 5140  0101000101000000 ( 131)                 AND   R0 R5 R0
(1082) 5185  0101000110000101 ( 132)                 AND   R0 R6 R5
(1083) 1C03  0001110000000011 ( 133)                 ADD   R6 R0 R3
(1084) 5903  0101100100000011 ( 134)                 AND   R4 R4 R3
(1085) 1607  0001011000000111 ( 135)                 ADD   R3 R0 R7
(1086) 10C4  0001000011000100 ( 136)                 ADD   R0 R3 R4
(1087) 1D06  0001110100000110 ( 137)                 ADD   R6 R4 R6
(1088) 5305  0101001100000101 ( 138)                 AND   R1 R4 R5
(1089) 1F07  0001111100000111 ( 139)                 ADD   R7 R4 R7
(108A) 11C2  0001000111000010 ( 140)                 ADD   R0 R7 R2
(108B) 5D43  0101110101000011 ( 141)                 AND   R6 R5 R3
(108C) 1600  0001011000000000 ( 142)                 ADD   R3 R0 R0
(108D) 59C3  0101100111000011 ( 143)                 AND   R4 R7 R3
(108E) 5F85  0101111110000101 ( 144)                 AND   R7 R6 R5
(108F) 1385  0001001110000101 ( 145)                 ADD   R1 R6 R5
(1090) 1344  0001001101000100 ( 146)                 ADD   R1 R5 R4
(1091) 1085  0001000010000101 ( 147)                 ADD   R0 R2 R5
(1092) 5D47  0101110101000111 ( 148)                 AND   R6 R5 R7
(1093) 1645  0001011001000101 ( 149)                 ADD   R3 R1 R5
(1094) 1E01  0001111000000001 ( 150)                 ADD   R7 R0 R1
(1095) 5142  0101000101000010 ( 151)                 AND   R0 R5 R2
(1096) 13C1  0001001111000001 ( 152)                 ADD   R1 R7 R1
(1097) 5E42  0101111001000010 ( 153)                 AND   R7 R1 R2
(1098) 16C6  0001011011000110 ( 154)                 ADD   R3 R3 R6
(1099) 5C83  0101110010000011 ( 155)                 AND   R6 R2 R3
(109A) 5705  0101011100000101 ( 156)                 AND   R3 R4 R5
(109B) 5F44  0101111101000100 ( 157)                 AND   R7 R5 R4
(109C) 15C6  0001010111000110 ( 158)                 ADD   R2 R7 R6
(109D) 5886  0101100010000110 ( 159)                 AND   R4 R2 R6
(109E) 55C4  0101010111000100 ( 160)                 AND   R2 R7 R4
(109F) 1B04  0001101100000100 ( 161)                 ADD   R5 R4 R4
(10A0) 5CC3  0101110011000011 ( 162)                 AND   R6 R3 R3
(10A1) 10C0  0001000011000000 ( 163)                 ADD   R0 R3 R0
(10A2) 5105  0101000100000101 ( 164)                 AND   R0 R4 R5
(10A3) 5E02  0101111000000010 ( 165)                 AND   R7 R0 R2
(10A4) 1FC6  0001111111000110 ( 166)                 ADD   R7 R7 R6
(10A5) 5EC6  0101111011000110 ( 167)                 AND   R7 R3 R6
(10A6) 1600  0001011000000000 ( 168)                 ADD   R3 R0 R0
(10A7) 57C5  0101011111000101 ( 169)                 AND   R3 R7 R5
(10A8) 1E45  0001111001000101 ( 170)                 ADD   R7 R1 R5
(10A9) 5AC7  0101101011000111 ( 171)                 AND   R5 R3 R7
(10AA) 5580  0101010110000000 ( 172)                 AND   R2 R6 R0
(10AB) 5C07  0101110000000111 ( 173)                 AND   R6 R0 R7
(10AC) 57C0  0101011111000000 ( 174)                 AND   R3 R7 R0
(10AD) 5CC6  0101110011000110 ( 175)                 AND   R6 R3 R6
(10AE) 1040  0001000001000000 ( 176)                 ADD   R0 R1 R0
(10AF) 1603  0001011000000011 ( 177)                 ADD   R3 R0 R3
(10B0) 5640  0101011001000000 ( 178)                 AND   R3 R1 R0
(10B1) 59C6  0101100111000110 ( 179)                 AND   R4 R7 R6
(10B2) 1787  0001011110000111 ( 180)                 ADD   R3 R6 R7
(10B3) 1703  0001011100000011 ( 181)                 ADD   R3 R4 R3
(10B4) 1982  0001100110000010 ( 182)                 ADD   R4 R6 R2
(10B5) 5C43  0101110001000011 ( 183)                 AND   R6 R1 R3
(10B6) 5684  0101011010000100 ( 184)                 AND   R3 R2 R4
(10B7) 5503  0101010100000011 ( 185)                 AND   R2 R4 R3
(10B8) 19C0  0001100111000000 ( 186)                 ADD   R4 R7 R0
(10B9) 59C3  0101100111000011 ( 187)                 AND   R4 R7 R3
(10BA) 55C7  0101010111000111 ( 188)                 AND   R2 R7 R7
(10BB) 1507  0001010100000111 ( 189)                 ADD   R2 R4 R7
(10BC) 1EC2  0001111011000010 ( 190)                 ADD   R7 R3 R2
(10BD) 1D47  0001110101000111 ( 191)                 ADD   R6 R5 R7
(10BE) 5245  0101001001000101 ( 192)                 AND   R1 R1 R5
(10BF) 5282  0101001010000010 ( 193)                 AND   R1 R2 R2
(10C0) 5506  0101010100000110 ( 194)                 AND   R2 R4 R6
(10C1) 5B00  0101101100000000 ( 195)                 AND   R5 R4 R0
(10C2) 1504  0001010100000100 ( 196)                 ADD   R2 R4 R4
(10C3) 5440  0101010001000000 ( 197)                 AND   R2 R1 R0
(10C4) 5944  0101100101000100 ( 198)                 AND   R4 R5 R4
(10C5) 12C7  0001001011000111 ( 199)                 ADD   R1 R3 R7
(10C6) 5200  0101001000000000 ( 200)                 AND   R1 R0 R0
(10C7) 5F86  0101111110000110 ( 201)                 AND   R7 R6 R6
(10C8) 122B  0001001000101011 ( 202)                 ADD   R1 R0 #11
(10C9) 1DE6  0001110111100110 ( 203)                 ADD   R6 R7 #6
(10CA) 55A7  0101010110100111 ( 204)                 AND   R2 R6 #7
(10CB) 1F70  0001111101110000 ( 205)                 ADD   R7 R5 #-16
(10CC) 1BB7  0001101110110111 ( 206)                 ADD   R5 R6 #-9
(10CD) 56EB  0101011011101011 ( 207)                 AND   R3 R3 #11
(10CE) 183D  0001100000111101 ( 208)                 ADD   R4 R0 #-3
(10CF) 5CE3  0101110011100011 ( 209)                 AND   R6 R3 #3
(10D0) 57A5  0101011110100101 ( 210)                 AND   R3 R6 #5
(10D1) 147F  0001010001111111 ( 211)                 ADD   R2 R1 #-1
(10D2) 1662  0001011001100010 ( 212)                 ADD   R3 R1 #2
(10D3) 53AB  0101001110101011 ( 213)                 AND   R1 R6 #11
(10D4) 55FA  0101010111111010 ( 214)                 AND   R2 R7 #-6
(10D5) 5978  0101100101111000 ( 215)                 AND   R4 R5 #-8
(10D6) 1EAF  0001111010101111 ( 216)                 ADD   R7 R2 #15
(10D7) 16B5  0001011010110101 ( 217)                 ADD   R3 R2 #-11
(10D8) 58BE  0101100010111110 ( 218)                 AND   R4 R2 #-2
(10D9) 182C  0001100000101100 ( 219)                 ADD   R4 R0 #12
(10DA) 1466  0001010001100110 ( 220)                 ADD   R2 R1 #6
(10DB) 183A  0001100000111010 ( 221)                 ADD   R4 R0 #-6
(10DC) 50FE  0101000011111110 ( 222)                 AND   R0 R3 #-2
(10DD) 11BB  0001000110111011 ( 223)                 ADD   R0 R6 #-5
(10DE) 58AD  0101100010101101 ( 224)                 AND   R4 R2 #13
(10DF) 5526  0101010100100110 ( 225)                 AND   R2 R4 #6
(10E0) 1CA3  0001110010100011 ( 226)                 ADD   R6 R2 #3
(10E1) 1FA2  0001111110100010 ( 227)                 ADD   R7 R6 #2
(10E2) 17ED  0001011111101101 ( 228)                 ADD   R3 R7 #13
(10E3) 1429  0001010000101001 ( 229)                 ADD   R2 R0 #9
(10E4) 11A9  0001000110101001 ( 230)                 ADD   R0 R6 #9
(10E5) 122D  0001001000101101 ( 231)                 ADD   R1 R0 #13
(10E6) 5B2B  0101101100101011 ( 232)                 AND   R5 R4 #11
(10E7) 1BF8  0001101111111000 ( 233)                 ADD   R5 R7 #-8
(10E8) 1DE1  0001110111100001 ( 234)                 ADD   R6 R7 #1
(10E9) 1DB2  0001110110110010 ( 235)                 ADD   R6 R6 #-14
(10EA) 542A  0101010000101010 ( 236)                 AND   R2 R0 #10
(10EB) 1E63  0001111001100011 ( 237)                 ADD   R7 R1 #3
(10EC) 163D  0001011000111101 ( 238)                 ADD   R3 R0 #-3
(10ED) 56E6  0101011011100110 ( 239)                 AND   R3 R3 #6
(10EE) 1967  0001100101100111 ( 240)                 ADD   R4 R5 #7
(10EF) 5A72  0101101001110010 ( 241)                 AND   R5 R1 #-14
(10F0) 18EA  0001100011101010 ( 242)                 ADD   R4 R3 #10
(10F1) 1B3D  0001101100111101 ( 243)                 ADD   R5 R4 #-3
(10F2) 5028  0101000000101000 ( 244)                 AND   R0 R0 #8
(10F3) 5379  0101001101111001 ( 245)                 AND   R1 R5 #-7
(10F4) 192D  0001100100101101 ( 246)                 ADD   R4 R4 #13
(10F5) 59BD  0101100110111101 ( 247)                 AND   R4 R6 #-3
(10F6) 5975  0101100101110101 ( 248)                 AND   R4 R5 #-11
(10F7) 5BF4  0101101111110100 ( 249)                 AND   R5 R7 #-12
(10F8) 53B0  0101001110110000 ( 250)                 AND   R1 R6 #-16
(10F9) 5CA1  0101110010100001 ( 251)                 AND   R6 R2 #1
(10FA) 1B3A  0001101100111010 ( 252)                 ADD   R5 R4 #-6
(10FB) 5C21  0101110000100001 ( 253)                 AND   R6 R0 #1
(10FC) 59FF  0101100111111111 ( 254)                 AND   R4 R7 #-1
(10FD) 17F8  0001011111111000 ( 255)                 ADD   R3 R7 #-8
(10FE) 5564  0101010101100100 ( 256)                 AND   R2 R5 #4
(10FF) 58A0  0101100010100000 ( 257)                 AND   R4 R2 #0
(1100) 58E1  0101100011100001 ( 258)                 AND   R4 R3 #1
(1101) 15A3  0001010110100011 ( 259)                 ADD   R2 R6 #3
(1102) 173E  0001011100111110 ( 260)                 ADD   R3 R4 #-2
(1103) 1663  0001011001100011 ( 261)                 ADD   R3 R1 #3
(1104) 14E8  0001010011101000 ( 262)                 ADD   R2 R3 #8
(1105) 15FB  0001010111111011 ( 263)                 ADD   R2 R7 #-5
(1106) 1E68  0001111001101000 ( 264)                 ADD   R7 R1 #8
(1107) 56F8  0101011011111000 ( 265)                 AND   R3 R3 #-8
(1108) 51E9  0101000111101001 ( 266)                 AND   R0 R7 #9
(1109) 19A9  0001100110101001 ( 267)                 ADD   R4 R6 #9
(110A) 5225  0101001000100101 ( 268)                 AND   R1 R0 #5
(110B) 5B20  0101101100100000 ( 269)                 AND   R5 R4 #0
(110C) 5DBF  0101110110111111 ( 270)                 AND   R6 R6 #-1
(110D) 14A0  0001010010100000 ( 271)                 ADD   R2 R2 #0
(110E) 5AFF  0101101011111111 ( 272)                 AND   R5 R3 #-1
(110F) 50A1  0101000010100001 ( 273)                 AND   R0 R2 #1
(1110) 52A0  0101001010100000 ( 274)                 AND   R1 R2 #0
(1111) 1AA1  0001101010100001 ( 275)                 ADD   R5 R2 #1
(1112) 5326  0101001100100110 ( 276)                 AND   R1 R4 #6
(1113) 5E7B  0101111001111011 ( 277)                 AND   R7 R1 #-5
(1114) 50E6  0101000011100110 ( 278)                 AND   R0 R3 #6
(1115) 1ABF  0001101010111111 ( 279)                 ADD   R5 R2 #-1
(1116) 52E9  0101001011101001 ( 280)                 AND   R1 R3 #9
(1117) 5C29  0101110000101001 ( 281)                 AND   R6 R0 #9
(1118) 13B7  0001001110110111 ( 282)                 ADD   R1 R6 #-9
(1119) 5278  0101001001111000 ( 283)                 AND   R1 R1 #-8
(111A) 5BA0  0101101110100000 ( 284)                 AND   R5 R6 #0
(111B) 18A6  0001100010100110 ( 285)                 ADD   R4 R2 #6
(111C) 5CBE  0101110010111110 ( 286)                 AND   R6 R2 #-2
(111D) 553F  0101010100111111 ( 287)                 AND   R2 R4 #-1
(111E) 54A7  0101010010100111 ( 288)                 AND   R2 R2 #7
(111F) 13A6  0001001110100110 ( 289)                 ADD   R1 R6 #6
(1120) 5479  0101010001111001 ( 290)                 AND   R2 R1 #-7
(1121) 11A6  0001000110100110 ( 291)                 ADD   R0 R6 #6
(1122) 5B28  0101101100101000 ( 292)                 AND   R5 R4 #8
(1123) 1F21  0001111100100001 ( 293)                 ADD   R7 R4 #1
(1124) 5AA7  0101101010100111 ( 294)                 AND   R5 R2 #7
(1125) 1F39  0001111100111001 ( 295)                 ADD   R7 R4 #-7
(1126) 5AE2  0101101011100010 ( 296)                 AND   R5 R3 #2
(1127) 1A60  0001101001100000 ( 297)                 ADD   R5 R1 #0
(1128) 5A61  0101101001100001 ( 298)                 AND   R5 R1 #1
(1129) 15A0  0001010110100000 ( 299)                 ADD   R2 R6 #0
(112A) 5B37  0101101100110111 ( 300)                 AND   R5 R4 #-9
(112B) 1E3D  0001111000111101 ( 301)                 ADD   R7 R0 #-3
(112C) 0C63  0000110001100011 ( 302)                 BRNZ  A
(112D) 0662  0000011001100010 ( 303)                 BRZP  A
(112E) 0A61  0000101001100001 ( 304)                 BRNP  A
(112F) 0860  0000100001100000 ( 305)                 BRN   A
(1130) 045F  0000010001011111 ( 306)                 BRZ   A
(1131) 065E  0000011001011110 ( 307)                 BRZP  A
(1132) 085D  0000100001011101 ( 308)                 BRN   A
(1133) 0A5C  0000101001011100 ( 309)                 BRNP  A
(1134) 0A5B  0000101001011011 ( 310)                 BRNP  A
(1135) 0C5A  0000110001011010 ( 311)                 BRNZ  A
(1136) 0C59  0000110001011001 ( 312)                 BRNZ  A
(1137) 0858  0000100001011000 ( 313)                 BRN   A
(1138) 0E57  0000111001010111 ( 314)                 BRNZP A
(1139) 0456  0000010001010110 ( 315)                 BRZ   A
(113A) 0C55  0000110001010101 ( 316)                 BRNZ  A
(113B) 0E54  0000111001010100 ( 317)                 BRNZP A
(113C) 0C53  0000110001010011 ( 318)                 BRNZ  A
(113D) 0E52  0000111001010010 ( 319)                 BRNZP A
(113E) 0E51  0000111001010001 ( 320)                 BRNZP A
(113F) 0E50  0000111001010000 ( 321)                 BRNZP A
(1140) 064F  0000011001001111 ( 322)                 BRZP  A
(1141) 044E  0000010001001110 ( 323)                 BRZ   A
(1142) 0E4D  0000111001001101 ( 324)                 BRNZP A
(1143) 0A4C  0000101001001100 ( 325)                 BRNP  A
(1144) 0C4B  0000110001001011 ( 326)                 BRNZ  A
(1145) 044A  0000010001001010 ( 327)                 BRZ   A
(1146) 0A49  0000101001001001 ( 328)                 BRNP  A
(1147) 0C48  0000110001001000 ( 329)                 BRNZ  A
(1148) 0447  0000010001000111 ( 330)                 BRZ   A
(1149) 0A46  0000101001000110 ( 331)                 BRNP  A
(114A) 0E45  0000111001000101 ( 332)                 BRNZP A
(114B) 0644  0000011001000100 ( 333)                 BRZP  A
(114C) 0E43  0000111001000011 ( 334)                 BRNZP A
(114D) 0642  0000011001000010 ( 335)                 BRZP  A
(114E) 0E41  0000111001000001 ( 336)                 BRNZP A
(114F) 0840  0000100001000000 ( 337)                 BRN   A
(1150) 043F  0000010000111111 ( 338)                 BRZ   A
(1151) 023E  0000001000111110 ( 339)                 BRP   A
(1152) 063D  0000011000111101 ( 340)                 BRZP  A
(1153) 0C3C  0000110000111100 ( 341)                 BRNZ  A
(1154) 043B  0000010000111011 ( 342)                 BRZ   A
(1155) 063A  0000011000111010 ( 343)                 BRZP  A
(1156) 0439  0000010000111001 ( 344)                 BRZ   A
(1157) 0C38  0000110000111000 ( 345)                 BRNZ  A
(1158) 0237  0000001000110111 ( 346)                 BRP   A
(1159) 0436  0000010000110110 ( 347)                 BRZ   A
(115A) 0835  0000100000110101 ( 348)                 BRN   A
(115B) 0234  0000001000110100 ( 349)                 BRP   A
(115C) 0C33  0000110000110011 ( 350)                 BRNZ  A
(115D) 0E32  0000111000110010 ( 351)                 BRNZP A
(115E) E431  1110010000110001 ( 352)                 LEA   R2 A
(115F) EE30  1110111000110000 ( 353)                 LEA   R7 A
(1160) E02F  1110000000101111 ( 354)                 LEA   R0 A
(1161) EA2E  1110101000101110 ( 355)                 LEA   R5 A
(1162) EE2D  1110111000101101 ( 356)                 LEA   R7 A
(1163) EA2C  1110101000101100 ( 357)                 LEA   R5 A
(1164) E82B  1110100000101011 ( 358)                 LEA   R4 A
(1165) E02A  1110000000101010 ( 359)                 LEA   R0 A
(1166) EA29  1110101000101001 ( 360)                 LEA   R5 A
(1167) E228  1110001000101000 ( 361)                 LEA   R1 A
(1168) EE27  1110111000100111 ( 362)                 LEA   R7 A
(1169) E626  1110011000100110 ( 363)                 LEA   R3 A
(116A) EC25  1110110000100101 ( 364)                 LEA   R6 A
(116B) E424  1110010000100100 ( 365)                 LEA   R2 A
(116C) E223  1110001000100011 ( 366)                 LEA   R1 A
(116D) EE22  1110111000100010 ( 367)                 LEA   R7 A
(116E) E421  1110010000100001 ( 368)                 LEA   R2 A
(116F) EE20  1110111000100000 ( 369)                 LEA   R7 A
(1170) EC1F  1110110000011111 ( 370)                 LEA   R6 A
(1171) E01E  1110000000011110 ( 371)                 LEA   R0 A
(1172) E61D  1110011000011101 ( 372)                 LEA   R3 A
(1173) E41C  1110010000011100 ( 373)                 LEA   R2 A
(1174) E61B  1110011000011011 ( 374)                 LEA   R3 A
(1175) E81A  1110100000011010 ( 375)                 LEA   R4 A
(1176) E219  1110001000011001 ( 376)                 LEA   R1 A
(1177) EA18  1110101000011000 ( 377)                 LEA   R5 A
(1178) E617  1110011000010111 ( 378)                 LEA   R3 A
(1179) E616  1110011000010110 ( 379)                 LEA   R3 A
(117A) EA15  1110101000010101 ( 380)                 LEA   R5 A
(117B) EE14  1110111000010100 ( 381)                 LEA   R7 A
(117C) E413  1110010000010011 ( 382)                 LEA   R2 A
(117D) E812  1110100000010010 ( 383)                 LEA   R4 A
(117E) E411  1110010000010001 ( 384)                 LEA   R2 A
(117F) EE10  1110111000010000 ( 385)                 LEA   R7 A
(1180) E80F  1110100000001111 ( 386)                 LEA   R4 A
(1181) E20E  1110001000001110 ( 387)                 LEA   R1 A
(1182) E00D  1110000000001101 ( 388)                 LEA   R0 A
(1183) E40C  1110010000001100 ( 389)                 LEA   R2 A
(1184) E80B  1110100000001011 ( 390)                 LEA   R4 A
(1185) EE0A  1110111000001010 ( 391)                 LEA   R7 A
(1186) E009  1110000000001001 ( 392)                 LEA   R0 A
(1187) E208  1110001000001000 ( 393)                 LEA   R1 A
(1188) E407  1110010000000111 ( 394)                 LEA   R2 A
(1189) EC06  1110110000000110 ( 395)                 LEA   R6 A
(118A) EC05  1110110000000101 ( 396)                 LEA   R6 A
(118B) E604  1110011000000100 ( 397)                 LEA   R3 A
(118C) E403  1110010000000011 ( 398)                 LEA   R2 A
(118D) E802  1110100000000010 ( 399)                 LEA   R4 A
(118E) EC01  1110110000000001 ( 400)                 LEA   R6 A
(118F) EC00  1110110000000000 ( 401)                 LEA   R6 A
(1190) 1FFC  0001111111111100 ( 402) A               ADD   R7 R7 #-4
(1191) 05FE  0000010111111110 ( 403)                 BRZ   A
(1192) 03FD  0000001111111101 ( 404)                 BRP   A
(1193) 0FFC  0000111111111100 ( 405)                 BRNZP A
(1194) 07FB  0000011111111011 ( 406)                 BRZP  A
(1195) 0BFA  0000101111111010 ( 407)                 BRNP  A
(1196) 05F9  0000010111111001 ( 408)                 BRZ   A
(1197) 0BF8  0000101111111000 ( 409)                 BRNP  A
(1198) 0BF7  0000101111110111 ( 410)                 BRNP  A
(1199) 03F6  0000001111110110 ( 411)                 BRP   A
(119A) 07F5  0000011111110101 ( 412)                 BRZP  A
(119B) 05F4  0000010111110100 ( 413)                 BRZ   A
(119C) 03F3  0000001111110011 ( 414)                 BRP   A
(119D) 0FF2  0000111111110010 ( 415)                 BRNZP A
(119E) 0DF1  0000110111110001 ( 416)                 BRNZ  A
(119F) 05F0  0000010111110000 ( 417)                 BRZ   A
(11A0) 0FEF  0000111111101111 ( 418)                 BRNZP A
(11A1) 0DEE  0000110111101110 ( 419)                 BRNZ  A
(11A2) 0BED  0000101111101101 ( 420)                 BRNP  A
(11A3) 0FEC  0000111111101100 ( 421)                 BRNZP A
(11A4) 03EB  0000001111101011 ( 422)                 BRP   A
(11A5) 05EA  0000010111101010 ( 423)                 BRZ   A
(11A6) 0FE9  0000111111101001 ( 424)                 BRNZP A
(11A7) 07E8  0000011111101000 ( 425)                 BRZP  A
(11A8) 03E7  0000001111100111 ( 426)                 BRP   A
(11A9) 09E6  0000100111100110 ( 427)                 BRN   A
(11AA) 07E5  0000011111100101 ( 428)                 BRZP  A
(11AB) 03E4  0000001111100100 ( 429)                 BRP   A
(11AC) 0FE3  0000111111100011 ( 430)                 BRNZP A
(11AD) 07E2  0000011111100010 ( 431)                 BRZP  A
(11AE) 0FE1  0000111111100001 ( 432)                 BRNZP A
(11AF) 09E0  0000100111100000 ( 433)                 BRN   A
(11B0) 07DF  0000011111011111 ( 434)                 BRZP  A
(11B1) 03DE  0000001111011110 ( 435)                 BRP   A
(11B2) 03DD  0000001111011101 ( 436)                 BRP   A
(11B3) 0FDC  0000111111011100 ( 437)                 BRNZP A
(11B4) 09DB  0000100111011011 ( 438)                 BRN   A
(11B5) 0FDA  0000111111011010 ( 439)                 BRNZP A
(11B6) 0BD9  0000101111011001 ( 440)                 BRNP  A
(11B7) 07D8  0000011111011000 ( 441)                 BRZP  A
(11B8) 09D7  0000100111010111 ( 442)                 BRN   A
(11B9) 09D6  0000100111010110 ( 443)                 BRN   A
(11BA) 0FD5  0000111111010101 ( 444)                 BRNZP A
(11BB) 07D4  0000011111010100 ( 445)                 BRZP  A
(11BC) 0FD3  0000111111010011 ( 446)                 BRNZP A
(11BD) 0FD2  0000111111010010 ( 447)                 BRNZP A
(11BE) 0DD1  0000110111010001 ( 448)                 BRNZ  A
(11BF) 05D0  0000010111010000 ( 449)                 BRZ   A
(11C0) 0FCF  0000111111001111 ( 450)                 BRNZP A
(11C1) 0FCE  0000111111001110 ( 451)                 BRNZP A
(11C2) 0BCD  0000101111001101 ( 452)                 BRNP  A
(11C3) C0C0  1100000011000000 ( 453)                 JMP   R3
(11C4) C040  1100000001000000 ( 454)                 JMP   R1
(11C5) C100  1100000100000000 ( 455)                 JMP   R4
(11C6) C140  1100000101000000 ( 456)                 JMP   R5
(11C7) C140  1100000101000000 ( 457)                 JMP   R5
(11C8) C0C0  1100000011000000 ( 458)                 JMP   R3
(11C9) C080  1100000010000000 ( 459)                 JMP   R2
(11CA) C080  1100000010000000 ( 460)                 JMP   R2
(11CB) C1C0  1100000111000000 ( 461)                 RET   
(11CC) C100  1100000100000000 ( 462)                 JMP   R4
(11CD) C0C0  1100000011000000 ( 463)                 JMP   R3
(11CE) C100  1100000100000000 ( 464)                 JMP   R4
(11CF) C180  1100000110000000 ( 465)                 JMP   R6
(11D0) C080  1100000010000000 ( 466)                 JMP   R2
(11D1) C1C0  1100000111000000 ( 467)                 RET   
(11D2) C040  1100000001000000 ( 468)                 JMP   R1
(11D3) C080  1100000010000000 ( 469)                 JMP   R2
(11D4) C140  1100000101000000 ( 470)                 JMP   R5
(11D5) C1C0  1100000111000000 ( 471)                 RET   
(11D6) C000  1100000000000000 ( 472)                 JMP   R0
(11D7) C1C0  1100000111000000 ( 473)                 RET   
(11D8) C1C0  1100000111000000 ( 474)                 RET   
(11D9) C040  1100000001000000 ( 475)                 JMP   R1
(11DA) C080  1100000010000000 ( 476)                 JMP   R2
(11DB) C180  1100000110000000 ( 477)                 JMP   R6
(11DC) C100  1100000100000000 ( 478)                 JMP   R4
(11DD) C180  1100000110000000 ( 479)                 JMP   R6
(11DE) C180  1100000110000000 ( 480)                 JMP   R6
(11DF) C000  1100000000000000 ( 481)                 JMP   R0
(11E0) C040  1100000001000000 ( 482)                 JMP   R1
(11E1) C080  1100000010000000 ( 483)                 JMP   R2
(11E2) C040  1100000001000000 ( 484)                 JMP   R1
(11E3) C000  1100000000000000 ( 485)                 JMP   R0
(11E4) C140  1100000101000000 ( 486)                 JMP   R5
(11E5) C180  1100000110000000 ( 487)                 JMP   R6
(11E6) C000  1100000000000000 ( 488)                 JMP   R0
(11E7) C1C0  1100000111000000 ( 489)                 RET   
(11E8) C080  1100000010000000 ( 490)                 JMP   R2
(11E9) C1C0  1100000111000000 ( 491)                 RET   
(11EA) C180  1100000110000000 ( 492)                 JMP   R6
(11EB) C1C0  1100000111000000 ( 493)                 RET   
(11EC) C180  1100000110000000 ( 494)                 JMP   R6
(11ED) C040  1100000001000000 ( 495)                 JMP   R1
(11EE) C140  1100000101000000 ( 496)                 JMP   R5
(11EF) C100  1100000100000000 ( 497)                 JMP   R4
(11F0) C1C0  1100000111000000 ( 498)                 RET   
(11F1) C0C0  1100000011000000 ( 499)                 JMP   R3
(11F2) C140  1100000101000000 ( 500)                 JMP   R5
(11F3) C000  1100000000000000 ( 501)                 JMP   R0
(11F4) C000  1100000000000000 ( 502)                 JMP   R0
(11F5) 4F9A  0100111110011010 ( 503)                 JSR   A
(11F6) 4F99  0100111110011001 ( 504)                 JSR   A
(11F7) 4F98  0100111110011000 ( 505)                 JSR   A
(11F8) 4F97  0100111110010111 ( 506)                 JSR   A
(11F9) 4F96  0100111110010110 ( 507)                 JSR   A
(11FA) 4F95  0100111110010101 ( 508)                 JSR   A
(11FB) 4F94  0100111110010100 ( 509)                 JSR   A
(11FC) 4F93  0100111110010011 ( 510)                 JSR   A
(11FD) 4F92  0100111110010010 ( 511)                 JSR   A
(11FE) 4F91  0100111110010001 ( 512)                 JSR   A
(11FF) 4F90  0100111110010000 ( 513)                 JSR   A
(1200) 4F8F  0100111110001111 ( 514)                 JSR   A
(1201) 4F8E  0100111110001110 ( 515)                 JSR   A
(1202) 4F8D  0100111110001101 ( 516)                 JSR   A
(1203) 4F8C  0100111110001100 ( 517)                 JSR   A
(1204) 4F8B  0100111110001011 ( 518)                 JSR   A
(1205) 4F8A  0100111110001010 ( 519)                 JSR   A
(1206) 4F89  0100111110001001 ( 520)                 JSR   A
(1207) 4F88  0100111110001000 ( 521)                 JSR   A
(1208) 4F87  0100111110000111 ( 522)                 JSR   A
(1209) 4F86  0100111110000110 ( 523)                 JSR   A
(120A) 4F85  0100111110000101 ( 524)                 JSR   A
(120B) 4F84  0100111110000100 ( 525)                 JSR   A
(120C) 4F83  0100111110000011 ( 526)                 JSR   A
(120D) 4F82  0100111110000010 ( 527)                 JSR   A
(120E) 4F81  0100111110000001 ( 528)                 JSR   A
(120F) 4F80  0100111110000000 ( 529)                 JSR   A
(1210) 4F7F  0100111101111111 ( 530)                 JSR   A
(1211) 4F7E  0100111101111110 ( 531)                 JSR   A
(1212) 4F7D  0100111101111101 ( 532)                 JSR   A
(1213) 4F7C  0100111101111100 ( 533)                 JSR   A
(1214) 4F7B  0100111101111011 ( 534)                 JSR   A
(1215) 4F7A  0100111101111010 ( 535)                 JSR   A
(1216) 4F79  0100111101111001 ( 536)                 JSR   A
(1217) 4F78  0100111101111000 ( 537)                 JSR   A
(1218) 4F77  0100111101110111 ( 538)                 JSR   A
(1219) 4F76  0100111101110110 ( 539)                 JSR   A
(121A) 4F75  0100111101110101 ( 540)                 JSR   A
(121B) 4F74  0100111101110100 ( 541)                 JSR   A
(121C) 4F73  0100111101110011 ( 542)                 JSR   A
(121D) 4F72  0100111101110010 ( 543)                 JSR   A
(121E) 4F71  0100111101110001 ( 544)                 JSR   A
(121F) 4F70  0100111101110000 ( 545)                 JSR   A
(1220) 4F6F  0100111101101111 ( 546)                 JSR   A
(1221) 4F6E  0100111101101110 ( 547)                 JSR   A
(1222) 4F6D  0100111101101101 ( 548)                 JSR   A
(1223) 4F6C  0100111101101100 ( 549)                 JSR   A
(1224) 4F6B  0100111101101011 ( 550)                 JSR   A
(1225) 4F6A  0100111101101010 ( 551)                 JSR   A
(1226) 4F69  0100111101101001 ( 552)                 JSR   A
(1227) 4100  0100000100000000 ( 553)                 JSRR  R4
(1228) 41C0  0100000111000000 ( 554)                 JSRR  R7
(1229) 4140  0100000101000000 ( 555)                 JSRR  R5
(122A) 4100  0100000100000000 ( 556)                 JSRR  R4
(122B) 4080  0100000010000000 ( 557)                 JSRR  R2
(122C) 41C0  0100000111000000 ( 558)                 JSRR  R7
(122D) 4100  0100000100000000 ( 559)                 JSRR  R4
(122E) 4040  0100000001000000 ( 560)                 JSRR  R1
(122F) 41C0  0100000111000000 ( 561)                 JSRR  R7
(1230) 4080  0100000010000000 ( 562)                 JSRR  R2
(1231) 4080  0100000010000000 ( 563)                 JSRR  R2
(1232) 4040  0100000001000000 ( 564)                 JSRR  R1
(1233) 4000  0100000000000000 ( 565)                 JSRR  R0
(1234) 4000  0100000000000000 ( 566)                 JSRR  R0
(1235) 4100  0100000100000000 ( 567)                 JSRR  R4
(1236) 4000  0100000000000000 ( 568)                 JSRR  R0
(1237) 4080  0100000010000000 ( 569)                 JSRR  R2
(1238) 40C0  0100000011000000 ( 570)                 JSRR  R3
(1239) 4100  0100000100000000 ( 571)                 JSRR  R4
(123A) 4040  0100000001000000 ( 572)                 JSRR  R1
(123B) 4040  0100000001000000 ( 573)                 JSRR  R1
(123C) 4080  0100000010000000 ( 574)                 JSRR  R2
(123D) 4100  0100000100000000 ( 575)                 JSRR  R4
(123E) 4000  0100000000000000 ( 576)                 JSRR  R0
(123F) 41C0  0100000111000000 ( 577)                 JSRR  R7
(1240) 4100  0100000100000000 ( 578)                 JSRR  R4
(1241) 4080  0100000010000000 ( 579)                 JSRR  R2
(1242) 40C0  0100000011000000 ( 580)                 JSRR  R3
(1243) 40C0  0100000011000000 ( 581)                 JSRR  R3
(1244) 4100  0100000100000000 ( 582)                 JSRR  R4
(1245) 4140  0100000101000000 ( 583)                 JSRR  R5
(1246) 4040  0100000001000000 ( 584)                 JSRR  R1
(1247) 40C0  0100000011000000 ( 585)                 JSRR  R3
(1248) 40C0  0100000011000000 ( 586)                 JSRR  R3
(1249) 4000  0100000000000000 ( 587)                 JSRR  R0
(124A) 4180  0100000110000000 ( 588)                 JSRR  R6
(124B) 4040  0100000001000000 ( 589)                 JSRR  R1
(124C) 4180  0100000110000000 ( 590)                 JSRR  R6
(124D) 4140  0100000101000000 ( 591)                 JSRR  R5
(124E) 40C0  0100000011000000 ( 592)                 JSRR  R3
(124F) 41C0  0100000111000000 ( 593)                 JSRR  R7
(1250) 4040  0100000001000000 ( 594)                 JSRR  R1
(1251) 4000  0100000000000000 ( 595)                 JSRR  R0
(1252) 4100  0100000100000000 ( 596)                 JSRR  R4
(1253) 4100  0100000100000000 ( 597)                 JSRR  R4
(1254) 40C0  0100000011000000 ( 598)                 JSRR  R3
(1255) 4100  0100000100000000 ( 599)                 JSRR  R4
(1256) 41C0  0100000111000000 ( 600)                 JSRR  R7
(1257) 4000  0100000000000000 ( 601)                 JSRR  R0
(1258) 4140  0100000101000000 ( 602)                 JSRR  R5
(1259) 91BF  1001000110111111 ( 603)                 NOT   R0 R6
(125A) 957F  1001010101111111 ( 604)                 NOT   R2 R5
(125B) 937F  1001001101111111 ( 605)                 NOT   R1 R5
(125C) 92FF  1001001011111111 ( 606)                 NOT   R1 R3
(125D) 9BFF  1001101111111111 ( 607)                 NOT   R5 R7
(125E) 98BF  1001100010111111 ( 608)                 NOT   R4 R2
(125F) 99FF  1001100111111111 ( 609)                 NOT   R4 R7
(1260) 977F  1001011101111111 ( 610)                 NOT   R3 R5
(1261) 91FF  1001000111111111 ( 611)                 NOT   R0 R7
(1262) 9C7F  1001110001111111 ( 612)                 NOT   R6 R1
(1263) 943F  1001010000111111 ( 613)                 NOT   R2 R0
(1264) 94BF  1001010010111111 ( 614)                 NOT   R2 R2
(1265) 9F7F  1001111101111111 ( 615)                 NOT   R7 R5
(1266) 9BFF  1001101111111111 ( 616)                 NOT   R5 R7
(1267) 9CBF  1001110010111111 ( 617)                 NOT   R6 R2
(1268) 9DBF  1001110110111111 ( 618)                 NOT   R6 R6
(1269) 917F  1001000101111111 ( 619)                 NOT   R0 R5
(126A) 96BF  1001011010111111 ( 620)                 NOT   R3 R2
(126B) 997F  1001100101111111 ( 621)                 NOT   R4 R5
(126C) 97BF  1001011110111111 ( 622)                 NOT   R3 R6
(126D) 9E7F  1001111001111111 ( 623)                 NOT   R7 R1
(126E) 973F  1001011100111111 ( 624)                 NOT   R3 R4
(126F) 953F  1001010100111111 ( 625)                 NOT   R2 R4
(1270) 9C3F  1001110000111111 ( 626)                 NOT   R6 R0
(1271) 95BF  1001010110111111 ( 627)                 NOT   R2 R6
(1272) 90FF  1001000011111111 ( 628)                 NOT   R0 R3
(1273) 9A3F  1001101000111111 ( 629)                 NOT   R5 R0
(1274) 99FF  1001100111111111 ( 630)                 NOT   R4 R7
(1275) 923F  1001001000111111 ( 631)                 NOT   R1 R0
(1276) 99BF  1001100110111111 ( 632)                 NOT   R4 R6
(1277) 95BF  1001010110111111 ( 633)                 NOT   R2 R6
(1278) 9C3F  1001110000111111 ( 634)                 NOT   R6 R0
(1279) 94BF  1001010010111111 ( 635)                 NOT   R2 R2
(127A) 9F3F  1001111100111111 ( 636)                 NOT   R7 R4
(127B) 97FF  1001011111111111 ( 637)                 NOT   R3 R7
(127C) 96BF  1001011010111111 ( 638)                 NOT   R3 R2
(127D) 9CBF  1001110010111111 ( 639)                 NOT   R6 R2
(127E) 9D7F  1001110101111111 ( 640)                 NOT   R6 R5
(127F) 923F  1001001000111111 ( 641)                 NOT   R1 R0
(1280) 9D7F  1001110101111111 ( 642)                 NOT   R6 R5
(1281) 93BF  1001001110111111 ( 643)                 NOT   R1 R6
(1282) 97BF  1001011110111111 ( 644)                 NOT   R3 R6
(1283) 90FF  1001000011111111 ( 645)                 NOT   R0 R3
(1284) 913F  1001000100111111 ( 646)                 NOT   R0 R4
(1285) 9FFF  1001111111111111 ( 647)                 NOT   R7 R7
(1286) 94BF  1001010010111111 ( 648)                 NOT   R2 R2
(1287) 927F  1001001001111111 ( 649)                 NOT   R1 R1
(1288) 96FF  1001011011111111 ( 650)                 NOT   R3 R3
(1289) 93BF  1001001110111111 ( 651)                 NOT   R1 R6
(128A) 913F  1001000100111111 ( 652)                 NOT   R0 R4
(128B) C1C0  1100000111000000 ( 653)                 RET   
(128C) 8000  1000000000000000 ( 654)                 RTI   
