(0000) 1000  0001000000000000 (   1)                 .ORIG x1000
(1000) 1A00  0001101000000000 (   2)                 ADD   R5 R0 R0
(1001) 1C87  0001110010000111 (   3)                 ADD   R6 R2 R7
(1002) 1DC6  0001110111000110 (   4)                 ADD   R6 R7 R6
(1003) 1180  0001000110000000 (   5)                 ADD   R0 R6 R0
(1004) 18C2  0001100011000010 (   6)                 ADD   R4 R3 R2
(1005) 18C3  0001100011000011 (   7)                 ADD   R4 R3 R3
(1006) 5884  0101100010000100 (   8)                 AND   R4 R2 R4
(1007) 1803  0001100000000011 (   9)                 ADD   R4 R0 R3
(1008) 1B43  0001101101000011 (  10)                 ADD   R5 R5 R3
(1009) 5986  0101100110000110 (  11)                 AND   R4 R6 R6
(100A) 5903  0101100100000011 (  12)                 AND   R4 R4 R3
(100B) 5080  0101000010000000 (  13)                 AND   R0 R2 R0
(100C) 5CC2  0101110011000010 (  14)                 AND   R6 R3 R2
(100D) 5C06  0101110000000110 (  15)                 AND   R6 R0 R6
(100E) 12C7  0001001011000111 (  16)                 ADD   R1 R3 R7
(100F) 56C6  0101011011000110 (  17)                 AND   R3 R3 R6
(1010) 53C7  0101001111000111 (  18)                 AND   R1 R7 R7
(1011) 12C0  0001001011000000 (  19)                 ADD   R1 R3 R0
(1012) 13C4  0001001111000100 (  20)                 ADD   R1 R7 R4
(1013) 5EC6  0101111011000110 (  21)                 AND   R7 R3 R6
(1014) 5A05  0101101000000101 (  22)                 AND   R5 R0 R5
(1015) 5986  0101100110000110 (  23)                 AND   R4 R6 R6
(1016) 5AC7  0101101011000111 (  24)                 AND   R5 R3 R7
(1017) 1C03  0001110000000011 (  25)                 ADD   R6 R0 R3
(1018) 1A83  0001101010000011 (  26)                 ADD   R5 R2 R3
(1019) 1783  0001011110000011 (  27)                 ADD   R3 R6 R3
(101A) 1B83  0001101110000011 (  28)                 ADD   R5 R6 R3
(101B) 1604  0001011000000100 (  29)                 ADD   R3 R0 R4
(101C) 1201  0001001000000001 (  30)                 ADD   R1 R0 R1
(101D) 5141  0101000101000001 (  31)                 AND   R0 R5 R1
(101E) 5002  0101000000000010 (  32)                 AND   R0 R0 R2
(101F) 5B46  0101101101000110 (  33)                 AND   R5 R5 R6
(1020) 5240  0101001001000000 (  34)                 AND   R1 R1 R0
(1021) 5B05  0101101100000101 (  35)                 AND   R5 R4 R5
(1022) 53C4  0101001111000100 (  36)                 AND   R1 R7 R4
(1023) 5446  0101010001000110 (  37)                 AND   R2 R1 R6
(1024) 5600  0101011000000000 (  38)                 AND   R3 R0 R0
(1025) 5F46  0101111101000110 (  39)                 AND   R7 R5 R6
(1026) 5540  0101010101000000 (  40)                 AND   R2 R5 R0
(1027) 5AC5  0101101011000101 (  41)                 AND   R5 R3 R5
(1028) 5F02  0101111100000010 (  42)                 AND   R7 R4 R2
(1029) 5383  0101001110000011 (  43)                 AND   R1 R6 R3
(102A) 5B81  0101101110000001 (  44)                 AND   R5 R6 R1
(102B) 5EC0  0101111011000000 (  45)                 AND   R7 R3 R0
(102C) 15C7  0001010111000111 (  46)                 ADD   R2 R7 R7
(102D) 5882  0101100010000010 (  47)                 AND   R4 R2 R2
(102E) 1986  0001100110000110 (  48)                 ADD   R4 R6 R6
(102F) 18C4  0001100011000100 (  49)                 ADD   R4 R3 R4
(1030) 1C43  0001110001000011 (  50)                 ADD   R6 R1 R3
(1031) 12C1  0001001011000001 (  51)                 ADD   R1 R3 R1
(1032) 5C45  0101110001000101 (  52)                 AND   R6 R1 R5
(1033) 1A82  0001101010000010 (  53)                 ADD   R5 R2 R2
(1034) 17C0  0001011111000000 (  54)                 ADD   R3 R7 R0
(1035) 5940  0101100101000000 (  55)                 AND   R4 R5 R0
(1036) 5DC6  0101110111000110 (  56)                 AND   R6 R7 R6
(1037) 5D46  0101110101000110 (  57)                 AND   R6 R5 R6
(1038) 5D82  0101110110000010 (  58)                 AND   R6 R6 R2
(1039) 5E86  0101111010000110 (  59)                 AND   R7 R2 R6
(103A) 14C0  0001010011000000 (  60)                 ADD   R2 R3 R0
(103B) 5607  0101011000000111 (  61)                 AND   R3 R0 R7
(103C) 1C86  0001110010000110 (  62)                 ADD   R6 R2 R6
(103D) 5787  0101011110000111 (  63)                 AND   R3 R6 R7
(103E) 5103  0101000100000011 (  64)                 AND   R0 R4 R3
(103F) 17C1  0001011111000001 (  65)                 ADD   R3 R7 R1
(1040) 16C1  0001011011000001 (  66)                 ADD   R3 R3 R1
(1041) 1380  0001001110000000 (  67)                 ADD   R1 R6 R0
(1042) 1804  0001100000000100 (  68)                 ADD   R4 R0 R4
(1043) 5F82  0101111110000010 (  69)                 AND   R7 R6 R2
(1044) 5705  0101011100000101 (  70)                 AND   R3 R4 R5
(1045) 1000  0001000000000000 (  71)                 ADD   R0 R0 R0
(1046) 1F40  0001111101000000 (  72)                 ADD   R7 R5 R0
(1047) 5C04  0101110000000100 (  73)                 AND   R6 R0 R4
(1048) 59C6  0101100111000110 (  74)                 AND   R4 R7 R6
(1049) 5A02  0101101000000010 (  75)                 AND   R5 R0 R2
(104A) 55C2  0101010111000010 (  76)                 AND   R2 R7 R2
(104B) 5F85  0101111110000101 (  77)                 AND   R7 R6 R5
(104C) 5786  0101011110000110 (  78)                 AND   R3 R6 R6
(104D) 12C1  0001001011000001 (  79)                 ADD   R1 R3 R1
(104E) 5B00  0101101100000000 (  80)                 AND   R5 R4 R0
(104F) 1E44  0001111001000100 (  81)                 ADD   R7 R1 R4
(1050) 1444  0001010001000100 (  82)                 ADD   R2 R1 R4
(1051) 5F80  0101111110000000 (  83)                 AND   R7 R6 R0
(1052) 1041  0001000001000001 (  84)                 ADD   R0 R1 R1
(1053) 54C3  0101010011000011 (  85)                 AND   R2 R3 R3
(1054) 1EC5  0001111011000101 (  86)                 ADD   R7 R3 R5
(1055) 1F45  0001111101000101 (  87)                 ADD   R7 R5 R5
(1056) 1283  0001001010000011 (  88)                 ADD   R1 R2 R3
(1057) 1EC1  0001111011000001 (  89)                 ADD   R7 R3 R1
(1058) 1305  0001001100000101 (  90)                 ADD   R1 R4 R5
(1059) 1D41  0001110101000001 (  91)                 ADD   R6 R5 R1
(105A) 5103  0101000100000011 (  92)                 AND   R0 R4 R3
(105B) 5FC4  0101111111000100 (  93)                 AND   R7 R7 R4
(105C) 5D07  0101110100000111 (  94)                 AND   R6 R4 R7
(105D) 5305  0101001100000101 (  95)                 AND   R1 R4 R5
(105E) 1F83  0001111110000011 (  96)                 ADD   R7 R6 R3
(105F) 5404  0101010000000100 (  97)                 AND   R2 R0 R4
(1060) 1F45  0001111101000101 (  98)                 ADD   R7 R5 R5
(1061) 5F04  0101111100000100 (  99)                 AND   R7 R4 R4
(1062) 5580  0101010110000000 ( 100)                 AND   R2 R6 R0
(1063) 5C42  0101110001000010 ( 101)                 AND   R6 R1 R2
(1064) 5C01  0101110000000001 ( 102)                 AND   R6 R0 R1
(1065) 5181  0101000110000001 ( 103)                 AND   R0 R6 R1
(1066) 1F46  0001111101000110 ( 104)                 ADD   R7 R5 R6
(1067) 54C5  0101010011000101 ( 105)                 AND   R2 R3 R5
(1068) 58C6  0101100011000110 ( 106)                 AND   R4 R3 R6
(1069) 1C00  0001110000000000 ( 107)                 ADD   R6 R0 R0
(106A) 58C3  0101100011000011 ( 108)                 AND   R4 R3 R3
(106B) 5542  0101010101000010 ( 109)                 AND   R2 R5 R2
(106C) 1202  0001001000000010 ( 110)                 ADD   R1 R0 R2
(106D) 1186  0001000110000110 ( 111)                 ADD   R0 R6 R6
(106E) 14C7  0001010011000111 ( 112)                 ADD   R2 R3 R7
(106F) 5346  0101001101000110 ( 113)                 AND   R1 R5 R6
(1070) 5FC0  0101111111000000 ( 114)                 AND   R7 R7 R0
(1071) 1D83  0001110110000011 ( 115)                 ADD   R6 R6 R3
(1072) 5B44  0101101101000100 ( 116)                 AND   R5 R5 R4
(1073) 1B47  0001101101000111 ( 117)                 ADD   R5 R5 R7
(1074) 13C5  0001001111000101 ( 118)                 ADD   R1 R7 R5
(1075) 5500  0101010100000000 ( 119)                 AND   R2 R4 R0
(1076) 5706  0101011100000110 ( 120)                 AND   R3 R4 R6
(1077) 1FC7  0001111111000111 ( 121)                 ADD   R7 R7 R7
(1078) 1F02  0001111100000010 ( 122)                 ADD   R7 R4 R2
(1079) 1D46  0001110101000110 ( 123)                 ADD   R6 R5 R6
(107A) 1785  0001011110000101 ( 124)                 ADD   R3 R6 R5
(107B) 5100  0101000100000000 ( 125)                 AND   R0 R4 R0
(107C) 1E84  0001111010000100 ( 126)                 ADD   R7 R2 R4
(107D) 19C0  0001100111000000 ( 127)                 ADD   R4 R7 R0
(107E) 1F44  0001111101000100 ( 128)                 ADD   R7 R5 R4
(107F) 19C7  0001100111000111 ( 129)                 ADD   R4 R7 R7
(1080) 5786  0101011110000110 ( 130)                 AND   R3 R6 R6
(1081) 14C7  0001010011000111 ( 131)                 ADD   R2 R3 R7
(1082) 1683  0001011010000011 ( 132)                 ADD   R3 R2 R3
(1083) 1781  0001011110000001 ( 133)                 ADD   R3 R6 R1
(1084) 1802  0001100000000010 ( 134)                 ADD   R4 R0 R2
(1085) 53C6  0101001111000110 ( 135)                 AND   R1 R7 R6
(1086) 5943  0101100101000011 ( 136)                 AND   R4 R5 R3
(1087) 1105  0001000100000101 ( 137)                 ADD   R0 R4 R5
(1088) 16C1  0001011011000001 ( 138)                 ADD   R3 R3 R1
(1089) 1245  0001001001000101 ( 139)                 ADD   R1 R1 R5
(108A) 1B86  0001101110000110 ( 140)                 ADD   R5 R6 R6
(108B) 16C6  0001011011000110 ( 141)                 ADD   R3 R3 R6
(108C) 56C7  0101011011000111 ( 142)                 AND   R3 R3 R7
(108D) 5C01  0101110000000001 ( 143)                 AND   R6 R0 R1
(108E) 5E45  0101111001000101 ( 144)                 AND   R7 R1 R5
(108F) 1684  0001011010000100 ( 145)                 ADD   R3 R2 R4
(1090) 5D47  0101110101000111 ( 146)                 AND   R6 R5 R7
(1091) 5807  0101100000000111 ( 147)                 AND   R4 R0 R7
(1092) 1A84  0001101010000100 ( 148)                 ADD   R5 R2 R4
(1093) 1304  0001001100000100 ( 149)                 ADD   R1 R4 R4
(1094) 5D82  0101110110000010 ( 150)                 AND   R6 R6 R2
(1095) 1D43  0001110101000011 ( 151)                 ADD   R6 R5 R3
(1096) 1F04  0001111100000100 ( 152)                 ADD   R7 R4 R4
(1097) 1D06  0001110100000110 ( 153)                 ADD   R6 R4 R6
(1098) 5DC2  0101110111000010 ( 154)                 AND   R6 R7 R2
(1099) 5DC7  0101110111000111 ( 155)                 AND   R6 R7 R7
(109A) 1FC2  0001111111000010 ( 156)                 ADD   R7 R7 R2
(109B) 5746  0101011101000110 ( 157)                 AND   R3 R5 R6
(109C) 1E40  0001111001000000 ( 158)                 ADD   R7 R1 R0
(109D) 1346  0001001101000110 ( 159)                 ADD   R1 R5 R6
(109E) 16C1  0001011011000001 ( 160)                 ADD   R3 R3 R1
(109F) 5244  0101001001000100 ( 161)                 AND   R1 R1 R4
(10A0) 1600  0001011000000000 ( 162)                 ADD   R3 R0 R0
(10A1) 5F03  0101111100000011 ( 163)                 AND   R7 R4 R3
(10A2) 5645  0101011001000101 ( 164)                 AND   R3 R1 R5
(10A3) 5A07  0101101000000111 ( 165)                 AND   R5 R0 R7
(10A4) 5247  0101001001000111 ( 166)                 AND   R1 R1 R7
(10A5) 14C7  0001010011000111 ( 167)                 ADD   R2 R3 R7
(10A6) 59C1  0101100111000001 ( 168)                 AND   R4 R7 R1
(10A7) 56C1  0101011011000001 ( 169)                 AND   R3 R3 R1
(10A8) 5A00  0101101000000000 ( 170)                 AND   R5 R0 R0
(10A9) 5A46  0101101001000110 ( 171)                 AND   R5 R1 R6
(10AA) 5041  0101000001000001 ( 172)                 AND   R0 R1 R1
(10AB) 1F83  0001111110000011 ( 173)                 ADD   R7 R6 R3
(10AC) 5C40  0101110001000000 ( 174)                 AND   R6 R1 R0
(10AD) 1081  0001000010000001 ( 175)                 ADD   R0 R2 R1
(10AE) 1D47  0001110101000111 ( 176)                 ADD   R6 R5 R7
(10AF) 5544  0101010101000100 ( 177)                 AND   R2 R5 R4
(10B0) 5380  0101001110000000 ( 178)                 AND   R1 R6 R0
(10B1) 5D86  0101110110000110 ( 179)                 AND   R6 R6 R6
(10B2) 1B83  0001101110000011 ( 180)                 ADD   R5 R6 R3
(10B3) 1304  0001001100000100 ( 181)                 ADD   R1 R4 R4
(10B4) 5084  0101000010000100 ( 182)                 AND   R0 R2 R4
(10B5) 1507  0001010100000111 ( 183)                 ADD   R2 R4 R7
(10B6) 5405  0101010000000101 ( 184)                 AND   R2 R0 R5
(10B7) 1E07  0001111000000111 ( 185)                 ADD   R7 R0 R7
(10B8) 1BC3  0001101111000011 ( 186)                 ADD   R5 R7 R3
(10B9) 1F06  0001111100000110 ( 187)                 ADD   R7 R4 R6
(10BA) 5080  0101000010000000 ( 188)                 AND   R0 R2 R0
(10BB) 5600  0101011000000000 ( 189)                 AND   R3 R0 R0
(10BC) 1545  0001010101000101 ( 190)                 ADD   R2 R5 R5
(10BD) 5484  0101010010000100 ( 191)                 AND   R2 R2 R4
(10BE) 5786  0101011110000110 ( 192)                 AND   R3 R6 R6
(10BF) 55C4  0101010111000100 ( 193)                 AND   R2 R7 R4
(10C0) 1000  0001000000000000 ( 194)                 ADD   R0 R0 R0
(10C1) 1281  0001001010000001 ( 195)                 ADD   R1 R2 R1
(10C2) 5CC2  0101110011000010 ( 196)                 AND   R6 R3 R2
(10C3) 1304  0001001100000100 ( 197)                 ADD   R1 R4 R4
(10C4) 5E00  0101111000000000 ( 198)                 AND   R7 R0 R0
(10C5) 1300  0001001100000000 ( 199)                 ADD   R1 R4 R0
(10C6) 5585  0101010110000101 ( 200)                 AND   R2 R6 R5
(10C7) 5A03  0101101000000011 ( 201)                 AND   R5 R0 R3
(10C8) 593D  0101100100111101 ( 202)                 AND   R4 R4 #-3
(10C9) 527F  0101001001111111 ( 203)                 AND   R1 R1 #-1
(10CA) 5FBC  0101111110111100 ( 204)                 AND   R7 R6 #-4
(10CB) 59B1  0101100110110001 ( 205)                 AND   R4 R6 #-15
(10CC) 577F  0101011101111111 ( 206)                 AND   R3 R5 #-1
(10CD) 5FBE  0101111110111110 ( 207)                 AND   R7 R6 #-2
(10CE) 57F5  0101011111110101 ( 208)                 AND   R3 R7 #-11
(10CF) 54A5  0101010010100101 ( 209)                 AND   R2 R2 #5
(10D0) 1CB6  0001110010110110 ( 210)                 ADD   R6 R2 #-10
(10D1) 5BE6  0101101111100110 ( 211)                 AND   R5 R7 #6
(10D2) 1327  0001001100100111 ( 212)                 ADD   R1 R4 #7
(10D3) 1A38  0001101000111000 ( 213)                 ADD   R5 R0 #-8
(10D4) 17A4  0001011110100100 ( 214)                 ADD   R3 R6 #4
(10D5) 1965  0001100101100101 ( 215)                 ADD   R4 R5 #5
(10D6) 1DB5  0001110110110101 ( 216)                 ADD   R6 R6 #-11
(10D7) 17B0  0001011110110000 ( 217)                 ADD   R3 R6 #-16
(10D8) 5DA1  0101110110100001 ( 218)                 AND   R6 R6 #1
(10D9) 196A  0001100101101010 ( 219)                 ADD   R4 R5 #10
(10DA) 5FAD  0101111110101101 ( 220)                 AND   R7 R6 #13
(10DB) 5FF4  0101111111110100 ( 221)                 AND   R7 R7 #-12
(10DC) 502F  0101000000101111 ( 222)                 AND   R0 R0 #15
(10DD) 5265  0101001001100101 ( 223)                 AND   R1 R1 #5
(10DE) 1225  0001001000100101 ( 224)                 ADD   R1 R0 #5
(10DF) 162A  0001011000101010 ( 225)                 ADD   R3 R0 #10
(10E0) 1F23  0001111100100011 ( 226)                 ADD   R7 R4 #3
(10E1) 552E  0101010100101110 ( 227)                 AND   R2 R4 #14
(10E2) 5FA6  0101111110100110 ( 228)                 AND   R7 R6 #6
(10E3) 53E4  0101001111100100 ( 229)                 AND   R1 R7 #4
(10E4) 1F21  0001111100100001 ( 230)                 ADD   R7 R4 #1
(10E5) 1671  0001011001110001 ( 231)                 ADD   R3 R1 #-15
(10E6) 502E  0101000000101110 ( 232)                 AND   R0 R0 #14
(10E7) 13FE  0001001111111110 ( 233)                 ADD   R1 R7 #-2
(10E8) 522C  0101001000101100 ( 234)                 AND   R1 R0 #12
(10E9) 5CBF  0101110010111111 ( 235)                 AND   R6 R2 #-1
(10EA) 5675  0101011001110101 ( 236)                 AND   R3 R1 #-11
(10EB) 5474  0101010001110100 ( 237)                 AND   R2 R1 #-12
(10EC) 1427  0001010000100111 ( 238)                 ADD   R2 R0 #7
(10ED) 59B2  0101100110110010 ( 239)                 AND   R4 R6 #-14
(10EE) 1360  0001001101100000 ( 240)                 ADD   R1 R5 #0
(10EF) 5FFB  0101111111111011 ( 241)                 AND   R7 R7 #-5
(10F0) 5D74  0101110101110100 ( 242)                 AND   R6 R5 #-12
(10F1) 5932  0101100100110010 ( 243)                 AND   R4 R4 #-14
(10F2) 1129  0001000100101001 ( 244)                 ADD   R0 R4 #9
(10F3) 16A2  0001011010100010 ( 245)                 ADD   R3 R2 #2
(10F4) 126C  0001001001101100 ( 246)                 ADD   R1 R1 #12
(10F5) 50F5  0101000011110101 ( 247)                 AND   R0 R3 #-11
(10F6) 1A2F  0001101000101111 ( 248)                 ADD   R5 R0 #15
(10F7) 1DEE  0001110111101110 ( 249)                 ADD   R6 R7 #14
(10F8) 1125  0001000100100101 ( 250)                 ADD   R0 R4 #5
(10F9) 1AFF  0001101011111111 ( 251)                 ADD   R5 R3 #-1
(10FA) 5B37  0101101100110111 ( 252)                 AND   R5 R4 #-9
(10FB) 1EE2  0001111011100010 ( 253)                 ADD   R7 R3 #2
(10FC) 1B60  0001101101100000 ( 254)                 ADD   R5 R5 #0
(10FD) 5A39  0101101000111001 ( 255)                 AND   R5 R0 #-7
(10FE) 5222  0101001000100010 ( 256)                 AND   R1 R0 #2
(10FF) 1424  0001010000100100 ( 257)                 ADD   R2 R0 #4
(1100) 5563  0101010101100011 ( 258)                 AND   R2 R5 #3
(1101) 5BBC  0101101110111100 ( 259)                 AND   R5 R6 #-4
(1102) 5A7F  0101101001111111 ( 260)                 AND   R5 R1 #-1
(1103) 1C78  0001110001111000 ( 261)                 ADD   R6 R1 #-8
(1104) 16A9  0001011010101001 ( 262)                 ADD   R3 R2 #9
(1105) 10E3  0001000011100011 ( 263)                 ADD   R0 R3 #3
(1106) 5DB8  0101110110111000 ( 264)                 AND   R6 R6 #-8
(1107) 17E8  0001011111101000 ( 265)                 ADD   R3 R7 #8
(1108) 55A5  0101010110100101 ( 266)                 AND   R2 R6 #5
(1109) 533B  0101001100111011 ( 267)                 AND   R1 R4 #-5
(110A) 1AE6  0001101011100110 ( 268)                 ADD   R5 R3 #6
(110B) 5E7E  0101111001111110 ( 269)                 AND   R7 R1 #-2
(110C) 5169  0101000101101001 ( 270)                 AND   R0 R5 #9
(110D) 16A5  0001011010100101 ( 271)                 ADD   R3 R2 #5
(110E) 54A0  0101010010100000 ( 272)                 AND   R2 R2 #0
(110F) 123E  0001001000111110 ( 273)                 ADD   R1 R0 #-2
(1110) 5D68  0101110101101000 ( 274)                 AND   R6 R5 #8
(1111) 55BF  0101010110111111 ( 275)                 AND   R2 R6 #-1
(1112) 1BFE  0001101111111110 ( 276)                 ADD   R5 R7 #-2
(1113) 1469  0001010001101001 ( 277)                 ADD   R2 R1 #9
(1114) 5067  0101000001100111 ( 278)                 AND   R0 R1 #7
(1115) 12A5  0001001010100101 ( 279)                 ADD   R1 R2 #5
(1116) 1E24  0001111000100100 ( 280)                 ADD   R7 R0 #4
(1117) 1F60  0001111101100000 ( 281)                 ADD   R7 R5 #0
(1118) 5BB9  0101101110111001 ( 282)                 AND   R5 R6 #-7
(1119) 59BB  0101100110111011 ( 283)                 AND   R4 R6 #-5
(111A) 5322  0101001100100010 ( 284)                 AND   R1 R4 #2
(111B) 1C78  0001110001111000 ( 285)                 ADD   R6 R1 #-8
(111C) 5DBD  0101110110111101 ( 286)                 AND   R6 R6 #-3
(111D) 573E  0101011100111110 ( 287)                 AND   R3 R4 #-2
(111E) 533A  0101001100111010 ( 288)                 AND   R1 R4 #-6
(111F) 1463  0001010001100011 ( 289)                 ADD   R2 R1 #3
(1120) 553A  0101010100111010 ( 290)                 AND   R2 R4 #-6
(1121) 1F22  0001111100100010 ( 291)                 ADD   R7 R4 #2
(1122) 1D7B  0001110101111011 ( 292)                 ADD   R6 R5 #-5
(1123) 12A3  0001001010100011 ( 293)                 ADD   R1 R2 #3
(1124) 5C77  0101110001110111 ( 294)                 AND   R6 R1 #-9
(1125) 1F3F  0001111100111111 ( 295)                 ADD   R7 R4 #-1
(1126) 5CE6  0101110011100110 ( 296)                 AND   R6 R3 #6
(1127) 1A38  0001101000111000 ( 297)                 ADD   R5 R0 #-8
(1128) 143C  0001010000111100 ( 298)                 ADD   R2 R0 #-4
(1129) 1E28  0001111000101000 ( 299)                 ADD   R7 R0 #8
(112A) 5223  0101001000100011 ( 300)                 AND   R1 R0 #3
(112B) 58BF  0101100010111111 ( 301)                 AND   R4 R2 #-1
(112C) 0663  0000011001100011 ( 302)                 BRZP  A
(112D) 0E62  0000111001100010 ( 303)                 BRNZP A
(112E) 0861  0000100001100001 ( 304)                 BRN   A
(112F) 0660  0000011001100000 ( 305)                 BRZP  A
(1130) 025F  0000001001011111 ( 306)                 BRP   A
(1131) 025E  0000001001011110 ( 307)                 BRP   A
(1132) 065D  0000011001011101 ( 308)                 BRZP  A
(1133) 045C  0000010001011100 ( 309)                 BRZ   A
(1134) 065B  0000011001011011 ( 310)                 BRZP  A
(1135) 0E5A  0000111001011010 ( 311)                 BRNZP A
(1136) 0E59  0000111001011001 ( 312)                 BRNZP A
(1137) 0A58  0000101001011000 ( 313)                 BRNP  A
(1138) 0857  0000100001010111 ( 314)                 BRN   A
(1139) 0656  0000011001010110 ( 315)                 BRZP  A
(113A) 0855  0000100001010101 ( 316)                 BRN   A
(113B) 0854  0000100001010100 ( 317)                 BRN   A
(113C) 0E53  0000111001010011 ( 318)                 BRNZP A
(113D) 0A52  0000101001010010 ( 319)                 BRNP  A
(113E) 0651  0000011001010001 ( 320)                 BRZP  A
(113F) 0E50  0000111001010000 ( 321)                 BRNZP A
(1140) 044F  0000010001001111 ( 322)                 BRZ   A
(1141) 0E4E  0000111001001110 ( 323)                 BRNZP A
(1142) 064D  0000011001001101 ( 324)                 BRZP  A
(1143) 0E4C  0000111001001100 ( 325)                 BRNZP A
(1144) 084B  0000100001001011 ( 326)                 BRN   A
(1145) 0C4A  0000110001001010 ( 327)                 BRNZ  A
(1146) 0849  0000100001001001 ( 328)                 BRN   A
(1147) 0A48  0000101001001000 ( 329)                 BRNP  A
(1148) 0E47  0000111001000111 ( 330)                 BRNZP A
(1149) 0A46  0000101001000110 ( 331)                 BRNP  A
(114A) 0C45  0000110001000101 ( 332)                 BRNZ  A
(114B) 0A44  0000101001000100 ( 333)                 BRNP  A
(114C) 0843  0000100001000011 ( 334)                 BRN   A
(114D) 0842  0000100001000010 ( 335)                 BRN   A
(114E) 0C41  0000110001000001 ( 336)                 BRNZ  A
(114F) 0240  0000001001000000 ( 337)                 BRP   A
(1150) 063F  0000011000111111 ( 338)                 BRZP  A
(1151) 063E  0000011000111110 ( 339)                 BRZP  A
(1152) 0C3D  0000110000111101 ( 340)                 BRNZ  A
(1153) 0A3C  0000101000111100 ( 341)                 BRNP  A
(1154) 0A3B  0000101000111011 ( 342)                 BRNP  A
(1155) 083A  0000100000111010 ( 343)                 BRN   A
(1156) 0A39  0000101000111001 ( 344)                 BRNP  A
(1157) 0238  0000001000111000 ( 345)                 BRP   A
(1158) 0C37  0000110000110111 ( 346)                 BRNZ  A
(1159) 0C36  0000110000110110 ( 347)                 BRNZ  A
(115A) 0A35  0000101000110101 ( 348)                 BRNP  A
(115B) 0634  0000011000110100 ( 349)                 BRZP  A
(115C) 0633  0000011000110011 ( 350)                 BRZP  A
(115D) 0632  0000011000110010 ( 351)                 BRZP  A
(115E) EC31  1110110000110001 ( 352)                 LEA   R6 A
(115F) E430  1110010000110000 ( 353)                 LEA   R2 A
(1160) EC2F  1110110000101111 ( 354)                 LEA   R6 A
(1161) E82E  1110100000101110 ( 355)                 LEA   R4 A
(1162) E42D  1110010000101101 ( 356)                 LEA   R2 A
(1163) E02C  1110000000101100 ( 357)                 LEA   R0 A
(1164) EE2B  1110111000101011 ( 358)                 LEA   R7 A
(1165) E82A  1110100000101010 ( 359)                 LEA   R4 A
(1166) E829  1110100000101001 ( 360)                 LEA   R4 A
(1167) E828  1110100000101000 ( 361)                 LEA   R4 A
(1168) E027  1110000000100111 ( 362)                 LEA   R0 A
(1169) E826  1110100000100110 ( 363)                 LEA   R4 A
(116A) E825  1110100000100101 ( 364)                 LEA   R4 A
(116B) E424  1110010000100100 ( 365)                 LEA   R2 A
(116C) E223  1110001000100011 ( 366)                 LEA   R1 A
(116D) E822  1110100000100010 ( 367)                 LEA   R4 A
(116E) EE21  1110111000100001 ( 368)                 LEA   R7 A
(116F) E820  1110100000100000 ( 369)                 LEA   R4 A
(1170) EE1F  1110111000011111 ( 370)                 LEA   R7 A
(1171) EC1E  1110110000011110 ( 371)                 LEA   R6 A
(1172) EC1D  1110110000011101 ( 372)                 LEA   R6 A
(1173) E61C  1110011000011100 ( 373)                 LEA   R3 A
(1174) EC1B  1110110000011011 ( 374)                 LEA   R6 A
(1175) E81A  1110100000011010 ( 375)                 LEA   R4 A
(1176) E619  1110011000011001 ( 376)                 LEA   R3 A
(1177) E218  1110001000011000 ( 377)                 LEA   R1 A
(1178) EA17  1110101000010111 ( 378)                 LEA   R5 A
(1179) E216  1110001000010110 ( 379)                 LEA   R1 A
(117A) E015  1110000000010101 ( 380)                 LEA   R0 A
(117B) EA14  1110101000010100 ( 381)                 LEA   R5 A
(117C) EC13  1110110000010011 ( 382)                 LEA   R6 A
(117D) EA12  1110101000010010 ( 383)                 LEA   R5 A
(117E) EE11  1110111000010001 ( 384)                 LEA   R7 A
(117F) E010  1110000000010000 ( 385)                 LEA   R0 A
(1180) E40F  1110010000001111 ( 386)                 LEA   R2 A
(1181) E60E  1110011000001110 ( 387)                 LEA   R3 A
(1182) E60D  1110011000001101 ( 388)                 LEA   R3 A
(1183) EE0C  1110111000001100 ( 389)                 LEA   R7 A
(1184) E00B  1110000000001011 ( 390)                 LEA   R0 A
(1185) EA0A  1110101000001010 ( 391)                 LEA   R5 A
(1186) EE09  1110111000001001 ( 392)                 LEA   R7 A
(1187) E208  1110001000001000 ( 393)                 LEA   R1 A
(1188) E407  1110010000000111 ( 394)                 LEA   R2 A
(1189) EA06  1110101000000110 ( 395)                 LEA   R5 A
(118A) E205  1110001000000101 ( 396)                 LEA   R1 A
(118B) E404  1110010000000100 ( 397)                 LEA   R2 A
(118C) E403  1110010000000011 ( 398)                 LEA   R2 A
(118D) E402  1110010000000010 ( 399)                 LEA   R2 A
(118E) EA01  1110101000000001 ( 400)                 LEA   R5 A
(118F) EC00  1110110000000000 ( 401)                 LEA   R6 A
(1190) 16BB  0001011010111011 ( 402) A               ADD   R3 R2 #-5
(1191) 0DFE  0000110111111110 ( 403)                 BRNZ  A
(1192) 09FD  0000100111111101 ( 404)                 BRN   A
(1193) 05FC  0000010111111100 ( 405)                 BRZ   A
(1194) 03FB  0000001111111011 ( 406)                 BRP   A
(1195) 05FA  0000010111111010 ( 407)                 BRZ   A
(1196) 0BF9  0000101111111001 ( 408)                 BRNP  A
(1197) 09F8  0000100111111000 ( 409)                 BRN   A
(1198) 09F7  0000100111110111 ( 410)                 BRN   A
(1199) 0FF6  0000111111110110 ( 411)                 BRNZP A
(119A) 03F5  0000001111110101 ( 412)                 BRP   A
(119B) 03F4  0000001111110100 ( 413)                 BRP   A
(119C) 09F3  0000100111110011 ( 414)                 BRN   A
(119D) 05F2  0000010111110010 ( 415)                 BRZ   A
(119E) 0FF1  0000111111110001 ( 416)                 BRNZP A
(119F) 05F0  0000010111110000 ( 417)                 BRZ   A
(11A0) 05EF  0000010111101111 ( 418)                 BRZ   A
(11A1) 03EE  0000001111101110 ( 419)                 BRP   A
(11A2) 09ED  0000100111101101 ( 420)                 BRN   A
(11A3) 0FEC  0000111111101100 ( 421)                 BRNZP A
(11A4) 03EB  0000001111101011 ( 422)                 BRP   A
(11A5) 0BEA  0000101111101010 ( 423)                 BRNP  A
(11A6) 0FE9  0000111111101001 ( 424)                 BRNZP A
(11A7) 0FE8  0000111111101000 ( 425)                 BRNZP A
(11A8) 05E7  0000010111100111 ( 426)                 BRZ   A
(11A9) 0FE6  0000111111100110 ( 427)                 BRNZP A
(11AA) 0DE5  0000110111100101 ( 428)                 BRNZ  A
(11AB) 05E4  0000010111100100 ( 429)                 BRZ   A
(11AC) 07E3  0000011111100011 ( 430)                 BRZP  A
(11AD) 0FE2  0000111111100010 ( 431)                 BRNZP A
(11AE) 05E1  0000010111100001 ( 432)                 BRZ   A
(11AF) 0FE0  0000111111100000 ( 433)                 BRNZP A
(11B0) 0FDF  0000111111011111 ( 434)                 BRNZP A
(11B1) 07DE  0000011111011110 ( 435)                 BRZP  A
(11B2) 0FDD  0000111111011101 ( 436)                 BRNZP A
(11B3) 0BDC  0000101111011100 ( 437)                 BRNP  A
(11B4) 09DB  0000100111011011 ( 438)                 BRN   A
(11B5) 0DDA  0000110111011010 ( 439)                 BRNZ  A
(11B6) 05D9  0000010111011001 ( 440)                 BRZ   A
(11B7) 0FD8  0000111111011000 ( 441)                 BRNZP A
(11B8) 07D7  0000011111010111 ( 442)                 BRZP  A
(11B9) 09D6  0000100111010110 ( 443)                 BRN   A
(11BA) 05D5  0000010111010101 ( 444)                 BRZ   A
(11BB) 05D4  0000010111010100 ( 445)                 BRZ   A
(11BC) 05D3  0000010111010011 ( 446)                 BRZ   A
(11BD) 05D2  0000010111010010 ( 447)                 BRZ   A
(11BE) 09D1  0000100111010001 ( 448)                 BRN   A
(11BF) 0FD0  0000111111010000 ( 449)                 BRNZP A
(11C0) 05CF  0000010111001111 ( 450)                 BRZ   A
(11C1) 03CE  0000001111001110 ( 451)                 BRP   A
(11C2) 05CD  0000010111001101 ( 452)                 BRZ   A
(11C3) C040  1100000001000000 ( 453)                 JMP   R1
(11C4) C000  1100000000000000 ( 454)                 JMP   R0
(11C5) C0C0  1100000011000000 ( 455)                 JMP   R3
(11C6) C000  1100000000000000 ( 456)                 JMP   R0
(11C7) C000  1100000000000000 ( 457)                 JMP   R0
(11C8) C1C0  1100000111000000 ( 458)                 RET   
(11C9) C100  1100000100000000 ( 459)                 JMP   R4
(11CA) C040  1100000001000000 ( 460)                 JMP   R1
(11CB) C080  1100000010000000 ( 461)                 JMP   R2
(11CC) C080  1100000010000000 ( 462)                 JMP   R2
(11CD) C100  1100000100000000 ( 463)                 JMP   R4
(11CE) C100  1100000100000000 ( 464)                 JMP   R4
(11CF) C180  1100000110000000 ( 465)                 JMP   R6
(11D0) C080  1100000010000000 ( 466)                 JMP   R2
(11D1) C100  1100000100000000 ( 467)                 JMP   R4
(11D2) C180  1100000110000000 ( 468)                 JMP   R6
(11D3) C0C0  1100000011000000 ( 469)                 JMP   R3
(11D4) C000  1100000000000000 ( 470)                 JMP   R0
(11D5) C1C0  1100000111000000 ( 471)                 RET   
(11D6) C000  1100000000000000 ( 472)                 JMP   R0
(11D7) C040  1100000001000000 ( 473)                 JMP   R1
(11D8) C040  1100000001000000 ( 474)                 JMP   R1
(11D9) C180  1100000110000000 ( 475)                 JMP   R6
(11DA) C0C0  1100000011000000 ( 476)                 JMP   R3
(11DB) C080  1100000010000000 ( 477)                 JMP   R2
(11DC) C0C0  1100000011000000 ( 478)                 JMP   R3
(11DD) C140  1100000101000000 ( 479)                 JMP   R5
(11DE) C000  1100000000000000 ( 480)                 JMP   R0
(11DF) C100  1100000100000000 ( 481)                 JMP   R4
(11E0) C040  1100000001000000 ( 482)                 JMP   R1
(11E1) C0C0  1100000011000000 ( 483)                 JMP   R3
(11E2) C0C0  1100000011000000 ( 484)                 JMP   R3
(11E3) C0C0  1100000011000000 ( 485)                 JMP   R3
(11E4) C140  1100000101000000 ( 486)                 JMP   R5
(11E5) C100  1100000100000000 ( 487)                 JMP   R4
(11E6) C180  1100000110000000 ( 488)                 JMP   R6
(11E7) C0C0  1100000011000000 ( 489)                 JMP   R3
(11E8) C180  1100000110000000 ( 490)                 JMP   R6
(11E9) C080  1100000010000000 ( 491)                 JMP   R2
(11EA) C1C0  1100000111000000 ( 492)                 RET   
(11EB) C000  1100000000000000 ( 493)                 JMP   R0
(11EC) C080  1100000010000000 ( 494)                 JMP   R2
(11ED) C1C0  1100000111000000 ( 495)                 RET   
(11EE) C000  1100000000000000 ( 496)                 JMP   R0
(11EF) C000  1100000000000000 ( 497)                 JMP   R0
(11F0) C180  1100000110000000 ( 498)                 JMP   R6
(11F1) C140  1100000101000000 ( 499)                 JMP   R5
(11F2) C080  1100000010000000 ( 500)                 JMP   R2
(11F3) C140  1100000101000000 ( 501)                 JMP   R5
(11F4) C000  1100000000000000 ( 502)                 JMP   R0
(11F5) 4F9A  0100111110011010 ( 503)                 JSR   A
(11F6) 4F99  0100111110011001 ( 504)                 JSR   A
(11F7) 4F98  0100111110011000 ( 505)                 JSR   A
(11F8) 4F97  0100111110010111 ( 506)                 JSR   A
(11F9) 4F96  0100111110010110 ( 507)                 JSR   A
(11FA) 4F95  0100111110010101 ( 508)                 JSR   A
(11FB) 4F94  0100111110010100 ( 509)                 JSR   A
(11FC) 4F93  0100111110010011 ( 510)                 JSR   A
(11FD) 4F92  0100111110010010 ( 511)                 JSR   A
(11FE) 4F91  0100111110010001 ( 512)                 JSR   A
(11FF) 4F90  0100111110010000 ( 513)                 JSR   A
(1200) 4F8F  0100111110001111 ( 514)                 JSR   A
(1201) 4F8E  0100111110001110 ( 515)                 JSR   A
(1202) 4F8D  0100111110001101 ( 516)                 JSR   A
(1203) 4F8C  0100111110001100 ( 517)                 JSR   A
(1204) 4F8B  0100111110001011 ( 518)                 JSR   A
(1205) 4F8A  0100111110001010 ( 519)                 JSR   A
(1206) 4F89  0100111110001001 ( 520)                 JSR   A
(1207) 4F88  0100111110001000 ( 521)                 JSR   A
(1208) 4F87  0100111110000111 ( 522)                 JSR   A
(1209) 4F86  0100111110000110 ( 523)                 JSR   A
(120A) 4F85  0100111110000101 ( 524)                 JSR   A
(120B) 4F84  0100111110000100 ( 525)                 JSR   A
(120C) 4F83  0100111110000011 ( 526)                 JSR   A
(120D) 4F82  0100111110000010 ( 527)                 JSR   A
(120E) 4F81  0100111110000001 ( 528)                 JSR   A
(120F) 4F80  0100111110000000 ( 529)                 JSR   A
(1210) 4F7F  0100111101111111 ( 530)                 JSR   A
(1211) 4F7E  0100111101111110 ( 531)                 JSR   A
(1212) 4F7D  0100111101111101 ( 532)                 JSR   A
(1213) 4F7C  0100111101111100 ( 533)                 JSR   A
(1214) 4F7B  0100111101111011 ( 534)                 JSR   A
(1215) 4F7A  0100111101111010 ( 535)                 JSR   A
(1216) 4F79  0100111101111001 ( 536)                 JSR   A
(1217) 4F78  0100111101111000 ( 537)                 JSR   A
(1218) 4F77  0100111101110111 ( 538)                 JSR   A
(1219) 4F76  0100111101110110 ( 539)                 JSR   A
(121A) 4F75  0100111101110101 ( 540)                 JSR   A
(121B) 4F74  0100111101110100 ( 541)                 JSR   A
(121C) 4F73  0100111101110011 ( 542)                 JSR   A
(121D) 4F72  0100111101110010 ( 543)                 JSR   A
(121E) 4F71  0100111101110001 ( 544)                 JSR   A
(121F) 4F70  0100111101110000 ( 545)                 JSR   A
(1220) 4F6F  0100111101101111 ( 546)                 JSR   A
(1221) 4F6E  0100111101101110 ( 547)                 JSR   A
(1222) 4F6D  0100111101101101 ( 548)                 JSR   A
(1223) 4F6C  0100111101101100 ( 549)                 JSR   A
(1224) 4F6B  0100111101101011 ( 550)                 JSR   A
(1225) 4F6A  0100111101101010 ( 551)                 JSR   A
(1226) 4F69  0100111101101001 ( 552)                 JSR   A
(1227) 4180  0100000110000000 ( 553)                 JSRR  R6
(1228) 4040  0100000001000000 ( 554)                 JSRR  R1
(1229) 4000  0100000000000000 ( 555)                 JSRR  R0
(122A) 4180  0100000110000000 ( 556)                 JSRR  R6
(122B) 4000  0100000000000000 ( 557)                 JSRR  R0
(122C) 4080  0100000010000000 ( 558)                 JSRR  R2
(122D) 4040  0100000001000000 ( 559)                 JSRR  R1
(122E) 4000  0100000000000000 ( 560)                 JSRR  R0
(122F) 4040  0100000001000000 ( 561)                 JSRR  R1
(1230) 41C0  0100000111000000 ( 562)                 JSRR  R7
(1231) 40C0  0100000011000000 ( 563)                 JSRR  R3
(1232) 4040  0100000001000000 ( 564)                 JSRR  R1
(1233) 4040  0100000001000000 ( 565)                 JSRR  R1
(1234) 4040  0100000001000000 ( 566)                 JSRR  R1
(1235) 4100  0100000100000000 ( 567)                 JSRR  R4
(1236) 40C0  0100000011000000 ( 568)                 JSRR  R3
(1237) 4040  0100000001000000 ( 569)                 JSRR  R1
(1238) 41C0  0100000111000000 ( 570)                 JSRR  R7
(1239) 4080  0100000010000000 ( 571)                 JSRR  R2
(123A) 4140  0100000101000000 ( 572)                 JSRR  R5
(123B) 40C0  0100000011000000 ( 573)                 JSRR  R3
(123C) 40C0  0100000011000000 ( 574)                 JSRR  R3
(123D) 4100  0100000100000000 ( 575)                 JSRR  R4
(123E) 4040  0100000001000000 ( 576)                 JSRR  R1
(123F) 4040  0100000001000000 ( 577)                 JSRR  R1
(1240) 4000  0100000000000000 ( 578)                 JSRR  R0
(1241) 4080  0100000010000000 ( 579)                 JSRR  R2
(1242) 4080  0100000010000000 ( 580)                 JSRR  R2
(1243) 4080  0100000010000000 ( 581)                 JSRR  R2
(1244) 41C0  0100000111000000 ( 582)                 JSRR  R7
(1245) 4000  0100000000000000 ( 583)                 JSRR  R0
(1246) 4000  0100000000000000 ( 584)                 JSRR  R0
(1247) 40C0  0100000011000000 ( 585)                 JSRR  R3
(1248) 40C0  0100000011000000 ( 586)                 JSRR  R3
(1249) 4000  0100000000000000 ( 587)                 JSRR  R0
(124A) 40C0  0100000011000000 ( 588)                 JSRR  R3
(124B) 4140  0100000101000000 ( 589)                 JSRR  R5
(124C) 4100  0100000100000000 ( 590)                 JSRR  R4
(124D) 4000  0100000000000000 ( 591)                 JSRR  R0
(124E) 4140  0100000101000000 ( 592)                 JSRR  R5
(124F) 4100  0100000100000000 ( 593)                 JSRR  R4
(1250) 41C0  0100000111000000 ( 594)                 JSRR  R7
(1251) 40C0  0100000011000000 ( 595)                 JSRR  R3
(1252) 4140  0100000101000000 ( 596)                 JSRR  R5
(1253) 4180  0100000110000000 ( 597)                 JSRR  R6
(1254) 40C0  0100000011000000 ( 598)                 JSRR  R3
(1255) 4180  0100000110000000 ( 599)                 JSRR  R6
(1256) 4040  0100000001000000 ( 600)                 JSRR  R1
(1257) 4140  0100000101000000 ( 601)                 JSRR  R5
(1258) 4180  0100000110000000 ( 602)                 JSRR  R6
(1259) 957F  1001010101111111 ( 603)                 NOT   R2 R5
(125A) 963F  1001011000111111 ( 604)                 NOT   R3 R0
(125B) 9B7F  1001101101111111 ( 605)                 NOT   R5 R5
(125C) 903F  1001000000111111 ( 606)                 NOT   R0 R0
(125D) 9EBF  1001111010111111 ( 607)                 NOT   R7 R2
(125E) 9CFF  1001110011111111 ( 608)                 NOT   R6 R3
(125F) 94BF  1001010010111111 ( 609)                 NOT   R2 R2
(1260) 90BF  1001000010111111 ( 610)                 NOT   R0 R2
(1261) 97FF  1001011111111111 ( 611)                 NOT   R3 R7
(1262) 977F  1001011101111111 ( 612)                 NOT   R3 R5
(1263) 90BF  1001000010111111 ( 613)                 NOT   R0 R2
(1264) 92BF  1001001010111111 ( 614)                 NOT   R1 R2
(1265) 977F  1001011101111111 ( 615)                 NOT   R3 R5
(1266) 9ABF  1001101010111111 ( 616)                 NOT   R5 R2
(1267) 92BF  1001001010111111 ( 617)                 NOT   R1 R2
(1268) 9E7F  1001111001111111 ( 618)                 NOT   R7 R1
(1269) 983F  1001100000111111 ( 619)                 NOT   R4 R0
(126A) 97FF  1001011111111111 ( 620)                 NOT   R3 R7
(126B) 99FF  1001100111111111 ( 621)                 NOT   R4 R7
(126C) 9BFF  1001101111111111 ( 622)                 NOT   R5 R7
(126D) 99FF  1001100111111111 ( 623)                 NOT   R4 R7
(126E) 977F  1001011101111111 ( 624)                 NOT   R3 R5
(126F) 997F  1001100101111111 ( 625)                 NOT   R4 R5
(1270) 983F  1001100000111111 ( 626)                 NOT   R4 R0
(1271) 9D3F  1001110100111111 ( 627)                 NOT   R6 R4
(1272) 94FF  1001010011111111 ( 628)                 NOT   R2 R3
(1273) 923F  1001001000111111 ( 629)                 NOT   R1 R0
(1274) 9CBF  1001110010111111 ( 630)                 NOT   R6 R2
(1275) 983F  1001100000111111 ( 631)                 NOT   R4 R0
(1276) 90BF  1001000010111111 ( 632)                 NOT   R0 R2
(1277) 913F  1001000100111111 ( 633)                 NOT   R0 R4
(1278) 90FF  1001000011111111 ( 634)                 NOT   R0 R3
(1279) 903F  1001000000111111 ( 635)                 NOT   R0 R0
(127A) 9FFF  1001111111111111 ( 636)                 NOT   R7 R7
(127B) 93BF  1001001110111111 ( 637)                 NOT   R1 R6
(127C) 9F7F  1001111101111111 ( 638)                 NOT   R7 R5
(127D) 923F  1001001000111111 ( 639)                 NOT   R1 R0
(127E) 94FF  1001010011111111 ( 640)                 NOT   R2 R3
(127F) 92BF  1001001010111111 ( 641)                 NOT   R1 R2
(1280) 98FF  1001100011111111 ( 642)                 NOT   R4 R3
(1281) 9B7F  1001101101111111 ( 643)                 NOT   R5 R5
(1282) 9C7F  1001110001111111 ( 644)                 NOT   R6 R1
(1283) 907F  1001000001111111 ( 645)                 NOT   R0 R1
(1284) 9EFF  1001111011111111 ( 646)                 NOT   R7 R3
(1285) 993F  1001100100111111 ( 647)                 NOT   R4 R4
(1286) 90BF  1001000010111111 ( 648)                 NOT   R0 R2
(1287) 9E3F  1001111000111111 ( 649)                 NOT   R7 R0
(1288) 9C3F  1001110000111111 ( 650)                 NOT   R6 R0
(1289) 90BF  1001000010111111 ( 651)                 NOT   R0 R2
(128A) 90FF  1001000011111111 ( 652)                 NOT   R0 R3
(128B) C1C0  1100000111000000 ( 653)                 RET   
(128C) 8000  1000000000000000 ( 654)                 RTI   
