(0000) 1000  0001000000000000 (   1)                 .ORIG x1000
(1000) 5441  0101010001000001 (   2)                 AND   R2 R1 R1
(1001) 5547  0101010101000111 (   3)                 AND   R2 R5 R7
(1002) 1742  0001011101000010 (   4)                 ADD   R3 R5 R2
(1003) 5207  0101001000000111 (   5)                 AND   R1 R0 R7
(1004) 5346  0101001101000110 (   6)                 AND   R1 R5 R6
(1005) 1380  0001001110000000 (   7)                 ADD   R1 R6 R0
(1006) 1B05  0001101100000101 (   8)                 ADD   R5 R4 R5
(1007) 1704  0001011100000100 (   9)                 ADD   R3 R4 R4
(1008) 5FC6  0101111111000110 (  10)                 AND   R7 R7 R6
(1009) 1B01  0001101100000001 (  11)                 ADD   R5 R4 R1
(100A) 1DC6  0001110111000110 (  12)                 ADD   R6 R7 R6
(100B) 5541  0101010101000001 (  13)                 AND   R2 R5 R1
(100C) 1684  0001011010000100 (  14)                 ADD   R3 R2 R4
(100D) 5C85  0101110010000101 (  15)                 AND   R6 R2 R5
(100E) 5084  0101000010000100 (  16)                 AND   R0 R2 R4
(100F) 5843  0101100001000011 (  17)                 AND   R4 R1 R3
(1010) 1B85  0001101110000101 (  18)                 ADD   R5 R6 R5
(1011) 5084  0101000010000100 (  19)                 AND   R0 R2 R4
(1012) 5C01  0101110000000001 (  20)                 AND   R6 R0 R1
(1013) 1083  0001000010000011 (  21)                 ADD   R0 R2 R3
(1014) 5884  0101100010000100 (  22)                 AND   R4 R2 R4
(1015) 1D43  0001110101000011 (  23)                 ADD   R6 R5 R3
(1016) 5F87  0101111110000111 (  24)                 AND   R7 R6 R7
(1017) 59C5  0101100111000101 (  25)                 AND   R4 R7 R5
(1018) 57C6  0101011111000110 (  26)                 AND   R3 R7 R6
(1019) 1944  0001100101000100 (  27)                 ADD   R4 R5 R4
(101A) 1500  0001010100000000 (  28)                 ADD   R2 R4 R0
(101B) 5804  0101100000000100 (  29)                 AND   R4 R0 R4
(101C) 1AC7  0001101011000111 (  30)                 ADD   R5 R3 R7
(101D) 5146  0101000101000110 (  31)                 AND   R0 R5 R6
(101E) 59C0  0101100111000000 (  32)                 AND   R4 R7 R0
(101F) 1A00  0001101000000000 (  33)                 ADD   R5 R0 R0
(1020) 5A40  0101101001000000 (  34)                 AND   R5 R1 R0
(1021) 5F45  0101111101000101 (  35)                 AND   R7 R5 R5
(1022) 5E02  0101111000000010 (  36)                 AND   R7 R0 R2
(1023) 1986  0001100110000110 (  37)                 ADD   R4 R6 R6
(1024) 1DC3  0001110111000011 (  38)                 ADD   R6 R7 R3
(1025) 58C4  0101100011000100 (  39)                 AND   R4 R3 R4
(1026) 16C1  0001011011000001 (  40)                 ADD   R3 R3 R1
(1027) 1EC4  0001111011000100 (  41)                 ADD   R7 R3 R4
(1028) 1100  0001000100000000 (  42)                 ADD   R0 R4 R0
(1029) 18C6  0001100011000110 (  43)                 ADD   R4 R3 R6
(102A) 54C1  0101010011000001 (  44)                 AND   R2 R3 R1
(102B) 5440  0101010001000000 (  45)                 AND   R2 R1 R0
(102C) 1D00  0001110100000000 (  46)                 ADD   R6 R4 R0
(102D) 5BC3  0101101111000011 (  47)                 AND   R5 R7 R3
(102E) 5080  0101000010000000 (  48)                 AND   R0 R2 R0
(102F) 19C6  0001100111000110 (  49)                 ADD   R4 R7 R6
(1030) 1181  0001000110000001 (  50)                 ADD   R0 R6 R1
(1031) 1FC5  0001111111000101 (  51)                 ADD   R7 R7 R5
(1032) 5DC0  0101110111000000 (  52)                 AND   R6 R7 R0
(1033) 1EC3  0001111011000011 (  53)                 ADD   R7 R3 R3
(1034) 1302  0001001100000010 (  54)                 ADD   R1 R4 R2
(1035) 5180  0101000110000000 (  55)                 AND   R0 R6 R0
(1036) 1C86  0001110010000110 (  56)                 ADD   R6 R2 R6
(1037) 5DC3  0101110111000011 (  57)                 AND   R6 R7 R3
(1038) 53C3  0101001111000011 (  58)                 AND   R1 R7 R3
(1039) 1300  0001001100000000 (  59)                 ADD   R1 R4 R0
(103A) 1747  0001011101000111 (  60)                 ADD   R3 R5 R7
(103B) 5782  0101011110000010 (  61)                 AND   R3 R6 R2
(103C) 1303  0001001100000011 (  62)                 ADD   R1 R4 R3
(103D) 5E46  0101111001000110 (  63)                 AND   R7 R1 R6
(103E) 54C6  0101010011000110 (  64)                 AND   R2 R3 R6
(103F) 14C2  0001010011000010 (  65)                 ADD   R2 R3 R2
(1040) 1781  0001011110000001 (  66)                 ADD   R3 R6 R1
(1041) 1106  0001000100000110 (  67)                 ADD   R0 R4 R6
(1042) 15C1  0001010111000001 (  68)                 ADD   R2 R7 R1
(1043) 1D43  0001110101000011 (  69)                 ADD   R6 R5 R3
(1044) 5E01  0101111000000001 (  70)                 AND   R7 R0 R1
(1045) 5E44  0101111001000100 (  71)                 AND   R7 R1 R4
(1046) 1300  0001001100000000 (  72)                 ADD   R1 R4 R0
(1047) 5506  0101010100000110 (  73)                 AND   R2 R4 R6
(1048) 1D87  0001110110000111 (  74)                 ADD   R6 R6 R7
(1049) 1CC3  0001110011000011 (  75)                 ADD   R6 R3 R3
(104A) 50C2  0101000011000010 (  76)                 AND   R0 R3 R2
(104B) 5E41  0101111001000001 (  77)                 AND   R7 R1 R1
(104C) 5C84  0101110010000100 (  78)                 AND   R6 R2 R4
(104D) 5E46  0101111001000110 (  79)                 AND   R7 R1 R6
(104E) 1047  0001000001000111 (  80)                 ADD   R0 R1 R7
(104F) 5BC4  0101101111000100 (  81)                 AND   R5 R7 R4
(1050) 1C83  0001110010000011 (  82)                 ADD   R6 R2 R3
(1051) 5603  0101011000000011 (  83)                 AND   R3 R0 R3
(1052) 5A44  0101101001000100 (  84)                 AND   R5 R1 R4
(1053) 5D44  0101110101000100 (  85)                 AND   R6 R5 R4
(1054) 5906  0101100100000110 (  86)                 AND   R4 R4 R6
(1055) 1E43  0001111001000011 (  87)                 ADD   R7 R1 R3
(1056) 1105  0001000100000101 (  88)                 ADD   R0 R4 R5
(1057) 1302  0001001100000010 (  89)                 ADD   R1 R4 R2
(1058) 5B40  0101101101000000 (  90)                 AND   R5 R5 R0
(1059) 1680  0001011010000000 (  91)                 ADD   R3 R2 R0
(105A) 1C07  0001110000000111 (  92)                 ADD   R6 R0 R7
(105B) 53C0  0101001111000000 (  93)                 AND   R1 R7 R0
(105C) 1B04  0001101100000100 (  94)                 ADD   R5 R4 R4
(105D) 13C2  0001001111000010 (  95)                 ADD   R1 R7 R2
(105E) 1607  0001011000000111 (  96)                 ADD   R3 R0 R7
(105F) 1A85  0001101010000101 (  97)                 ADD   R5 R2 R5
(1060) 1383  0001001110000011 (  98)                 ADD   R1 R6 R3
(1061) 5182  0101000110000010 (  99)                 AND   R0 R6 R2
(1062) 5285  0101001010000101 ( 100)                 AND   R1 R2 R5
(1063) 1645  0001011001000101 ( 101)                 ADD   R3 R1 R5
(1064) 5E80  0101111010000000 ( 102)                 AND   R7 R2 R0
(1065) 1C87  0001110010000111 ( 103)                 ADD   R6 R2 R7
(1066) 1A44  0001101001000100 ( 104)                 ADD   R5 R1 R4
(1067) 1783  0001011110000011 ( 105)                 ADD   R3 R6 R3
(1068) 1743  0001011101000011 ( 106)                 ADD   R3 R5 R3
(1069) 5640  0101011001000000 ( 107)                 AND   R3 R1 R0
(106A) 5B80  0101101110000000 ( 108)                 AND   R5 R6 R0
(106B) 55C2  0101010111000010 ( 109)                 AND   R2 R7 R2
(106C) 56C2  0101011011000010 ( 110)                 AND   R3 R3 R2
(106D) 1B81  0001101110000001 ( 111)                 ADD   R5 R6 R1
(106E) 1940  0001100101000000 ( 112)                 ADD   R4 R5 R0
(106F) 1445  0001010001000101 ( 113)                 ADD   R2 R1 R5
(1070) 1E05  0001111000000101 ( 114)                 ADD   R7 R0 R5
(1071) 5E03  0101111000000011 ( 115)                 AND   R7 R0 R3
(1072) 1CC5  0001110011000101 ( 116)                 ADD   R6 R3 R5
(1073) 5340  0101001101000000 ( 117)                 AND   R1 R5 R0
(1074) 1787  0001011110000111 ( 118)                 ADD   R3 R6 R7
(1075) 1A83  0001101010000011 ( 119)                 ADD   R5 R2 R3
(1076) 5784  0101011110000100 ( 120)                 AND   R3 R6 R4
(1077) 5607  0101011000000111 ( 121)                 AND   R3 R0 R7
(1078) 1E47  0001111001000111 ( 122)                 ADD   R7 R1 R7
(1079) 5B06  0101101100000110 ( 123)                 AND   R5 R4 R6
(107A) 5003  0101000000000011 ( 124)                 AND   R0 R0 R3
(107B) 5780  0101011110000000 ( 125)                 AND   R3 R6 R0
(107C) 5C02  0101110000000010 ( 126)                 AND   R6 R0 R2
(107D) 1701  0001011100000001 ( 127)                 ADD   R3 R4 R1
(107E) 5282  0101001010000010 ( 128)                 AND   R1 R2 R2
(107F) 5245  0101001001000101 ( 129)                 AND   R1 R1 R5
(1080) 1604  0001011000000100 ( 130)                 ADD   R3 R0 R4
(1081) 5F41  0101111101000001 ( 131)                 AND   R7 R5 R1
(1082) 5E47  0101111001000111 ( 132)                 AND   R7 R1 R7
(1083) 1840  0001100001000000 ( 133)                 ADD   R4 R1 R0
(1084) 12C6  0001001011000110 ( 134)                 ADD   R1 R3 R6
(1085) 55C3  0101010111000011 ( 135)                 AND   R2 R7 R3
(1086) 1802  0001100000000010 ( 136)                 ADD   R4 R0 R2
(1087) 5A41  0101101001000001 ( 137)                 AND   R5 R1 R1
(1088) 50C6  0101000011000110 ( 138)                 AND   R0 R3 R6
(1089) 5B41  0101101101000001 ( 139)                 AND   R5 R5 R1
(108A) 1B87  0001101110000111 ( 140)                 ADD   R5 R6 R7
(108B) 1FC3  0001111111000011 ( 141)                 ADD   R7 R7 R3
(108C) 5944  0101100101000100 ( 142)                 AND   R4 R5 R4
(108D) 1F41  0001111101000001 ( 143)                 ADD   R7 R5 R1
(108E) 5104  0101000100000100 ( 144)                 AND   R0 R4 R4
(108F) 56C2  0101011011000010 ( 145)                 AND   R3 R3 R2
(1090) 5206  0101001000000110 ( 146)                 AND   R1 R0 R6
(1091) 1042  0001000001000010 ( 147)                 ADD   R0 R1 R2
(1092) 1144  0001000101000100 ( 148)                 ADD   R0 R5 R4
(1093) 1886  0001100010000110 ( 149)                 ADD   R4 R2 R6
(1094) 5445  0101010001000101 ( 150)                 AND   R2 R1 R5
(1095) 10C2  0001000011000010 ( 151)                 ADD   R0 R3 R2
(1096) 15C7  0001010111000111 ( 152)                 ADD   R2 R7 R7
(1097) 1B06  0001101100000110 ( 153)                 ADD   R5 R4 R6
(1098) 5D87  0101110110000111 ( 154)                 AND   R6 R6 R7
(1099) 5087  0101000010000111 ( 155)                 AND   R0 R2 R7
(109A) 1344  0001001101000100 ( 156)                 ADD   R1 R5 R4
(109B) 5185  0101000110000101 ( 157)                 AND   R0 R6 R5
(109C) 58C2  0101100011000010 ( 158)                 AND   R4 R3 R2
(109D) 5902  0101100100000010 ( 159)                 AND   R4 R4 R2
(109E) 14C1  0001010011000001 ( 160)                 ADD   R2 R3 R1
(109F) 11C3  0001000111000011 ( 161)                 ADD   R0 R7 R3
(10A0) 1100  0001000100000000 ( 162)                 ADD   R0 R4 R0
(10A1) 5182  0101000110000010 ( 163)                 AND   R0 R6 R2
(10A2) 1B87  0001101110000111 ( 164)                 ADD   R5 R6 R7
(10A3) 5E47  0101111001000111 ( 165)                 AND   R7 R1 R7
(10A4) 1745  0001011101000101 ( 166)                 ADD   R3 R5 R5
(10A5) 1745  0001011101000101 ( 167)                 ADD   R3 R5 R5
(10A6) 1187  0001000110000111 ( 168)                 ADD   R0 R6 R7
(10A7) 5843  0101100001000011 ( 169)                 AND   R4 R1 R3
(10A8) 5FC0  0101111111000000 ( 170)                 AND   R7 R7 R0
(10A9) 1101  0001000100000001 ( 171)                 ADD   R0 R4 R1
(10AA) 5546  0101010101000110 ( 172)                 AND   R2 R5 R6
(10AB) 5404  0101010000000100 ( 173)                 AND   R2 R0 R4
(10AC) 1547  0001010101000111 ( 174)                 ADD   R2 R5 R7
(10AD) 1803  0001100000000011 ( 175)                 ADD   R4 R0 R3
(10AE) 13C5  0001001111000101 ( 176)                 ADD   R1 R7 R5
(10AF) 5743  0101011101000011 ( 177)                 AND   R3 R5 R3
(10B0) 1884  0001100010000100 ( 178)                 ADD   R4 R2 R4
(10B1) 1C40  0001110001000000 ( 179)                 ADD   R6 R1 R0
(10B2) 1BC4  0001101111000100 ( 180)                 ADD   R5 R7 R4
(10B3) 1743  0001011101000011 ( 181)                 ADD   R3 R5 R3
(10B4) 5D04  0101110100000100 ( 182)                 AND   R6 R4 R4
(10B5) 5904  0101100100000100 ( 183)                 AND   R4 R4 R4
(10B6) 5CC5  0101110011000101 ( 184)                 AND   R6 R3 R5
(10B7) 5143  0101000101000011 ( 185)                 AND   R0 R5 R3
(10B8) 5E07  0101111000000111 ( 186)                 AND   R7 R0 R7
(10B9) 1C86  0001110010000110 ( 187)                 ADD   R6 R2 R6
(10BA) 1D84  0001110110000100 ( 188)                 ADD   R6 R6 R4
(10BB) 1804  0001100000000100 ( 189)                 ADD   R4 R0 R4
(10BC) 5703  0101011100000011 ( 190)                 AND   R3 R4 R3
(10BD) 1A82  0001101010000010 ( 191)                 ADD   R5 R2 R2
(10BE) 1C45  0001110001000101 ( 192)                 ADD   R6 R1 R5
(10BF) 5B44  0101101101000100 ( 193)                 AND   R5 R5 R4
(10C0) 5540  0101010101000000 ( 194)                 AND   R2 R5 R0
(10C1) 13C0  0001001111000000 ( 195)                 ADD   R1 R7 R0
(10C2) 1B82  0001101110000010 ( 196)                 ADD   R5 R6 R2
(10C3) 5A83  0101101010000011 ( 197)                 AND   R5 R2 R3
(10C4) 54C1  0101010011000001 ( 198)                 AND   R2 R3 R1
(10C5) 1D00  0001110100000000 ( 199)                 ADD   R6 R4 R0
(10C6) 5246  0101001001000110 ( 200)                 AND   R1 R1 R6
(10C7) 5BC2  0101101111000010 ( 201)                 AND   R5 R7 R2
(10C8) 1E6A  0001111001101010 ( 202)                 ADD   R7 R1 #10
(10C9) 1C38  0001110000111000 ( 203)                 ADD   R6 R0 #-8
(10CA) 1279  0001001001111001 ( 204)                 ADD   R1 R1 #-7
(10CB) 1C65  0001110001100101 ( 205)                 ADD   R6 R1 #5
(10CC) 162E  0001011000101110 ( 206)                 ADD   R3 R0 #14
(10CD) 597E  0101100101111110 ( 207)                 AND   R4 R5 #-2
(10CE) 1FF7  0001111111110111 ( 208)                 ADD   R7 R7 #-9
(10CF) 526E  0101001001101110 ( 209)                 AND   R1 R1 #14
(10D0) 54F0  0101010011110000 ( 210)                 AND   R2 R3 #-16
(10D1) 1A76  0001101001110110 ( 211)                 ADD   R5 R1 #-10
(10D2) 593A  0101100100111010 ( 212)                 AND   R4 R4 #-6
(10D3) 5C6B  0101110001101011 ( 213)                 AND   R6 R1 #11
(10D4) 5E6C  0101111001101100 ( 214)                 AND   R7 R1 #12
(10D5) 58A1  0101100010100001 ( 215)                 AND   R4 R2 #1
(10D6) 5E7E  0101111001111110 ( 216)                 AND   R7 R1 #-2
(10D7) 1FB4  0001111110110100 ( 217)                 ADD   R7 R6 #-12
(10D8) 17EB  0001011111101011 ( 218)                 ADD   R3 R7 #11
(10D9) 5D36  0101110100110110 ( 219)                 AND   R6 R4 #-10
(10DA) 5567  0101010101100111 ( 220)                 AND   R2 R5 #7
(10DB) 1AAF  0001101010101111 ( 221)                 ADD   R5 R2 #15
(10DC) 18F4  0001100011110100 ( 222)                 ADD   R4 R3 #-12
(10DD) 1324  0001001100100100 ( 223)                 ADD   R1 R4 #4
(10DE) 5EB0  0101111010110000 ( 224)                 AND   R7 R2 #-16
(10DF) 5CE3  0101110011100011 ( 225)                 AND   R6 R3 #3
(10E0) 56ED  0101011011101101 ( 226)                 AND   R3 R3 #13
(10E1) 12B2  0001001010110010 ( 227)                 ADD   R1 R2 #-14
(10E2) 50FE  0101000011111110 ( 228)                 AND   R0 R3 #-2
(10E3) 14BB  0001010010111011 ( 229)                 ADD   R2 R2 #-5
(10E4) 526A  0101001001101010 ( 230)                 AND   R1 R1 #10
(10E5) 1E73  0001111001110011 ( 231)                 ADD   R7 R1 #-13
(10E6) 5029  0101000000101001 ( 232)                 AND   R0 R0 #9
(10E7) 56E6  0101011011100110 ( 233)                 AND   R3 R3 #6
(10E8) 5C2C  0101110000101100 ( 234)                 AND   R6 R0 #12
(10E9) 1B76  0001101101110110 ( 235)                 ADD   R5 R5 #-10
(10EA) 1627  0001011000100111 ( 236)                 ADD   R3 R0 #7
(10EB) 187E  0001100001111110 ( 237)                 ADD   R4 R1 #-2
(10EC) 5566  0101010101100110 ( 238)                 AND   R2 R5 #6
(10ED) 5177  0101000101110111 ( 239)                 AND   R0 R5 #-9
(10EE) 1061  0001000001100001 ( 240)                 ADD   R0 R1 #1
(10EF) 5FE5  0101111111100101 ( 241)                 AND   R7 R7 #5
(10F0) 14A4  0001010010100100 ( 242)                 ADD   R2 R2 #4
(10F1) 1175  0001000101110101 ( 243)                 ADD   R0 R5 #-11
(10F2) 1EE5  0001111011100101 ( 244)                 ADD   R7 R3 #5
(10F3) 59B1  0101100110110001 ( 245)                 AND   R4 R6 #-15
(10F4) 1FE1  0001111111100001 ( 246)                 ADD   R7 R7 #1
(10F5) 5B60  0101101101100000 ( 247)                 AND   R5 R5 #0
(10F6) 537C  0101001101111100 ( 248)                 AND   R1 R5 #-4
(10F7) 5433  0101010000110011 ( 249)                 AND   R2 R0 #-13
(10F8) 5AF2  0101101011110010 ( 250)                 AND   R5 R3 #-14
(10F9) 52E9  0101001011101001 ( 251)                 AND   R1 R3 #9
(10FA) 5FE5  0101111111100101 ( 252)                 AND   R7 R7 #5
(10FB) 567F  0101011001111111 ( 253)                 AND   R3 R1 #-1
(10FC) 5FF8  0101111111111000 ( 254)                 AND   R7 R7 #-8
(10FD) 547D  0101010001111101 ( 255)                 AND   R2 R1 #-3
(10FE) 59B7  0101100110110111 ( 256)                 AND   R4 R6 #-9
(10FF) 1AB9  0001101010111001 ( 257)                 ADD   R5 R2 #-7
(1100) 52FB  0101001011111011 ( 258)                 AND   R1 R3 #-5
(1101) 167B  0001011001111011 ( 259)                 ADD   R3 R1 #-5
(1102) 567B  0101011001111011 ( 260)                 AND   R3 R1 #-5
(1103) 5761  0101011101100001 ( 261)                 AND   R3 R5 #1
(1104) 1E3D  0001111000111101 ( 262)                 ADD   R7 R0 #-3
(1105) 1DBE  0001110110111110 ( 263)                 ADD   R6 R6 #-2
(1106) 1B21  0001101100100001 ( 264)                 ADD   R5 R4 #1
(1107) 583B  0101100000111011 ( 265)                 AND   R4 R0 #-5
(1108) 57B9  0101011110111001 ( 266)                 AND   R3 R6 #-7
(1109) 1CFC  0001110011111100 ( 267)                 ADD   R6 R3 #-4
(110A) 5178  0101000101111000 ( 268)                 AND   R0 R5 #-8
(110B) 1FA0  0001111110100000 ( 269)                 ADD   R7 R6 #0
(110C) 1927  0001100100100111 ( 270)                 ADD   R4 R4 #7
(110D) 15BC  0001010110111100 ( 271)                 ADD   R2 R6 #-4
(110E) 5521  0101010100100001 ( 272)                 AND   R2 R4 #1
(110F) 55A6  0101010110100110 ( 273)                 AND   R2 R6 #6
(1110) 1B3D  0001101100111101 ( 274)                 ADD   R5 R4 #-3
(1111) 5FE4  0101111111100100 ( 275)                 AND   R7 R7 #4
(1112) 52A3  0101001010100011 ( 276)                 AND   R1 R2 #3
(1113) 14E4  0001010011100100 ( 277)                 ADD   R2 R3 #4
(1114) 5FE3  0101111111100011 ( 278)                 AND   R7 R7 #3
(1115) 1EF8  0001111011111000 ( 279)                 ADD   R7 R3 #-8
(1116) 53E8  0101001111101000 ( 280)                 AND   R1 R7 #8
(1117) 1464  0001010001100100 ( 281)                 ADD   R2 R1 #4
(1118) 13F8  0001001111111000 ( 282)                 ADD   R1 R7 #-8
(1119) 52BB  0101001010111011 ( 283)                 AND   R1 R2 #-5
(111A) 1E21  0001111000100001 ( 284)                 ADD   R7 R0 #1
(111B) 10A7  0001000010100111 ( 285)                 ADD   R0 R2 #7
(111C) 1260  0001001001100000 ( 286)                 ADD   R1 R1 #0
(111D) 5DFA  0101110111111010 ( 287)                 AND   R6 R7 #-6
(111E) 553C  0101010100111100 ( 288)                 AND   R2 R4 #-4
(111F) 173B  0001011100111011 ( 289)                 ADD   R3 R4 #-5
(1120) 50E9  0101000011101001 ( 290)                 AND   R0 R3 #9
(1121) 11FC  0001000111111100 ( 291)                 ADD   R0 R7 #-4
(1122) 1577  0001010101110111 ( 292)                 ADD   R2 R5 #-9
(1123) 1438  0001010000111000 ( 293)                 ADD   R2 R0 #-8
(1124) 1FE2  0001111111100010 ( 294)                 ADD   R7 R7 #2
(1125) 1069  0001000001101001 ( 295)                 ADD   R0 R1 #9
(1126) 1CB9  0001110010111001 ( 296)                 ADD   R6 R2 #-7
(1127) 17E1  0001011111100001 ( 297)                 ADD   R3 R7 #1
(1128) 5D21  0101110100100001 ( 298)                 AND   R6 R4 #1
(1129) 1738  0001011100111000 ( 299)                 ADD   R3 R4 #-8
(112A) 1877  0001100001110111 ( 300)                 ADD   R4 R1 #-9
(112B) 513C  0101000100111100 ( 301)                 AND   R0 R4 #-4
(112C) 0C63  0000110001100011 ( 302)                 BRNZ  A
(112D) 0662  0000011001100010 ( 303)                 BRZP  A
(112E) 0861  0000100001100001 ( 304)                 BRN   A
(112F) 0860  0000100001100000 ( 305)                 BRN   A
(1130) 085F  0000100001011111 ( 306)                 BRN   A
(1131) 0A5E  0000101001011110 ( 307)                 BRNP  A
(1132) 0E5D  0000111001011101 ( 308)                 BRNZP A
(1133) 0C5C  0000110001011100 ( 309)                 BRNZ  A
(1134) 085B  0000100001011011 ( 310)                 BRN   A
(1135) 065A  0000011001011010 ( 311)                 BRZP  A
(1136) 0259  0000001001011001 ( 312)                 BRP   A
(1137) 0E58  0000111001011000 ( 313)                 BRNZP A
(1138) 0457  0000010001010111 ( 314)                 BRZ   A
(1139) 0256  0000001001010110 ( 315)                 BRP   A
(113A) 0455  0000010001010101 ( 316)                 BRZ   A
(113B) 0E54  0000111001010100 ( 317)                 BRNZP A
(113C) 0253  0000001001010011 ( 318)                 BRP   A
(113D) 0652  0000011001010010 ( 319)                 BRZP  A
(113E) 0C51  0000110001010001 ( 320)                 BRNZ  A
(113F) 0850  0000100001010000 ( 321)                 BRN   A
(1140) 084F  0000100001001111 ( 322)                 BRN   A
(1141) 0A4E  0000101001001110 ( 323)                 BRNP  A
(1142) 0E4D  0000111001001101 ( 324)                 BRNZP A
(1143) 0C4C  0000110001001100 ( 325)                 BRNZ  A
(1144) 044B  0000010001001011 ( 326)                 BRZ   A
(1145) 084A  0000100001001010 ( 327)                 BRN   A
(1146) 0449  0000010001001001 ( 328)                 BRZ   A
(1147) 0E48  0000111001001000 ( 329)                 BRNZP A
(1148) 0447  0000010001000111 ( 330)                 BRZ   A
(1149) 0A46  0000101001000110 ( 331)                 BRNP  A
(114A) 0E45  0000111001000101 ( 332)                 BRNZP A
(114B) 0E44  0000111001000100 ( 333)                 BRNZP A
(114C) 0A43  0000101001000011 ( 334)                 BRNP  A
(114D) 0842  0000100001000010 ( 335)                 BRN   A
(114E) 0E41  0000111001000001 ( 336)                 BRNZP A
(114F) 0E40  0000111001000000 ( 337)                 BRNZP A
(1150) 0E3F  0000111000111111 ( 338)                 BRNZP A
(1151) 023E  0000001000111110 ( 339)                 BRP   A
(1152) 023D  0000001000111101 ( 340)                 BRP   A
(1153) 0E3C  0000111000111100 ( 341)                 BRNZP A
(1154) 0A3B  0000101000111011 ( 342)                 BRNP  A
(1155) 0E3A  0000111000111010 ( 343)                 BRNZP A
(1156) 0A39  0000101000111001 ( 344)                 BRNP  A
(1157) 0C38  0000110000111000 ( 345)                 BRNZ  A
(1158) 0E37  0000111000110111 ( 346)                 BRNZP A
(1159) 0836  0000100000110110 ( 347)                 BRN   A
(115A) 0E35  0000111000110101 ( 348)                 BRNZP A
(115B) 0434  0000010000110100 ( 349)                 BRZ   A
(115C) 0633  0000011000110011 ( 350)                 BRZP  A
(115D) 0432  0000010000110010 ( 351)                 BRZ   A
(115E) EC31  1110110000110001 ( 352)                 LEA   R6 A
(115F) E830  1110100000110000 ( 353)                 LEA   R4 A
(1160) E02F  1110000000101111 ( 354)                 LEA   R0 A
(1161) E02E  1110000000101110 ( 355)                 LEA   R0 A
(1162) E22D  1110001000101101 ( 356)                 LEA   R1 A
(1163) E62C  1110011000101100 ( 357)                 LEA   R3 A
(1164) E82B  1110100000101011 ( 358)                 LEA   R4 A
(1165) E42A  1110010000101010 ( 359)                 LEA   R2 A
(1166) E029  1110000000101001 ( 360)                 LEA   R0 A
(1167) E228  1110001000101000 ( 361)                 LEA   R1 A
(1168) E227  1110001000100111 ( 362)                 LEA   R1 A
(1169) E626  1110011000100110 ( 363)                 LEA   R3 A
(116A) E425  1110010000100101 ( 364)                 LEA   R2 A
(116B) E224  1110001000100100 ( 365)                 LEA   R1 A
(116C) E623  1110011000100011 ( 366)                 LEA   R3 A
(116D) E022  1110000000100010 ( 367)                 LEA   R0 A
(116E) EA21  1110101000100001 ( 368)                 LEA   R5 A
(116F) EC20  1110110000100000 ( 369)                 LEA   R6 A
(1170) EA1F  1110101000011111 ( 370)                 LEA   R5 A
(1171) E61E  1110011000011110 ( 371)                 LEA   R3 A
(1172) E61D  1110011000011101 ( 372)                 LEA   R3 A
(1173) EC1C  1110110000011100 ( 373)                 LEA   R6 A
(1174) E41B  1110010000011011 ( 374)                 LEA   R2 A
(1175) E81A  1110100000011010 ( 375)                 LEA   R4 A
(1176) EE19  1110111000011001 ( 376)                 LEA   R7 A
(1177) EC18  1110110000011000 ( 377)                 LEA   R6 A
(1178) E217  1110001000010111 ( 378)                 LEA   R1 A
(1179) EC16  1110110000010110 ( 379)                 LEA   R6 A
(117A) EA15  1110101000010101 ( 380)                 LEA   R5 A
(117B) EC14  1110110000010100 ( 381)                 LEA   R6 A
(117C) EC13  1110110000010011 ( 382)                 LEA   R6 A
(117D) E612  1110011000010010 ( 383)                 LEA   R3 A
(117E) EA11  1110101000010001 ( 384)                 LEA   R5 A
(117F) E010  1110000000010000 ( 385)                 LEA   R0 A
(1180) E20F  1110001000001111 ( 386)                 LEA   R1 A
(1181) E20E  1110001000001110 ( 387)                 LEA   R1 A
(1182) E60D  1110011000001101 ( 388)                 LEA   R3 A
(1183) E40C  1110010000001100 ( 389)                 LEA   R2 A
(1184) E20B  1110001000001011 ( 390)                 LEA   R1 A
(1185) E40A  1110010000001010 ( 391)                 LEA   R2 A
(1186) EC09  1110110000001001 ( 392)                 LEA   R6 A
(1187) EE08  1110111000001000 ( 393)                 LEA   R7 A
(1188) EC07  1110110000000111 ( 394)                 LEA   R6 A
(1189) E006  1110000000000110 ( 395)                 LEA   R0 A
(118A) EE05  1110111000000101 ( 396)                 LEA   R7 A
(118B) E804  1110100000000100 ( 397)                 LEA   R4 A
(118C) E803  1110100000000011 ( 398)                 LEA   R4 A
(118D) E602  1110011000000010 ( 399)                 LEA   R3 A
(118E) EC01  1110110000000001 ( 400)                 LEA   R6 A
(118F) EE00  1110111000000000 ( 401)                 LEA   R7 A
(1190) 5AE9  0101101011101001 ( 402) A               AND   R5 R3 #9
(1191) 0FFE  0000111111111110 ( 403)                 BRNZP A
(1192) 07FD  0000011111111101 ( 404)                 BRZP  A
(1193) 0DFC  0000110111111100 ( 405)                 BRNZ  A
(1194) 0FFB  0000111111111011 ( 406)                 BRNZP A
(1195) 07FA  0000011111111010 ( 407)                 BRZP  A
(1196) 0FF9  0000111111111001 ( 408)                 BRNZP A
(1197) 03F8  0000001111111000 ( 409)                 BRP   A
(1198) 07F7  0000011111110111 ( 410)                 BRZP  A
(1199) 05F6  0000010111110110 ( 411)                 BRZ   A
(119A) 03F5  0000001111110101 ( 412)                 BRP   A
(119B) 0BF4  0000101111110100 ( 413)                 BRNP  A
(119C) 09F3  0000100111110011 ( 414)                 BRN   A
(119D) 07F2  0000011111110010 ( 415)                 BRZP  A
(119E) 0FF1  0000111111110001 ( 416)                 BRNZP A
(119F) 09F0  0000100111110000 ( 417)                 BRN   A
(11A0) 0FEF  0000111111101111 ( 418)                 BRNZP A
(11A1) 07EE  0000011111101110 ( 419)                 BRZP  A
(11A2) 0DED  0000110111101101 ( 420)                 BRNZ  A
(11A3) 0FEC  0000111111101100 ( 421)                 BRNZP A
(11A4) 0BEB  0000101111101011 ( 422)                 BRNP  A
(11A5) 09EA  0000100111101010 ( 423)                 BRN   A
(11A6) 07E9  0000011111101001 ( 424)                 BRZP  A
(11A7) 0FE8  0000111111101000 ( 425)                 BRNZP A
(11A8) 0DE7  0000110111100111 ( 426)                 BRNZ  A
(11A9) 09E6  0000100111100110 ( 427)                 BRN   A
(11AA) 03E5  0000001111100101 ( 428)                 BRP   A
(11AB) 07E4  0000011111100100 ( 429)                 BRZP  A
(11AC) 0DE3  0000110111100011 ( 430)                 BRNZ  A
(11AD) 0FE2  0000111111100010 ( 431)                 BRNZP A
(11AE) 07E1  0000011111100001 ( 432)                 BRZP  A
(11AF) 07E0  0000011111100000 ( 433)                 BRZP  A
(11B0) 07DF  0000011111011111 ( 434)                 BRZP  A
(11B1) 0FDE  0000111111011110 ( 435)                 BRNZP A
(11B2) 03DD  0000001111011101 ( 436)                 BRP   A
(11B3) 0DDC  0000110111011100 ( 437)                 BRNZ  A
(11B4) 0FDB  0000111111011011 ( 438)                 BRNZP A
(11B5) 0DDA  0000110111011010 ( 439)                 BRNZ  A
(11B6) 0FD9  0000111111011001 ( 440)                 BRNZP A
(11B7) 0BD8  0000101111011000 ( 441)                 BRNP  A
(11B8) 0DD7  0000110111010111 ( 442)                 BRNZ  A
(11B9) 0DD6  0000110111010110 ( 443)                 BRNZ  A
(11BA) 0FD5  0000111111010101 ( 444)                 BRNZP A
(11BB) 03D4  0000001111010100 ( 445)                 BRP   A
(11BC) 07D3  0000011111010011 ( 446)                 BRZP  A
(11BD) 0FD2  0000111111010010 ( 447)                 BRNZP A
(11BE) 09D1  0000100111010001 ( 448)                 BRN   A
(11BF) 0BD0  0000101111010000 ( 449)                 BRNP  A
(11C0) 09CF  0000100111001111 ( 450)                 BRN   A
(11C1) 0FCE  0000111111001110 ( 451)                 BRNZP A
(11C2) 09CD  0000100111001101 ( 452)                 BRN   A
(11C3) C0C0  1100000011000000 ( 453)                 JMP   R3
(11C4) C140  1100000101000000 ( 454)                 JMP   R5
(11C5) C1C0  1100000111000000 ( 455)                 RET   
(11C6) C1C0  1100000111000000 ( 456)                 RET   
(11C7) C100  1100000100000000 ( 457)                 JMP   R4
(11C8) C1C0  1100000111000000 ( 458)                 RET   
(11C9) C080  1100000010000000 ( 459)                 JMP   R2
(11CA) C080  1100000010000000 ( 460)                 JMP   R2
(11CB) C1C0  1100000111000000 ( 461)                 RET   
(11CC) C0C0  1100000011000000 ( 462)                 JMP   R3
(11CD) C080  1100000010000000 ( 463)                 JMP   R2
(11CE) C000  1100000000000000 ( 464)                 JMP   R0
(11CF) C140  1100000101000000 ( 465)                 JMP   R5
(11D0) C000  1100000000000000 ( 466)                 JMP   R0
(11D1) C180  1100000110000000 ( 467)                 JMP   R6
(11D2) C100  1100000100000000 ( 468)                 JMP   R4
(11D3) C180  1100000110000000 ( 469)                 JMP   R6
(11D4) C040  1100000001000000 ( 470)                 JMP   R1
(11D5) C180  1100000110000000 ( 471)                 JMP   R6
(11D6) C080  1100000010000000 ( 472)                 JMP   R2
(11D7) C080  1100000010000000 ( 473)                 JMP   R2
(11D8) C0C0  1100000011000000 ( 474)                 JMP   R3
(11D9) C000  1100000000000000 ( 475)                 JMP   R0
(11DA) C140  1100000101000000 ( 476)                 JMP   R5
(11DB) C040  1100000001000000 ( 477)                 JMP   R1
(11DC) C0C0  1100000011000000 ( 478)                 JMP   R3
(11DD) C180  1100000110000000 ( 479)                 JMP   R6
(11DE) C100  1100000100000000 ( 480)                 JMP   R4
(11DF) C180  1100000110000000 ( 481)                 JMP   R6
(11E0) C040  1100000001000000 ( 482)                 JMP   R1
(11E1) C080  1100000010000000 ( 483)                 JMP   R2
(11E2) C040  1100000001000000 ( 484)                 JMP   R1
(11E3) C000  1100000000000000 ( 485)                 JMP   R0
(11E4) C140  1100000101000000 ( 486)                 JMP   R5
(11E5) C180  1100000110000000 ( 487)                 JMP   R6
(11E6) C100  1100000100000000 ( 488)                 JMP   R4
(11E7) C1C0  1100000111000000 ( 489)                 RET   
(11E8) C080  1100000010000000 ( 490)                 JMP   R2
(11E9) C180  1100000110000000 ( 491)                 JMP   R6
(11EA) C180  1100000110000000 ( 492)                 JMP   R6
(11EB) C1C0  1100000111000000 ( 493)                 RET   
(11EC) C040  1100000001000000 ( 494)                 JMP   R1
(11ED) C1C0  1100000111000000 ( 495)                 RET   
(11EE) C1C0  1100000111000000 ( 496)                 RET   
(11EF) C1C0  1100000111000000 ( 497)                 RET   
(11F0) C140  1100000101000000 ( 498)                 JMP   R5
(11F1) C140  1100000101000000 ( 499)                 JMP   R5
(11F2) C1C0  1100000111000000 ( 500)                 RET   
(11F3) C1C0  1100000111000000 ( 501)                 RET   
(11F4) C100  1100000100000000 ( 502)                 JMP   R4
(11F5) 4F9A  0100111110011010 ( 503)                 JSR   A
(11F6) 4F99  0100111110011001 ( 504)                 JSR   A
(11F7) 4F98  0100111110011000 ( 505)                 JSR   A
(11F8) 4F97  0100111110010111 ( 506)                 JSR   A
(11F9) 4F96  0100111110010110 ( 507)                 JSR   A
(11FA) 4F95  0100111110010101 ( 508)                 JSR   A
(11FB) 4F94  0100111110010100 ( 509)                 JSR   A
(11FC) 4F93  0100111110010011 ( 510)                 JSR   A
(11FD) 4F92  0100111110010010 ( 511)                 JSR   A
(11FE) 4F91  0100111110010001 ( 512)                 JSR   A
(11FF) 4F90  0100111110010000 ( 513)                 JSR   A
(1200) 4F8F  0100111110001111 ( 514)                 JSR   A
(1201) 4F8E  0100111110001110 ( 515)                 JSR   A
(1202) 4F8D  0100111110001101 ( 516)                 JSR   A
(1203) 4F8C  0100111110001100 ( 517)                 JSR   A
(1204) 4F8B  0100111110001011 ( 518)                 JSR   A
(1205) 4F8A  0100111110001010 ( 519)                 JSR   A
(1206) 4F89  0100111110001001 ( 520)                 JSR   A
(1207) 4F88  0100111110001000 ( 521)                 JSR   A
(1208) 4F87  0100111110000111 ( 522)                 JSR   A
(1209) 4F86  0100111110000110 ( 523)                 JSR   A
(120A) 4F85  0100111110000101 ( 524)                 JSR   A
(120B) 4F84  0100111110000100 ( 525)                 JSR   A
(120C) 4F83  0100111110000011 ( 526)                 JSR   A
(120D) 4F82  0100111110000010 ( 527)                 JSR   A
(120E) 4F81  0100111110000001 ( 528)                 JSR   A
(120F) 4F80  0100111110000000 ( 529)                 JSR   A
(1210) 4F7F  0100111101111111 ( 530)                 JSR   A
(1211) 4F7E  0100111101111110 ( 531)                 JSR   A
(1212) 4F7D  0100111101111101 ( 532)                 JSR   A
(1213) 4F7C  0100111101111100 ( 533)                 JSR   A
(1214) 4F7B  0100111101111011 ( 534)                 JSR   A
(1215) 4F7A  0100111101111010 ( 535)                 JSR   A
(1216) 4F79  0100111101111001 ( 536)                 JSR   A
(1217) 4F78  0100111101111000 ( 537)                 JSR   A
(1218) 4F77  0100111101110111 ( 538)                 JSR   A
(1219) 4F76  0100111101110110 ( 539)                 JSR   A
(121A) 4F75  0100111101110101 ( 540)                 JSR   A
(121B) 4F74  0100111101110100 ( 541)                 JSR   A
(121C) 4F73  0100111101110011 ( 542)                 JSR   A
(121D) 4F72  0100111101110010 ( 543)                 JSR   A
(121E) 4F71  0100111101110001 ( 544)                 JSR   A
(121F) 4F70  0100111101110000 ( 545)                 JSR   A
(1220) 4F6F  0100111101101111 ( 546)                 JSR   A
(1221) 4F6E  0100111101101110 ( 547)                 JSR   A
(1222) 4F6D  0100111101101101 ( 548)                 JSR   A
(1223) 4F6C  0100111101101100 ( 549)                 JSR   A
(1224) 4F6B  0100111101101011 ( 550)                 JSR   A
(1225) 4F6A  0100111101101010 ( 551)                 JSR   A
(1226) 4F69  0100111101101001 ( 552)                 JSR   A
(1227) 4180  0100000110000000 ( 553)                 JSRR  R6
(1228) 4140  0100000101000000 ( 554)                 JSRR  R5
(1229) 4140  0100000101000000 ( 555)                 JSRR  R5
(122A) 4100  0100000100000000 ( 556)                 JSRR  R4
(122B) 4000  0100000000000000 ( 557)                 JSRR  R0
(122C) 4080  0100000010000000 ( 558)                 JSRR  R2
(122D) 40C0  0100000011000000 ( 559)                 JSRR  R3
(122E) 4000  0100000000000000 ( 560)                 JSRR  R0
(122F) 4100  0100000100000000 ( 561)                 JSRR  R4
(1230) 4040  0100000001000000 ( 562)                 JSRR  R1
(1231) 4080  0100000010000000 ( 563)                 JSRR  R2
(1232) 4040  0100000001000000 ( 564)                 JSRR  R1
(1233) 4080  0100000010000000 ( 565)                 JSRR  R2
(1234) 4180  0100000110000000 ( 566)                 JSRR  R6
(1235) 4100  0100000100000000 ( 567)                 JSRR  R4
(1236) 4040  0100000001000000 ( 568)                 JSRR  R1
(1237) 40C0  0100000011000000 ( 569)                 JSRR  R3
(1238) 4140  0100000101000000 ( 570)                 JSRR  R5
(1239) 40C0  0100000011000000 ( 571)                 JSRR  R3
(123A) 4000  0100000000000000 ( 572)                 JSRR  R0
(123B) 4080  0100000010000000 ( 573)                 JSRR  R2
(123C) 4100  0100000100000000 ( 574)                 JSRR  R4
(123D) 4180  0100000110000000 ( 575)                 JSRR  R6
(123E) 4140  0100000101000000 ( 576)                 JSRR  R5
(123F) 4080  0100000010000000 ( 577)                 JSRR  R2
(1240) 4180  0100000110000000 ( 578)                 JSRR  R6
(1241) 4140  0100000101000000 ( 579)                 JSRR  R5
(1242) 4100  0100000100000000 ( 580)                 JSRR  R4
(1243) 4140  0100000101000000 ( 581)                 JSRR  R5
(1244) 4000  0100000000000000 ( 582)                 JSRR  R0
(1245) 4180  0100000110000000 ( 583)                 JSRR  R6
(1246) 4080  0100000010000000 ( 584)                 JSRR  R2
(1247) 40C0  0100000011000000 ( 585)                 JSRR  R3
(1248) 4100  0100000100000000 ( 586)                 JSRR  R4
(1249) 4080  0100000010000000 ( 587)                 JSRR  R2
(124A) 4100  0100000100000000 ( 588)                 JSRR  R4
(124B) 4140  0100000101000000 ( 589)                 JSRR  R5
(124C) 40C0  0100000011000000 ( 590)                 JSRR  R3
(124D) 40C0  0100000011000000 ( 591)                 JSRR  R3
(124E) 4180  0100000110000000 ( 592)                 JSRR  R6
(124F) 4140  0100000101000000 ( 593)                 JSRR  R5
(1250) 41C0  0100000111000000 ( 594)                 JSRR  R7
(1251) 4140  0100000101000000 ( 595)                 JSRR  R5
(1252) 4140  0100000101000000 ( 596)                 JSRR  R5
(1253) 41C0  0100000111000000 ( 597)                 JSRR  R7
(1254) 4180  0100000110000000 ( 598)                 JSRR  R6
(1255) 4180  0100000110000000 ( 599)                 JSRR  R6
(1256) 4080  0100000010000000 ( 600)                 JSRR  R2
(1257) 4100  0100000100000000 ( 601)                 JSRR  R4
(1258) 40C0  0100000011000000 ( 602)                 JSRR  R3
(1259) 993F  1001100100111111 ( 603)                 NOT   R4 R4
(125A) 9A3F  1001101000111111 ( 604)                 NOT   R5 R0
(125B) 9B3F  1001101100111111 ( 605)                 NOT   R5 R4
(125C) 9CFF  1001110011111111 ( 606)                 NOT   R6 R3
(125D) 9D3F  1001110100111111 ( 607)                 NOT   R6 R4
(125E) 953F  1001010100111111 ( 608)                 NOT   R2 R4
(125F) 96FF  1001011011111111 ( 609)                 NOT   R3 R3
(1260) 9E7F  1001111001111111 ( 610)                 NOT   R7 R1
(1261) 9BFF  1001101111111111 ( 611)                 NOT   R5 R7
(1262) 953F  1001010100111111 ( 612)                 NOT   R2 R4
(1263) 9A7F  1001101001111111 ( 613)                 NOT   R5 R1
(1264) 9E3F  1001111000111111 ( 614)                 NOT   R7 R0
(1265) 9D7F  1001110101111111 ( 615)                 NOT   R6 R5
(1266) 97FF  1001011111111111 ( 616)                 NOT   R3 R7
(1267) 943F  1001010000111111 ( 617)                 NOT   R2 R0
(1268) 96BF  1001011010111111 ( 618)                 NOT   R3 R2
(1269) 987F  1001100001111111 ( 619)                 NOT   R4 R1
(126A) 967F  1001011001111111 ( 620)                 NOT   R3 R1
(126B) 923F  1001001000111111 ( 621)                 NOT   R1 R0
(126C) 98FF  1001100011111111 ( 622)                 NOT   R4 R3
(126D) 97FF  1001011111111111 ( 623)                 NOT   R3 R7
(126E) 957F  1001010101111111 ( 624)                 NOT   R2 R5
(126F) 993F  1001100100111111 ( 625)                 NOT   R4 R4
(1270) 97FF  1001011111111111 ( 626)                 NOT   R3 R7
(1271) 9DBF  1001110110111111 ( 627)                 NOT   R6 R6
(1272) 96BF  1001011010111111 ( 628)                 NOT   R3 R2
(1273) 913F  1001000100111111 ( 629)                 NOT   R0 R4
(1274) 9BBF  1001101110111111 ( 630)                 NOT   R5 R6
(1275) 96FF  1001011011111111 ( 631)                 NOT   R3 R3
(1276) 95FF  1001010111111111 ( 632)                 NOT   R2 R7
(1277) 95BF  1001010110111111 ( 633)                 NOT   R2 R6
(1278) 9F3F  1001111100111111 ( 634)                 NOT   R7 R4
(1279) 9B3F  1001101100111111 ( 635)                 NOT   R5 R4
(127A) 9CBF  1001110010111111 ( 636)                 NOT   R6 R2
(127B) 97BF  1001011110111111 ( 637)                 NOT   R3 R6
(127C) 907F  1001000001111111 ( 638)                 NOT   R0 R1
(127D) 90BF  1001000010111111 ( 639)                 NOT   R0 R2
(127E) 95BF  1001010110111111 ( 640)                 NOT   R2 R6
(127F) 9A7F  1001101001111111 ( 641)                 NOT   R5 R1
(1280) 977F  1001011101111111 ( 642)                 NOT   R3 R5
(1281) 913F  1001000100111111 ( 643)                 NOT   R0 R4
(1282) 9FFF  1001111111111111 ( 644)                 NOT   R7 R7
(1283) 94BF  1001010010111111 ( 645)                 NOT   R2 R2
(1284) 9FBF  1001111110111111 ( 646)                 NOT   R7 R6
(1285) 90FF  1001000011111111 ( 647)                 NOT   R0 R3
(1286) 943F  1001010000111111 ( 648)                 NOT   R2 R0
(1287) 94FF  1001010011111111 ( 649)                 NOT   R2 R3
(1288) 943F  1001010000111111 ( 650)                 NOT   R2 R0
(1289) 977F  1001011101111111 ( 651)                 NOT   R3 R5
(128A) 9B3F  1001101100111111 ( 652)                 NOT   R5 R4
(128B) C1C0  1100000111000000 ( 653)                 RET   
(128C) 8000  1000000000000000 ( 654)                 RTI   
