(0000) 1000  0001000000000000 (   1)                 .ORIG x1000
(1000) 1683  0001011010000011 (   2)                 ADD   R3 R2 R3
(1001) 1B03  0001101100000011 (   3)                 ADD   R5 R4 R3
(1002) 55C1  0101010111000001 (   4)                 AND   R2 R7 R1
(1003) 1944  0001100101000100 (   5)                 ADD   R4 R5 R4
(1004) 5A06  0101101000000110 (   6)                 AND   R5 R0 R6
(1005) 5AC6  0101101011000110 (   7)                 AND   R5 R3 R6
(1006) 5687  0101011010000111 (   8)                 AND   R3 R2 R7
(1007) 1284  0001001010000100 (   9)                 ADD   R1 R2 R4
(1008) 5704  0101011100000100 (  10)                 AND   R3 R4 R4
(1009) 5383  0101001110000011 (  11)                 AND   R1 R6 R3
(100A) 1F06  0001111100000110 (  12)                 ADD   R7 R4 R6
(100B) 1740  0001011101000000 (  13)                 ADD   R3 R5 R0
(100C) 1C44  0001110001000100 (  14)                 ADD   R6 R1 R4
(100D) 16C0  0001011011000000 (  15)                 ADD   R3 R3 R0
(100E) 5142  0101000101000010 (  16)                 AND   R0 R5 R2
(100F) 5E06  0101111000000110 (  17)                 AND   R7 R0 R6
(1010) 1387  0001001110000111 (  18)                 ADD   R1 R6 R7
(1011) 1207  0001001000000111 (  19)                 ADD   R1 R0 R7
(1012) 14C0  0001010011000000 (  20)                 ADD   R2 R3 R0
(1013) 1DC3  0001110111000011 (  21)                 ADD   R6 R7 R3
(1014) 5D86  0101110110000110 (  22)                 AND   R6 R6 R6
(1015) 5247  0101001001000111 (  23)                 AND   R1 R1 R7
(1016) 1F43  0001111101000011 (  24)                 ADD   R7 R5 R3
(1017) 5442  0101010001000010 (  25)                 AND   R2 R1 R2
(1018) 53C5  0101001111000101 (  26)                 AND   R1 R7 R5
(1019) 1540  0001010101000000 (  27)                 ADD   R2 R5 R0
(101A) 1487  0001010010000111 (  28)                 ADD   R2 R2 R7
(101B) 17C1  0001011111000001 (  29)                 ADD   R3 R7 R1
(101C) 56C4  0101011011000100 (  30)                 AND   R3 R3 R4
(101D) 1181  0001000110000001 (  31)                 ADD   R0 R6 R1
(101E) 1243  0001001001000011 (  32)                 ADD   R1 R1 R3
(101F) 1EC6  0001111011000110 (  33)                 ADD   R7 R3 R6
(1020) 5787  0101011110000111 (  34)                 AND   R3 R6 R7
(1021) 1201  0001001000000001 (  35)                 ADD   R1 R0 R1
(1022) 10C7  0001000011000111 (  36)                 ADD   R0 R3 R7
(1023) 5E42  0101111001000010 (  37)                 AND   R7 R1 R2
(1024) 1187  0001000110000111 (  38)                 ADD   R0 R6 R7
(1025) 1E00  0001111000000000 (  39)                 ADD   R7 R0 R0
(1026) 5907  0101100100000111 (  40)                 AND   R4 R4 R7
(1027) 1100  0001000100000000 (  41)                 ADD   R0 R4 R0
(1028) 5846  0101100001000110 (  42)                 AND   R4 R1 R6
(1029) 5243  0101001001000011 (  43)                 AND   R1 R1 R3
(102A) 1182  0001000110000010 (  44)                 ADD   R0 R6 R2
(102B) 5E45  0101111001000101 (  45)                 AND   R7 R1 R5
(102C) 1A41  0001101001000001 (  46)                 ADD   R5 R1 R1
(102D) 5100  0101000100000000 (  47)                 AND   R0 R4 R0
(102E) 5243  0101001001000011 (  48)                 AND   R1 R1 R3
(102F) 17C3  0001011111000011 (  49)                 ADD   R3 R7 R3
(1030) 54C7  0101010011000111 (  50)                 AND   R2 R3 R7
(1031) 1981  0001100110000001 (  51)                 ADD   R4 R6 R1
(1032) 5146  0101000101000110 (  52)                 AND   R0 R5 R6
(1033) 1586  0001010110000110 (  53)                 ADD   R2 R6 R6
(1034) 5544  0101010101000100 (  54)                 AND   R2 R5 R4
(1035) 1B82  0001101110000010 (  55)                 ADD   R5 R6 R2
(1036) 17C0  0001011111000000 (  56)                 ADD   R3 R7 R0
(1037) 5541  0101010101000001 (  57)                 AND   R2 R5 R1
(1038) 52C2  0101001011000010 (  58)                 AND   R1 R3 R2
(1039) 5747  0101011101000111 (  59)                 AND   R3 R5 R7
(103A) 1F46  0001111101000110 (  60)                 ADD   R7 R5 R6
(103B) 1082  0001000010000010 (  61)                 ADD   R0 R2 R2
(103C) 5743  0101011101000011 (  62)                 AND   R3 R5 R3
(103D) 1207  0001001000000111 (  63)                 ADD   R1 R0 R7
(103E) 5FC4  0101111111000100 (  64)                 AND   R7 R7 R4
(103F) 56C4  0101011011000100 (  65)                 AND   R3 R3 R4
(1040) 56C6  0101011011000110 (  66)                 AND   R3 R3 R6
(1041) 5946  0101100101000110 (  67)                 AND   R4 R5 R6
(1042) 1481  0001010010000001 (  68)                 ADD   R2 R2 R1
(1043) 1605  0001011000000101 (  69)                 ADD   R3 R0 R5
(1044) 1F82  0001111110000010 (  70)                 ADD   R7 R6 R2
(1045) 1243  0001001001000011 (  71)                 ADD   R1 R1 R3
(1046) 1D82  0001110110000010 (  72)                 ADD   R6 R6 R2
(1047) 19C3  0001100111000011 (  73)                 ADD   R4 R7 R3
(1048) 5782  0101011110000010 (  74)                 AND   R3 R6 R2
(1049) 17C6  0001011111000110 (  75)                 ADD   R3 R7 R6
(104A) 5642  0101011001000010 (  76)                 AND   R3 R1 R2
(104B) 5682  0101011010000010 (  77)                 AND   R3 R2 R2
(104C) 5B03  0101101100000011 (  78)                 AND   R5 R4 R3
(104D) 1A06  0001101000000110 (  79)                 ADD   R5 R0 R6
(104E) 1100  0001000100000000 (  80)                 ADD   R0 R4 R0
(104F) 1F87  0001111110000111 (  81)                 ADD   R7 R6 R7
(1050) 1C01  0001110000000001 (  82)                 ADD   R6 R0 R1
(1051) 1A81  0001101010000001 (  83)                 ADD   R5 R2 R1
(1052) 16C6  0001011011000110 (  84)                 ADD   R3 R3 R6
(1053) 5107  0101000100000111 (  85)                 AND   R0 R4 R7
(1054) 5CC6  0101110011000110 (  86)                 AND   R6 R3 R6
(1055) 19C0  0001100111000000 (  87)                 ADD   R4 R7 R0
(1056) 1AC2  0001101011000010 (  88)                 ADD   R5 R3 R2
(1057) 5406  0101010000000110 (  89)                 AND   R2 R0 R6
(1058) 5082  0101000010000010 (  90)                 AND   R0 R2 R2
(1059) 1E44  0001111001000100 (  91)                 ADD   R7 R1 R4
(105A) 1141  0001000101000001 (  92)                 ADD   R0 R5 R1
(105B) 5305  0101001100000101 (  93)                 AND   R1 R4 R5
(105C) 5886  0101100010000110 (  94)                 AND   R4 R2 R6
(105D) 5707  0101011100000111 (  95)                 AND   R3 R4 R7
(105E) 1945  0001100101000101 (  96)                 ADD   R4 R5 R5
(105F) 5D05  0101110100000101 (  97)                 AND   R6 R4 R5
(1060) 5E44  0101111001000100 (  98)                 AND   R7 R1 R4
(1061) 1D06  0001110100000110 (  99)                 ADD   R6 R4 R6
(1062) 1AC3  0001101011000011 ( 100)                 ADD   R5 R3 R3
(1063) 5B03  0101101100000011 ( 101)                 AND   R5 R4 R3
(1064) 1C84  0001110010000100 ( 102)                 ADD   R6 R2 R4
(1065) 5484  0101010010000100 ( 103)                 AND   R2 R2 R4
(1066) 5487  0101010010000111 ( 104)                 AND   R2 R2 R7
(1067) 18C7  0001100011000111 ( 105)                 ADD   R4 R3 R7
(1068) 1B46  0001101101000110 ( 106)                 ADD   R5 R5 R6
(1069) 1646  0001011001000110 ( 107)                 ADD   R3 R1 R6
(106A) 1301  0001001100000001 ( 108)                 ADD   R1 R4 R1
(106B) 1F82  0001111110000010 ( 109)                 ADD   R7 R6 R2
(106C) 5DC3  0101110111000011 ( 110)                 AND   R6 R7 R3
(106D) 55C3  0101010111000011 ( 111)                 AND   R2 R7 R3
(106E) 5D80  0101110110000000 ( 112)                 AND   R6 R6 R0
(106F) 1644  0001011001000100 ( 113)                 ADD   R3 R1 R4
(1070) 1B85  0001101110000101 ( 114)                 ADD   R5 R6 R5
(1071) 17C2  0001011111000010 ( 115)                 ADD   R3 R7 R2
(1072) 5B07  0101101100000111 ( 116)                 AND   R5 R4 R7
(1073) 1D81  0001110110000001 ( 117)                 ADD   R6 R6 R1
(1074) 10C4  0001000011000100 ( 118)                 ADD   R0 R3 R4
(1075) 1AC4  0001101011000100 ( 119)                 ADD   R5 R3 R4
(1076) 5A82  0101101010000010 ( 120)                 AND   R5 R2 R2
(1077) 1505  0001010100000101 ( 121)                 ADD   R2 R4 R5
(1078) 1685  0001011010000101 ( 122)                 ADD   R3 R2 R5
(1079) 1400  0001010000000000 ( 123)                 ADD   R2 R0 R0
(107A) 1886  0001100010000110 ( 124)                 ADD   R4 R2 R6
(107B) 5080  0101000010000000 ( 125)                 AND   R0 R2 R0
(107C) 13C1  0001001111000001 ( 126)                 ADD   R1 R7 R1
(107D) 5887  0101100010000111 ( 127)                 AND   R4 R2 R7
(107E) 5C07  0101110000000111 ( 128)                 AND   R6 R0 R7
(107F) 5000  0101000000000000 ( 129)                 AND   R0 R0 R0
(1080) 5700  0101011100000000 ( 130)                 AND   R3 R4 R0
(1081) 5403  0101010000000011 ( 131)                 AND   R2 R0 R3
(1082) 5BC2  0101101111000010 ( 132)                 AND   R5 R7 R2
(1083) 1342  0001001101000010 ( 133)                 ADD   R1 R5 R2
(1084) 1CC3  0001110011000011 ( 134)                 ADD   R6 R3 R3
(1085) 5405  0101010000000101 ( 135)                 AND   R2 R0 R5
(1086) 1D02  0001110100000010 ( 136)                 ADD   R6 R4 R2
(1087) 5287  0101001010000111 ( 137)                 AND   R1 R2 R7
(1088) 1303  0001001100000011 ( 138)                 ADD   R1 R4 R3
(1089) 1AC4  0001101011000100 ( 139)                 ADD   R5 R3 R4
(108A) 1C84  0001110010000100 ( 140)                 ADD   R6 R2 R4
(108B) 1487  0001010010000111 ( 141)                 ADD   R2 R2 R7
(108C) 1D82  0001110110000010 ( 142)                 ADD   R6 R6 R2
(108D) 1EC7  0001111011000111 ( 143)                 ADD   R7 R3 R7
(108E) 5047  0101000001000111 ( 144)                 AND   R0 R1 R7
(108F) 58C5  0101100011000101 ( 145)                 AND   R4 R3 R5
(1090) 1DC4  0001110111000100 ( 146)                 ADD   R6 R7 R4
(1091) 1D43  0001110101000011 ( 147)                 ADD   R6 R5 R3
(1092) 1541  0001010101000001 ( 148)                 ADD   R2 R5 R1
(1093) 51C5  0101000111000101 ( 149)                 AND   R0 R7 R5
(1094) 1202  0001001000000010 ( 150)                 ADD   R1 R0 R2
(1095) 55C0  0101010111000000 ( 151)                 AND   R2 R7 R0
(1096) 5745  0101011101000101 ( 152)                 AND   R3 R5 R5
(1097) 5884  0101100010000100 ( 153)                 AND   R4 R2 R4
(1098) 1586  0001010110000110 ( 154)                 ADD   R2 R6 R6
(1099) 17C4  0001011111000100 ( 155)                 ADD   R3 R7 R4
(109A) 53C2  0101001111000010 ( 156)                 AND   R1 R7 R2
(109B) 5B44  0101101101000100 ( 157)                 AND   R5 R5 R4
(109C) 5DC5  0101110111000101 ( 158)                 AND   R6 R7 R5
(109D) 1443  0001010001000011 ( 159)                 ADD   R2 R1 R3
(109E) 1984  0001100110000100 ( 160)                 ADD   R4 R6 R4
(109F) 53C5  0101001111000101 ( 161)                 AND   R1 R7 R5
(10A0) 1101  0001000100000001 ( 162)                 ADD   R0 R4 R1
(10A1) 5E47  0101111001000111 ( 163)                 AND   R7 R1 R7
(10A2) 5B82  0101101110000010 ( 164)                 AND   R5 R6 R2
(10A3) 5E85  0101111010000101 ( 165)                 AND   R7 R2 R5
(10A4) 1087  0001000010000111 ( 166)                 ADD   R0 R2 R7
(10A5) 5545  0101010101000101 ( 167)                 AND   R2 R5 R5
(10A6) 19C6  0001100111000110 ( 168)                 ADD   R4 R7 R6
(10A7) 5E46  0101111001000110 ( 169)                 AND   R7 R1 R6
(10A8) 1241  0001001001000001 ( 170)                 ADD   R1 R1 R1
(10A9) 5C00  0101110000000000 ( 171)                 AND   R6 R0 R0
(10AA) 5A86  0101101010000110 ( 172)                 AND   R5 R2 R6
(10AB) 1981  0001100110000001 ( 173)                 ADD   R4 R6 R1
(10AC) 1C41  0001110001000001 ( 174)                 ADD   R6 R1 R1
(10AD) 5705  0101011100000101 ( 175)                 AND   R3 R4 R5
(10AE) 5302  0101001100000010 ( 176)                 AND   R1 R4 R2
(10AF) 5002  0101000000000010 ( 177)                 AND   R0 R0 R2
(10B0) 1907  0001100100000111 ( 178)                 ADD   R4 R4 R7
(10B1) 1D87  0001110110000111 ( 179)                 ADD   R6 R6 R7
(10B2) 1043  0001000001000011 ( 180)                 ADD   R0 R1 R3
(10B3) 1103  0001000100000011 ( 181)                 ADD   R0 R4 R3
(10B4) 57C5  0101011111000101 ( 182)                 AND   R3 R7 R5
(10B5) 5847  0101100001000111 ( 183)                 AND   R4 R1 R7
(10B6) 5202  0101001000000010 ( 184)                 AND   R1 R0 R2
(10B7) 13C1  0001001111000001 ( 185)                 ADD   R1 R7 R1
(10B8) 1307  0001001100000111 ( 186)                 ADD   R1 R4 R7
(10B9) 1743  0001011101000011 ( 187)                 ADD   R3 R5 R3
(10BA) 5A46  0101101001000110 ( 188)                 AND   R5 R1 R6
(10BB) 5003  0101000000000011 ( 189)                 AND   R0 R0 R3
(10BC) 1880  0001100010000000 ( 190)                 ADD   R4 R2 R0
(10BD) 1246  0001001001000110 ( 191)                 ADD   R1 R1 R6
(10BE) 1F07  0001111100000111 ( 192)                 ADD   R7 R4 R7
(10BF) 5246  0101001001000110 ( 193)                 AND   R1 R1 R6
(10C0) 5187  0101000110000111 ( 194)                 AND   R0 R6 R7
(10C1) 1BC5  0001101111000101 ( 195)                 ADD   R5 R7 R5
(10C2) 14C0  0001010011000000 ( 196)                 ADD   R2 R3 R0
(10C3) 12C0  0001001011000000 ( 197)                 ADD   R1 R3 R0
(10C4) 5000  0101000000000000 ( 198)                 AND   R0 R0 R0
(10C5) 1584  0001010110000100 ( 199)                 ADD   R2 R6 R4
(10C6) 1501  0001010100000001 ( 200)                 ADD   R2 R4 R1
(10C7) 5AC3  0101101011000011 ( 201)                 AND   R5 R3 R3
(10C8) 5BA2  0101101110100010 ( 202)                 AND   R5 R6 #2
(10C9) 1BBC  0001101110111100 ( 203)                 ADD   R5 R6 #-4
(10CA) 56F5  0101011011110101 ( 204)                 AND   R3 R3 #-11
(10CB) 177A  0001011101111010 ( 205)                 ADD   R3 R5 #-6
(10CC) 18B8  0001100010111000 ( 206)                 ADD   R4 R2 #-8
(10CD) 57FD  0101011111111101 ( 207)                 AND   R3 R7 #-3
(10CE) 583C  0101100000111100 ( 208)                 AND   R4 R0 #-4
(10CF) 15B4  0001010110110100 ( 209)                 ADD   R2 R6 #-12
(10D0) 166E  0001011001101110 ( 210)                 ADD   R3 R1 #14
(10D1) 1134  0001000100110100 ( 211)                 ADD   R0 R4 #-12
(10D2) 1F26  0001111100100110 ( 212)                 ADD   R7 R4 #6
(10D3) 5D73  0101110101110011 ( 213)                 AND   R6 R5 #-13
(10D4) 1BFF  0001101111111111 ( 214)                 ADD   R5 R7 #-1
(10D5) 5ABC  0101101010111100 ( 215)                 AND   R5 R2 #-4
(10D6) 14F7  0001010011110111 ( 216)                 ADD   R2 R3 #-9
(10D7) 5936  0101100100110110 ( 217)                 AND   R4 R4 #-10
(10D8) 1F35  0001111100110101 ( 218)                 ADD   R7 R4 #-11
(10D9) 1A21  0001101000100001 ( 219)                 ADD   R5 R0 #1
(10DA) 5271  0101001001110001 ( 220)                 AND   R1 R1 #-15
(10DB) 57B7  0101011110110111 ( 221)                 AND   R3 R6 #-9
(10DC) 1DAB  0001110110101011 ( 222)                 ADD   R6 R6 #11
(10DD) 5C65  0101110001100101 ( 223)                 AND   R6 R1 #5
(10DE) 1239  0001001000111001 ( 224)                 ADD   R1 R0 #-7
(10DF) 53F8  0101001111111000 ( 225)                 AND   R1 R7 #-8
(10E0) 5CA2  0101110010100010 ( 226)                 AND   R6 R2 #2
(10E1) 1B24  0001101100100100 ( 227)                 ADD   R5 R4 #4
(10E2) 513D  0101000100111101 ( 228)                 AND   R0 R4 #-3
(10E3) 1C3F  0001110000111111 ( 229)                 ADD   R6 R0 #-1
(10E4) 1964  0001100101100100 ( 230)                 ADD   R4 R5 #4
(10E5) 12FD  0001001011111101 ( 231)                 ADD   R1 R3 #-3
(10E6) 1FF6  0001111111110110 ( 232)                 ADD   R7 R7 #-10
(10E7) 5E20  0101111000100000 ( 233)                 AND   R7 R0 #0
(10E8) 1D30  0001110100110000 ( 234)                 ADD   R6 R4 #-16
(10E9) 1A78  0001101001111000 ( 235)                 ADD   R5 R1 #-8
(10EA) 5670  0101011001110000 ( 236)                 AND   R3 R1 #-16
(10EB) 1BBB  0001101110111011 ( 237)                 ADD   R5 R6 #-5
(10EC) 1462  0001010001100010 ( 238)                 ADD   R2 R1 #2
(10ED) 1535  0001010100110101 ( 239)                 ADD   R2 R4 #-11
(10EE) 1573  0001010101110011 ( 240)                 ADD   R2 R5 #-13
(10EF) 5434  0101010000110100 ( 241)                 AND   R2 R0 #-12
(10F0) 5CA8  0101110010101000 ( 242)                 AND   R6 R2 #8
(10F1) 1979  0001100101111001 ( 243)                 ADD   R4 R5 #-7
(10F2) 14AC  0001010010101100 ( 244)                 ADD   R2 R2 #12
(10F3) 57F7  0101011111110111 ( 245)                 AND   R3 R7 #-9
(10F4) 1BE4  0001101111100100 ( 246)                 ADD   R5 R7 #4
(10F5) 58BA  0101100010111010 ( 247)                 AND   R4 R2 #-6
(10F6) 1821  0001100000100001 ( 248)                 ADD   R4 R0 #1
(10F7) 50FA  0101000011111010 ( 249)                 AND   R0 R3 #-6
(10F8) 1EF8  0001111011111000 ( 250)                 ADD   R7 R3 #-8
(10F9) 106F  0001000001101111 ( 251)                 ADD   R0 R1 #15
(10FA) 53FC  0101001111111100 ( 252)                 AND   R1 R7 #-4
(10FB) 5BE0  0101101111100000 ( 253)                 AND   R5 R7 #0
(10FC) 55FF  0101010111111111 ( 254)                 AND   R2 R7 #-1
(10FD) 59BE  0101100110111110 ( 255)                 AND   R4 R6 #-2
(10FE) 5361  0101001101100001 ( 256)                 AND   R1 R5 #1
(10FF) 14BF  0001010010111111 ( 257)                 ADD   R2 R2 #-1
(1100) 1F62  0001111101100010 ( 258)                 ADD   R7 R5 #2
(1101) 5AE6  0101101011100110 ( 259)                 AND   R5 R3 #6
(1102) 1E21  0001111000100001 ( 260)                 ADD   R7 R0 #1
(1103) 5038  0101000000111000 ( 261)                 AND   R0 R0 #-8
(1104) 52E0  0101001011100000 ( 262)                 AND   R1 R3 #0
(1105) 18E5  0001100011100101 ( 263)                 ADD   R4 R3 #5
(1106) 5865  0101100001100101 ( 264)                 AND   R4 R1 #5
(1107) 1279  0001001001111001 ( 265)                 ADD   R1 R1 #-7
(1108) 1878  0001100001111000 ( 266)                 ADD   R4 R1 #-8
(1109) 563D  0101011000111101 ( 267)                 AND   R3 R0 #-3
(110A) 1337  0001001100110111 ( 268)                 ADD   R1 R4 #-9
(110B) 5E3A  0101111000111010 ( 269)                 AND   R7 R0 #-6
(110C) 5139  0101000100111001 ( 270)                 AND   R0 R4 #-7
(110D) 11A2  0001000110100010 ( 271)                 ADD   R0 R6 #2
(110E) 523E  0101001000111110 ( 272)                 AND   R1 R0 #-2
(110F) 14A6  0001010010100110 ( 273)                 ADD   R2 R2 #6
(1110) 1D28  0001110100101000 ( 274)                 ADD   R6 R4 #8
(1111) 573A  0101011100111010 ( 275)                 AND   R3 R4 #-6
(1112) 5120  0101000100100000 ( 276)                 AND   R0 R4 #0
(1113) 5B3A  0101101100111010 ( 277)                 AND   R5 R4 #-6
(1114) 5363  0101001101100011 ( 278)                 AND   R1 R5 #3
(1115) 1FFA  0001111111111010 ( 279)                 ADD   R7 R7 #-6
(1116) 1922  0001100100100010 ( 280)                 ADD   R4 R4 #2
(1117) 1B3C  0001101100111100 ( 281)                 ADD   R5 R4 #-4
(1118) 5363  0101001101100011 ( 282)                 AND   R1 R5 #3
(1119) 1BB8  0001101110111000 ( 283)                 ADD   R5 R6 #-8
(111A) 5DA9  0101110110101001 ( 284)                 AND   R6 R6 #9
(111B) 5D25  0101110100100101 ( 285)                 AND   R6 R4 #5
(111C) 557E  0101010101111110 ( 286)                 AND   R2 R5 #-2
(111D) 513C  0101000100111100 ( 287)                 AND   R0 R4 #-4
(111E) 1EB7  0001111010110111 ( 288)                 ADD   R7 R2 #-9
(111F) 5C25  0101110000100101 ( 289)                 AND   R6 R0 #5
(1120) 53FC  0101001111111100 ( 290)                 AND   R1 R7 #-4
(1121) 19B9  0001100110111001 ( 291)                 ADD   R4 R6 #-7
(1122) 1C7D  0001110001111101 ( 292)                 ADD   R6 R1 #-3
(1123) 16BF  0001011010111111 ( 293)                 ADD   R3 R2 #-1
(1124) 1F69  0001111101101001 ( 294)                 ADD   R7 R5 #9
(1125) 14A6  0001010010100110 ( 295)                 ADD   R2 R2 #6
(1126) 11E5  0001000111100101 ( 296)                 ADD   R0 R7 #5
(1127) 583E  0101100000111110 ( 297)                 AND   R4 R0 #-2
(1128) 11FE  0001000111111110 ( 298)                 ADD   R0 R7 #-2
(1129) 5DA1  0101110110100001 ( 299)                 AND   R6 R6 #1
(112A) 1160  0001000101100000 ( 300)                 ADD   R0 R5 #0
(112B) 1DBC  0001110110111100 ( 301)                 ADD   R6 R6 #-4
(112C) 0263  0000001001100011 ( 302)                 BRP   A
(112D) 0462  0000010001100010 ( 303)                 BRZ   A
(112E) 0261  0000001001100001 ( 304)                 BRP   A
(112F) 0260  0000001001100000 ( 305)                 BRP   A
(1130) 065F  0000011001011111 ( 306)                 BRZP  A
(1131) 0E5E  0000111001011110 ( 307)                 BRNZP A
(1132) 045D  0000010001011101 ( 308)                 BRZ   A
(1133) 0C5C  0000110001011100 ( 309)                 BRNZ  A
(1134) 0A5B  0000101001011011 ( 310)                 BRNP  A
(1135) 085A  0000100001011010 ( 311)                 BRN   A
(1136) 0459  0000010001011001 ( 312)                 BRZ   A
(1137) 0E58  0000111001011000 ( 313)                 BRNZP A
(1138) 0E57  0000111001010111 ( 314)                 BRNZP A
(1139) 0C56  0000110001010110 ( 315)                 BRNZ  A
(113A) 0E55  0000111001010101 ( 316)                 BRNZP A
(113B) 0454  0000010001010100 ( 317)                 BRZ   A
(113C) 0853  0000100001010011 ( 318)                 BRN   A
(113D) 0E52  0000111001010010 ( 319)                 BRNZP A
(113E) 0851  0000100001010001 ( 320)                 BRN   A
(113F) 0850  0000100001010000 ( 321)                 BRN   A
(1140) 0A4F  0000101001001111 ( 322)                 BRNP  A
(1141) 024E  0000001001001110 ( 323)                 BRP   A
(1142) 0E4D  0000111001001101 ( 324)                 BRNZP A
(1143) 0C4C  0000110001001100 ( 325)                 BRNZ  A
(1144) 064B  0000011001001011 ( 326)                 BRZP  A
(1145) 084A  0000100001001010 ( 327)                 BRN   A
(1146) 0649  0000011001001001 ( 328)                 BRZP  A
(1147) 0E48  0000111001001000 ( 329)                 BRNZP A
(1148) 0E47  0000111001000111 ( 330)                 BRNZP A
(1149) 0846  0000100001000110 ( 331)                 BRN   A
(114A) 0E45  0000111001000101 ( 332)                 BRNZP A
(114B) 0C44  0000110001000100 ( 333)                 BRNZ  A
(114C) 0A43  0000101001000011 ( 334)                 BRNP  A
(114D) 0642  0000011001000010 ( 335)                 BRZP  A
(114E) 0E41  0000111001000001 ( 336)                 BRNZP A
(114F) 0640  0000011001000000 ( 337)                 BRZP  A
(1150) 0E3F  0000111000111111 ( 338)                 BRNZP A
(1151) 0E3E  0000111000111110 ( 339)                 BRNZP A
(1152) 063D  0000011000111101 ( 340)                 BRZP  A
(1153) 0E3C  0000111000111100 ( 341)                 BRNZP A
(1154) 0C3B  0000110000111011 ( 342)                 BRNZ  A
(1155) 0A3A  0000101000111010 ( 343)                 BRNP  A
(1156) 0439  0000010000111001 ( 344)                 BRZ   A
(1157) 0238  0000001000111000 ( 345)                 BRP   A
(1158) 0837  0000100000110111 ( 346)                 BRN   A
(1159) 0E36  0000111000110110 ( 347)                 BRNZP A
(115A) 0E35  0000111000110101 ( 348)                 BRNZP A
(115B) 0E34  0000111000110100 ( 349)                 BRNZP A
(115C) 0433  0000010000110011 ( 350)                 BRZ   A
(115D) 0632  0000011000110010 ( 351)                 BRZP  A
(115E) EE31  1110111000110001 ( 352)                 LEA   R7 A
(115F) EC30  1110110000110000 ( 353)                 LEA   R6 A
(1160) EE2F  1110111000101111 ( 354)                 LEA   R7 A
(1161) EE2E  1110111000101110 ( 355)                 LEA   R7 A
(1162) E22D  1110001000101101 ( 356)                 LEA   R1 A
(1163) EE2C  1110111000101100 ( 357)                 LEA   R7 A
(1164) EA2B  1110101000101011 ( 358)                 LEA   R5 A
(1165) E42A  1110010000101010 ( 359)                 LEA   R2 A
(1166) E629  1110011000101001 ( 360)                 LEA   R3 A
(1167) E228  1110001000101000 ( 361)                 LEA   R1 A
(1168) E827  1110100000100111 ( 362)                 LEA   R4 A
(1169) E426  1110010000100110 ( 363)                 LEA   R2 A
(116A) E825  1110100000100101 ( 364)                 LEA   R4 A
(116B) E424  1110010000100100 ( 365)                 LEA   R2 A
(116C) E623  1110011000100011 ( 366)                 LEA   R3 A
(116D) E622  1110011000100010 ( 367)                 LEA   R3 A
(116E) E421  1110010000100001 ( 368)                 LEA   R2 A
(116F) E420  1110010000100000 ( 369)                 LEA   R2 A
(1170) E61F  1110011000011111 ( 370)                 LEA   R3 A
(1171) E21E  1110001000011110 ( 371)                 LEA   R1 A
(1172) EC1D  1110110000011101 ( 372)                 LEA   R6 A
(1173) EE1C  1110111000011100 ( 373)                 LEA   R7 A
(1174) EE1B  1110111000011011 ( 374)                 LEA   R7 A
(1175) EA1A  1110101000011010 ( 375)                 LEA   R5 A
(1176) E419  1110010000011001 ( 376)                 LEA   R2 A
(1177) EA18  1110101000011000 ( 377)                 LEA   R5 A
(1178) E817  1110100000010111 ( 378)                 LEA   R4 A
(1179) E016  1110000000010110 ( 379)                 LEA   R0 A
(117A) EA15  1110101000010101 ( 380)                 LEA   R5 A
(117B) EC14  1110110000010100 ( 381)                 LEA   R6 A
(117C) E213  1110001000010011 ( 382)                 LEA   R1 A
(117D) E212  1110001000010010 ( 383)                 LEA   R1 A
(117E) E411  1110010000010001 ( 384)                 LEA   R2 A
(117F) E410  1110010000010000 ( 385)                 LEA   R2 A
(1180) E00F  1110000000001111 ( 386)                 LEA   R0 A
(1181) E40E  1110010000001110 ( 387)                 LEA   R2 A
(1182) E60D  1110011000001101 ( 388)                 LEA   R3 A
(1183) E80C  1110100000001100 ( 389)                 LEA   R4 A
(1184) EE0B  1110111000001011 ( 390)                 LEA   R7 A
(1185) E20A  1110001000001010 ( 391)                 LEA   R1 A
(1186) E809  1110100000001001 ( 392)                 LEA   R4 A
(1187) E208  1110001000001000 ( 393)                 LEA   R1 A
(1188) E207  1110001000000111 ( 394)                 LEA   R1 A
(1189) E806  1110100000000110 ( 395)                 LEA   R4 A
(118A) E605  1110011000000101 ( 396)                 LEA   R3 A
(118B) E604  1110011000000100 ( 397)                 LEA   R3 A
(118C) E603  1110011000000011 ( 398)                 LEA   R3 A
(118D) EA02  1110101000000010 ( 399)                 LEA   R5 A
(118E) E801  1110100000000001 ( 400)                 LEA   R4 A
(118F) E400  1110010000000000 ( 401)                 LEA   R2 A
(1190) 5460  0101010001100000 ( 402) A               AND   R2 R1 #0
(1191) 05FE  0000010111111110 ( 403)                 BRZ   A
(1192) 0FFD  0000111111111101 ( 404)                 BRNZP A
(1193) 09FC  0000100111111100 ( 405)                 BRN   A
(1194) 0FFB  0000111111111011 ( 406)                 BRNZP A
(1195) 0FFA  0000111111111010 ( 407)                 BRNZP A
(1196) 03F9  0000001111111001 ( 408)                 BRP   A
(1197) 0BF8  0000101111111000 ( 409)                 BRNP  A
(1198) 07F7  0000011111110111 ( 410)                 BRZP  A
(1199) 07F6  0000011111110110 ( 411)                 BRZP  A
(119A) 0FF5  0000111111110101 ( 412)                 BRNZP A
(119B) 0DF4  0000110111110100 ( 413)                 BRNZ  A
(119C) 03F3  0000001111110011 ( 414)                 BRP   A
(119D) 0FF2  0000111111110010 ( 415)                 BRNZP A
(119E) 09F1  0000100111110001 ( 416)                 BRN   A
(119F) 0FF0  0000111111110000 ( 417)                 BRNZP A
(11A0) 09EF  0000100111101111 ( 418)                 BRN   A
(11A1) 09EE  0000100111101110 ( 419)                 BRN   A
(11A2) 09ED  0000100111101101 ( 420)                 BRN   A
(11A3) 0BEC  0000101111101100 ( 421)                 BRNP  A
(11A4) 03EB  0000001111101011 ( 422)                 BRP   A
(11A5) 0FEA  0000111111101010 ( 423)                 BRNZP A
(11A6) 0BE9  0000101111101001 ( 424)                 BRNP  A
(11A7) 0DE8  0000110111101000 ( 425)                 BRNZ  A
(11A8) 07E7  0000011111100111 ( 426)                 BRZP  A
(11A9) 03E6  0000001111100110 ( 427)                 BRP   A
(11AA) 0DE5  0000110111100101 ( 428)                 BRNZ  A
(11AB) 0FE4  0000111111100100 ( 429)                 BRNZP A
(11AC) 0BE3  0000101111100011 ( 430)                 BRNP  A
(11AD) 0FE2  0000111111100010 ( 431)                 BRNZP A
(11AE) 0FE1  0000111111100001 ( 432)                 BRNZP A
(11AF) 03E0  0000001111100000 ( 433)                 BRP   A
(11B0) 0DDF  0000110111011111 ( 434)                 BRNZ  A
(11B1) 05DE  0000010111011110 ( 435)                 BRZ   A
(11B2) 0DDD  0000110111011101 ( 436)                 BRNZ  A
(11B3) 03DC  0000001111011100 ( 437)                 BRP   A
(11B4) 0BDB  0000101111011011 ( 438)                 BRNP  A
(11B5) 09DA  0000100111011010 ( 439)                 BRN   A
(11B6) 03D9  0000001111011001 ( 440)                 BRP   A
(11B7) 07D8  0000011111011000 ( 441)                 BRZP  A
(11B8) 0FD7  0000111111010111 ( 442)                 BRNZP A
(11B9) 07D6  0000011111010110 ( 443)                 BRZP  A
(11BA) 07D5  0000011111010101 ( 444)                 BRZP  A
(11BB) 0BD4  0000101111010100 ( 445)                 BRNP  A
(11BC) 0FD3  0000111111010011 ( 446)                 BRNZP A
(11BD) 07D2  0000011111010010 ( 447)                 BRZP  A
(11BE) 05D1  0000010111010001 ( 448)                 BRZ   A
(11BF) 0FD0  0000111111010000 ( 449)                 BRNZP A
(11C0) 09CF  0000100111001111 ( 450)                 BRN   A
(11C1) 05CE  0000010111001110 ( 451)                 BRZ   A
(11C2) 03CD  0000001111001101 ( 452)                 BRP   A
(11C3) C000  1100000000000000 ( 453)                 JMP   R0
(11C4) C1C0  1100000111000000 ( 454)                 RET   
(11C5) C140  1100000101000000 ( 455)                 JMP   R5
(11C6) C1C0  1100000111000000 ( 456)                 RET   
(11C7) C140  1100000101000000 ( 457)                 JMP   R5
(11C8) C100  1100000100000000 ( 458)                 JMP   R4
(11C9) C0C0  1100000011000000 ( 459)                 JMP   R3
(11CA) C000  1100000000000000 ( 460)                 JMP   R0
(11CB) C040  1100000001000000 ( 461)                 JMP   R1
(11CC) C0C0  1100000011000000 ( 462)                 JMP   R3
(11CD) C080  1100000010000000 ( 463)                 JMP   R2
(11CE) C180  1100000110000000 ( 464)                 JMP   R6
(11CF) C140  1100000101000000 ( 465)                 JMP   R5
(11D0) C180  1100000110000000 ( 466)                 JMP   R6
(11D1) C180  1100000110000000 ( 467)                 JMP   R6
(11D2) C080  1100000010000000 ( 468)                 JMP   R2
(11D3) C080  1100000010000000 ( 469)                 JMP   R2
(11D4) C180  1100000110000000 ( 470)                 JMP   R6
(11D5) C0C0  1100000011000000 ( 471)                 JMP   R3
(11D6) C080  1100000010000000 ( 472)                 JMP   R2
(11D7) C080  1100000010000000 ( 473)                 JMP   R2
(11D8) C140  1100000101000000 ( 474)                 JMP   R5
(11D9) C140  1100000101000000 ( 475)                 JMP   R5
(11DA) C040  1100000001000000 ( 476)                 JMP   R1
(11DB) C080  1100000010000000 ( 477)                 JMP   R2
(11DC) C040  1100000001000000 ( 478)                 JMP   R1
(11DD) C000  1100000000000000 ( 479)                 JMP   R0
(11DE) C000  1100000000000000 ( 480)                 JMP   R0
(11DF) C180  1100000110000000 ( 481)                 JMP   R6
(11E0) C100  1100000100000000 ( 482)                 JMP   R4
(11E1) C180  1100000110000000 ( 483)                 JMP   R6
(11E2) C100  1100000100000000 ( 484)                 JMP   R4
(11E3) C000  1100000000000000 ( 485)                 JMP   R0
(11E4) C080  1100000010000000 ( 486)                 JMP   R2
(11E5) C0C0  1100000011000000 ( 487)                 JMP   R3
(11E6) C040  1100000001000000 ( 488)                 JMP   R1
(11E7) C000  1100000000000000 ( 489)                 JMP   R0
(11E8) C180  1100000110000000 ( 490)                 JMP   R6
(11E9) C080  1100000010000000 ( 491)                 JMP   R2
(11EA) C0C0  1100000011000000 ( 492)                 JMP   R3
(11EB) C0C0  1100000011000000 ( 493)                 JMP   R3
(11EC) C000  1100000000000000 ( 494)                 JMP   R0
(11ED) C040  1100000001000000 ( 495)                 JMP   R1
(11EE) C1C0  1100000111000000 ( 496)                 RET   
(11EF) C040  1100000001000000 ( 497)                 JMP   R1
(11F0) C1C0  1100000111000000 ( 498)                 RET   
(11F1) C040  1100000001000000 ( 499)                 JMP   R1
(11F2) C1C0  1100000111000000 ( 500)                 RET   
(11F3) C080  1100000010000000 ( 501)                 JMP   R2
(11F4) C140  1100000101000000 ( 502)                 JMP   R5
(11F5) 4F9A  0100111110011010 ( 503)                 JSR   A
(11F6) 4F99  0100111110011001 ( 504)                 JSR   A
(11F7) 4F98  0100111110011000 ( 505)                 JSR   A
(11F8) 4F97  0100111110010111 ( 506)                 JSR   A
(11F9) 4F96  0100111110010110 ( 507)                 JSR   A
(11FA) 4F95  0100111110010101 ( 508)                 JSR   A
(11FB) 4F94  0100111110010100 ( 509)                 JSR   A
(11FC) 4F93  0100111110010011 ( 510)                 JSR   A
(11FD) 4F92  0100111110010010 ( 511)                 JSR   A
(11FE) 4F91  0100111110010001 ( 512)                 JSR   A
(11FF) 4F90  0100111110010000 ( 513)                 JSR   A
(1200) 4F8F  0100111110001111 ( 514)                 JSR   A
(1201) 4F8E  0100111110001110 ( 515)                 JSR   A
(1202) 4F8D  0100111110001101 ( 516)                 JSR   A
(1203) 4F8C  0100111110001100 ( 517)                 JSR   A
(1204) 4F8B  0100111110001011 ( 518)                 JSR   A
(1205) 4F8A  0100111110001010 ( 519)                 JSR   A
(1206) 4F89  0100111110001001 ( 520)                 JSR   A
(1207) 4F88  0100111110001000 ( 521)                 JSR   A
(1208) 4F87  0100111110000111 ( 522)                 JSR   A
(1209) 4F86  0100111110000110 ( 523)                 JSR   A
(120A) 4F85  0100111110000101 ( 524)                 JSR   A
(120B) 4F84  0100111110000100 ( 525)                 JSR   A
(120C) 4F83  0100111110000011 ( 526)                 JSR   A
(120D) 4F82  0100111110000010 ( 527)                 JSR   A
(120E) 4F81  0100111110000001 ( 528)                 JSR   A
(120F) 4F80  0100111110000000 ( 529)                 JSR   A
(1210) 4F7F  0100111101111111 ( 530)                 JSR   A
(1211) 4F7E  0100111101111110 ( 531)                 JSR   A
(1212) 4F7D  0100111101111101 ( 532)                 JSR   A
(1213) 4F7C  0100111101111100 ( 533)                 JSR   A
(1214) 4F7B  0100111101111011 ( 534)                 JSR   A
(1215) 4F7A  0100111101111010 ( 535)                 JSR   A
(1216) 4F79  0100111101111001 ( 536)                 JSR   A
(1217) 4F78  0100111101111000 ( 537)                 JSR   A
(1218) 4F77  0100111101110111 ( 538)                 JSR   A
(1219) 4F76  0100111101110110 ( 539)                 JSR   A
(121A) 4F75  0100111101110101 ( 540)                 JSR   A
(121B) 4F74  0100111101110100 ( 541)                 JSR   A
(121C) 4F73  0100111101110011 ( 542)                 JSR   A
(121D) 4F72  0100111101110010 ( 543)                 JSR   A
(121E) 4F71  0100111101110001 ( 544)                 JSR   A
(121F) 4F70  0100111101110000 ( 545)                 JSR   A
(1220) 4F6F  0100111101101111 ( 546)                 JSR   A
(1221) 4F6E  0100111101101110 ( 547)                 JSR   A
(1222) 4F6D  0100111101101101 ( 548)                 JSR   A
(1223) 4F6C  0100111101101100 ( 549)                 JSR   A
(1224) 4F6B  0100111101101011 ( 550)                 JSR   A
(1225) 4F6A  0100111101101010 ( 551)                 JSR   A
(1226) 4F69  0100111101101001 ( 552)                 JSR   A
(1227) 4000  0100000000000000 ( 553)                 JSRR  R0
(1228) 4180  0100000110000000 ( 554)                 JSRR  R6
(1229) 4040  0100000001000000 ( 555)                 JSRR  R1
(122A) 4140  0100000101000000 ( 556)                 JSRR  R5
(122B) 40C0  0100000011000000 ( 557)                 JSRR  R3
(122C) 4100  0100000100000000 ( 558)                 JSRR  R4
(122D) 4000  0100000000000000 ( 559)                 JSRR  R0
(122E) 4080  0100000010000000 ( 560)                 JSRR  R2
(122F) 4040  0100000001000000 ( 561)                 JSRR  R1
(1230) 40C0  0100000011000000 ( 562)                 JSRR  R3
(1231) 4080  0100000010000000 ( 563)                 JSRR  R2
(1232) 4100  0100000100000000 ( 564)                 JSRR  R4
(1233) 40C0  0100000011000000 ( 565)                 JSRR  R3
(1234) 41C0  0100000111000000 ( 566)                 JSRR  R7
(1235) 41C0  0100000111000000 ( 567)                 JSRR  R7
(1236) 4140  0100000101000000 ( 568)                 JSRR  R5
(1237) 4140  0100000101000000 ( 569)                 JSRR  R5
(1238) 4140  0100000101000000 ( 570)                 JSRR  R5
(1239) 4180  0100000110000000 ( 571)                 JSRR  R6
(123A) 40C0  0100000011000000 ( 572)                 JSRR  R3
(123B) 41C0  0100000111000000 ( 573)                 JSRR  R7
(123C) 4000  0100000000000000 ( 574)                 JSRR  R0
(123D) 40C0  0100000011000000 ( 575)                 JSRR  R3
(123E) 4080  0100000010000000 ( 576)                 JSRR  R2
(123F) 4180  0100000110000000 ( 577)                 JSRR  R6
(1240) 41C0  0100000111000000 ( 578)                 JSRR  R7
(1241) 40C0  0100000011000000 ( 579)                 JSRR  R3
(1242) 40C0  0100000011000000 ( 580)                 JSRR  R3
(1243) 4140  0100000101000000 ( 581)                 JSRR  R5
(1244) 4140  0100000101000000 ( 582)                 JSRR  R5
(1245) 4140  0100000101000000 ( 583)                 JSRR  R5
(1246) 4000  0100000000000000 ( 584)                 JSRR  R0
(1247) 41C0  0100000111000000 ( 585)                 JSRR  R7
(1248) 4000  0100000000000000 ( 586)                 JSRR  R0
(1249) 4100  0100000100000000 ( 587)                 JSRR  R4
(124A) 4100  0100000100000000 ( 588)                 JSRR  R4
(124B) 4180  0100000110000000 ( 589)                 JSRR  R6
(124C) 4040  0100000001000000 ( 590)                 JSRR  R1
(124D) 4100  0100000100000000 ( 591)                 JSRR  R4
(124E) 4100  0100000100000000 ( 592)                 JSRR  R4
(124F) 4180  0100000110000000 ( 593)                 JSRR  R6
(1250) 40C0  0100000011000000 ( 594)                 JSRR  R3
(1251) 41C0  0100000111000000 ( 595)                 JSRR  R7
(1252) 4080  0100000010000000 ( 596)                 JSRR  R2
(1253) 4180  0100000110000000 ( 597)                 JSRR  R6
(1254) 4000  0100000000000000 ( 598)                 JSRR  R0
(1255) 4000  0100000000000000 ( 599)                 JSRR  R0
(1256) 40C0  0100000011000000 ( 600)                 JSRR  R3
(1257) 4000  0100000000000000 ( 601)                 JSRR  R0
(1258) 4040  0100000001000000 ( 602)                 JSRR  R1
(1259) 98FF  1001100011111111 ( 603)                 NOT   R4 R3
(125A) 93FF  1001001111111111 ( 604)                 NOT   R1 R7
(125B) 94FF  1001010011111111 ( 605)                 NOT   R2 R3
(125C) 93BF  1001001110111111 ( 606)                 NOT   R1 R6
(125D) 9E3F  1001111000111111 ( 607)                 NOT   R7 R0
(125E) 93FF  1001001111111111 ( 608)                 NOT   R1 R7
(125F) 96BF  1001011010111111 ( 609)                 NOT   R3 R2
(1260) 9FBF  1001111110111111 ( 610)                 NOT   R7 R6
(1261) 9E7F  1001111001111111 ( 611)                 NOT   R7 R1
(1262) 967F  1001011001111111 ( 612)                 NOT   R3 R1
(1263) 91BF  1001000110111111 ( 613)                 NOT   R0 R6
(1264) 907F  1001000001111111 ( 614)                 NOT   R0 R1
(1265) 937F  1001001101111111 ( 615)                 NOT   R1 R5
(1266) 9A7F  1001101001111111 ( 616)                 NOT   R5 R1
(1267) 953F  1001010100111111 ( 617)                 NOT   R2 R4
(1268) 9B7F  1001101101111111 ( 618)                 NOT   R5 R5
(1269) 90FF  1001000011111111 ( 619)                 NOT   R0 R3
(126A) 9C7F  1001110001111111 ( 620)                 NOT   R6 R1
(126B) 997F  1001100101111111 ( 621)                 NOT   R4 R5
(126C) 92BF  1001001010111111 ( 622)                 NOT   R1 R2
(126D) 923F  1001001000111111 ( 623)                 NOT   R1 R0
(126E) 94BF  1001010010111111 ( 624)                 NOT   R2 R2
(126F) 9B7F  1001101101111111 ( 625)                 NOT   R5 R5
(1270) 96BF  1001011010111111 ( 626)                 NOT   R3 R2
(1271) 99BF  1001100110111111 ( 627)                 NOT   R4 R6
(1272) 9ABF  1001101010111111 ( 628)                 NOT   R5 R2
(1273) 9F3F  1001111100111111 ( 629)                 NOT   R7 R4
(1274) 90BF  1001000010111111 ( 630)                 NOT   R0 R2
(1275) 953F  1001010100111111 ( 631)                 NOT   R2 R4
(1276) 9F7F  1001111101111111 ( 632)                 NOT   R7 R5
(1277) 90BF  1001000010111111 ( 633)                 NOT   R0 R2
(1278) 9D3F  1001110100111111 ( 634)                 NOT   R6 R4
(1279) 967F  1001011001111111 ( 635)                 NOT   R3 R1
(127A) 987F  1001100001111111 ( 636)                 NOT   R4 R1
(127B) 997F  1001100101111111 ( 637)                 NOT   R4 R5
(127C) 923F  1001001000111111 ( 638)                 NOT   R1 R0
(127D) 98FF  1001100011111111 ( 639)                 NOT   R4 R3
(127E) 913F  1001000100111111 ( 640)                 NOT   R0 R4
(127F) 92BF  1001001010111111 ( 641)                 NOT   R1 R2
(1280) 98BF  1001100010111111 ( 642)                 NOT   R4 R2
(1281) 977F  1001011101111111 ( 643)                 NOT   R3 R5
(1282) 94BF  1001010010111111 ( 644)                 NOT   R2 R2
(1283) 95FF  1001010111111111 ( 645)                 NOT   R2 R7
(1284) 947F  1001010001111111 ( 646)                 NOT   R2 R1
(1285) 97BF  1001011110111111 ( 647)                 NOT   R3 R6
(1286) 937F  1001001101111111 ( 648)                 NOT   R1 R5
(1287) 953F  1001010100111111 ( 649)                 NOT   R2 R4
(1288) 9FBF  1001111110111111 ( 650)                 NOT   R7 R6
(1289) 917F  1001000101111111 ( 651)                 NOT   R0 R5
(128A) 96FF  1001011011111111 ( 652)                 NOT   R3 R3
(128B) C1C0  1100000111000000 ( 653)                 RET   
(128C) 8000  1000000000000000 ( 654)                 RTI   
