(0000) 1000  0001000000000000 (   1)                 .ORIG x1000
(1000) 1D43  0001110101000011 (   2)                 ADD   R6 R5 R3
(1001) 5DC4  0101110111000100 (   3)                 AND   R6 R7 R4
(1002) 5242  0101001001000010 (   4)                 AND   R1 R1 R2
(1003) 5301  0101001100000001 (   5)                 AND   R1 R4 R1
(1004) 1500  0001010100000000 (   6)                 ADD   R2 R4 R0
(1005) 5AC1  0101101011000001 (   7)                 AND   R5 R3 R1
(1006) 13C2  0001001111000010 (   8)                 ADD   R1 R7 R2
(1007) 5402  0101010000000010 (   9)                 AND   R2 R0 R2
(1008) 5901  0101100100000001 (  10)                 AND   R4 R4 R1
(1009) 5740  0101011101000000 (  11)                 AND   R3 R5 R0
(100A) 1B42  0001101101000010 (  12)                 ADD   R5 R5 R2
(100B) 5887  0101100010000111 (  13)                 AND   R4 R2 R7
(100C) 5383  0101001110000011 (  14)                 AND   R1 R6 R3
(100D) 5CC0  0101110011000000 (  15)                 AND   R6 R3 R0
(100E) 5BC6  0101101111000110 (  16)                 AND   R5 R7 R6
(100F) 5A07  0101101000000111 (  17)                 AND   R5 R0 R7
(1010) 5741  0101011101000001 (  18)                 AND   R3 R5 R1
(1011) 1B47  0001101101000111 (  19)                 ADD   R5 R5 R7
(1012) 5E07  0101111000000111 (  20)                 AND   R7 R0 R7
(1013) 5D84  0101110110000100 (  21)                 AND   R6 R6 R4
(1014) 5B80  0101101110000000 (  22)                 AND   R5 R6 R0
(1015) 5E85  0101111010000101 (  23)                 AND   R7 R2 R5
(1016) 5546  0101010101000110 (  24)                 AND   R2 R5 R6
(1017) 54C6  0101010011000110 (  25)                 AND   R2 R3 R6
(1018) 5E85  0101111010000101 (  26)                 AND   R7 R2 R5
(1019) 5F83  0101111110000011 (  27)                 AND   R7 R6 R3
(101A) 53C6  0101001111000110 (  28)                 AND   R1 R7 R6
(101B) 1141  0001000101000001 (  29)                 ADD   R0 R5 R1
(101C) 1C82  0001110010000010 (  30)                 ADD   R6 R2 R2
(101D) 16C5  0001011011000101 (  31)                 ADD   R3 R3 R5
(101E) 1342  0001001101000010 (  32)                 ADD   R1 R5 R2
(101F) 5786  0101011110000110 (  33)                 AND   R3 R6 R6
(1020) 1D82  0001110110000010 (  34)                 ADD   R6 R6 R2
(1021) 1B84  0001101110000100 (  35)                 ADD   R5 R6 R4
(1022) 1AC2  0001101011000010 (  36)                 ADD   R5 R3 R2
(1023) 1E01  0001111000000001 (  37)                 ADD   R7 R0 R1
(1024) 5DC7  0101110111000111 (  38)                 AND   R6 R7 R7
(1025) 54C1  0101010011000001 (  39)                 AND   R2 R3 R1
(1026) 1703  0001011100000011 (  40)                 ADD   R3 R4 R3
(1027) 5784  0101011110000100 (  41)                 AND   R3 R6 R4
(1028) 1EC5  0001111011000101 (  42)                 ADD   R7 R3 R5
(1029) 5643  0101011001000011 (  43)                 AND   R3 R1 R3
(102A) 50C1  0101000011000001 (  44)                 AND   R0 R3 R1
(102B) 1505  0001010100000101 (  45)                 ADD   R2 R4 R5
(102C) 1003  0001000000000011 (  46)                 ADD   R0 R0 R3
(102D) 5680  0101011010000000 (  47)                 AND   R3 R2 R0
(102E) 5980  0101100110000000 (  48)                 AND   R4 R6 R0
(102F) 12C0  0001001011000000 (  49)                 ADD   R1 R3 R0
(1030) 5941  0101100101000001 (  50)                 AND   R4 R5 R1
(1031) 5807  0101100000000111 (  51)                 AND   R4 R0 R7
(1032) 1843  0001100001000011 (  52)                 ADD   R4 R1 R3
(1033) 1685  0001011010000101 (  53)                 ADD   R3 R2 R5
(1034) 5240  0101001001000000 (  54)                 AND   R1 R1 R0
(1035) 1744  0001011101000100 (  55)                 ADD   R3 R5 R4
(1036) 5C86  0101110010000110 (  56)                 AND   R6 R2 R6
(1037) 1E47  0001111001000111 (  57)                 ADD   R7 R1 R7
(1038) 56C4  0101011011000100 (  58)                 AND   R3 R3 R4
(1039) 5E05  0101111000000101 (  59)                 AND   R7 R0 R5
(103A) 1545  0001010101000101 (  60)                 ADD   R2 R5 R5
(103B) 5242  0101001001000010 (  61)                 AND   R1 R1 R2
(103C) 5683  0101011010000011 (  62)                 AND   R3 R2 R3
(103D) 1F05  0001111100000101 (  63)                 ADD   R7 R4 R5
(103E) 1102  0001000100000010 (  64)                 ADD   R0 R4 R2
(103F) 13C4  0001001111000100 (  65)                 ADD   R1 R7 R4
(1040) 5786  0101011110000110 (  66)                 AND   R3 R6 R6
(1041) 5002  0101000000000010 (  67)                 AND   R0 R0 R2
(1042) 1E44  0001111001000100 (  68)                 ADD   R7 R1 R4
(1043) 1546  0001010101000110 (  69)                 ADD   R2 R5 R6
(1044) 5D81  0101110110000001 (  70)                 AND   R6 R6 R1
(1045) 5681  0101011010000001 (  71)                 AND   R3 R2 R1
(1046) 1281  0001001010000001 (  72)                 ADD   R1 R2 R1
(1047) 1DC1  0001110111000001 (  73)                 ADD   R6 R7 R1
(1048) 1386  0001001110000110 (  74)                 ADD   R1 R6 R6
(1049) 1A43  0001101001000011 (  75)                 ADD   R5 R1 R3
(104A) 57C4  0101011111000100 (  76)                 AND   R3 R7 R4
(104B) 1446  0001010001000110 (  77)                 ADD   R2 R1 R6
(104C) 5043  0101000001000011 (  78)                 AND   R0 R1 R3
(104D) 1842  0001100001000010 (  79)                 ADD   R4 R1 R2
(104E) 5746  0101011101000110 (  80)                 AND   R3 R5 R6
(104F) 5EC6  0101111011000110 (  81)                 AND   R7 R3 R6
(1050) 59C7  0101100111000111 (  82)                 AND   R4 R7 R7
(1051) 5603  0101011000000011 (  83)                 AND   R3 R0 R3
(1052) 5A82  0101101010000010 (  84)                 AND   R5 R2 R2
(1053) 1784  0001011110000100 (  85)                 ADD   R3 R6 R4
(1054) 16C0  0001011011000000 (  86)                 ADD   R3 R3 R0
(1055) 1B83  0001101110000011 (  87)                 ADD   R5 R6 R3
(1056) 1842  0001100001000010 (  88)                 ADD   R4 R1 R2
(1057) 1A87  0001101010000111 (  89)                 ADD   R5 R2 R7
(1058) 16C3  0001011011000011 (  90)                 ADD   R3 R3 R3
(1059) 16C4  0001011011000100 (  91)                 ADD   R3 R3 R4
(105A) 5806  0101100000000110 (  92)                 AND   R4 R0 R6
(105B) 1782  0001011110000010 (  93)                 ADD   R3 R6 R2
(105C) 5506  0101010100000110 (  94)                 AND   R2 R4 R6
(105D) 1903  0001100100000011 (  95)                 ADD   R4 R4 R3
(105E) 1907  0001100100000111 (  96)                 ADD   R4 R4 R7
(105F) 1646  0001011001000110 (  97)                 ADD   R3 R1 R6
(1060) 1C83  0001110010000011 (  98)                 ADD   R6 R2 R3
(1061) 1F86  0001111110000110 (  99)                 ADD   R7 R6 R6
(1062) 1AC3  0001101011000011 ( 100)                 ADD   R5 R3 R3
(1063) 1B45  0001101101000101 ( 101)                 ADD   R5 R5 R5
(1064) 1A07  0001101000000111 ( 102)                 ADD   R5 R0 R7
(1065) 5981  0101100110000001 ( 103)                 AND   R4 R6 R1
(1066) 1940  0001100101000000 ( 104)                 ADD   R4 R5 R0
(1067) 5CC3  0101110011000011 ( 105)                 AND   R6 R3 R3
(1068) 1F07  0001111100000111 ( 106)                 ADD   R7 R4 R7
(1069) 5385  0101001110000101 ( 107)                 AND   R1 R6 R5
(106A) 51C7  0101000111000111 ( 108)                 AND   R0 R7 R7
(106B) 5281  0101001010000001 ( 109)                 AND   R1 R2 R1
(106C) 1D01  0001110100000001 ( 110)                 ADD   R6 R4 R1
(106D) 1D42  0001110101000010 ( 111)                 ADD   R6 R5 R2
(106E) 5B84  0101101110000100 ( 112)                 AND   R5 R6 R4
(106F) 19C5  0001100111000101 ( 113)                 ADD   R4 R7 R5
(1070) 5FC4  0101111111000100 ( 114)                 AND   R7 R7 R4
(1071) 1BC2  0001101111000010 ( 115)                 ADD   R5 R7 R2
(1072) 5405  0101010000000101 ( 116)                 AND   R2 R0 R5
(1073) 5445  0101010001000101 ( 117)                 AND   R2 R1 R5
(1074) 5104  0101000100000100 ( 118)                 AND   R0 R4 R4
(1075) 1EC6  0001111011000110 ( 119)                 ADD   R7 R3 R6
(1076) 5280  0101001010000000 ( 120)                 AND   R1 R2 R0
(1077) 16C2  0001011011000010 ( 121)                 ADD   R3 R3 R2
(1078) 1F82  0001111110000010 ( 122)                 ADD   R7 R6 R2
(1079) 5A47  0101101001000111 ( 123)                 AND   R5 R1 R7
(107A) 13C2  0001001111000010 ( 124)                 ADD   R1 R7 R2
(107B) 1BC6  0001101111000110 ( 125)                 ADD   R5 R7 R6
(107C) 5642  0101011001000010 ( 126)                 AND   R3 R1 R2
(107D) 1EC7  0001111011000111 ( 127)                 ADD   R7 R3 R7
(107E) 5641  0101011001000001 ( 128)                 AND   R3 R1 R1
(107F) 52C7  0101001011000111 ( 129)                 AND   R1 R3 R7
(1080) 5F45  0101111101000101 ( 130)                 AND   R7 R5 R5
(1081) 5484  0101010010000100 ( 131)                 AND   R2 R2 R4
(1082) 5642  0101011001000010 ( 132)                 AND   R3 R1 R2
(1083) 1541  0001010101000001 ( 133)                 ADD   R2 R5 R1
(1084) 5284  0101001010000100 ( 134)                 AND   R1 R2 R4
(1085) 50C2  0101000011000010 ( 135)                 AND   R0 R3 R2
(1086) 5E82  0101111010000010 ( 136)                 AND   R7 R2 R2
(1087) 5186  0101000110000110 ( 137)                 AND   R0 R6 R6
(1088) 1B06  0001101100000110 ( 138)                 ADD   R5 R4 R6
(1089) 1BC4  0001101111000100 ( 139)                 ADD   R5 R7 R4
(108A) 5FC3  0101111111000011 ( 140)                 AND   R7 R7 R3
(108B) 1E46  0001111001000110 ( 141)                 ADD   R7 R1 R6
(108C) 5082  0101000010000010 ( 142)                 AND   R0 R2 R2
(108D) 5903  0101100100000011 ( 143)                 AND   R4 R4 R3
(108E) 52C0  0101001011000000 ( 144)                 AND   R1 R3 R0
(108F) 5580  0101010110000000 ( 145)                 AND   R2 R6 R0
(1090) 1D85  0001110110000101 ( 146)                 ADD   R6 R6 R5
(1091) 1800  0001100000000000 ( 147)                 ADD   R4 R0 R0
(1092) 5C02  0101110000000010 ( 148)                 AND   R6 R0 R2
(1093) 1043  0001000001000011 ( 149)                 ADD   R0 R1 R3
(1094) 1DC4  0001110111000100 ( 150)                 ADD   R6 R7 R4
(1095) 5002  0101000000000010 ( 151)                 AND   R0 R0 R2
(1096) 5186  0101000110000110 ( 152)                 AND   R0 R6 R6
(1097) 1C46  0001110001000110 ( 153)                 ADD   R6 R1 R6
(1098) 1B04  0001101100000100 ( 154)                 ADD   R5 R4 R4
(1099) 1EC5  0001111011000101 ( 155)                 ADD   R7 R3 R5
(109A) 1A85  0001101010000101 ( 156)                 ADD   R5 R2 R5
(109B) 19C4  0001100111000100 ( 157)                 ADD   R4 R7 R4
(109C) 17C6  0001011111000110 ( 158)                 ADD   R3 R7 R6
(109D) 1B03  0001101100000011 ( 159)                 ADD   R5 R4 R3
(109E) 1246  0001001001000110 ( 160)                 ADD   R1 R1 R6
(109F) 54C3  0101010011000011 ( 161)                 AND   R2 R3 R3
(10A0) 1185  0001000110000101 ( 162)                 ADD   R0 R6 R5
(10A1) 1000  0001000000000000 ( 163)                 ADD   R0 R0 R0
(10A2) 1406  0001010000000110 ( 164)                 ADD   R2 R0 R6
(10A3) 1284  0001001010000100 ( 165)                 ADD   R1 R2 R4
(10A4) 17C3  0001011111000011 ( 166)                 ADD   R3 R7 R3
(10A5) 5383  0101001110000011 ( 167)                 AND   R1 R6 R3
(10A6) 5AC7  0101101011000111 ( 168)                 AND   R5 R3 R7
(10A7) 5906  0101100100000110 ( 169)                 AND   R4 R4 R6
(10A8) 1285  0001001010000101 ( 170)                 ADD   R1 R2 R5
(10A9) 1004  0001000000000100 ( 171)                 ADD   R0 R0 R4
(10AA) 19C3  0001100111000011 ( 172)                 ADD   R4 R7 R3
(10AB) 5AC4  0101101011000100 ( 173)                 AND   R5 R3 R4
(10AC) 5602  0101011000000010 ( 174)                 AND   R3 R0 R2
(10AD) 1645  0001011001000101 ( 175)                 ADD   R3 R1 R5
(10AE) 5807  0101100000000111 ( 176)                 AND   R4 R0 R7
(10AF) 1D04  0001110100000100 ( 177)                 ADD   R6 R4 R4
(10B0) 1F46  0001111101000110 ( 178)                 ADD   R7 R5 R6
(10B1) 14C0  0001010011000000 ( 179)                 ADD   R2 R3 R0
(10B2) 1103  0001000100000011 ( 180)                 ADD   R0 R4 R3
(10B3) 1801  0001100000000001 ( 181)                 ADD   R4 R0 R1
(10B4) 5340  0101001101000000 ( 182)                 AND   R1 R5 R0
(10B5) 18C3  0001100011000011 ( 183)                 ADD   R4 R3 R3
(10B6) 1D02  0001110100000010 ( 184)                 ADD   R6 R4 R2
(10B7) 1A87  0001101010000111 ( 185)                 ADD   R5 R2 R7
(10B8) 5243  0101001001000011 ( 186)                 AND   R1 R1 R3
(10B9) 5CC3  0101110011000011 ( 187)                 AND   R6 R3 R3
(10BA) 5784  0101011110000100 ( 188)                 AND   R3 R6 R4
(10BB) 1984  0001100110000100 ( 189)                 ADD   R4 R6 R4
(10BC) 5405  0101010000000101 ( 190)                 AND   R2 R0 R5
(10BD) 1806  0001100000000110 ( 191)                 ADD   R4 R0 R6
(10BE) 5C03  0101110000000011 ( 192)                 AND   R6 R0 R3
(10BF) 1D40  0001110101000000 ( 193)                 ADD   R6 R5 R0
(10C0) 5540  0101010101000000 ( 194)                 AND   R2 R5 R0
(10C1) 5B47  0101101101000111 ( 195)                 AND   R5 R5 R7
(10C2) 5D47  0101110101000111 ( 196)                 AND   R6 R5 R7
(10C3) 5845  0101100001000101 ( 197)                 AND   R4 R1 R5
(10C4) 5B05  0101101100000101 ( 198)                 AND   R5 R4 R5
(10C5) 1685  0001011010000101 ( 199)                 ADD   R3 R2 R5
(10C6) 1701  0001011100000001 ( 200)                 ADD   R3 R4 R1
(10C7) 5E41  0101111001000001 ( 201)                 AND   R7 R1 R1
(10C8) 1360  0001001101100000 ( 202)                 ADD   R1 R5 #0
(10C9) 5030  0101000000110000 ( 203)                 AND   R0 R0 #-16
(10CA) 58A2  0101100010100010 ( 204)                 AND   R4 R2 #2
(10CB) 5030  0101000000110000 ( 205)                 AND   R0 R0 #-16
(10CC) 5A6E  0101101001101110 ( 206)                 AND   R5 R1 #14
(10CD) 1432  0001010000110010 ( 207)                 ADD   R2 R0 #-14
(10CE) 1677  0001011001110111 ( 208)                 ADD   R3 R1 #-9
(10CF) 14E8  0001010011101000 ( 209)                 ADD   R2 R3 #8
(10D0) 5937  0101100100110111 ( 210)                 AND   R4 R4 #-9
(10D1) 1A73  0001101001110011 ( 211)                 ADD   R5 R1 #-13
(10D2) 15FD  0001010111111101 ( 212)                 ADD   R2 R7 #-3
(10D3) 1BAB  0001101110101011 ( 213)                 ADD   R5 R6 #11
(10D4) 1AF1  0001101011110001 ( 214)                 ADD   R5 R3 #-15
(10D5) 55BA  0101010110111010 ( 215)                 AND   R2 R6 #-6
(10D6) 5F23  0101111100100011 ( 216)                 AND   R7 R4 #3
(10D7) 19B8  0001100110111000 ( 217)                 ADD   R4 R6 #-8
(10D8) 5FBA  0101111110111010 ( 218)                 AND   R7 R6 #-6
(10D9) 1176  0001000101110110 ( 219)                 ADD   R0 R5 #-10
(10DA) 11AF  0001000110101111 ( 220)                 ADD   R0 R6 #15
(10DB) 1439  0001010000111001 ( 221)                 ADD   R2 R0 #-7
(10DC) 1F35  0001111100110101 ( 222)                 ADD   R7 R4 #-11
(10DD) 56A5  0101011010100101 ( 223)                 AND   R3 R2 #5
(10DE) 1A33  0001101000110011 ( 224)                 ADD   R5 R0 #-13
(10DF) 14AA  0001010010101010 ( 225)                 ADD   R2 R2 #10
(10E0) 51EE  0101000111101110 ( 226)                 AND   R0 R7 #14
(10E1) 5B21  0101101100100001 ( 227)                 AND   R5 R4 #1
(10E2) 56FD  0101011011111101 ( 228)                 AND   R3 R3 #-3
(10E3) 1AF7  0001101011110111 ( 229)                 ADD   R5 R3 #-9
(10E4) 1536  0001010100110110 ( 230)                 ADD   R2 R4 #-10
(10E5) 1D76  0001110101110110 ( 231)                 ADD   R6 R5 #-10
(10E6) 1277  0001001001110111 ( 232)                 ADD   R1 R1 #-9
(10E7) 507B  0101000001111011 ( 233)                 AND   R0 R1 #-5
(10E8) 596E  0101100101101110 ( 234)                 AND   R4 R5 #14
(10E9) 5165  0101000101100101 ( 235)                 AND   R0 R5 #5
(10EA) 1776  0001011101110110 ( 236)                 ADD   R3 R5 #-10
(10EB) 192A  0001100100101010 ( 237)                 ADD   R4 R4 #10
(10EC) 5D2D  0101110100101101 ( 238)                 AND   R6 R4 #13
(10ED) 566C  0101011001101100 ( 239)                 AND   R3 R1 #12
(10EE) 5B7D  0101101101111101 ( 240)                 AND   R5 R5 #-3
(10EF) 12E8  0001001011101000 ( 241)                 ADD   R1 R3 #8
(10F0) 1272  0001001001110010 ( 242)                 ADD   R1 R1 #-14
(10F1) 5564  0101010101100100 ( 243)                 AND   R2 R5 #4
(10F2) 17A3  0001011110100011 ( 244)                 ADD   R3 R6 #3
(10F3) 1B3F  0001101100111111 ( 245)                 ADD   R5 R4 #-1
(10F4) 1FF6  0001111111110110 ( 246)                 ADD   R7 R7 #-10
(10F5) 5830  0101100000110000 ( 247)                 AND   R4 R0 #-16
(10F6) 5C2E  0101110000101110 ( 248)                 AND   R6 R0 #14
(10F7) 5DAE  0101110110101110 ( 249)                 AND   R6 R6 #14
(10F8) 1E7F  0001111001111111 ( 250)                 ADD   R7 R1 #-1
(10F9) 19B7  0001100110110111 ( 251)                 ADD   R4 R6 #-9
(10FA) 57BA  0101011110111010 ( 252)                 AND   R3 R6 #-6
(10FB) 5EA9  0101111010101001 ( 253)                 AND   R7 R2 #9
(10FC) 167A  0001011001111010 ( 254)                 ADD   R3 R1 #-6
(10FD) 5F64  0101111101100100 ( 255)                 AND   R7 R5 #4
(10FE) 16A5  0001011010100101 ( 256)                 ADD   R3 R2 #5
(10FF) 1DA4  0001110110100100 ( 257)                 ADD   R6 R6 #4
(1100) 1879  0001100001111001 ( 258)                 ADD   R4 R1 #-7
(1101) 5664  0101011001100100 ( 259)                 AND   R3 R1 #4
(1102) 5E7A  0101111001111010 ( 260)                 AND   R7 R1 #-6
(1103) 1B78  0001101101111000 ( 261)                 ADD   R5 R5 #-8
(1104) 18FA  0001100011111010 ( 262)                 ADD   R4 R3 #-6
(1105) 5421  0101010000100001 ( 263)                 AND   R2 R0 #1
(1106) 5AE3  0101101011100011 ( 264)                 AND   R5 R3 #3
(1107) 113E  0001000100111110 ( 265)                 ADD   R0 R4 #-2
(1108) 5067  0101000001100111 ( 266)                 AND   R0 R1 #7
(1109) 1E69  0001111001101001 ( 267)                 ADD   R7 R1 #9
(110A) 5C78  0101110001111000 ( 268)                 AND   R6 R1 #-8
(110B) 153C  0001010100111100 ( 269)                 ADD   R2 R4 #-4
(110C) 5827  0101100000100111 ( 270)                 AND   R4 R0 #7
(110D) 1661  0001011001100001 ( 271)                 ADD   R3 R1 #1
(110E) 1628  0001011000101000 ( 272)                 ADD   R3 R0 #8
(110F) 547F  0101010001111111 ( 273)                 AND   R2 R1 #-1
(1110) 14BE  0001010010111110 ( 274)                 ADD   R2 R2 #-2
(1111) 5166  0101000101100110 ( 275)                 AND   R0 R5 #6
(1112) 5B3B  0101101100111011 ( 276)                 AND   R5 R4 #-5
(1113) 5065  0101000001100101 ( 277)                 AND   R0 R1 #5
(1114) 5826  0101100000100110 ( 278)                 AND   R4 R0 #6
(1115) 1568  0001010101101000 ( 279)                 ADD   R2 R5 #8
(1116) 1021  0001000000100001 ( 280)                 ADD   R0 R0 #1
(1117) 567A  0101011001111010 ( 281)                 AND   R3 R1 #-6
(1118) 57A8  0101011110101000 ( 282)                 AND   R3 R6 #8
(1119) 1728  0001011100101000 ( 283)                 ADD   R3 R4 #8
(111A) 5A24  0101101000100100 ( 284)                 AND   R5 R0 #4
(111B) 5EB9  0101111010111001 ( 285)                 AND   R7 R2 #-7
(111C) 5A3F  0101101000111111 ( 286)                 AND   R5 R0 #-1
(111D) 1FB7  0001111110110111 ( 287)                 ADD   R7 R6 #-9
(111E) 1DE3  0001110111100011 ( 288)                 ADD   R6 R7 #3
(111F) 113F  0001000100111111 ( 289)                 ADD   R0 R4 #-1
(1120) 19E2  0001100111100010 ( 290)                 ADD   R4 R7 #2
(1121) 15A5  0001010110100101 ( 291)                 ADD   R2 R6 #5
(1122) 513F  0101000100111111 ( 292)                 AND   R0 R4 #-1
(1123) 5CFF  0101110011111111 ( 293)                 AND   R6 R3 #-1
(1124) 1FA3  0001111110100011 ( 294)                 ADD   R7 R6 #3
(1125) 50E0  0101000011100000 ( 295)                 AND   R0 R3 #0
(1126) 1022  0001000000100010 ( 296)                 ADD   R0 R0 #2
(1127) 1965  0001100101100101 ( 297)                 ADD   R4 R5 #5
(1128) 5F39  0101111100111001 ( 298)                 AND   R7 R4 #-7
(1129) 507A  0101000001111010 ( 299)                 AND   R0 R1 #-6
(112A) 56B9  0101011010111001 ( 300)                 AND   R3 R2 #-7
(112B) 563B  0101011000111011 ( 301)                 AND   R3 R0 #-5
(112C) 0663  0000011001100011 ( 302)                 BRZP  A
(112D) 0A62  0000101001100010 ( 303)                 BRNP  A
(112E) 0261  0000001001100001 ( 304)                 BRP   A
(112F) 0260  0000001001100000 ( 305)                 BRP   A
(1130) 085F  0000100001011111 ( 306)                 BRN   A
(1131) 0E5E  0000111001011110 ( 307)                 BRNZP A
(1132) 0A5D  0000101001011101 ( 308)                 BRNP  A
(1133) 0C5C  0000110001011100 ( 309)                 BRNZ  A
(1134) 025B  0000001001011011 ( 310)                 BRP   A
(1135) 0C5A  0000110001011010 ( 311)                 BRNZ  A
(1136) 0A59  0000101001011001 ( 312)                 BRNP  A
(1137) 0658  0000011001011000 ( 313)                 BRZP  A
(1138) 0E57  0000111001010111 ( 314)                 BRNZP A
(1139) 0A56  0000101001010110 ( 315)                 BRNP  A
(113A) 0655  0000011001010101 ( 316)                 BRZP  A
(113B) 0E54  0000111001010100 ( 317)                 BRNZP A
(113C) 0A53  0000101001010011 ( 318)                 BRNP  A
(113D) 0E52  0000111001010010 ( 319)                 BRNZP A
(113E) 0E51  0000111001010001 ( 320)                 BRNZP A
(113F) 0450  0000010001010000 ( 321)                 BRZ   A
(1140) 0E4F  0000111001001111 ( 322)                 BRNZP A
(1141) 024E  0000001001001110 ( 323)                 BRP   A
(1142) 0E4D  0000111001001101 ( 324)                 BRNZP A
(1143) 0C4C  0000110001001100 ( 325)                 BRNZ  A
(1144) 0C4B  0000110001001011 ( 326)                 BRNZ  A
(1145) 084A  0000100001001010 ( 327)                 BRN   A
(1146) 0249  0000001001001001 ( 328)                 BRP   A
(1147) 0448  0000010001001000 ( 329)                 BRZ   A
(1148) 0847  0000100001000111 ( 330)                 BRN   A
(1149) 0246  0000001001000110 ( 331)                 BRP   A
(114A) 0E45  0000111001000101 ( 332)                 BRNZP A
(114B) 0A44  0000101001000100 ( 333)                 BRNP  A
(114C) 0243  0000001001000011 ( 334)                 BRP   A
(114D) 0E42  0000111001000010 ( 335)                 BRNZP A
(114E) 0E41  0000111001000001 ( 336)                 BRNZP A
(114F) 0240  0000001001000000 ( 337)                 BRP   A
(1150) 023F  0000001000111111 ( 338)                 BRP   A
(1151) 0A3E  0000101000111110 ( 339)                 BRNP  A
(1152) 0A3D  0000101000111101 ( 340)                 BRNP  A
(1153) 083C  0000100000111100 ( 341)                 BRN   A
(1154) 023B  0000001000111011 ( 342)                 BRP   A
(1155) 063A  0000011000111010 ( 343)                 BRZP  A
(1156) 0439  0000010000111001 ( 344)                 BRZ   A
(1157) 0238  0000001000111000 ( 345)                 BRP   A
(1158) 0E37  0000111000110111 ( 346)                 BRNZP A
(1159) 0E36  0000111000110110 ( 347)                 BRNZP A
(115A) 0E35  0000111000110101 ( 348)                 BRNZP A
(115B) 0C34  0000110000110100 ( 349)                 BRNZ  A
(115C) 0433  0000010000110011 ( 350)                 BRZ   A
(115D) 0E32  0000111000110010 ( 351)                 BRNZP A
(115E) E431  1110010000110001 ( 352)                 LEA   R2 A
(115F) E830  1110100000110000 ( 353)                 LEA   R4 A
(1160) E42F  1110010000101111 ( 354)                 LEA   R2 A
(1161) EE2E  1110111000101110 ( 355)                 LEA   R7 A
(1162) E42D  1110010000101101 ( 356)                 LEA   R2 A
(1163) E42C  1110010000101100 ( 357)                 LEA   R2 A
(1164) E82B  1110100000101011 ( 358)                 LEA   R4 A
(1165) E62A  1110011000101010 ( 359)                 LEA   R3 A
(1166) E029  1110000000101001 ( 360)                 LEA   R0 A
(1167) E628  1110011000101000 ( 361)                 LEA   R3 A
(1168) EC27  1110110000100111 ( 362)                 LEA   R6 A
(1169) E426  1110010000100110 ( 363)                 LEA   R2 A
(116A) E025  1110000000100101 ( 364)                 LEA   R0 A
(116B) E624  1110011000100100 ( 365)                 LEA   R3 A
(116C) E223  1110001000100011 ( 366)                 LEA   R1 A
(116D) E622  1110011000100010 ( 367)                 LEA   R3 A
(116E) E421  1110010000100001 ( 368)                 LEA   R2 A
(116F) EE20  1110111000100000 ( 369)                 LEA   R7 A
(1170) EE1F  1110111000011111 ( 370)                 LEA   R7 A
(1171) EA1E  1110101000011110 ( 371)                 LEA   R5 A
(1172) E61D  1110011000011101 ( 372)                 LEA   R3 A
(1173) E21C  1110001000011100 ( 373)                 LEA   R1 A
(1174) EC1B  1110110000011011 ( 374)                 LEA   R6 A
(1175) EE1A  1110111000011010 ( 375)                 LEA   R7 A
(1176) E019  1110000000011001 ( 376)                 LEA   R0 A
(1177) E818  1110100000011000 ( 377)                 LEA   R4 A
(1178) EA17  1110101000010111 ( 378)                 LEA   R5 A
(1179) E216  1110001000010110 ( 379)                 LEA   R1 A
(117A) E015  1110000000010101 ( 380)                 LEA   R0 A
(117B) E614  1110011000010100 ( 381)                 LEA   R3 A
(117C) E613  1110011000010011 ( 382)                 LEA   R3 A
(117D) EC12  1110110000010010 ( 383)                 LEA   R6 A
(117E) EC11  1110110000010001 ( 384)                 LEA   R6 A
(117F) EC10  1110110000010000 ( 385)                 LEA   R6 A
(1180) E80F  1110100000001111 ( 386)                 LEA   R4 A
(1181) E20E  1110001000001110 ( 387)                 LEA   R1 A
(1182) E40D  1110010000001101 ( 388)                 LEA   R2 A
(1183) E80C  1110100000001100 ( 389)                 LEA   R4 A
(1184) EE0B  1110111000001011 ( 390)                 LEA   R7 A
(1185) EA0A  1110101000001010 ( 391)                 LEA   R5 A
(1186) EC09  1110110000001001 ( 392)                 LEA   R6 A
(1187) E008  1110000000001000 ( 393)                 LEA   R0 A
(1188) E407  1110010000000111 ( 394)                 LEA   R2 A
(1189) E006  1110000000000110 ( 395)                 LEA   R0 A
(118A) E605  1110011000000101 ( 396)                 LEA   R3 A
(118B) EC04  1110110000000100 ( 397)                 LEA   R6 A
(118C) E403  1110010000000011 ( 398)                 LEA   R2 A
(118D) EA02  1110101000000010 ( 399)                 LEA   R5 A
(118E) EE01  1110111000000001 ( 400)                 LEA   R7 A
(118F) E800  1110100000000000 ( 401)                 LEA   R4 A
(1190) 14E0  0001010011100000 ( 402) A               ADD   R2 R3 #0
(1191) 0BFE  0000101111111110 ( 403)                 BRNP  A
(1192) 0BFD  0000101111111101 ( 404)                 BRNP  A
(1193) 05FC  0000010111111100 ( 405)                 BRZ   A
(1194) 09FB  0000100111111011 ( 406)                 BRN   A
(1195) 07FA  0000011111111010 ( 407)                 BRZP  A
(1196) 09F9  0000100111111001 ( 408)                 BRN   A
(1197) 0DF8  0000110111111000 ( 409)                 BRNZ  A
(1198) 05F7  0000010111110111 ( 410)                 BRZ   A
(1199) 07F6  0000011111110110 ( 411)                 BRZP  A
(119A) 03F5  0000001111110101 ( 412)                 BRP   A
(119B) 0BF4  0000101111110100 ( 413)                 BRNP  A
(119C) 07F3  0000011111110011 ( 414)                 BRZP  A
(119D) 03F2  0000001111110010 ( 415)                 BRP   A
(119E) 0FF1  0000111111110001 ( 416)                 BRNZP A
(119F) 0DF0  0000110111110000 ( 417)                 BRNZ  A
(11A0) 0FEF  0000111111101111 ( 418)                 BRNZP A
(11A1) 0DEE  0000110111101110 ( 419)                 BRNZ  A
(11A2) 0FED  0000111111101101 ( 420)                 BRNZP A
(11A3) 07EC  0000011111101100 ( 421)                 BRZP  A
(11A4) 0BEB  0000101111101011 ( 422)                 BRNP  A
(11A5) 0BEA  0000101111101010 ( 423)                 BRNP  A
(11A6) 09E9  0000100111101001 ( 424)                 BRN   A
(11A7) 05E8  0000010111101000 ( 425)                 BRZ   A
(11A8) 09E7  0000100111100111 ( 426)                 BRN   A
(11A9) 03E6  0000001111100110 ( 427)                 BRP   A
(11AA) 03E5  0000001111100101 ( 428)                 BRP   A
(11AB) 0FE4  0000111111100100 ( 429)                 BRNZP A
(11AC) 09E3  0000100111100011 ( 430)                 BRN   A
(11AD) 0FE2  0000111111100010 ( 431)                 BRNZP A
(11AE) 0FE1  0000111111100001 ( 432)                 BRNZP A
(11AF) 09E0  0000100111100000 ( 433)                 BRN   A
(11B0) 0FDF  0000111111011111 ( 434)                 BRNZP A
(11B1) 05DE  0000010111011110 ( 435)                 BRZ   A
(11B2) 0DDD  0000110111011101 ( 436)                 BRNZ  A
(11B3) 0FDC  0000111111011100 ( 437)                 BRNZP A
(11B4) 0DDB  0000110111011011 ( 438)                 BRNZ  A
(11B5) 05DA  0000010111011010 ( 439)                 BRZ   A
(11B6) 09D9  0000100111011001 ( 440)                 BRN   A
(11B7) 09D8  0000100111011000 ( 441)                 BRN   A
(11B8) 09D7  0000100111010111 ( 442)                 BRN   A
(11B9) 0FD6  0000111111010110 ( 443)                 BRNZP A
(11BA) 09D5  0000100111010101 ( 444)                 BRN   A
(11BB) 0BD4  0000101111010100 ( 445)                 BRNP  A
(11BC) 05D3  0000010111010011 ( 446)                 BRZ   A
(11BD) 03D2  0000001111010010 ( 447)                 BRP   A
(11BE) 0BD1  0000101111010001 ( 448)                 BRNP  A
(11BF) 07D0  0000011111010000 ( 449)                 BRZP  A
(11C0) 07CF  0000011111001111 ( 450)                 BRZP  A
(11C1) 0BCE  0000101111001110 ( 451)                 BRNP  A
(11C2) 0BCD  0000101111001101 ( 452)                 BRNP  A
(11C3) C140  1100000101000000 ( 453)                 JMP   R5
(11C4) C000  1100000000000000 ( 454)                 JMP   R0
(11C5) C0C0  1100000011000000 ( 455)                 JMP   R3
(11C6) C0C0  1100000011000000 ( 456)                 JMP   R3
(11C7) C180  1100000110000000 ( 457)                 JMP   R6
(11C8) C000  1100000000000000 ( 458)                 JMP   R0
(11C9) C140  1100000101000000 ( 459)                 JMP   R5
(11CA) C1C0  1100000111000000 ( 460)                 RET   
(11CB) C1C0  1100000111000000 ( 461)                 RET   
(11CC) C040  1100000001000000 ( 462)                 JMP   R1
(11CD) C040  1100000001000000 ( 463)                 JMP   R1
(11CE) C140  1100000101000000 ( 464)                 JMP   R5
(11CF) C100  1100000100000000 ( 465)                 JMP   R4
(11D0) C140  1100000101000000 ( 466)                 JMP   R5
(11D1) C100  1100000100000000 ( 467)                 JMP   R4
(11D2) C100  1100000100000000 ( 468)                 JMP   R4
(11D3) C040  1100000001000000 ( 469)                 JMP   R1
(11D4) C140  1100000101000000 ( 470)                 JMP   R5
(11D5) C000  1100000000000000 ( 471)                 JMP   R0
(11D6) C040  1100000001000000 ( 472)                 JMP   R1
(11D7) C100  1100000100000000 ( 473)                 JMP   R4
(11D8) C000  1100000000000000 ( 474)                 JMP   R0
(11D9) C140  1100000101000000 ( 475)                 JMP   R5
(11DA) C100  1100000100000000 ( 476)                 JMP   R4
(11DB) C0C0  1100000011000000 ( 477)                 JMP   R3
(11DC) C140  1100000101000000 ( 478)                 JMP   R5
(11DD) C1C0  1100000111000000 ( 479)                 RET   
(11DE) C080  1100000010000000 ( 480)                 JMP   R2
(11DF) C140  1100000101000000 ( 481)                 JMP   R5
(11E0) C040  1100000001000000 ( 482)                 JMP   R1
(11E1) C0C0  1100000011000000 ( 483)                 JMP   R3
(11E2) C080  1100000010000000 ( 484)                 JMP   R2
(11E3) C0C0  1100000011000000 ( 485)                 JMP   R3
(11E4) C000  1100000000000000 ( 486)                 JMP   R0
(11E5) C040  1100000001000000 ( 487)                 JMP   R1
(11E6) C0C0  1100000011000000 ( 488)                 JMP   R3
(11E7) C1C0  1100000111000000 ( 489)                 RET   
(11E8) C100  1100000100000000 ( 490)                 JMP   R4
(11E9) C080  1100000010000000 ( 491)                 JMP   R2
(11EA) C000  1100000000000000 ( 492)                 JMP   R0
(11EB) C140  1100000101000000 ( 493)                 JMP   R5
(11EC) C000  1100000000000000 ( 494)                 JMP   R0
(11ED) C1C0  1100000111000000 ( 495)                 RET   
(11EE) C0C0  1100000011000000 ( 496)                 JMP   R3
(11EF) C040  1100000001000000 ( 497)                 JMP   R1
(11F0) C100  1100000100000000 ( 498)                 JMP   R4
(11F1) C180  1100000110000000 ( 499)                 JMP   R6
(11F2) C040  1100000001000000 ( 500)                 JMP   R1
(11F3) C000  1100000000000000 ( 501)                 JMP   R0
(11F4) C080  1100000010000000 ( 502)                 JMP   R2
(11F5) 4F9A  0100111110011010 ( 503)                 JSR   A
(11F6) 4F99  0100111110011001 ( 504)                 JSR   A
(11F7) 4F98  0100111110011000 ( 505)                 JSR   A
(11F8) 4F97  0100111110010111 ( 506)                 JSR   A
(11F9) 4F96  0100111110010110 ( 507)                 JSR   A
(11FA) 4F95  0100111110010101 ( 508)                 JSR   A
(11FB) 4F94  0100111110010100 ( 509)                 JSR   A
(11FC) 4F93  0100111110010011 ( 510)                 JSR   A
(11FD) 4F92  0100111110010010 ( 511)                 JSR   A
(11FE) 4F91  0100111110010001 ( 512)                 JSR   A
(11FF) 4F90  0100111110010000 ( 513)                 JSR   A
(1200) 4F8F  0100111110001111 ( 514)                 JSR   A
(1201) 4F8E  0100111110001110 ( 515)                 JSR   A
(1202) 4F8D  0100111110001101 ( 516)                 JSR   A
(1203) 4F8C  0100111110001100 ( 517)                 JSR   A
(1204) 4F8B  0100111110001011 ( 518)                 JSR   A
(1205) 4F8A  0100111110001010 ( 519)                 JSR   A
(1206) 4F89  0100111110001001 ( 520)                 JSR   A
(1207) 4F88  0100111110001000 ( 521)                 JSR   A
(1208) 4F87  0100111110000111 ( 522)                 JSR   A
(1209) 4F86  0100111110000110 ( 523)                 JSR   A
(120A) 4F85  0100111110000101 ( 524)                 JSR   A
(120B) 4F84  0100111110000100 ( 525)                 JSR   A
(120C) 4F83  0100111110000011 ( 526)                 JSR   A
(120D) 4F82  0100111110000010 ( 527)                 JSR   A
(120E) 4F81  0100111110000001 ( 528)                 JSR   A
(120F) 4F80  0100111110000000 ( 529)                 JSR   A
(1210) 4F7F  0100111101111111 ( 530)                 JSR   A
(1211) 4F7E  0100111101111110 ( 531)                 JSR   A
(1212) 4F7D  0100111101111101 ( 532)                 JSR   A
(1213) 4F7C  0100111101111100 ( 533)                 JSR   A
(1214) 4F7B  0100111101111011 ( 534)                 JSR   A
(1215) 4F7A  0100111101111010 ( 535)                 JSR   A
(1216) 4F79  0100111101111001 ( 536)                 JSR   A
(1217) 4F78  0100111101111000 ( 537)                 JSR   A
(1218) 4F77  0100111101110111 ( 538)                 JSR   A
(1219) 4F76  0100111101110110 ( 539)                 JSR   A
(121A) 4F75  0100111101110101 ( 540)                 JSR   A
(121B) 4F74  0100111101110100 ( 541)                 JSR   A
(121C) 4F73  0100111101110011 ( 542)                 JSR   A
(121D) 4F72  0100111101110010 ( 543)                 JSR   A
(121E) 4F71  0100111101110001 ( 544)                 JSR   A
(121F) 4F70  0100111101110000 ( 545)                 JSR   A
(1220) 4F6F  0100111101101111 ( 546)                 JSR   A
(1221) 4F6E  0100111101101110 ( 547)                 JSR   A
(1222) 4F6D  0100111101101101 ( 548)                 JSR   A
(1223) 4F6C  0100111101101100 ( 549)                 JSR   A
(1224) 4F6B  0100111101101011 ( 550)                 JSR   A
(1225) 4F6A  0100111101101010 ( 551)                 JSR   A
(1226) 4F69  0100111101101001 ( 552)                 JSR   A
(1227) 4080  0100000010000000 ( 553)                 JSRR  R2
(1228) 4040  0100000001000000 ( 554)                 JSRR  R1
(1229) 4080  0100000010000000 ( 555)                 JSRR  R2
(122A) 40C0  0100000011000000 ( 556)                 JSRR  R3
(122B) 4100  0100000100000000 ( 557)                 JSRR  R4
(122C) 4080  0100000010000000 ( 558)                 JSRR  R2
(122D) 4080  0100000010000000 ( 559)                 JSRR  R2
(122E) 41C0  0100000111000000 ( 560)                 JSRR  R7
(122F) 4140  0100000101000000 ( 561)                 JSRR  R5
(1230) 40C0  0100000011000000 ( 562)                 JSRR  R3
(1231) 4180  0100000110000000 ( 563)                 JSRR  R6
(1232) 4100  0100000100000000 ( 564)                 JSRR  R4
(1233) 40C0  0100000011000000 ( 565)                 JSRR  R3
(1234) 4100  0100000100000000 ( 566)                 JSRR  R4
(1235) 4080  0100000010000000 ( 567)                 JSRR  R2
(1236) 4000  0100000000000000 ( 568)                 JSRR  R0
(1237) 4000  0100000000000000 ( 569)                 JSRR  R0
(1238) 4140  0100000101000000 ( 570)                 JSRR  R5
(1239) 4000  0100000000000000 ( 571)                 JSRR  R0
(123A) 41C0  0100000111000000 ( 572)                 JSRR  R7
(123B) 4080  0100000010000000 ( 573)                 JSRR  R2
(123C) 40C0  0100000011000000 ( 574)                 JSRR  R3
(123D) 4040  0100000001000000 ( 575)                 JSRR  R1
(123E) 4180  0100000110000000 ( 576)                 JSRR  R6
(123F) 4140  0100000101000000 ( 577)                 JSRR  R5
(1240) 41C0  0100000111000000 ( 578)                 JSRR  R7
(1241) 4000  0100000000000000 ( 579)                 JSRR  R0
(1242) 4000  0100000000000000 ( 580)                 JSRR  R0
(1243) 4140  0100000101000000 ( 581)                 JSRR  R5
(1244) 4080  0100000010000000 ( 582)                 JSRR  R2
(1245) 4100  0100000100000000 ( 583)                 JSRR  R4
(1246) 40C0  0100000011000000 ( 584)                 JSRR  R3
(1247) 4040  0100000001000000 ( 585)                 JSRR  R1
(1248) 4000  0100000000000000 ( 586)                 JSRR  R0
(1249) 40C0  0100000011000000 ( 587)                 JSRR  R3
(124A) 4100  0100000100000000 ( 588)                 JSRR  R4
(124B) 4140  0100000101000000 ( 589)                 JSRR  R5
(124C) 4040  0100000001000000 ( 590)                 JSRR  R1
(124D) 40C0  0100000011000000 ( 591)                 JSRR  R3
(124E) 4140  0100000101000000 ( 592)                 JSRR  R5
(124F) 4080  0100000010000000 ( 593)                 JSRR  R2
(1250) 4040  0100000001000000 ( 594)                 JSRR  R1
(1251) 4000  0100000000000000 ( 595)                 JSRR  R0
(1252) 4100  0100000100000000 ( 596)                 JSRR  R4
(1253) 4100  0100000100000000 ( 597)                 JSRR  R4
(1254) 4180  0100000110000000 ( 598)                 JSRR  R6
(1255) 41C0  0100000111000000 ( 599)                 JSRR  R7
(1256) 4140  0100000101000000 ( 600)                 JSRR  R5
(1257) 4040  0100000001000000 ( 601)                 JSRR  R1
(1258) 4180  0100000110000000 ( 602)                 JSRR  R6
(1259) 90FF  1001000011111111 ( 603)                 NOT   R0 R3
(125A) 933F  1001001100111111 ( 604)                 NOT   R1 R4
(125B) 99BF  1001100110111111 ( 605)                 NOT   R4 R6
(125C) 987F  1001100001111111 ( 606)                 NOT   R4 R1
(125D) 90FF  1001000011111111 ( 607)                 NOT   R0 R3
(125E) 96BF  1001011010111111 ( 608)                 NOT   R3 R2
(125F) 99FF  1001100111111111 ( 609)                 NOT   R4 R7
(1260) 9EBF  1001111010111111 ( 610)                 NOT   R7 R2
(1261) 9FFF  1001111111111111 ( 611)                 NOT   R7 R7
(1262) 95FF  1001010111111111 ( 612)                 NOT   R2 R7
(1263) 96BF  1001011010111111 ( 613)                 NOT   R3 R2
(1264) 957F  1001010101111111 ( 614)                 NOT   R2 R5
(1265) 907F  1001000001111111 ( 615)                 NOT   R0 R1
(1266) 92BF  1001001010111111 ( 616)                 NOT   R1 R2
(1267) 9A7F  1001101001111111 ( 617)                 NOT   R5 R1
(1268) 983F  1001100000111111 ( 618)                 NOT   R4 R0
(1269) 9FFF  1001111111111111 ( 619)                 NOT   R7 R7
(126A) 903F  1001000000111111 ( 620)                 NOT   R0 R0
(126B) 9E7F  1001111001111111 ( 621)                 NOT   R7 R1
(126C) 97FF  1001011111111111 ( 622)                 NOT   R3 R7
(126D) 94BF  1001010010111111 ( 623)                 NOT   R2 R2
(126E) 9EFF  1001111011111111 ( 624)                 NOT   R7 R3
(126F) 9A7F  1001101001111111 ( 625)                 NOT   R5 R1
(1270) 99BF  1001100110111111 ( 626)                 NOT   R4 R6
(1271) 973F  1001011100111111 ( 627)                 NOT   R3 R4
(1272) 9AFF  1001101011111111 ( 628)                 NOT   R5 R3
(1273) 943F  1001010000111111 ( 629)                 NOT   R2 R0
(1274) 9C7F  1001110001111111 ( 630)                 NOT   R6 R1
(1275) 943F  1001010000111111 ( 631)                 NOT   R2 R0
(1276) 9B3F  1001101100111111 ( 632)                 NOT   R5 R4
(1277) 9BBF  1001101110111111 ( 633)                 NOT   R5 R6
(1278) 9DBF  1001110110111111 ( 634)                 NOT   R6 R6
(1279) 92FF  1001001011111111 ( 635)                 NOT   R1 R3
(127A) 9A7F  1001101001111111 ( 636)                 NOT   R5 R1
(127B) 97BF  1001011110111111 ( 637)                 NOT   R3 R6
(127C) 9C7F  1001110001111111 ( 638)                 NOT   R6 R1
(127D) 9AFF  1001101011111111 ( 639)                 NOT   R5 R3
(127E) 937F  1001001101111111 ( 640)                 NOT   R1 R5
(127F) 993F  1001100100111111 ( 641)                 NOT   R4 R4
(1280) 9EBF  1001111010111111 ( 642)                 NOT   R7 R2
(1281) 94FF  1001010011111111 ( 643)                 NOT   R2 R3
(1282) 91BF  1001000110111111 ( 644)                 NOT   R0 R6
(1283) 9E7F  1001111001111111 ( 645)                 NOT   R7 R1
(1284) 9DBF  1001110110111111 ( 646)                 NOT   R6 R6
(1285) 94FF  1001010011111111 ( 647)                 NOT   R2 R3
(1286) 997F  1001100101111111 ( 648)                 NOT   R4 R5
(1287) 937F  1001001101111111 ( 649)                 NOT   R1 R5
(1288) 92FF  1001001011111111 ( 650)                 NOT   R1 R3
(1289) 917F  1001000101111111 ( 651)                 NOT   R0 R5
(128A) 9B7F  1001101101111111 ( 652)                 NOT   R5 R5
(128B) C1C0  1100000111000000 ( 653)                 RET   
(128C) 8000  1000000000000000 ( 654)                 RTI   
