(0000) 1000  0001000000000000 (   1)                 .ORIG x1000
(1000) 50C7  0101000011000111 (   2)                 AND   R0 R3 R7
(1001) 1846  0001100001000110 (   3)                 ADD   R4 R1 R6
(1002) 5406  0101010000000110 (   4)                 AND   R2 R0 R6
(1003) 1FC7  0001111111000111 (   5)                 ADD   R7 R7 R7
(1004) 1CC5  0001110011000101 (   6)                 ADD   R6 R3 R5
(1005) 5B07  0101101100000111 (   7)                 AND   R5 R4 R7
(1006) 5B80  0101101110000000 (   8)                 AND   R5 R6 R0
(1007) 1186  0001000110000110 (   9)                 ADD   R0 R6 R6
(1008) 5101  0101000100000001 (  10)                 AND   R0 R4 R1
(1009) 1C86  0001110010000110 (  11)                 ADD   R6 R2 R6
(100A) 5501  0101010100000001 (  12)                 AND   R2 R4 R1
(100B) 1345  0001001101000101 (  13)                 ADD   R1 R5 R5
(100C) 1A47  0001101001000111 (  14)                 ADD   R5 R1 R7
(100D) 5B00  0101101100000000 (  15)                 AND   R5 R4 R0
(100E) 59C3  0101100111000011 (  16)                 AND   R4 R7 R3
(100F) 5140  0101000101000000 (  17)                 AND   R0 R5 R0
(1010) 5840  0101100001000000 (  18)                 AND   R4 R1 R0
(1011) 5001  0101000000000001 (  19)                 AND   R0 R0 R1
(1012) 5D44  0101110101000100 (  20)                 AND   R6 R5 R4
(1013) 1EC2  0001111011000010 (  21)                 ADD   R7 R3 R2
(1014) 5886  0101100010000110 (  22)                 AND   R4 R2 R6
(1015) 5900  0101100100000000 (  23)                 AND   R4 R4 R0
(1016) 5DC5  0101110111000101 (  24)                 AND   R6 R7 R5
(1017) 5EC4  0101111011000100 (  25)                 AND   R7 R3 R4
(1018) 5704  0101011100000100 (  26)                 AND   R3 R4 R4
(1019) 1444  0001010001000100 (  27)                 ADD   R2 R1 R4
(101A) 5906  0101100100000110 (  28)                 AND   R4 R4 R6
(101B) 12C3  0001001011000011 (  29)                 ADD   R1 R3 R3
(101C) 13C3  0001001111000011 (  30)                 ADD   R1 R7 R3
(101D) 1A82  0001101010000010 (  31)                 ADD   R5 R2 R2
(101E) 5743  0101011101000011 (  32)                 AND   R3 R5 R3
(101F) 1B86  0001101110000110 (  33)                 ADD   R5 R6 R6
(1020) 1F45  0001111101000101 (  34)                 ADD   R7 R5 R5
(1021) 51C3  0101000111000011 (  35)                 AND   R0 R7 R3
(1022) 1BC6  0001101111000110 (  36)                 ADD   R5 R7 R6
(1023) 1302  0001001100000010 (  37)                 ADD   R1 R4 R2
(1024) 12C2  0001001011000010 (  38)                 ADD   R1 R3 R2
(1025) 14C0  0001010011000000 (  39)                 ADD   R2 R3 R0
(1026) 1245  0001001001000101 (  40)                 ADD   R1 R1 R5
(1027) 5845  0101100001000101 (  41)                 AND   R4 R1 R5
(1028) 5645  0101011001000101 (  42)                 AND   R3 R1 R5
(1029) 1003  0001000000000011 (  43)                 ADD   R0 R0 R3
(102A) 51C2  0101000111000010 (  44)                 AND   R0 R7 R2
(102B) 17C7  0001011111000111 (  45)                 ADD   R3 R7 R7
(102C) 54C5  0101010011000101 (  46)                 AND   R2 R3 R5
(102D) 5FC1  0101111111000001 (  47)                 AND   R7 R7 R1
(102E) 5005  0101000000000101 (  48)                 AND   R0 R0 R5
(102F) 5340  0101001101000000 (  49)                 AND   R1 R5 R0
(1030) 15C1  0001010111000001 (  50)                 ADD   R2 R7 R1
(1031) 5683  0101011010000011 (  51)                 AND   R3 R2 R3
(1032) 56C5  0101011011000101 (  52)                 AND   R3 R3 R5
(1033) 5886  0101100010000110 (  53)                 AND   R4 R2 R6
(1034) 1E00  0001111000000000 (  54)                 ADD   R7 R0 R0
(1035) 1042  0001000001000010 (  55)                 ADD   R0 R1 R2
(1036) 5B42  0101101101000010 (  56)                 AND   R5 R5 R2
(1037) 1D81  0001110110000001 (  57)                 ADD   R6 R6 R1
(1038) 5500  0101010100000000 (  58)                 AND   R2 R4 R0
(1039) 1046  0001000001000110 (  59)                 ADD   R0 R1 R6
(103A) 1AC3  0001101011000011 (  60)                 ADD   R5 R3 R3
(103B) 1104  0001000100000100 (  61)                 ADD   R0 R4 R4
(103C) 1102  0001000100000010 (  62)                 ADD   R0 R4 R2
(103D) 5741  0101011101000001 (  63)                 AND   R3 R5 R1
(103E) 19C5  0001100111000101 (  64)                 ADD   R4 R7 R5
(103F) 53C2  0101001111000010 (  65)                 AND   R1 R7 R2
(1040) 1943  0001100101000011 (  66)                 ADD   R4 R5 R3
(1041) 5A42  0101101001000010 (  67)                 AND   R5 R1 R2
(1042) 1087  0001000010000111 (  68)                 ADD   R0 R2 R7
(1043) 1300  0001001100000000 (  69)                 ADD   R1 R4 R0
(1044) 5104  0101000100000100 (  70)                 AND   R0 R4 R4
(1045) 19C0  0001100111000000 (  71)                 ADD   R4 R7 R0
(1046) 1486  0001010010000110 (  72)                 ADD   R2 R2 R6
(1047) 5C83  0101110010000011 (  73)                 AND   R6 R2 R3
(1048) 56C1  0101011011000001 (  74)                 AND   R3 R3 R1
(1049) 5642  0101011001000010 (  75)                 AND   R3 R1 R2
(104A) 5584  0101010110000100 (  76)                 AND   R2 R6 R4
(104B) 5744  0101011101000100 (  77)                 AND   R3 R5 R4
(104C) 5481  0101010010000001 (  78)                 AND   R2 R2 R1
(104D) 1280  0001001010000000 (  79)                 ADD   R1 R2 R0
(104E) 5C43  0101110001000011 (  80)                 AND   R6 R1 R3
(104F) 1344  0001001101000100 (  81)                 ADD   R1 R5 R4
(1050) 17C1  0001011111000001 (  82)                 ADD   R3 R7 R1
(1051) 58C0  0101100011000000 (  83)                 AND   R4 R3 R0
(1052) 5647  0101011001000111 (  84)                 AND   R3 R1 R7
(1053) 1BC1  0001101111000001 (  85)                 ADD   R5 R7 R1
(1054) 5904  0101100100000100 (  86)                 AND   R4 R4 R4
(1055) 1901  0001100100000001 (  87)                 ADD   R4 R4 R1
(1056) 1381  0001001110000001 (  88)                 ADD   R1 R6 R1
(1057) 5C84  0101110010000100 (  89)                 AND   R6 R2 R4
(1058) 1F04  0001111100000100 (  90)                 ADD   R7 R4 R4
(1059) 1A01  0001101000000001 (  91)                 ADD   R5 R0 R1
(105A) 1A44  0001101001000100 (  92)                 ADD   R5 R1 R4
(105B) 5B81  0101101110000001 (  93)                 AND   R5 R6 R1
(105C) 1D03  0001110100000011 (  94)                 ADD   R6 R4 R3
(105D) 5001  0101000000000001 (  95)                 AND   R0 R0 R1
(105E) 5847  0101100001000111 (  96)                 AND   R4 R1 R7
(105F) 15C3  0001010111000011 (  97)                 ADD   R2 R7 R3
(1060) 51C2  0101000111000010 (  98)                 AND   R0 R7 R2
(1061) 5A87  0101101010000111 (  99)                 AND   R5 R2 R7
(1062) 5FC3  0101111111000011 ( 100)                 AND   R7 R7 R3
(1063) 1445  0001010001000101 ( 101)                 ADD   R2 R1 R5
(1064) 1F02  0001111100000010 ( 102)                 ADD   R7 R4 R2
(1065) 5EC6  0101111011000110 ( 103)                 AND   R7 R3 R6
(1066) 1D82  0001110110000010 ( 104)                 ADD   R6 R6 R2
(1067) 55C2  0101010111000010 ( 105)                 AND   R2 R7 R2
(1068) 5407  0101010000000111 ( 106)                 AND   R2 R0 R7
(1069) 1206  0001001000000110 ( 107)                 ADD   R1 R0 R6
(106A) 1807  0001100000000111 ( 108)                 ADD   R4 R0 R7
(106B) 5481  0101010010000001 ( 109)                 AND   R2 R2 R1
(106C) 1686  0001011010000110 ( 110)                 ADD   R3 R2 R6
(106D) 10C3  0001000011000011 ( 111)                 ADD   R0 R3 R3
(106E) 1947  0001100101000111 ( 112)                 ADD   R4 R5 R7
(106F) 5881  0101100010000001 ( 113)                 AND   R4 R2 R1
(1070) 52C5  0101001011000101 ( 114)                 AND   R1 R3 R5
(1071) 5D83  0101110110000011 ( 115)                 AND   R6 R6 R3
(1072) 5E42  0101111001000010 ( 116)                 AND   R7 R1 R2
(1073) 5CC4  0101110011000100 ( 117)                 AND   R6 R3 R4
(1074) 5481  0101010010000001 ( 118)                 AND   R2 R2 R1
(1075) 1803  0001100000000011 ( 119)                 ADD   R4 R0 R3
(1076) 1444  0001010001000100 ( 120)                 ADD   R2 R1 R4
(1077) 57C4  0101011111000100 ( 121)                 AND   R3 R7 R4
(1078) 5B81  0101101110000001 ( 122)                 AND   R5 R6 R1
(1079) 1F82  0001111110000010 ( 123)                 ADD   R7 R6 R2
(107A) 5086  0101000010000110 ( 124)                 AND   R0 R2 R6
(107B) 1E05  0001111000000101 ( 125)                 ADD   R7 R0 R5
(107C) 5081  0101000010000001 ( 126)                 AND   R0 R2 R1
(107D) 5147  0101000101000111 ( 127)                 AND   R0 R5 R7
(107E) 5984  0101100110000100 ( 128)                 AND   R4 R6 R4
(107F) 5942  0101100101000010 ( 129)                 AND   R4 R5 R2
(1080) 5D06  0101110100000110 ( 130)                 AND   R6 R4 R6
(1081) 51C4  0101000111000100 ( 131)                 AND   R0 R7 R4
(1082) 5046  0101000001000110 ( 132)                 AND   R0 R1 R6
(1083) 5207  0101001000000111 ( 133)                 AND   R1 R0 R7
(1084) 1303  0001001100000011 ( 134)                 ADD   R1 R4 R3
(1085) 1BC4  0001101111000100 ( 135)                 ADD   R5 R7 R4
(1086) 1407  0001010000000111 ( 136)                 ADD   R2 R0 R7
(1087) 52C1  0101001011000001 ( 137)                 AND   R1 R3 R1
(1088) 5FC5  0101111111000101 ( 138)                 AND   R7 R7 R5
(1089) 14C1  0001010011000001 ( 139)                 ADD   R2 R3 R1
(108A) 5A83  0101101010000011 ( 140)                 AND   R5 R2 R3
(108B) 1DC6  0001110111000110 ( 141)                 ADD   R6 R7 R6
(108C) 52C2  0101001011000010 ( 142)                 AND   R1 R3 R2
(108D) 17C2  0001011111000010 ( 143)                 ADD   R3 R7 R2
(108E) 1C80  0001110010000000 ( 144)                 ADD   R6 R2 R0
(108F) 15C7  0001010111000111 ( 145)                 ADD   R2 R7 R7
(1090) 5745  0101011101000101 ( 146)                 AND   R3 R5 R5
(1091) 1906  0001100100000110 ( 147)                 ADD   R4 R4 R6
(1092) 1904  0001100100000100 ( 148)                 ADD   R4 R4 R4
(1093) 5AC1  0101101011000001 ( 149)                 AND   R5 R3 R1
(1094) 16C0  0001011011000000 ( 150)                 ADD   R3 R3 R0
(1095) 1880  0001100010000000 ( 151)                 ADD   R4 R2 R0
(1096) 5B45  0101101101000101 ( 152)                 AND   R5 R5 R5
(1097) 5485  0101010010000101 ( 153)                 AND   R2 R2 R5
(1098) 1EC2  0001111011000010 ( 154)                 ADD   R7 R3 R2
(1099) 1400  0001010000000000 ( 155)                 ADD   R2 R0 R0
(109A) 5781  0101011110000001 ( 156)                 AND   R3 R6 R1
(109B) 56C0  0101011011000000 ( 157)                 AND   R3 R3 R0
(109C) 53C0  0101001111000000 ( 158)                 AND   R1 R7 R0
(109D) 55C2  0101010111000010 ( 159)                 AND   R2 R7 R2
(109E) 5146  0101000101000110 ( 160)                 AND   R0 R5 R6
(109F) 1881  0001100010000001 ( 161)                 ADD   R4 R2 R1
(10A0) 5683  0101011010000011 ( 162)                 AND   R3 R2 R3
(10A1) 5C46  0101110001000110 ( 163)                 AND   R6 R1 R6
(10A2) 5900  0101100100000000 ( 164)                 AND   R4 R4 R0
(10A3) 1844  0001100001000100 ( 165)                 ADD   R4 R1 R4
(10A4) 5000  0101000000000000 ( 166)                 AND   R0 R0 R0
(10A5) 1802  0001100000000010 ( 167)                 ADD   R4 R0 R2
(10A6) 53C7  0101001111000111 ( 168)                 AND   R1 R7 R7
(10A7) 1982  0001100110000010 ( 169)                 ADD   R4 R6 R2
(10A8) 1F84  0001111110000100 ( 170)                 ADD   R7 R6 R4
(10A9) 1600  0001011000000000 ( 171)                 ADD   R3 R0 R0
(10AA) 1782  0001011110000010 ( 172)                 ADD   R3 R6 R2
(10AB) 57C7  0101011111000111 ( 173)                 AND   R3 R7 R7
(10AC) 1AC1  0001101011000001 ( 174)                 ADD   R5 R3 R1
(10AD) 5F43  0101111101000011 ( 175)                 AND   R7 R5 R3
(10AE) 1185  0001000110000101 ( 176)                 ADD   R0 R6 R5
(10AF) 1EC3  0001111011000011 ( 177)                 ADD   R7 R3 R3
(10B0) 1003  0001000000000011 ( 178)                 ADD   R0 R0 R3
(10B1) 1540  0001010101000000 ( 179)                 ADD   R2 R5 R0
(10B2) 1483  0001010010000011 ( 180)                 ADD   R2 R2 R3
(10B3) 5486  0101010010000110 ( 181)                 AND   R2 R2 R6
(10B4) 5EC3  0101111011000011 ( 182)                 AND   R7 R3 R3
(10B5) 1EC5  0001111011000101 ( 183)                 ADD   R7 R3 R5
(10B6) 1440  0001010001000000 ( 184)                 ADD   R2 R1 R0
(10B7) 5841  0101100001000001 ( 185)                 AND   R4 R1 R1
(10B8) 5841  0101100001000001 ( 186)                 AND   R4 R1 R1
(10B9) 52C6  0101001011000110 ( 187)                 AND   R1 R3 R6
(10BA) 1E82  0001111010000010 ( 188)                 ADD   R7 R2 R2
(10BB) 5E02  0101111000000010 ( 189)                 AND   R7 R0 R2
(10BC) 1207  0001001000000111 ( 190)                 ADD   R1 R0 R7
(10BD) 1F46  0001111101000110 ( 191)                 ADD   R7 R5 R6
(10BE) 5301  0101001100000001 ( 192)                 AND   R1 R4 R1
(10BF) 1541  0001010101000001 ( 193)                 ADD   R2 R5 R1
(10C0) 1605  0001011000000101 ( 194)                 ADD   R3 R0 R5
(10C1) 1887  0001100010000111 ( 195)                 ADD   R4 R2 R7
(10C2) 1006  0001000000000110 ( 196)                 ADD   R0 R0 R6
(10C3) 1782  0001011110000010 ( 197)                 ADD   R3 R6 R2
(10C4) 1E82  0001111010000010 ( 198)                 ADD   R7 R2 R2
(10C5) 1144  0001000101000100 ( 199)                 ADD   R0 R5 R4
(10C6) 1B80  0001101110000000 ( 200)                 ADD   R5 R6 R0
(10C7) 1CC0  0001110011000000 ( 201)                 ADD   R6 R3 R0
(10C8) 1D66  0001110101100110 ( 202)                 ADD   R6 R5 #6
(10C9) 1721  0001011100100001 ( 203)                 ADD   R3 R4 #1
(10CA) 15A7  0001010110100111 ( 204)                 ADD   R2 R6 #7
(10CB) 5C2F  0101110000101111 ( 205)                 AND   R6 R0 #15
(10CC) 177B  0001011101111011 ( 206)                 ADD   R3 R5 #-5
(10CD) 502D  0101000000101101 ( 207)                 AND   R0 R0 #13
(10CE) 583B  0101100000111011 ( 208)                 AND   R4 R0 #-5
(10CF) 5731  0101011100110001 ( 209)                 AND   R3 R4 #-15
(10D0) 1561  0001010101100001 ( 210)                 ADD   R2 R5 #1
(10D1) 152F  0001010100101111 ( 211)                 ADD   R2 R4 #15
(10D2) 1B67  0001101101100111 ( 212)                 ADD   R5 R5 #7
(10D3) 5428  0101010000101000 ( 213)                 AND   R2 R0 #8
(10D4) 56A3  0101011010100011 ( 214)                 AND   R3 R2 #3
(10D5) 58A2  0101100010100010 ( 215)                 AND   R4 R2 #2
(10D6) 1DBC  0001110110111100 ( 216)                 ADD   R6 R6 #-4
(10D7) 147D  0001010001111101 ( 217)                 ADD   R2 R1 #-3
(10D8) 1A3F  0001101000111111 ( 218)                 ADD   R5 R0 #-1
(10D9) 5025  0101000000100101 ( 219)                 AND   R0 R0 #5
(10DA) 132D  0001001100101101 ( 220)                 ADD   R1 R4 #13
(10DB) 5672  0101011001110010 ( 221)                 AND   R3 R1 #-14
(10DC) 1AF4  0001101011110100 ( 222)                 ADD   R5 R3 #-12
(10DD) 5B61  0101101101100001 ( 223)                 AND   R5 R5 #1
(10DE) 15BB  0001010110111011 ( 224)                 ADD   R2 R6 #-5
(10DF) 54AB  0101010010101011 ( 225)                 AND   R2 R2 #11
(10E0) 172F  0001011100101111 ( 226)                 ADD   R3 R4 #15
(10E1) 5B2F  0101101100101111 ( 227)                 AND   R5 R4 #15
(10E2) 1AEC  0001101011101100 ( 228)                 ADD   R5 R3 #12
(10E3) 1A7B  0001101001111011 ( 229)                 ADD   R5 R1 #-5
(10E4) 1877  0001100001110111 ( 230)                 ADD   R4 R1 #-9
(10E5) 5E35  0101111000110101 ( 231)                 AND   R7 R0 #-11
(10E6) 112B  0001000100101011 ( 232)                 ADD   R0 R4 #11
(10E7) 187F  0001100001111111 ( 233)                 ADD   R4 R1 #-1
(10E8) 5538  0101010100111000 ( 234)                 AND   R2 R4 #-8
(10E9) 5AB5  0101101010110101 ( 235)                 AND   R5 R2 #-11
(10EA) 54F5  0101010011110101 ( 236)                 AND   R2 R3 #-11
(10EB) 1E73  0001111001110011 ( 237)                 ADD   R7 R1 #-13
(10EC) 577F  0101011101111111 ( 238)                 AND   R3 R5 #-1
(10ED) 5560  0101010101100000 ( 239)                 AND   R2 R5 #0
(10EE) 5376  0101001101110110 ( 240)                 AND   R1 R5 #-10
(10EF) 54E4  0101010011100100 ( 241)                 AND   R2 R3 #4
(10F0) 1070  0001000001110000 ( 242)                 ADD   R0 R1 #-16
(10F1) 196A  0001100101101010 ( 243)                 ADD   R4 R5 #10
(10F2) 556B  0101010101101011 ( 244)                 AND   R2 R5 #11
(10F3) 53F4  0101001111110100 ( 245)                 AND   R1 R7 #-12
(10F4) 1135  0001000100110101 ( 246)                 ADD   R0 R4 #-11
(10F5) 1EA6  0001111010100110 ( 247)                 ADD   R7 R2 #6
(10F6) 11FF  0001000111111111 ( 248)                 ADD   R0 R7 #-1
(10F7) 59BE  0101100110111110 ( 249)                 AND   R4 R6 #-2
(10F8) 51B2  0101000110110010 ( 250)                 AND   R0 R6 #-14
(10F9) 52FA  0101001011111010 ( 251)                 AND   R1 R3 #-6
(10FA) 12F9  0001001011111001 ( 252)                 ADD   R1 R3 #-7
(10FB) 1666  0001011001100110 ( 253)                 ADD   R3 R1 #6
(10FC) 50A6  0101000010100110 ( 254)                 AND   R0 R2 #6
(10FD) 1938  0001100100111000 ( 255)                 ADD   R4 R4 #-8
(10FE) 5469  0101010001101001 ( 256)                 AND   R2 R1 #9
(10FF) 5BBD  0101101110111101 ( 257)                 AND   R5 R6 #-3
(1100) 1720  0001011100100000 ( 258)                 ADD   R3 R4 #0
(1101) 51F7  0101000111110111 ( 259)                 AND   R0 R7 #-9
(1102) 5D3F  0101110100111111 ( 260)                 AND   R6 R4 #-1
(1103) 1F7E  0001111101111110 ( 261)                 ADD   R7 R5 #-2
(1104) 547D  0101010001111101 ( 262)                 AND   R2 R1 #-3
(1105) 5B7F  0101101101111111 ( 263)                 AND   R5 R5 #-1
(1106) 59A7  0101100110100111 ( 264)                 AND   R4 R6 #7
(1107) 15A3  0001010110100011 ( 265)                 ADD   R2 R6 #3
(1108) 54E8  0101010011101000 ( 266)                 AND   R2 R3 #8
(1109) 5F23  0101111100100011 ( 267)                 AND   R7 R4 #3
(110A) 1C23  0001110000100011 ( 268)                 ADD   R6 R0 #3
(110B) 5C7E  0101110001111110 ( 269)                 AND   R6 R1 #-2
(110C) 5068  0101000001101000 ( 270)                 AND   R0 R1 #8
(110D) 5CFE  0101110011111110 ( 271)                 AND   R6 R3 #-2
(110E) 19A5  0001100110100101 ( 272)                 ADD   R4 R6 #5
(110F) 1262  0001001001100010 ( 273)                 ADD   R1 R1 #2
(1110) 5DE8  0101110111101000 ( 274)                 AND   R6 R7 #8
(1111) 5FE1  0101111111100001 ( 275)                 AND   R7 R7 #1
(1112) 1DBD  0001110110111101 ( 276)                 ADD   R6 R6 #-3
(1113) 523B  0101001000111011 ( 277)                 AND   R1 R0 #-5
(1114) 1A61  0001101001100001 ( 278)                 ADD   R5 R1 #1
(1115) 18B9  0001100010111001 ( 279)                 ADD   R4 R2 #-7
(1116) 5025  0101000000100101 ( 280)                 AND   R0 R0 #5
(1117) 13A8  0001001110101000 ( 281)                 ADD   R1 R6 #8
(1118) 14FF  0001010011111111 ( 282)                 ADD   R2 R3 #-1
(1119) 18BE  0001100010111110 ( 283)                 ADD   R4 R2 #-2
(111A) 1621  0001011000100001 ( 284)                 ADD   R3 R0 #1
(111B) 13FE  0001001111111110 ( 285)                 ADD   R1 R7 #-2
(111C) 10A7  0001000010100111 ( 286)                 ADD   R0 R2 #7
(111D) 1B3B  0001101100111011 ( 287)                 ADD   R5 R4 #-5
(111E) 5EA9  0101111010101001 ( 288)                 AND   R7 R2 #9
(111F) 1678  0001011001111000 ( 289)                 ADD   R3 R1 #-8
(1120) 1BA9  0001101110101001 ( 290)                 ADD   R5 R6 #9
(1121) 193E  0001100100111110 ( 291)                 ADD   R4 R4 #-2
(1122) 56A1  0101011010100001 ( 292)                 AND   R3 R2 #1
(1123) 1AE5  0001101011100101 ( 293)                 ADD   R5 R3 #5
(1124) 5A29  0101101000101001 ( 294)                 AND   R5 R0 #9
(1125) 19A2  0001100110100010 ( 295)                 ADD   R4 R6 #2
(1126) 1427  0001010000100111 ( 296)                 ADD   R2 R0 #7
(1127) 52B9  0101001010111001 ( 297)                 AND   R1 R2 #-7
(1128) 13E0  0001001111100000 ( 298)                 ADD   R1 R7 #0
(1129) 15FF  0001010111111111 ( 299)                 ADD   R2 R7 #-1
(112A) 51B8  0101000110111000 ( 300)                 AND   R0 R6 #-8
(112B) 107E  0001000001111110 ( 301)                 ADD   R0 R1 #-2
(112C) 0463  0000010001100011 ( 302)                 BRZ   A
(112D) 0A62  0000101001100010 ( 303)                 BRNP  A
(112E) 0A61  0000101001100001 ( 304)                 BRNP  A
(112F) 0460  0000010001100000 ( 305)                 BRZ   A
(1130) 045F  0000010001011111 ( 306)                 BRZ   A
(1131) 0C5E  0000110001011110 ( 307)                 BRNZ  A
(1132) 085D  0000100001011101 ( 308)                 BRN   A
(1133) 0C5C  0000110001011100 ( 309)                 BRNZ  A
(1134) 045B  0000010001011011 ( 310)                 BRZ   A
(1135) 0A5A  0000101001011010 ( 311)                 BRNP  A
(1136) 0659  0000011001011001 ( 312)                 BRZP  A
(1137) 0458  0000010001011000 ( 313)                 BRZ   A
(1138) 0C57  0000110001010111 ( 314)                 BRNZ  A
(1139) 0256  0000001001010110 ( 315)                 BRP   A
(113A) 0455  0000010001010101 ( 316)                 BRZ   A
(113B) 0454  0000010001010100 ( 317)                 BRZ   A
(113C) 0453  0000010001010011 ( 318)                 BRZ   A
(113D) 0852  0000100001010010 ( 319)                 BRN   A
(113E) 0E51  0000111001010001 ( 320)                 BRNZP A
(113F) 0650  0000011001010000 ( 321)                 BRZP  A
(1140) 0E4F  0000111001001111 ( 322)                 BRNZP A
(1141) 024E  0000001001001110 ( 323)                 BRP   A
(1142) 0E4D  0000111001001101 ( 324)                 BRNZP A
(1143) 064C  0000011001001100 ( 325)                 BRZP  A
(1144) 0E4B  0000111001001011 ( 326)                 BRNZP A
(1145) 064A  0000011001001010 ( 327)                 BRZP  A
(1146) 0249  0000001001001001 ( 328)                 BRP   A
(1147) 0E48  0000111001001000 ( 329)                 BRNZP A
(1148) 0647  0000011001000111 ( 330)                 BRZP  A
(1149) 0C46  0000110001000110 ( 331)                 BRNZ  A
(114A) 0445  0000010001000101 ( 332)                 BRZ   A
(114B) 0E44  0000111001000100 ( 333)                 BRNZP A
(114C) 0E43  0000111001000011 ( 334)                 BRNZP A
(114D) 0842  0000100001000010 ( 335)                 BRN   A
(114E) 0841  0000100001000001 ( 336)                 BRN   A
(114F) 0C40  0000110001000000 ( 337)                 BRNZ  A
(1150) 063F  0000011000111111 ( 338)                 BRZP  A
(1151) 023E  0000001000111110 ( 339)                 BRP   A
(1152) 0E3D  0000111000111101 ( 340)                 BRNZP A
(1153) 083C  0000100000111100 ( 341)                 BRN   A
(1154) 0E3B  0000111000111011 ( 342)                 BRNZP A
(1155) 023A  0000001000111010 ( 343)                 BRP   A
(1156) 0439  0000010000111001 ( 344)                 BRZ   A
(1157) 0838  0000100000111000 ( 345)                 BRN   A
(1158) 0437  0000010000110111 ( 346)                 BRZ   A
(1159) 0E36  0000111000110110 ( 347)                 BRNZP A
(115A) 0435  0000010000110101 ( 348)                 BRZ   A
(115B) 0C34  0000110000110100 ( 349)                 BRNZ  A
(115C) 0233  0000001000110011 ( 350)                 BRP   A
(115D) 0C32  0000110000110010 ( 351)                 BRNZ  A
(115E) EA31  1110101000110001 ( 352)                 LEA   R5 A
(115F) E630  1110011000110000 ( 353)                 LEA   R3 A
(1160) E82F  1110100000101111 ( 354)                 LEA   R4 A
(1161) E02E  1110000000101110 ( 355)                 LEA   R0 A
(1162) EC2D  1110110000101101 ( 356)                 LEA   R6 A
(1163) EC2C  1110110000101100 ( 357)                 LEA   R6 A
(1164) E42B  1110010000101011 ( 358)                 LEA   R2 A
(1165) E42A  1110010000101010 ( 359)                 LEA   R2 A
(1166) E829  1110100000101001 ( 360)                 LEA   R4 A
(1167) EC28  1110110000101000 ( 361)                 LEA   R6 A
(1168) EA27  1110101000100111 ( 362)                 LEA   R5 A
(1169) EA26  1110101000100110 ( 363)                 LEA   R5 A
(116A) E425  1110010000100101 ( 364)                 LEA   R2 A
(116B) EA24  1110101000100100 ( 365)                 LEA   R5 A
(116C) E623  1110011000100011 ( 366)                 LEA   R3 A
(116D) EE22  1110111000100010 ( 367)                 LEA   R7 A
(116E) EC21  1110110000100001 ( 368)                 LEA   R6 A
(116F) E220  1110001000100000 ( 369)                 LEA   R1 A
(1170) EE1F  1110111000011111 ( 370)                 LEA   R7 A
(1171) E61E  1110011000011110 ( 371)                 LEA   R3 A
(1172) E41D  1110010000011101 ( 372)                 LEA   R2 A
(1173) E41C  1110010000011100 ( 373)                 LEA   R2 A
(1174) E41B  1110010000011011 ( 374)                 LEA   R2 A
(1175) E61A  1110011000011010 ( 375)                 LEA   R3 A
(1176) EE19  1110111000011001 ( 376)                 LEA   R7 A
(1177) EA18  1110101000011000 ( 377)                 LEA   R5 A
(1178) E217  1110001000010111 ( 378)                 LEA   R1 A
(1179) EE16  1110111000010110 ( 379)                 LEA   R7 A
(117A) E815  1110100000010101 ( 380)                 LEA   R4 A
(117B) E014  1110000000010100 ( 381)                 LEA   R0 A
(117C) E413  1110010000010011 ( 382)                 LEA   R2 A
(117D) E812  1110100000010010 ( 383)                 LEA   R4 A
(117E) EE11  1110111000010001 ( 384)                 LEA   R7 A
(117F) E810  1110100000010000 ( 385)                 LEA   R4 A
(1180) E80F  1110100000001111 ( 386)                 LEA   R4 A
(1181) E80E  1110100000001110 ( 387)                 LEA   R4 A
(1182) E20D  1110001000001101 ( 388)                 LEA   R1 A
(1183) EA0C  1110101000001100 ( 389)                 LEA   R5 A
(1184) E40B  1110010000001011 ( 390)                 LEA   R2 A
(1185) EC0A  1110110000001010 ( 391)                 LEA   R6 A
(1186) E609  1110011000001001 ( 392)                 LEA   R3 A
(1187) E008  1110000000001000 ( 393)                 LEA   R0 A
(1188) E807  1110100000000111 ( 394)                 LEA   R4 A
(1189) E006  1110000000000110 ( 395)                 LEA   R0 A
(118A) E805  1110100000000101 ( 396)                 LEA   R4 A
(118B) EE04  1110111000000100 ( 397)                 LEA   R7 A
(118C) E803  1110100000000011 ( 398)                 LEA   R4 A
(118D) E402  1110010000000010 ( 399)                 LEA   R2 A
(118E) E201  1110001000000001 ( 400)                 LEA   R1 A
(118F) E800  1110100000000000 ( 401)                 LEA   R4 A
(1190) 5166  0101000101100110 ( 402) A               AND   R0 R5 #6
(1191) 09FE  0000100111111110 ( 403)                 BRN   A
(1192) 05FD  0000010111111101 ( 404)                 BRZ   A
(1193) 09FC  0000100111111100 ( 405)                 BRN   A
(1194) 07FB  0000011111111011 ( 406)                 BRZP  A
(1195) 0FFA  0000111111111010 ( 407)                 BRNZP A
(1196) 09F9  0000100111111001 ( 408)                 BRN   A
(1197) 0BF8  0000101111111000 ( 409)                 BRNP  A
(1198) 0BF7  0000101111110111 ( 410)                 BRNP  A
(1199) 0FF6  0000111111110110 ( 411)                 BRNZP A
(119A) 07F5  0000011111110101 ( 412)                 BRZP  A
(119B) 0DF4  0000110111110100 ( 413)                 BRNZ  A
(119C) 0FF3  0000111111110011 ( 414)                 BRNZP A
(119D) 09F2  0000100111110010 ( 415)                 BRN   A
(119E) 07F1  0000011111110001 ( 416)                 BRZP  A
(119F) 0FF0  0000111111110000 ( 417)                 BRNZP A
(11A0) 05EF  0000010111101111 ( 418)                 BRZ   A
(11A1) 07EE  0000011111101110 ( 419)                 BRZP  A
(11A2) 05ED  0000010111101101 ( 420)                 BRZ   A
(11A3) 0FEC  0000111111101100 ( 421)                 BRNZP A
(11A4) 03EB  0000001111101011 ( 422)                 BRP   A
(11A5) 09EA  0000100111101010 ( 423)                 BRN   A
(11A6) 0FE9  0000111111101001 ( 424)                 BRNZP A
(11A7) 05E8  0000010111101000 ( 425)                 BRZ   A
(11A8) 09E7  0000100111100111 ( 426)                 BRN   A
(11A9) 0BE6  0000101111100110 ( 427)                 BRNP  A
(11AA) 0FE5  0000111111100101 ( 428)                 BRNZP A
(11AB) 0FE4  0000111111100100 ( 429)                 BRNZP A
(11AC) 05E3  0000010111100011 ( 430)                 BRZ   A
(11AD) 0BE2  0000101111100010 ( 431)                 BRNP  A
(11AE) 03E1  0000001111100001 ( 432)                 BRP   A
(11AF) 03E0  0000001111100000 ( 433)                 BRP   A
(11B0) 0FDF  0000111111011111 ( 434)                 BRNZP A
(11B1) 09DE  0000100111011110 ( 435)                 BRN   A
(11B2) 0FDD  0000111111011101 ( 436)                 BRNZP A
(11B3) 0FDC  0000111111011100 ( 437)                 BRNZP A
(11B4) 0FDB  0000111111011011 ( 438)                 BRNZP A
(11B5) 03DA  0000001111011010 ( 439)                 BRP   A
(11B6) 09D9  0000100111011001 ( 440)                 BRN   A
(11B7) 09D8  0000100111011000 ( 441)                 BRN   A
(11B8) 03D7  0000001111010111 ( 442)                 BRP   A
(11B9) 05D6  0000010111010110 ( 443)                 BRZ   A
(11BA) 05D5  0000010111010101 ( 444)                 BRZ   A
(11BB) 0FD4  0000111111010100 ( 445)                 BRNZP A
(11BC) 09D3  0000100111010011 ( 446)                 BRN   A
(11BD) 0FD2  0000111111010010 ( 447)                 BRNZP A
(11BE) 09D1  0000100111010001 ( 448)                 BRN   A
(11BF) 0FD0  0000111111010000 ( 449)                 BRNZP A
(11C0) 07CF  0000011111001111 ( 450)                 BRZP  A
(11C1) 0FCE  0000111111001110 ( 451)                 BRNZP A
(11C2) 0DCD  0000110111001101 ( 452)                 BRNZ  A
(11C3) C100  1100000100000000 ( 453)                 JMP   R4
(11C4) C000  1100000000000000 ( 454)                 JMP   R0
(11C5) C180  1100000110000000 ( 455)                 JMP   R6
(11C6) C100  1100000100000000 ( 456)                 JMP   R4
(11C7) C000  1100000000000000 ( 457)                 JMP   R0
(11C8) C080  1100000010000000 ( 458)                 JMP   R2
(11C9) C140  1100000101000000 ( 459)                 JMP   R5
(11CA) C100  1100000100000000 ( 460)                 JMP   R4
(11CB) C100  1100000100000000 ( 461)                 JMP   R4
(11CC) C000  1100000000000000 ( 462)                 JMP   R0
(11CD) C180  1100000110000000 ( 463)                 JMP   R6
(11CE) C0C0  1100000011000000 ( 464)                 JMP   R3
(11CF) C000  1100000000000000 ( 465)                 JMP   R0
(11D0) C180  1100000110000000 ( 466)                 JMP   R6
(11D1) C040  1100000001000000 ( 467)                 JMP   R1
(11D2) C100  1100000100000000 ( 468)                 JMP   R4
(11D3) C040  1100000001000000 ( 469)                 JMP   R1
(11D4) C000  1100000000000000 ( 470)                 JMP   R0
(11D5) C0C0  1100000011000000 ( 471)                 JMP   R3
(11D6) C080  1100000010000000 ( 472)                 JMP   R2
(11D7) C180  1100000110000000 ( 473)                 JMP   R6
(11D8) C040  1100000001000000 ( 474)                 JMP   R1
(11D9) C1C0  1100000111000000 ( 475)                 RET   
(11DA) C100  1100000100000000 ( 476)                 JMP   R4
(11DB) C000  1100000000000000 ( 477)                 JMP   R0
(11DC) C140  1100000101000000 ( 478)                 JMP   R5
(11DD) C0C0  1100000011000000 ( 479)                 JMP   R3
(11DE) C100  1100000100000000 ( 480)                 JMP   R4
(11DF) C180  1100000110000000 ( 481)                 JMP   R6
(11E0) C000  1100000000000000 ( 482)                 JMP   R0
(11E1) C080  1100000010000000 ( 483)                 JMP   R2
(11E2) C1C0  1100000111000000 ( 484)                 RET   
(11E3) C000  1100000000000000 ( 485)                 JMP   R0
(11E4) C080  1100000010000000 ( 486)                 JMP   R2
(11E5) C1C0  1100000111000000 ( 487)                 RET   
(11E6) C140  1100000101000000 ( 488)                 JMP   R5
(11E7) C180  1100000110000000 ( 489)                 JMP   R6
(11E8) C180  1100000110000000 ( 490)                 JMP   R6
(11E9) C1C0  1100000111000000 ( 491)                 RET   
(11EA) C040  1100000001000000 ( 492)                 JMP   R1
(11EB) C040  1100000001000000 ( 493)                 JMP   R1
(11EC) C180  1100000110000000 ( 494)                 JMP   R6
(11ED) C180  1100000110000000 ( 495)                 JMP   R6
(11EE) C040  1100000001000000 ( 496)                 JMP   R1
(11EF) C140  1100000101000000 ( 497)                 JMP   R5
(11F0) C000  1100000000000000 ( 498)                 JMP   R0
(11F1) C040  1100000001000000 ( 499)                 JMP   R1
(11F2) C140  1100000101000000 ( 500)                 JMP   R5
(11F3) C000  1100000000000000 ( 501)                 JMP   R0
(11F4) C040  1100000001000000 ( 502)                 JMP   R1
(11F5) 4F9A  0100111110011010 ( 503)                 JSR   A
(11F6) 4F99  0100111110011001 ( 504)                 JSR   A
(11F7) 4F98  0100111110011000 ( 505)                 JSR   A
(11F8) 4F97  0100111110010111 ( 506)                 JSR   A
(11F9) 4F96  0100111110010110 ( 507)                 JSR   A
(11FA) 4F95  0100111110010101 ( 508)                 JSR   A
(11FB) 4F94  0100111110010100 ( 509)                 JSR   A
(11FC) 4F93  0100111110010011 ( 510)                 JSR   A
(11FD) 4F92  0100111110010010 ( 511)                 JSR   A
(11FE) 4F91  0100111110010001 ( 512)                 JSR   A
(11FF) 4F90  0100111110010000 ( 513)                 JSR   A
(1200) 4F8F  0100111110001111 ( 514)                 JSR   A
(1201) 4F8E  0100111110001110 ( 515)                 JSR   A
(1202) 4F8D  0100111110001101 ( 516)                 JSR   A
(1203) 4F8C  0100111110001100 ( 517)                 JSR   A
(1204) 4F8B  0100111110001011 ( 518)                 JSR   A
(1205) 4F8A  0100111110001010 ( 519)                 JSR   A
(1206) 4F89  0100111110001001 ( 520)                 JSR   A
(1207) 4F88  0100111110001000 ( 521)                 JSR   A
(1208) 4F87  0100111110000111 ( 522)                 JSR   A
(1209) 4F86  0100111110000110 ( 523)                 JSR   A
(120A) 4F85  0100111110000101 ( 524)                 JSR   A
(120B) 4F84  0100111110000100 ( 525)                 JSR   A
(120C) 4F83  0100111110000011 ( 526)                 JSR   A
(120D) 4F82  0100111110000010 ( 527)                 JSR   A
(120E) 4F81  0100111110000001 ( 528)                 JSR   A
(120F) 4F80  0100111110000000 ( 529)                 JSR   A
(1210) 4F7F  0100111101111111 ( 530)                 JSR   A
(1211) 4F7E  0100111101111110 ( 531)                 JSR   A
(1212) 4F7D  0100111101111101 ( 532)                 JSR   A
(1213) 4F7C  0100111101111100 ( 533)                 JSR   A
(1214) 4F7B  0100111101111011 ( 534)                 JSR   A
(1215) 4F7A  0100111101111010 ( 535)                 JSR   A
(1216) 4F79  0100111101111001 ( 536)                 JSR   A
(1217) 4F78  0100111101111000 ( 537)                 JSR   A
(1218) 4F77  0100111101110111 ( 538)                 JSR   A
(1219) 4F76  0100111101110110 ( 539)                 JSR   A
(121A) 4F75  0100111101110101 ( 540)                 JSR   A
(121B) 4F74  0100111101110100 ( 541)                 JSR   A
(121C) 4F73  0100111101110011 ( 542)                 JSR   A
(121D) 4F72  0100111101110010 ( 543)                 JSR   A
(121E) 4F71  0100111101110001 ( 544)                 JSR   A
(121F) 4F70  0100111101110000 ( 545)                 JSR   A
(1220) 4F6F  0100111101101111 ( 546)                 JSR   A
(1221) 4F6E  0100111101101110 ( 547)                 JSR   A
(1222) 4F6D  0100111101101101 ( 548)                 JSR   A
(1223) 4F6C  0100111101101100 ( 549)                 JSR   A
(1224) 4F6B  0100111101101011 ( 550)                 JSR   A
(1225) 4F6A  0100111101101010 ( 551)                 JSR   A
(1226) 4F69  0100111101101001 ( 552)                 JSR   A
(1227) 4040  0100000001000000 ( 553)                 JSRR  R1
(1228) 40C0  0100000011000000 ( 554)                 JSRR  R3
(1229) 4080  0100000010000000 ( 555)                 JSRR  R2
(122A) 4140  0100000101000000 ( 556)                 JSRR  R5
(122B) 4000  0100000000000000 ( 557)                 JSRR  R0
(122C) 4180  0100000110000000 ( 558)                 JSRR  R6
(122D) 41C0  0100000111000000 ( 559)                 JSRR  R7
(122E) 4100  0100000100000000 ( 560)                 JSRR  R4
(122F) 41C0  0100000111000000 ( 561)                 JSRR  R7
(1230) 41C0  0100000111000000 ( 562)                 JSRR  R7
(1231) 4100  0100000100000000 ( 563)                 JSRR  R4
(1232) 4000  0100000000000000 ( 564)                 JSRR  R0
(1233) 41C0  0100000111000000 ( 565)                 JSRR  R7
(1234) 4100  0100000100000000 ( 566)                 JSRR  R4
(1235) 4100  0100000100000000 ( 567)                 JSRR  R4
(1236) 40C0  0100000011000000 ( 568)                 JSRR  R3
(1237) 4000  0100000000000000 ( 569)                 JSRR  R0
(1238) 40C0  0100000011000000 ( 570)                 JSRR  R3
(1239) 4000  0100000000000000 ( 571)                 JSRR  R0
(123A) 4100  0100000100000000 ( 572)                 JSRR  R4
(123B) 4140  0100000101000000 ( 573)                 JSRR  R5
(123C) 41C0  0100000111000000 ( 574)                 JSRR  R7
(123D) 4000  0100000000000000 ( 575)                 JSRR  R0
(123E) 41C0  0100000111000000 ( 576)                 JSRR  R7
(123F) 4180  0100000110000000 ( 577)                 JSRR  R6
(1240) 4140  0100000101000000 ( 578)                 JSRR  R5
(1241) 4000  0100000000000000 ( 579)                 JSRR  R0
(1242) 40C0  0100000011000000 ( 580)                 JSRR  R3
(1243) 4180  0100000110000000 ( 581)                 JSRR  R6
(1244) 40C0  0100000011000000 ( 582)                 JSRR  R3
(1245) 4000  0100000000000000 ( 583)                 JSRR  R0
(1246) 41C0  0100000111000000 ( 584)                 JSRR  R7
(1247) 4100  0100000100000000 ( 585)                 JSRR  R4
(1248) 4180  0100000110000000 ( 586)                 JSRR  R6
(1249) 4040  0100000001000000 ( 587)                 JSRR  R1
(124A) 41C0  0100000111000000 ( 588)                 JSRR  R7
(124B) 4100  0100000100000000 ( 589)                 JSRR  R4
(124C) 4180  0100000110000000 ( 590)                 JSRR  R6
(124D) 41C0  0100000111000000 ( 591)                 JSRR  R7
(124E) 4180  0100000110000000 ( 592)                 JSRR  R6
(124F) 4040  0100000001000000 ( 593)                 JSRR  R1
(1250) 4100  0100000100000000 ( 594)                 JSRR  R4
(1251) 4140  0100000101000000 ( 595)                 JSRR  R5
(1252) 4140  0100000101000000 ( 596)                 JSRR  R5
(1253) 4080  0100000010000000 ( 597)                 JSRR  R2
(1254) 4180  0100000110000000 ( 598)                 JSRR  R6
(1255) 4000  0100000000000000 ( 599)                 JSRR  R0
(1256) 4080  0100000010000000 ( 600)                 JSRR  R2
(1257) 4040  0100000001000000 ( 601)                 JSRR  R1
(1258) 4140  0100000101000000 ( 602)                 JSRR  R5
(1259) 957F  1001010101111111 ( 603)                 NOT   R2 R5
(125A) 9E3F  1001111000111111 ( 604)                 NOT   R7 R0
(125B) 96FF  1001011011111111 ( 605)                 NOT   R3 R3
(125C) 9CFF  1001110011111111 ( 606)                 NOT   R6 R3
(125D) 9DFF  1001110111111111 ( 607)                 NOT   R6 R7
(125E) 96BF  1001011010111111 ( 608)                 NOT   R3 R2
(125F) 92BF  1001001010111111 ( 609)                 NOT   R1 R2
(1260) 96FF  1001011011111111 ( 610)                 NOT   R3 R3
(1261) 98BF  1001100010111111 ( 611)                 NOT   R4 R2
(1262) 997F  1001100101111111 ( 612)                 NOT   R4 R5
(1263) 9ABF  1001101010111111 ( 613)                 NOT   R5 R2
(1264) 9BBF  1001101110111111 ( 614)                 NOT   R5 R6
(1265) 913F  1001000100111111 ( 615)                 NOT   R0 R4
(1266) 923F  1001001000111111 ( 616)                 NOT   R1 R0
(1267) 97FF  1001011111111111 ( 617)                 NOT   R3 R7
(1268) 927F  1001001001111111 ( 618)                 NOT   R1 R1
(1269) 923F  1001001000111111 ( 619)                 NOT   R1 R0
(126A) 95BF  1001010110111111 ( 620)                 NOT   R2 R6
(126B) 9CBF  1001110010111111 ( 621)                 NOT   R6 R2
(126C) 9ABF  1001101010111111 ( 622)                 NOT   R5 R2
(126D) 9E3F  1001111000111111 ( 623)                 NOT   R7 R0
(126E) 90BF  1001000010111111 ( 624)                 NOT   R0 R2
(126F) 983F  1001100000111111 ( 625)                 NOT   R4 R0
(1270) 98FF  1001100011111111 ( 626)                 NOT   R4 R3
(1271) 9A7F  1001101001111111 ( 627)                 NOT   R5 R1
(1272) 9E7F  1001111001111111 ( 628)                 NOT   R7 R1
(1273) 99BF  1001100110111111 ( 629)                 NOT   R4 R6
(1274) 993F  1001100100111111 ( 630)                 NOT   R4 R4
(1275) 977F  1001011101111111 ( 631)                 NOT   R3 R5
(1276) 99BF  1001100110111111 ( 632)                 NOT   R4 R6
(1277) 9C7F  1001110001111111 ( 633)                 NOT   R6 R1
(1278) 9A3F  1001101000111111 ( 634)                 NOT   R5 R0
(1279) 9CBF  1001110010111111 ( 635)                 NOT   R6 R2
(127A) 9BBF  1001101110111111 ( 636)                 NOT   R5 R6
(127B) 9E3F  1001111000111111 ( 637)                 NOT   R7 R0
(127C) 9BFF  1001101111111111 ( 638)                 NOT   R5 R7
(127D) 9C3F  1001110000111111 ( 639)                 NOT   R6 R0
(127E) 9CBF  1001110010111111 ( 640)                 NOT   R6 R2
(127F) 94BF  1001010010111111 ( 641)                 NOT   R2 R2
(1280) 93FF  1001001111111111 ( 642)                 NOT   R1 R7
(1281) 94FF  1001010011111111 ( 643)                 NOT   R2 R3
(1282) 937F  1001001101111111 ( 644)                 NOT   R1 R5
(1283) 9CBF  1001110010111111 ( 645)                 NOT   R6 R2
(1284) 9CBF  1001110010111111 ( 646)                 NOT   R6 R2
(1285) 9C3F  1001110000111111 ( 647)                 NOT   R6 R0
(1286) 90BF  1001000010111111 ( 648)                 NOT   R0 R2
(1287) 91BF  1001000110111111 ( 649)                 NOT   R0 R6
(1288) 9CFF  1001110011111111 ( 650)                 NOT   R6 R3
(1289) 9FBF  1001111110111111 ( 651)                 NOT   R7 R6
(128A) 9D3F  1001110100111111 ( 652)                 NOT   R6 R4
(128B) C1C0  1100000111000000 ( 653)                 RET   
(128C) 8000  1000000000000000 ( 654)                 RTI   
